-- The C compiler identification is GNU 11.4.0
-- The CXX compiler identification is GNU 11.4.0
-- Detecting C compiler ABI info
-- Detecting C compiler ABI info - done
-- Check for working C compiler: /usr/bin/cc - skipped
-- Detecting C compile features
-- Detecting C compile features - done
-- Detecting CXX compiler ABI info
-- Detecting CXX compiler ABI info - done
-- Check for working CXX compiler: /usr/bin/c++ - skipped
-- Detecting CXX compile features
-- Detecting CXX compile features - done
-- Found ament_cmake: 1.3.8 (/opt/ros/humble/share/ament_cmake/cmake)
-- Found Python3: /usr/bin/python3 (found version "3.10.12") found components: Interpreter 
-- Override CMake install command with custom implementation using symlinks instead of copying resources
-- Found rosidl_default_generators: 1.2.0 (/opt/ros/humble/share/rosidl_default_generators/cmake)
-- Using all available rosidl_typesupport_c: rosidl_typesupport_fastrtps_c;rosidl_typesupport_introspection_c
-- Found rosidl_adapter: 3.1.5 (/opt/ros/humble/share/rosidl_adapter/cmake)
-- Using all available rosidl_typesupport_cpp: rosidl_typesupport_fastrtps_cpp;rosidl_typesupport_introspection_cpp
-- Found ament_cmake_ros: 0.10.0 (/opt/ros/humble/share/ament_cmake_ros/cmake)
-- Using all available rosidl_typesupport_c: rosidl_typesupport_fastrtps_c;rosidl_typesupport_introspection_c
-- Using all available rosidl_typesupport_cpp: rosidl_typesupport_fastrtps_cpp;rosidl_typesupport_introspection_cpp
-- Found PythonInterp: /usr/bin/python3 (found suitable version "3.10.12", minimum required is "3.6") 
-- Found python_cmake_module: 0.10.0 (/opt/ros/humble/share/python_cmake_module/cmake)
-- Found PythonLibs: /usr/lib/x86_64-linux-gnu/libpython3.10.so (found suitable version "3.10.12", minimum required is "3.5") 
-- Using PYTHON_EXECUTABLE: /usr/bin/python3
-- Using PYTHON_INCLUDE_DIRS: /usr/include/python3.10
-- Using PYTHON_LIBRARIES: /usr/lib/x86_64-linux-gnu/libpython3.10.so
-- Found PythonExtra: .so  
-- Configuring done
-- Generating done
-- Build files have been written to: /home/himaj/r2_ws/src/build/r2_interfaces
[  2%] [34m[1mGenerating C code for ROS interfaces[0m
[  4%] [34m[1mGenerating C++ code for ROS interfaces[0m
[  4%] Built target ament_cmake_python_symlink_r2_interfaces
running egg_info
creating r2_interfaces.egg-info
writing r2_interfaces.egg-info/PKG-INFO
writing dependency_links to r2_interfaces.egg-info/dependency_links.txt
writing top-level names to r2_interfaces.egg-info/top_level.txt
writing manifest file 'r2_interfaces.egg-info/SOURCES.txt'
reading manifest file 'r2_interfaces.egg-info/SOURCES.txt'
writing manifest file 'r2_interfaces.egg-info/SOURCES.txt'
[  4%] Built target ament_cmake_python_build_r2_interfaces_egg
[  8%] [32mBuilding C object CMakeFiles/r2_interfaces__rosidl_generator_c.dir/rosidl_generator_c/r2_interfaces/action/detail/count_until__functions.c.o[0m
[ 10%] [32mBuilding C object CMakeFiles/r2_interfaces__rosidl_generator_c.dir/rosidl_generator_c/r2_interfaces/srv/detail/set_led__functions.c.o[0m
[ 10%] [32mBuilding C object CMakeFiles/r2_interfaces__rosidl_generator_c.dir/rosidl_generator_c/r2_interfaces/msg/detail/led_state_array__functions.c.o[0m
[ 10%] Built target r2_interfaces__cpp
[ 14%] [34m[1mGenerating C++ type support dispatch for ROS interfaces[0m
[ 14%] [34m[1mGenerating C++ introspection for ROS interfaces[0m
[ 17%] [34m[1mGenerating C++ type support for eProsima Fast-RTPS[0m
[ 19%] [32m[1mLinking C shared library libr2_interfaces__rosidl_generator_c.so[0m
[ 19%] Built target r2_interfaces__rosidl_generator_c
[ 21%] [34m[1mGenerating C introspection for ROS interfaces[0m
[ 23%] [34m[1mGenerating C type support dispatch for ROS interfaces[0m
[ 25%] [34m[1mGenerating C type support for eProsima Fast-RTPS[0m
[ 27%] [32mBuilding CXX object CMakeFiles/r2_interfaces__rosidl_typesupport_cpp.dir/rosidl_typesupport_cpp/r2_interfaces/msg/led_state_array__type_support.cpp.o[0m
[ 29%] [32mBuilding CXX object CMakeFiles/r2_interfaces__rosidl_typesupport_cpp.dir/rosidl_typesupport_cpp/r2_interfaces/srv/set_led__type_support.cpp.o[0m
[ 31%] [32mBuilding CXX object CMakeFiles/r2_interfaces__rosidl_typesupport_cpp.dir/rosidl_typesupport_cpp/r2_interfaces/action/count_until__type_support.cpp.o[0m
[ 36%] [32mBuilding CXX object CMakeFiles/r2_interfaces__rosidl_typesupport_introspection_cpp.dir/rosidl_typesupport_introspection_cpp/r2_interfaces/action/detail/count_until__type_support.cpp.o[0m
[ 36%] [32mBuilding CXX object CMakeFiles/r2_interfaces__rosidl_typesupport_introspection_cpp.dir/rosidl_typesupport_introspection_cpp/r2_interfaces/msg/detail/led_state_array__type_support.cpp.o[0m
[ 38%] [32mBuilding CXX object CMakeFiles/r2_interfaces__rosidl_typesupport_introspection_cpp.dir/rosidl_typesupport_introspection_cpp/r2_interfaces/srv/detail/set_led__type_support.cpp.o[0m
[ 42%] [32mBuilding CXX object CMakeFiles/r2_interfaces__rosidl_typesupport_c.dir/rosidl_typesupport_c/r2_interfaces/action/count_until__type_support.cpp.o[0m
[ 42%] [32mBuilding CXX object CMakeFiles/r2_interfaces__rosidl_typesupport_c.dir/rosidl_typesupport_c/r2_interfaces/msg/led_state_array__type_support.cpp.o[0m
[ 44%] [32mBuilding CXX object CMakeFiles/r2_interfaces__rosidl_typesupport_c.dir/rosidl_typesupport_c/r2_interfaces/srv/set_led__type_support.cpp.o[0m
[ 48%] [32mBuilding C object CMakeFiles/r2_interfaces__rosidl_typesupport_introspection_c.dir/rosidl_typesupport_introspection_c/r2_interfaces/msg/detail/led_state_array__type_support.c.o[0m
[ 48%] [32m[1mLinking CXX shared library libr2_interfaces__rosidl_typesupport_c.so[0m
[ 51%] [32mBuilding C object CMakeFiles/r2_interfaces__rosidl_typesupport_introspection_c.dir/rosidl_typesupport_introspection_c/r2_interfaces/srv/detail/set_led__type_support.c.o[0m
[ 53%] [32mBuilding CXX object CMakeFiles/r2_interfaces__rosidl_typesupport_fastrtps_cpp.dir/rosidl_typesupport_fastrtps_cpp/r2_interfaces/msg/detail/dds_fastrtps/led_state_array__type_support.cpp.o[0m
[ 55%] [32mBuilding C object CMakeFiles/r2_interfaces__rosidl_typesupport_introspection_c.dir/rosidl_typesupport_introspection_c/r2_interfaces/action/detail/count_until__type_support.c.o[0m
[ 57%] [32mBuilding CXX object CMakeFiles/r2_interfaces__rosidl_typesupport_fastrtps_c.dir/rosidl_typesupport_fastrtps_c/r2_interfaces/msg/detail/led_state_array__type_support_c.cpp.o[0m
[ 57%] Built target r2_interfaces__rosidl_typesupport_c
[ 59%] [32mBuilding CXX object CMakeFiles/r2_interfaces__rosidl_typesupport_fastrtps_cpp.dir/rosidl_typesupport_fastrtps_cpp/r2_interfaces/srv/detail/dds_fastrtps/set_led__type_support.cpp.o[0m
[ 61%] [32mBuilding CXX object CMakeFiles/r2_interfaces__rosidl_typesupport_fastrtps_c.dir/rosidl_typesupport_fastrtps_c/r2_interfaces/srv/detail/set_led__type_support_c.cpp.o[0m
[ 63%] [32mBuilding CXX object CMakeFiles/r2_interfaces__rosidl_typesupport_fastrtps_cpp.dir/rosidl_typesupport_fastrtps_cpp/r2_interfaces/action/detail/dds_fastrtps/count_until__type_support.cpp.o[0m
[ 65%] [32m[1mLinking C shared library libr2_interfaces__rosidl_typesupport_introspection_c.so[0m
[ 68%] [32mBuilding CXX object CMakeFiles/r2_interfaces__rosidl_typesupport_fastrtps_c.dir/rosidl_typesupport_fastrtps_c/r2_interfaces/action/detail/count_until__type_support_c.cpp.o[0m
[ 68%] Built target r2_interfaces__rosidl_typesupport_introspection_c
[ 70%] [32m[1mLinking CXX shared library libr2_interfaces__rosidl_typesupport_cpp.so[0m
[ 70%] Built target r2_interfaces__rosidl_typesupport_cpp
[ 72%] [32m[1mLinking CXX shared library libr2_interfaces__rosidl_typesupport_introspection_cpp.so[0m
[ 74%] [32m[1mLinking CXX shared library libr2_interfaces__rosidl_typesupport_fastrtps_c.so[0m
[ 74%] Built target r2_interfaces__rosidl_typesupport_introspection_cpp
[ 74%] Built target r2_interfaces__rosidl_typesupport_fastrtps_c
[ 76%] [32m[1mLinking CXX shared library libr2_interfaces__rosidl_typesupport_fastrtps_cpp.so[0m
[ 76%] Built target r2_interfaces__rosidl_typesupport_fastrtps_cpp
[ 76%] Built target r2_interfaces
[ 78%] [34m[1mGenerating Python code for ROS interfaces[0m
[ 78%] Built target r2_interfaces__py
[ 85%] [32mBuilding C object CMakeFiles/r2_interfaces__rosidl_generator_py.dir/rosidl_generator_py/r2_interfaces/msg/_led_state_array_s.c.o[0m
[ 85%] [32mBuilding C object CMakeFiles/r2_interfaces__rosidl_generator_py.dir/rosidl_generator_py/r2_interfaces/srv/_set_led_s.c.o[0m
[ 85%] [32mBuilding C object CMakeFiles/r2_interfaces__rosidl_generator_py.dir/rosidl_generator_py/r2_interfaces/action/_count_until_s.c.o[0m
[ 87%] [32m[1mLinking C shared library rosidl_generator_py/r2_interfaces/libr2_interfaces__rosidl_generator_py.so[0m
[ 87%] Built target r2_interfaces__rosidl_generator_py
[ 93%] [32mBuilding C object CMakeFiles/r2_interfaces__rosidl_typesupport_c__pyext.dir/rosidl_generator_py/r2_interfaces/_r2_interfaces_s.ep.rosidl_typesupport_c.c.o[0m
[ 93%] [32mBuilding C object CMakeFiles/r2_interfaces__rosidl_typesupport_fastrtps_c__pyext.dir/rosidl_generator_py/r2_interfaces/_r2_interfaces_s.ep.rosidl_typesupport_fastrtps_c.c.o[0m
[ 93%] [32mBuilding C object CMakeFiles/r2_interfaces__rosidl_typesupport_introspection_c__pyext.dir/rosidl_generator_py/r2_interfaces/_r2_interfaces_s.ep.rosidl_typesupport_introspection_c.c.o[0m
[ 97%] [32m[1mLinking C shared library rosidl_generator_py/r2_interfaces/r2_interfaces_s__rosidl_typesupport_c.cpython-310-x86_64-linux-gnu.so[0m
[ 97%] [32m[1mLinking C shared library rosidl_generator_py/r2_interfaces/r2_interfaces_s__rosidl_typesupport_introspection_c.cpython-310-x86_64-linux-gnu.so[0m
[100%] [32m[1mLinking C shared library rosidl_generator_py/r2_interfaces/r2_interfaces_s__rosidl_typesupport_fastrtps_c.cpython-310-x86_64-linux-gnu.so[0m
[100%] Built target r2_interfaces__rosidl_typesupport_c__pyext
[100%] Built target r2_interfaces__rosidl_typesupport_introspection_c__pyext
[100%] Built target r2_interfaces__rosidl_typesupport_fastrtps_c__pyext
-- Install configuration: ""
-- Execute custom install script
-- Symlinking: /home/himaj/r2_ws/src/install/r2_interfaces/share/ament_index/resource_index/rosidl_interfaces/r2_interfaces
-- Symlinking: /home/himaj/r2_ws/src/install/r2_interfaces/include/r2_interfaces/r2_interfaces/action/count_until.h
-- Symlinking: /home/himaj/r2_ws/src/install/r2_interfaces/include/r2_interfaces/r2_interfaces/action/detail/count_until__functions.h
-- Symlinking: /home/himaj/r2_ws/src/install/r2_interfaces/include/r2_interfaces/r2_interfaces/action/detail/count_until__struct.h
-- Symlinking: /home/himaj/r2_ws/src/install/r2_interfaces/include/r2_interfaces/r2_interfaces/action/detail/count_until__type_support.h
-- Symlinking: /home/himaj/r2_ws/src/install/r2_interfaces/include/r2_interfaces/r2_interfaces/msg/detail/led_state_array__functions.h
-- Symlinking: /home/himaj/r2_ws/src/install/r2_interfaces/include/r2_interfaces/r2_interfaces/msg/detail/led_state_array__struct.h
-- Symlinking: /home/himaj/r2_ws/src/install/r2_interfaces/include/r2_interfaces/r2_interfaces/msg/detail/led_state_array__type_support.h
-- Symlinking: /home/himaj/r2_ws/src/install/r2_interfaces/include/r2_interfaces/r2_interfaces/msg/led_state_array.h
-- Symlinking: /home/himaj/r2_ws/src/install/r2_interfaces/include/r2_interfaces/r2_interfaces/msg/rosidl_generator_c__visibility_control.h
-- Symlinking: /home/himaj/r2_ws/src/install/r2_interfaces/include/r2_interfaces/r2_interfaces/srv/detail/set_led__functions.h
-- Symlinking: /home/himaj/r2_ws/src/install/r2_interfaces/include/r2_interfaces/r2_interfaces/srv/detail/set_led__struct.h
-- Symlinking: /home/himaj/r2_ws/src/install/r2_interfaces/include/r2_interfaces/r2_interfaces/srv/detail/set_led__type_support.h
-- Symlinking: /home/himaj/r2_ws/src/install/r2_interfaces/include/r2_interfaces/r2_interfaces/srv/set_led.h
-- Symlinking: /home/himaj/r2_ws/src/install/r2_interfaces/share/r2_interfaces/environment/library_path.sh
-- Symlinking: /home/himaj/r2_ws/src/install/r2_interfaces/share/r2_interfaces/environment/library_path.dsv
-- Symlinking: /home/himaj/r2_ws/src/install/r2_interfaces/include/r2_interfaces/r2_interfaces/action/detail/count_until__rosidl_typesupport_fastrtps_c.h
-- Symlinking: /home/himaj/r2_ws/src/install/r2_interfaces/include/r2_interfaces/r2_interfaces/msg/detail/led_state_array__rosidl_typesupport_fastrtps_c.h
-- Symlinking: /home/himaj/r2_ws/src/install/r2_interfaces/include/r2_interfaces/r2_interfaces/msg/rosidl_typesupport_fastrtps_c__visibility_control.h
-- Symlinking: /home/himaj/r2_ws/src/install/r2_interfaces/include/r2_interfaces/r2_interfaces/srv/detail/set_led__rosidl_typesupport_fastrtps_c.h
-- Symlinking: /home/himaj/r2_ws/src/install/r2_interfaces/include/r2_interfaces/r2_interfaces/action/detail/count_until__rosidl_typesupport_introspection_c.h
-- Symlinking: /home/himaj/r2_ws/src/install/r2_interfaces/include/r2_interfaces/r2_interfaces/msg/detail/led_state_array__rosidl_typesupport_introspection_c.h
-- Symlinking: /home/himaj/r2_ws/src/install/r2_interfaces/include/r2_interfaces/r2_interfaces/msg/rosidl_typesupport_introspection_c__visibility_control.h
-- Symlinking: /home/himaj/r2_ws/src/install/r2_interfaces/include/r2_interfaces/r2_interfaces/srv/detail/set_led__rosidl_typesupport_introspection_c.h
-- Symlinking: /home/himaj/r2_ws/src/install/r2_interfaces/include/r2_interfaces/r2_interfaces/action/count_until.hpp
-- Symlinking: /home/himaj/r2_ws/src/install/r2_interfaces/include/r2_interfaces/r2_interfaces/action/detail/count_until__builder.hpp
-- Symlinking: /home/himaj/r2_ws/src/install/r2_interfaces/include/r2_interfaces/r2_interfaces/action/detail/count_until__struct.hpp
-- Symlinking: /home/himaj/r2_ws/src/install/r2_interfaces/include/r2_interfaces/r2_interfaces/action/detail/count_until__traits.hpp
-- Symlinking: /home/himaj/r2_ws/src/install/r2_interfaces/include/r2_interfaces/r2_interfaces/msg/detail/led_state_array__builder.hpp
-- Symlinking: /home/himaj/r2_ws/src/install/r2_interfaces/include/r2_interfaces/r2_interfaces/msg/detail/led_state_array__struct.hpp
-- Symlinking: /home/himaj/r2_ws/src/install/r2_interfaces/include/r2_interfaces/r2_interfaces/msg/detail/led_state_array__traits.hpp
-- Symlinking: /home/himaj/r2_ws/src/install/r2_interfaces/include/r2_interfaces/r2_interfaces/msg/led_state_array.hpp
-- Symlinking: /home/himaj/r2_ws/src/install/r2_interfaces/include/r2_interfaces/r2_interfaces/srv/detail/set_led__builder.hpp
-- Symlinking: /home/himaj/r2_ws/src/install/r2_interfaces/include/r2_interfaces/r2_interfaces/srv/detail/set_led__struct.hpp
-- Symlinking: /home/himaj/r2_ws/src/install/r2_interfaces/include/r2_interfaces/r2_interfaces/srv/detail/set_led__traits.hpp
-- Symlinking: /home/himaj/r2_ws/src/install/r2_interfaces/include/r2_interfaces/r2_interfaces/srv/set_led.hpp
-- Symlinking: /home/himaj/r2_ws/src/install/r2_interfaces/include/r2_interfaces/r2_interfaces/action/detail/count_until__rosidl_typesupport_fastrtps_cpp.hpp
-- Symlinking: /home/himaj/r2_ws/src/install/r2_interfaces/include/r2_interfaces/r2_interfaces/msg/detail/led_state_array__rosidl_typesupport_fastrtps_cpp.hpp
-- Symlinking: /home/himaj/r2_ws/src/install/r2_interfaces/include/r2_interfaces/r2_interfaces/msg/rosidl_typesupport_fastrtps_cpp__visibility_control.h
-- Symlinking: /home/himaj/r2_ws/src/install/r2_interfaces/include/r2_interfaces/r2_interfaces/srv/detail/set_led__rosidl_typesupport_fastrtps_cpp.hpp
-- Symlinking: /home/himaj/r2_ws/src/install/r2_interfaces/include/r2_interfaces/r2_interfaces/action/detail/count_until__rosidl_typesupport_introspection_cpp.hpp
-- Symlinking: /home/himaj/r2_ws/src/install/r2_interfaces/include/r2_interfaces/r2_interfaces/msg/detail/led_state_array__rosidl_typesupport_introspection_cpp.hpp
-- Symlinking: /home/himaj/r2_ws/src/install/r2_interfaces/include/r2_interfaces/r2_interfaces/srv/detail/set_led__rosidl_typesupport_introspection_cpp.hpp
-- Symlinking: /home/himaj/r2_ws/src/install/r2_interfaces/share/r2_interfaces/environment/pythonpath.sh
-- Symlinking: /home/himaj/r2_ws/src/install/r2_interfaces/share/r2_interfaces/environment/pythonpath.dsv
-- Symlinking: /home/himaj/r2_ws/src/install/r2_interfaces/local/lib/python3.10/dist-packages/r2_interfaces-0.0.0-py3.10.egg-info/PKG-INFO
-- Symlinking: /home/himaj/r2_ws/src/install/r2_interfaces/local/lib/python3.10/dist-packages/r2_interfaces-0.0.0-py3.10.egg-info/SOURCES.txt
-- Symlinking: /home/himaj/r2_ws/src/install/r2_interfaces/local/lib/python3.10/dist-packages/r2_interfaces-0.0.0-py3.10.egg-info/dependency_links.txt
-- Symlinking: /home/himaj/r2_ws/src/install/r2_interfaces/local/lib/python3.10/dist-packages/r2_interfaces-0.0.0-py3.10.egg-info/top_level.txt
-- Symlinking: /home/himaj/r2_ws/src/install/r2_interfaces/local/lib/python3.10/dist-packages/r2_interfaces/__init__.py
-- Symlinking: /home/himaj/r2_ws/src/install/r2_interfaces/local/lib/python3.10/dist-packages/r2_interfaces/_r2_interfaces_s.ep.rosidl_typesupport_c.c
-- Symlinking: /home/himaj/r2_ws/src/install/r2_interfaces/local/lib/python3.10/dist-packages/r2_interfaces/_r2_interfaces_s.ep.rosidl_typesupport_fastrtps_c.c
-- Symlinking: /home/himaj/r2_ws/src/install/r2_interfaces/local/lib/python3.10/dist-packages/r2_interfaces/_r2_interfaces_s.ep.rosidl_typesupport_introspection_c.c
-- Symlinking: /home/himaj/r2_ws/src/install/r2_interfaces/local/lib/python3.10/dist-packages/r2_interfaces/action/__init__.py
-- Symlinking: /home/himaj/r2_ws/src/install/r2_interfaces/local/lib/python3.10/dist-packages/r2_interfaces/action/_count_until.py
-- Symlinking: /home/himaj/r2_ws/src/install/r2_interfaces/local/lib/python3.10/dist-packages/r2_interfaces/action/_count_until_s.c
-- Symlinking: /home/himaj/r2_ws/src/install/r2_interfaces/local/lib/python3.10/dist-packages/r2_interfaces/libr2_interfaces__rosidl_generator_py.so
-- Symlinking: /home/himaj/r2_ws/src/install/r2_interfaces/local/lib/python3.10/dist-packages/r2_interfaces/msg/__init__.py
-- Symlinking: /home/himaj/r2_ws/src/install/r2_interfaces/local/lib/python3.10/dist-packages/r2_interfaces/msg/_led_state_array.py
-- Symlinking: /home/himaj/r2_ws/src/install/r2_interfaces/local/lib/python3.10/dist-packages/r2_interfaces/msg/_led_state_array_s.c
-- Symlinking: /home/himaj/r2_ws/src/install/r2_interfaces/local/lib/python3.10/dist-packages/r2_interfaces/r2_interfaces_s__rosidl_typesupport_c.cpython-310-x86_64-linux-gnu.so
-- Symlinking: /home/himaj/r2_ws/src/install/r2_interfaces/local/lib/python3.10/dist-packages/r2_interfaces/r2_interfaces_s__rosidl_typesupport_fastrtps_c.cpython-310-x86_64-linux-gnu.so
-- Symlinking: /home/himaj/r2_ws/src/install/r2_interfaces/local/lib/python3.10/dist-packages/r2_interfaces/r2_interfaces_s__rosidl_typesupport_introspection_c.cpython-310-x86_64-linux-gnu.so
-- Symlinking: /home/himaj/r2_ws/src/install/r2_interfaces/local/lib/python3.10/dist-packages/r2_interfaces/srv/__init__.py
-- Symlinking: /home/himaj/r2_ws/src/install/r2_interfaces/local/lib/python3.10/dist-packages/r2_interfaces/srv/_set_led.py
-- Symlinking: /home/himaj/r2_ws/src/install/r2_interfaces/local/lib/python3.10/dist-packages/r2_interfaces/srv/_set_led_s.c
-- Up-to-date symlink: /home/himaj/r2_ws/src/install/r2_interfaces/local/lib/python3.10/dist-packages/r2_interfaces/r2_interfaces_s__rosidl_typesupport_fastrtps_c.cpython-310-x86_64-linux-gnu.so
-- Up-to-date symlink: /home/himaj/r2_ws/src/install/r2_interfaces/local/lib/python3.10/dist-packages/r2_interfaces/r2_interfaces_s__rosidl_typesupport_introspection_c.cpython-310-x86_64-linux-gnu.so
-- Up-to-date symlink: /home/himaj/r2_ws/src/install/r2_interfaces/local/lib/python3.10/dist-packages/r2_interfaces/r2_interfaces_s__rosidl_typesupport_c.cpython-310-x86_64-linux-gnu.so
-- Symlinking: /home/himaj/r2_ws/src/install/r2_interfaces/share/r2_interfaces/msg/LedStateArray.idl
-- Symlinking: /home/himaj/r2_ws/src/install/r2_interfaces/share/r2_interfaces/srv/SetLed.idl
-- Symlinking: /home/himaj/r2_ws/src/install/r2_interfaces/share/r2_interfaces/action/CountUntil.idl
-- Symlinking: /home/himaj/r2_ws/src/install/r2_interfaces/share/r2_interfaces/msg/LedStateArray.msg
-- Symlinking: /home/himaj/r2_ws/src/install/r2_interfaces/share/r2_interfaces/srv/SetLed.srv
-- Symlinking: /home/himaj/r2_ws/src/install/r2_interfaces/share/r2_interfaces/srv/SetLed_Request.msg
-- Symlinking: /home/himaj/r2_ws/src/install/r2_interfaces/share/r2_interfaces/srv/SetLed_Response.msg
-- Symlinking: /home/himaj/r2_ws/src/install/r2_interfaces/share/r2_interfaces/action/CountUntil.action
-- Symlinking: /home/himaj/r2_ws/src/install/r2_interfaces/share/ament_index/resource_index/package_run_dependencies/r2_interfaces
-- Symlinking: /home/himaj/r2_ws/src/install/r2_interfaces/share/ament_index/resource_index/parent_prefix_path/r2_interfaces
-- Symlinking: /home/himaj/r2_ws/src/install/r2_interfaces/share/r2_interfaces/environment/ament_prefix_path.sh
-- Symlinking: /home/himaj/r2_ws/src/install/r2_interfaces/share/r2_interfaces/environment/ament_prefix_path.dsv
-- Symlinking: /home/himaj/r2_ws/src/install/r2_interfaces/share/r2_interfaces/environment/path.sh
-- Symlinking: /home/himaj/r2_ws/src/install/r2_interfaces/share/r2_interfaces/environment/path.dsv
-- Symlinking: /home/himaj/r2_ws/src/install/r2_interfaces/share/r2_interfaces/local_setup.bash
-- Symlinking: /home/himaj/r2_ws/src/install/r2_interfaces/share/r2_interfaces/local_setup.sh
-- Symlinking: /home/himaj/r2_ws/src/install/r2_interfaces/share/r2_interfaces/local_setup.zsh
-- Symlinking: /home/himaj/r2_ws/src/install/r2_interfaces/share/r2_interfaces/local_setup.dsv
-- Symlinking: /home/himaj/r2_ws/src/install/r2_interfaces/share/r2_interfaces/package.dsv
-- Symlinking: /home/himaj/r2_ws/src/install/r2_interfaces/share/ament_index/resource_index/packages/r2_interfaces
-- Symlinking: /home/himaj/r2_ws/src/install/r2_interfaces/share/r2_interfaces/cmake/rosidl_cmake-extras.cmake
-- Symlinking: /home/himaj/r2_ws/src/install/r2_interfaces/share/r2_interfaces/cmake/ament_cmake_export_dependencies-extras.cmake
-- Symlinking: /home/himaj/r2_ws/src/install/r2_interfaces/share/r2_interfaces/cmake/ament_cmake_export_include_directories-extras.cmake
-- Symlinking: /home/himaj/r2_ws/src/install/r2_interfaces/share/r2_interfaces/cmake/ament_cmake_export_libraries-extras.cmake
-- Symlinking: /home/himaj/r2_ws/src/install/r2_interfaces/share/r2_interfaces/cmake/ament_cmake_export_targets-extras.cmake
-- Symlinking: /home/himaj/r2_ws/src/install/r2_interfaces/share/r2_interfaces/cmake/rosidl_cmake_export_typesupport_targets-extras.cmake
-- Symlinking: /home/himaj/r2_ws/src/install/r2_interfaces/share/r2_interfaces/cmake/rosidl_cmake_export_typesupport_libraries-extras.cmake
-- Symlinking: /home/himaj/r2_ws/src/install/r2_interfaces/share/r2_interfaces/cmake/r2_interfacesConfig.cmake
-- Symlinking: /home/himaj/r2_ws/src/install/r2_interfaces/share/r2_interfaces/cmake/r2_interfacesConfig-version.cmake
-- Symlinking: /home/himaj/r2_ws/src/install/r2_interfaces/share/r2_interfaces/package.xml
-- Installing: /home/himaj/r2_ws/src/install/r2_interfaces/lib/libr2_interfaces__rosidl_generator_c.so
-- Set runtime path of "/home/himaj/r2_ws/src/install/r2_interfaces/lib/libr2_interfaces__rosidl_generator_c.so" to ""
-- Installing: /home/himaj/r2_ws/src/install/r2_interfaces/lib/libr2_interfaces__rosidl_typesupport_fastrtps_c.so
-- Set runtime path of "/home/himaj/r2_ws/src/install/r2_interfaces/lib/libr2_interfaces__rosidl_typesupport_fastrtps_c.so" to ""
-- Installing: /home/himaj/r2_ws/src/install/r2_interfaces/lib/libr2_interfaces__rosidl_typesupport_introspection_c.so
-- Set runtime path of "/home/himaj/r2_ws/src/install/r2_interfaces/lib/libr2_interfaces__rosidl_typesupport_introspection_c.so" to ""
-- Installing: /home/himaj/r2_ws/src/install/r2_interfaces/lib/libr2_interfaces__rosidl_typesupport_c.so
-- Set runtime path of "/home/himaj/r2_ws/src/install/r2_interfaces/lib/libr2_interfaces__rosidl_typesupport_c.so" to ""
-- Installing: /home/himaj/r2_ws/src/install/r2_interfaces/lib/libr2_interfaces__rosidl_typesupport_fastrtps_cpp.so
-- Set runtime path of "/home/himaj/r2_ws/src/install/r2_interfaces/lib/libr2_interfaces__rosidl_typesupport_fastrtps_cpp.so" to ""
-- Installing: /home/himaj/r2_ws/src/install/r2_interfaces/lib/libr2_interfaces__rosidl_typesupport_introspection_cpp.so
-- Set runtime path of "/home/himaj/r2_ws/src/install/r2_interfaces/lib/libr2_interfaces__rosidl_typesupport_introspection_cpp.so" to ""
-- Installing: /home/himaj/r2_ws/src/install/r2_interfaces/lib/libr2_interfaces__rosidl_typesupport_cpp.so
-- Set runtime path of "/home/himaj/r2_ws/src/install/r2_interfaces/lib/libr2_interfaces__rosidl_typesupport_cpp.so" to ""
Listing '/home/himaj/r2_ws/src/install/r2_interfaces/local/lib/python3.10/dist-packages/r2_interfaces'...
Compiling '/home/himaj/r2_ws/src/install/r2_interfaces/local/lib/python3.10/dist-packages/r2_interfaces/__init__.py'...
Listing '/home/himaj/r2_ws/src/install/r2_interfaces/local/lib/python3.10/dist-packages/r2_interfaces/action'...
Compiling '/home/himaj/r2_ws/src/install/r2_interfaces/local/lib/python3.10/dist-packages/r2_interfaces/action/__init__.py'...
Compiling '/home/himaj/r2_ws/src/install/r2_interfaces/local/lib/python3.10/dist-packages/r2_interfaces/action/_count_until.py'...
Listing '/home/himaj/r2_ws/src/install/r2_interfaces/local/lib/python3.10/dist-packages/r2_interfaces/msg'...
Compiling '/home/himaj/r2_ws/src/install/r2_interfaces/local/lib/python3.10/dist-packages/r2_interfaces/msg/__init__.py'...
Compiling '/home/himaj/r2_ws/src/install/r2_interfaces/local/lib/python3.10/dist-packages/r2_interfaces/msg/_led_state_array.py'...
Listing '/home/himaj/r2_ws/src/install/r2_interfaces/local/lib/python3.10/dist-packages/r2_interfaces/srv'...
Compiling '/home/himaj/r2_ws/src/install/r2_interfaces/local/lib/python3.10/dist-packages/r2_interfaces/srv/__init__.py'...
Compiling '/home/himaj/r2_ws/src/install/r2_interfaces/local/lib/python3.10/dist-packages/r2_interfaces/srv/_set_led.py'...
-- Installing: /home/himaj/r2_ws/src/install/r2_interfaces/lib/libr2_interfaces__rosidl_generator_py.so
-- Set runtime path of "/home/himaj/r2_ws/src/install/r2_interfaces/lib/libr2_interfaces__rosidl_generator_py.so" to ""
-- Installing: /home/himaj/r2_ws/src/install/r2_interfaces/share/r2_interfaces/cmake/export_r2_interfaces__rosidl_generator_cExport.cmake
-- Installing: /home/himaj/r2_ws/src/install/r2_interfaces/share/r2_interfaces/cmake/export_r2_interfaces__rosidl_generator_cExport-noconfig.cmake
-- Installing: /home/himaj/r2_ws/src/install/r2_interfaces/share/r2_interfaces/cmake/export_r2_interfaces__rosidl_typesupport_fastrtps_cExport.cmake
-- Installing: /home/himaj/r2_ws/src/install/r2_interfaces/share/r2_interfaces/cmake/export_r2_interfaces__rosidl_typesupport_fastrtps_cExport-noconfig.cmake
-- Installing: /home/himaj/r2_ws/src/install/r2_interfaces/share/r2_interfaces/cmake/r2_interfaces__rosidl_typesupport_introspection_cExport.cmake
-- Installing: /home/himaj/r2_ws/src/install/r2_interfaces/share/r2_interfaces/cmake/r2_interfaces__rosidl_typesupport_introspection_cExport-noconfig.cmake
-- Installing: /home/himaj/r2_ws/src/install/r2_interfaces/share/r2_interfaces/cmake/r2_interfaces__rosidl_typesupport_cExport.cmake
-- Installing: /home/himaj/r2_ws/src/install/r2_interfaces/share/r2_interfaces/cmake/r2_interfaces__rosidl_typesupport_cExport-noconfig.cmake
-- Installing: /home/himaj/r2_ws/src/install/r2_interfaces/share/r2_interfaces/cmake/export_r2_interfaces__rosidl_generator_cppExport.cmake
-- Installing: /home/himaj/r2_ws/src/install/r2_interfaces/share/r2_interfaces/cmake/export_r2_interfaces__rosidl_typesupport_fastrtps_cppExport.cmake
-- Installing: /home/himaj/r2_ws/src/install/r2_interfaces/share/r2_interfaces/cmake/export_r2_interfaces__rosidl_typesupport_fastrtps_cppExport-noconfig.cmake
-- Installing: /home/himaj/r2_ws/src/install/r2_interfaces/share/r2_interfaces/cmake/r2_interfaces__rosidl_typesupport_introspection_cppExport.cmake
-- Installing: /home/himaj/r2_ws/src/install/r2_interfaces/share/r2_interfaces/cmake/r2_interfaces__rosidl_typesupport_introspection_cppExport-noconfig.cmake
-- Installing: /home/himaj/r2_ws/src/install/r2_interfaces/share/r2_interfaces/cmake/r2_interfaces__rosidl_typesupport_cppExport.cmake
-- Installing: /home/himaj/r2_ws/src/install/r2_interfaces/share/r2_interfaces/cmake/r2_interfaces__rosidl_typesupport_cppExport-noconfig.cmake
-- Installing: /home/himaj/r2_ws/src/install/r2_interfaces/share/r2_interfaces/cmake/export_r2_interfaces__rosidl_generator_pyExport.cmake
-- Installing: /home/himaj/r2_ws/src/install/r2_interfaces/share/r2_interfaces/cmake/export_r2_interfaces__rosidl_generator_pyExport-noconfig.cmake
