[0.035s] Invoking command in '/home/himaj/r2_ws/src/build/r2_interfaces': CMAKE_PREFIX_PATH=${CMAKE_PREFIX_PATH}:/home/himaj/r2_ws/install/silo_tracking:/home/himaj/r2_ws/install/r2_py:/home/himaj/r2_ws/install/luna_control:/home/himaj/r2_ws/install/ball_tracking:/home/himaj/test_ws/install/test_py_pkg:/home/himaj/test_ws/install/action_py:/home/himaj/xbox_ros_ws/install/xbox_turtle_controller:/home/himaj/bot_alignment/install/ball_detection:/home/himaj/bot_alignment/install/SerialCom:/home/himaj/arm_ros_ws/install/control_joint_states:/home/himaj/install/my_py_pkg:/home/himaj/ros2_ws/install/my_py_pkg:/opt/ros/humble /usr/bin/cmake /home/himaj/r2_ws/src/r2_interfaces -DAMENT_CMAKE_SYMLINK_INSTALL=1 -DCMAKE_INSTALL_PREFIX=/home/himaj/r2_ws/src/install/r2_interfaces
[0.300s] -- The C compiler identification is GNU 11.4.0
[0.300s] -- The CXX compiler identification is GNU 11.4.0
[0.300s] -- Detecting C compiler ABI info
[0.300s] -- Detecting C compiler ABI info - done
[0.300s] -- Check for working C compiler: /usr/bin/cc - skipped
[0.300s] -- Detecting C compile features
[0.300s] -- Detecting C compile features - done
[0.300s] -- Detecting CXX compiler ABI info
[0.393s] -- Detecting CXX compiler ABI info - done
[0.401s] -- Check for working CXX compiler: /usr/bin/c++ - skipped
[0.401s] -- Detecting CXX compile features
[0.401s] -- Detecting CXX compile features - done
[0.413s] -- Found ament_cmake: 1.3.8 (/opt/ros/humble/share/ament_cmake/cmake)
[0.604s] -- Found Python3: /usr/bin/python3 (found version "3.10.12") found components: Interpreter 
[0.675s] -- Override CMake install command with custom implementation using symlinks instead of copying resources
[0.768s] -- Found rosidl_default_generators: 1.2.0 (/opt/ros/humble/share/rosidl_default_generators/cmake)
[0.786s] -- Using all available rosidl_typesupport_c: rosidl_typesupport_fastrtps_c;rosidl_typesupport_introspection_c
[0.807s] -- Found rosidl_adapter: 3.1.5 (/opt/ros/humble/share/rosidl_adapter/cmake)
[0.915s] -- Using all available rosidl_typesupport_cpp: rosidl_typesupport_fastrtps_cpp;rosidl_typesupport_introspection_cpp
[1.377s] -- Found ament_cmake_ros: 0.10.0 (/opt/ros/humble/share/ament_cmake_ros/cmake)
[1.623s] -- Using all available rosidl_typesupport_c: rosidl_typesupport_fastrtps_c;rosidl_typesupport_introspection_c
[1.908s] -- Using all available rosidl_typesupport_cpp: rosidl_typesupport_fastrtps_cpp;rosidl_typesupport_introspection_cpp
[1.934s] -- Found PythonInterp: /usr/bin/python3 (found suitable version "3.10.12", minimum required is "3.6") 
[1.940s] -- Found python_cmake_module: 0.10.0 (/opt/ros/humble/share/python_cmake_module/cmake)
[1.973s] -- Found PythonLibs: /usr/lib/x86_64-linux-gnu/libpython3.10.so (found suitable version "3.10.12", minimum required is "3.5") 
[1.973s] -- Using PYTHON_EXECUTABLE: /usr/bin/python3
[1.973s] -- Using PYTHON_INCLUDE_DIRS: /usr/include/python3.10
[1.973s] -- Using PYTHON_LIBRARIES: /usr/lib/x86_64-linux-gnu/libpython3.10.so
[1.997s] -- Found PythonExtra: .so  
[2.065s] -- Configuring done
[2.100s] -- Generating done
[2.104s] -- Build files have been written to: /home/himaj/r2_ws/src/build/r2_interfaces
[2.113s] Invoked command in '/home/himaj/r2_ws/src/build/r2_interfaces' returned '0': CMAKE_PREFIX_PATH=${CMAKE_PREFIX_PATH}:/home/himaj/r2_ws/install/silo_tracking:/home/himaj/r2_ws/install/r2_py:/home/himaj/r2_ws/install/luna_control:/home/himaj/r2_ws/install/ball_tracking:/home/himaj/test_ws/install/test_py_pkg:/home/himaj/test_ws/install/action_py:/home/himaj/xbox_ros_ws/install/xbox_turtle_controller:/home/himaj/bot_alignment/install/ball_detection:/home/himaj/bot_alignment/install/SerialCom:/home/himaj/arm_ros_ws/install/control_joint_states:/home/himaj/install/my_py_pkg:/home/himaj/ros2_ws/install/my_py_pkg:/opt/ros/humble /usr/bin/cmake /home/himaj/r2_ws/src/r2_interfaces -DAMENT_CMAKE_SYMLINK_INSTALL=1 -DCMAKE_INSTALL_PREFIX=/home/himaj/r2_ws/src/install/r2_interfaces
[2.115s] Invoking command in '/home/himaj/r2_ws/src/build/r2_interfaces': CMAKE_PREFIX_PATH=${CMAKE_PREFIX_PATH}:/home/himaj/r2_ws/install/silo_tracking:/home/himaj/r2_ws/install/r2_py:/home/himaj/r2_ws/install/luna_control:/home/himaj/r2_ws/install/ball_tracking:/home/himaj/test_ws/install/test_py_pkg:/home/himaj/test_ws/install/action_py:/home/himaj/xbox_ros_ws/install/xbox_turtle_controller:/home/himaj/bot_alignment/install/ball_detection:/home/himaj/bot_alignment/install/SerialCom:/home/himaj/arm_ros_ws/install/control_joint_states:/home/himaj/install/my_py_pkg:/home/himaj/ros2_ws/install/my_py_pkg:/opt/ros/humble /usr/bin/cmake --build /home/himaj/r2_ws/src/build/r2_interfaces -- -j12 -l12
[2.158s] [  2%] [34m[1mGenerating C code for ROS interfaces[0m
[2.176s] [  4%] [34m[1mGenerating C++ code for ROS interfaces[0m
[2.185s] [  4%] Built target ament_cmake_python_symlink_r2_interfaces
[2.560s] running egg_info
[2.561s] creating r2_interfaces.egg-info
[2.561s] writing r2_interfaces.egg-info/PKG-INFO
[2.561s] writing dependency_links to r2_interfaces.egg-info/dependency_links.txt
[2.561s] writing top-level names to r2_interfaces.egg-info/top_level.txt
[2.561s] writing manifest file 'r2_interfaces.egg-info/SOURCES.txt'
[2.563s] reading manifest file 'r2_interfaces.egg-info/SOURCES.txt'
[2.563s] writing manifest file 'r2_interfaces.egg-info/SOURCES.txt'
[2.592s] [  4%] Built target ament_cmake_python_build_r2_interfaces_egg
[2.725s] [  8%] [32mBuilding C object CMakeFiles/r2_interfaces__rosidl_generator_c.dir/rosidl_generator_c/r2_interfaces/action/detail/count_until__functions.c.o[0m
[2.725s] [ 10%] [32mBuilding C object CMakeFiles/r2_interfaces__rosidl_generator_c.dir/rosidl_generator_c/r2_interfaces/srv/detail/set_led__functions.c.o[0m
[2.725s] [ 10%] [32mBuilding C object CMakeFiles/r2_interfaces__rosidl_generator_c.dir/rosidl_generator_c/r2_interfaces/msg/detail/led_state_array__functions.c.o[0m
[2.795s] [ 10%] Built target r2_interfaces__cpp
[2.807s] [ 14%] [34m[1mGenerating C++ type support dispatch for ROS interfaces[0m
[2.807s] [ 14%] [34m[1mGenerating C++ introspection for ROS interfaces[0m
[2.807s] [ 17%] [34m[1mGenerating C++ type support for eProsima Fast-RTPS[0m
[2.846s] [ 19%] [32m[1mLinking C shared library libr2_interfaces__rosidl_generator_c.so[0m
[2.888s] [ 19%] Built target r2_interfaces__rosidl_generator_c
[2.900s] [ 21%] [34m[1mGenerating C introspection for ROS interfaces[0m
[2.902s] [ 23%] [34m[1mGenerating C type support dispatch for ROS interfaces[0m
[2.903s] [ 25%] [34m[1mGenerating C type support for eProsima Fast-RTPS[0m
[3.315s] [ 27%] [32mBuilding CXX object CMakeFiles/r2_interfaces__rosidl_typesupport_cpp.dir/rosidl_typesupport_cpp/r2_interfaces/msg/led_state_array__type_support.cpp.o[0m
[3.322s] [ 29%] [32mBuilding CXX object CMakeFiles/r2_interfaces__rosidl_typesupport_cpp.dir/rosidl_typesupport_cpp/r2_interfaces/srv/set_led__type_support.cpp.o[0m
[3.328s] [ 31%] [32mBuilding CXX object CMakeFiles/r2_interfaces__rosidl_typesupport_cpp.dir/rosidl_typesupport_cpp/r2_interfaces/action/count_until__type_support.cpp.o[0m
[3.400s] [ 36%] [32mBuilding CXX object CMakeFiles/r2_interfaces__rosidl_typesupport_introspection_cpp.dir/rosidl_typesupport_introspection_cpp/r2_interfaces/action/detail/count_until__type_support.cpp.o[0m
[3.400s] [ 36%] [32mBuilding CXX object CMakeFiles/r2_interfaces__rosidl_typesupport_introspection_cpp.dir/rosidl_typesupport_introspection_cpp/r2_interfaces/msg/detail/led_state_array__type_support.cpp.o[0m
[3.413s] [ 38%] [32mBuilding CXX object CMakeFiles/r2_interfaces__rosidl_typesupport_introspection_cpp.dir/rosidl_typesupport_introspection_cpp/r2_interfaces/srv/detail/set_led__type_support.cpp.o[0m
[3.418s] [ 42%] [32mBuilding CXX object CMakeFiles/r2_interfaces__rosidl_typesupport_c.dir/rosidl_typesupport_c/r2_interfaces/action/count_until__type_support.cpp.o[0m
[3.418s] [ 42%] [32mBuilding CXX object CMakeFiles/r2_interfaces__rosidl_typesupport_c.dir/rosidl_typesupport_c/r2_interfaces/msg/led_state_array__type_support.cpp.o[0m
[3.419s] [ 44%] [32mBuilding CXX object CMakeFiles/r2_interfaces__rosidl_typesupport_c.dir/rosidl_typesupport_c/r2_interfaces/srv/set_led__type_support.cpp.o[0m
[3.524s] [ 48%] [32mBuilding C object CMakeFiles/r2_interfaces__rosidl_typesupport_introspection_c.dir/rosidl_typesupport_introspection_c/r2_interfaces/msg/detail/led_state_array__type_support.c.o[0m
[3.524s] [ 48%] [32m[1mLinking CXX shared library libr2_interfaces__rosidl_typesupport_c.so[0m
[3.528s] [ 51%] [32mBuilding C object CMakeFiles/r2_interfaces__rosidl_typesupport_introspection_c.dir/rosidl_typesupport_introspection_c/r2_interfaces/srv/detail/set_led__type_support.c.o[0m
[3.537s] [ 53%] [32mBuilding CXX object CMakeFiles/r2_interfaces__rosidl_typesupport_fastrtps_cpp.dir/rosidl_typesupport_fastrtps_cpp/r2_interfaces/msg/detail/dds_fastrtps/led_state_array__type_support.cpp.o[0m
[3.550s] [ 55%] [32mBuilding C object CMakeFiles/r2_interfaces__rosidl_typesupport_introspection_c.dir/rosidl_typesupport_introspection_c/r2_interfaces/action/detail/count_until__type_support.c.o[0m
[3.596s] [ 57%] [32mBuilding CXX object CMakeFiles/r2_interfaces__rosidl_typesupport_fastrtps_c.dir/rosidl_typesupport_fastrtps_c/r2_interfaces/msg/detail/led_state_array__type_support_c.cpp.o[0m
[3.625s] [ 57%] Built target r2_interfaces__rosidl_typesupport_c
[3.626s] [ 59%] [32mBuilding CXX object CMakeFiles/r2_interfaces__rosidl_typesupport_fastrtps_cpp.dir/rosidl_typesupport_fastrtps_cpp/r2_interfaces/srv/detail/dds_fastrtps/set_led__type_support.cpp.o[0m
[3.641s] [ 61%] [32mBuilding CXX object CMakeFiles/r2_interfaces__rosidl_typesupport_fastrtps_c.dir/rosidl_typesupport_fastrtps_c/r2_interfaces/srv/detail/set_led__type_support_c.cpp.o[0m
[3.673s] [ 63%] [32mBuilding CXX object CMakeFiles/r2_interfaces__rosidl_typesupport_fastrtps_cpp.dir/rosidl_typesupport_fastrtps_cpp/r2_interfaces/action/detail/dds_fastrtps/count_until__type_support.cpp.o[0m
[3.680s] [ 65%] [32m[1mLinking C shared library libr2_interfaces__rosidl_typesupport_introspection_c.so[0m
[3.732s] [ 68%] [32mBuilding CXX object CMakeFiles/r2_interfaces__rosidl_typesupport_fastrtps_c.dir/rosidl_typesupport_fastrtps_c/r2_interfaces/action/detail/count_until__type_support_c.cpp.o[0m
[3.779s] [ 68%] Built target r2_interfaces__rosidl_typesupport_introspection_c
[3.941s] [ 70%] [32m[1mLinking CXX shared library libr2_interfaces__rosidl_typesupport_cpp.so[0m
[4.024s] [ 70%] Built target r2_interfaces__rosidl_typesupport_cpp
[4.193s] [ 72%] [32m[1mLinking CXX shared library libr2_interfaces__rosidl_typesupport_introspection_cpp.so[0m
[4.210s] [ 74%] [32m[1mLinking CXX shared library libr2_interfaces__rosidl_typesupport_fastrtps_c.so[0m
[4.273s] [ 74%] Built target r2_interfaces__rosidl_typesupport_introspection_cpp
[4.296s] [ 74%] Built target r2_interfaces__rosidl_typesupport_fastrtps_c
[4.340s] [ 76%] [32m[1mLinking CXX shared library libr2_interfaces__rosidl_typesupport_fastrtps_cpp.so[0m
[4.413s] [ 76%] Built target r2_interfaces__rosidl_typesupport_fastrtps_cpp
[4.437s] [ 76%] Built target r2_interfaces
[4.460s] [ 78%] [34m[1mGenerating Python code for ROS interfaces[0m
[5.214s] [ 78%] Built target r2_interfaces__py
[5.239s] [ 85%] [32mBuilding C object CMakeFiles/r2_interfaces__rosidl_generator_py.dir/rosidl_generator_py/r2_interfaces/msg/_led_state_array_s.c.o[0m
[5.239s] [ 85%] [32mBuilding C object CMakeFiles/r2_interfaces__rosidl_generator_py.dir/rosidl_generator_py/r2_interfaces/srv/_set_led_s.c.o[0m
[5.239s] [ 85%] [32mBuilding C object CMakeFiles/r2_interfaces__rosidl_generator_py.dir/rosidl_generator_py/r2_interfaces/action/_count_until_s.c.o[0m
[5.383s] [ 87%] [32m[1mLinking C shared library rosidl_generator_py/r2_interfaces/libr2_interfaces__rosidl_generator_py.so[0m
[5.427s] [ 87%] Built target r2_interfaces__rosidl_generator_py
[5.451s] [ 93%] [32mBuilding C object CMakeFiles/r2_interfaces__rosidl_typesupport_c__pyext.dir/rosidl_generator_py/r2_interfaces/_r2_interfaces_s.ep.rosidl_typesupport_c.c.o[0m
[5.451s] [ 93%] [32mBuilding C object CMakeFiles/r2_interfaces__rosidl_typesupport_fastrtps_c__pyext.dir/rosidl_generator_py/r2_interfaces/_r2_interfaces_s.ep.rosidl_typesupport_fastrtps_c.c.o[0m
[5.451s] [ 93%] [32mBuilding C object CMakeFiles/r2_interfaces__rosidl_typesupport_introspection_c__pyext.dir/rosidl_generator_py/r2_interfaces/_r2_interfaces_s.ep.rosidl_typesupport_introspection_c.c.o[0m
[5.567s] [ 97%] [32m[1mLinking C shared library rosidl_generator_py/r2_interfaces/r2_interfaces_s__rosidl_typesupport_c.cpython-310-x86_64-linux-gnu.so[0m
[5.568s] [ 97%] [32m[1mLinking C shared library rosidl_generator_py/r2_interfaces/r2_interfaces_s__rosidl_typesupport_introspection_c.cpython-310-x86_64-linux-gnu.so[0m
[5.609s] [100%] [32m[1mLinking C shared library rosidl_generator_py/r2_interfaces/r2_interfaces_s__rosidl_typesupport_fastrtps_c.cpython-310-x86_64-linux-gnu.so[0m
[5.610s] [100%] Built target r2_interfaces__rosidl_typesupport_c__pyext
[5.610s] [100%] Built target r2_interfaces__rosidl_typesupport_introspection_c__pyext
[5.651s] [100%] Built target r2_interfaces__rosidl_typesupport_fastrtps_c__pyext
[5.664s] Invoked command in '/home/himaj/r2_ws/src/build/r2_interfaces' returned '0': CMAKE_PREFIX_PATH=${CMAKE_PREFIX_PATH}:/home/himaj/r2_ws/install/silo_tracking:/home/himaj/r2_ws/install/r2_py:/home/himaj/r2_ws/install/luna_control:/home/himaj/r2_ws/install/ball_tracking:/home/himaj/test_ws/install/test_py_pkg:/home/himaj/test_ws/install/action_py:/home/himaj/xbox_ros_ws/install/xbox_turtle_controller:/home/himaj/bot_alignment/install/ball_detection:/home/himaj/bot_alignment/install/SerialCom:/home/himaj/arm_ros_ws/install/control_joint_states:/home/himaj/install/my_py_pkg:/home/himaj/ros2_ws/install/my_py_pkg:/opt/ros/humble /usr/bin/cmake --build /home/himaj/r2_ws/src/build/r2_interfaces -- -j12 -l12
[5.785s] Invoking command in '/home/himaj/r2_ws/src/build/r2_interfaces': CMAKE_PREFIX_PATH=${CMAKE_PREFIX_PATH}:/home/himaj/r2_ws/install/silo_tracking:/home/himaj/r2_ws/install/r2_py:/home/himaj/r2_ws/install/luna_control:/home/himaj/r2_ws/install/ball_tracking:/home/himaj/test_ws/install/test_py_pkg:/home/himaj/test_ws/install/action_py:/home/himaj/xbox_ros_ws/install/xbox_turtle_controller:/home/himaj/bot_alignment/install/ball_detection:/home/himaj/bot_alignment/install/SerialCom:/home/himaj/arm_ros_ws/install/control_joint_states:/home/himaj/install/my_py_pkg:/home/himaj/ros2_ws/install/my_py_pkg:/opt/ros/humble /usr/bin/cmake --install /home/himaj/r2_ws/src/build/r2_interfaces
[5.793s] -- Install configuration: ""
[5.793s] -- Execute custom install script
[5.794s] -- Symlinking: /home/himaj/r2_ws/src/install/r2_interfaces/share/ament_index/resource_index/rosidl_interfaces/r2_interfaces
[5.804s] -- Symlinking: /home/himaj/r2_ws/src/install/r2_interfaces/include/r2_interfaces/r2_interfaces/action/count_until.h
[5.815s] -- Symlinking: /home/himaj/r2_ws/src/install/r2_interfaces/include/r2_interfaces/r2_interfaces/action/detail/count_until__functions.h
[5.824s] -- Symlinking: /home/himaj/r2_ws/src/install/r2_interfaces/include/r2_interfaces/r2_interfaces/action/detail/count_until__struct.h
[5.835s] -- Symlinking: /home/himaj/r2_ws/src/install/r2_interfaces/include/r2_interfaces/r2_interfaces/action/detail/count_until__type_support.h
[5.844s] -- Symlinking: /home/himaj/r2_ws/src/install/r2_interfaces/include/r2_interfaces/r2_interfaces/msg/detail/led_state_array__functions.h
[5.853s] -- Symlinking: /home/himaj/r2_ws/src/install/r2_interfaces/include/r2_interfaces/r2_interfaces/msg/detail/led_state_array__struct.h
[5.862s] -- Symlinking: /home/himaj/r2_ws/src/install/r2_interfaces/include/r2_interfaces/r2_interfaces/msg/detail/led_state_array__type_support.h
[5.872s] -- Symlinking: /home/himaj/r2_ws/src/install/r2_interfaces/include/r2_interfaces/r2_interfaces/msg/led_state_array.h
[5.881s] -- Symlinking: /home/himaj/r2_ws/src/install/r2_interfaces/include/r2_interfaces/r2_interfaces/msg/rosidl_generator_c__visibility_control.h
[5.890s] -- Symlinking: /home/himaj/r2_ws/src/install/r2_interfaces/include/r2_interfaces/r2_interfaces/srv/detail/set_led__functions.h
[5.899s] -- Symlinking: /home/himaj/r2_ws/src/install/r2_interfaces/include/r2_interfaces/r2_interfaces/srv/detail/set_led__struct.h
[5.908s] -- Symlinking: /home/himaj/r2_ws/src/install/r2_interfaces/include/r2_interfaces/r2_interfaces/srv/detail/set_led__type_support.h
[5.918s] -- Symlinking: /home/himaj/r2_ws/src/install/r2_interfaces/include/r2_interfaces/r2_interfaces/srv/set_led.h
[5.928s] -- Symlinking: /home/himaj/r2_ws/src/install/r2_interfaces/share/r2_interfaces/environment/library_path.sh
[5.938s] -- Symlinking: /home/himaj/r2_ws/src/install/r2_interfaces/share/r2_interfaces/environment/library_path.dsv
[5.948s] -- Symlinking: /home/himaj/r2_ws/src/install/r2_interfaces/include/r2_interfaces/r2_interfaces/action/detail/count_until__rosidl_typesupport_fastrtps_c.h
[5.956s] -- Symlinking: /home/himaj/r2_ws/src/install/r2_interfaces/include/r2_interfaces/r2_interfaces/msg/detail/led_state_array__rosidl_typesupport_fastrtps_c.h
[5.965s] -- Symlinking: /home/himaj/r2_ws/src/install/r2_interfaces/include/r2_interfaces/r2_interfaces/msg/rosidl_typesupport_fastrtps_c__visibility_control.h
[5.974s] -- Symlinking: /home/himaj/r2_ws/src/install/r2_interfaces/include/r2_interfaces/r2_interfaces/srv/detail/set_led__rosidl_typesupport_fastrtps_c.h
[5.984s] -- Symlinking: /home/himaj/r2_ws/src/install/r2_interfaces/include/r2_interfaces/r2_interfaces/action/detail/count_until__rosidl_typesupport_introspection_c.h
[5.993s] -- Symlinking: /home/himaj/r2_ws/src/install/r2_interfaces/include/r2_interfaces/r2_interfaces/msg/detail/led_state_array__rosidl_typesupport_introspection_c.h
[6.001s] -- Symlinking: /home/himaj/r2_ws/src/install/r2_interfaces/include/r2_interfaces/r2_interfaces/msg/rosidl_typesupport_introspection_c__visibility_control.h
[6.010s] -- Symlinking: /home/himaj/r2_ws/src/install/r2_interfaces/include/r2_interfaces/r2_interfaces/srv/detail/set_led__rosidl_typesupport_introspection_c.h
[6.019s] -- Symlinking: /home/himaj/r2_ws/src/install/r2_interfaces/include/r2_interfaces/r2_interfaces/action/count_until.hpp
[6.028s] -- Symlinking: /home/himaj/r2_ws/src/install/r2_interfaces/include/r2_interfaces/r2_interfaces/action/detail/count_until__builder.hpp
[6.038s] -- Symlinking: /home/himaj/r2_ws/src/install/r2_interfaces/include/r2_interfaces/r2_interfaces/action/detail/count_until__struct.hpp
[6.047s] -- Symlinking: /home/himaj/r2_ws/src/install/r2_interfaces/include/r2_interfaces/r2_interfaces/action/detail/count_until__traits.hpp
[6.056s] -- Symlinking: /home/himaj/r2_ws/src/install/r2_interfaces/include/r2_interfaces/r2_interfaces/msg/detail/led_state_array__builder.hpp
[6.065s] -- Symlinking: /home/himaj/r2_ws/src/install/r2_interfaces/include/r2_interfaces/r2_interfaces/msg/detail/led_state_array__struct.hpp
[6.074s] -- Symlinking: /home/himaj/r2_ws/src/install/r2_interfaces/include/r2_interfaces/r2_interfaces/msg/detail/led_state_array__traits.hpp
[6.084s] -- Symlinking: /home/himaj/r2_ws/src/install/r2_interfaces/include/r2_interfaces/r2_interfaces/msg/led_state_array.hpp
[6.093s] -- Symlinking: /home/himaj/r2_ws/src/install/r2_interfaces/include/r2_interfaces/r2_interfaces/srv/detail/set_led__builder.hpp
[6.102s] -- Symlinking: /home/himaj/r2_ws/src/install/r2_interfaces/include/r2_interfaces/r2_interfaces/srv/detail/set_led__struct.hpp
[6.111s] -- Symlinking: /home/himaj/r2_ws/src/install/r2_interfaces/include/r2_interfaces/r2_interfaces/srv/detail/set_led__traits.hpp
[6.120s] -- Symlinking: /home/himaj/r2_ws/src/install/r2_interfaces/include/r2_interfaces/r2_interfaces/srv/set_led.hpp
[6.129s] -- Symlinking: /home/himaj/r2_ws/src/install/r2_interfaces/include/r2_interfaces/r2_interfaces/action/detail/count_until__rosidl_typesupport_fastrtps_cpp.hpp
[6.139s] -- Symlinking: /home/himaj/r2_ws/src/install/r2_interfaces/include/r2_interfaces/r2_interfaces/msg/detail/led_state_array__rosidl_typesupport_fastrtps_cpp.hpp
[6.148s] -- Symlinking: /home/himaj/r2_ws/src/install/r2_interfaces/include/r2_interfaces/r2_interfaces/msg/rosidl_typesupport_fastrtps_cpp__visibility_control.h
[6.157s] -- Symlinking: /home/himaj/r2_ws/src/install/r2_interfaces/include/r2_interfaces/r2_interfaces/srv/detail/set_led__rosidl_typesupport_fastrtps_cpp.hpp
[6.167s] -- Symlinking: /home/himaj/r2_ws/src/install/r2_interfaces/include/r2_interfaces/r2_interfaces/action/detail/count_until__rosidl_typesupport_introspection_cpp.hpp
[6.176s] -- Symlinking: /home/himaj/r2_ws/src/install/r2_interfaces/include/r2_interfaces/r2_interfaces/msg/detail/led_state_array__rosidl_typesupport_introspection_cpp.hpp
[6.185s] -- Symlinking: /home/himaj/r2_ws/src/install/r2_interfaces/include/r2_interfaces/r2_interfaces/srv/detail/set_led__rosidl_typesupport_introspection_cpp.hpp
[6.194s] -- Symlinking: /home/himaj/r2_ws/src/install/r2_interfaces/share/r2_interfaces/environment/pythonpath.sh
[6.203s] -- Symlinking: /home/himaj/r2_ws/src/install/r2_interfaces/share/r2_interfaces/environment/pythonpath.dsv
[6.212s] -- Symlinking: /home/himaj/r2_ws/src/install/r2_interfaces/local/lib/python3.10/dist-packages/r2_interfaces-0.0.0-py3.10.egg-info/PKG-INFO
[6.221s] -- Symlinking: /home/himaj/r2_ws/src/install/r2_interfaces/local/lib/python3.10/dist-packages/r2_interfaces-0.0.0-py3.10.egg-info/SOURCES.txt
[6.230s] -- Symlinking: /home/himaj/r2_ws/src/install/r2_interfaces/local/lib/python3.10/dist-packages/r2_interfaces-0.0.0-py3.10.egg-info/dependency_links.txt
[6.239s] -- Symlinking: /home/himaj/r2_ws/src/install/r2_interfaces/local/lib/python3.10/dist-packages/r2_interfaces-0.0.0-py3.10.egg-info/top_level.txt
[6.249s] -- Symlinking: /home/himaj/r2_ws/src/install/r2_interfaces/local/lib/python3.10/dist-packages/r2_interfaces/__init__.py
[6.258s] -- Symlinking: /home/himaj/r2_ws/src/install/r2_interfaces/local/lib/python3.10/dist-packages/r2_interfaces/_r2_interfaces_s.ep.rosidl_typesupport_c.c
[6.267s] -- Symlinking: /home/himaj/r2_ws/src/install/r2_interfaces/local/lib/python3.10/dist-packages/r2_interfaces/_r2_interfaces_s.ep.rosidl_typesupport_fastrtps_c.c
[6.275s] -- Symlinking: /home/himaj/r2_ws/src/install/r2_interfaces/local/lib/python3.10/dist-packages/r2_interfaces/_r2_interfaces_s.ep.rosidl_typesupport_introspection_c.c
[6.284s] -- Symlinking: /home/himaj/r2_ws/src/install/r2_interfaces/local/lib/python3.10/dist-packages/r2_interfaces/action/__init__.py
[6.293s] -- Symlinking: /home/himaj/r2_ws/src/install/r2_interfaces/local/lib/python3.10/dist-packages/r2_interfaces/action/_count_until.py
[6.302s] -- Symlinking: /home/himaj/r2_ws/src/install/r2_interfaces/local/lib/python3.10/dist-packages/r2_interfaces/action/_count_until_s.c
[6.311s] -- Symlinking: /home/himaj/r2_ws/src/install/r2_interfaces/local/lib/python3.10/dist-packages/r2_interfaces/libr2_interfaces__rosidl_generator_py.so
[6.321s] -- Symlinking: /home/himaj/r2_ws/src/install/r2_interfaces/local/lib/python3.10/dist-packages/r2_interfaces/msg/__init__.py
[6.331s] -- Symlinking: /home/himaj/r2_ws/src/install/r2_interfaces/local/lib/python3.10/dist-packages/r2_interfaces/msg/_led_state_array.py
[6.342s] -- Symlinking: /home/himaj/r2_ws/src/install/r2_interfaces/local/lib/python3.10/dist-packages/r2_interfaces/msg/_led_state_array_s.c
[6.353s] -- Symlinking: /home/himaj/r2_ws/src/install/r2_interfaces/local/lib/python3.10/dist-packages/r2_interfaces/r2_interfaces_s__rosidl_typesupport_c.cpython-310-x86_64-linux-gnu.so
[6.363s] -- Symlinking: /home/himaj/r2_ws/src/install/r2_interfaces/local/lib/python3.10/dist-packages/r2_interfaces/r2_interfaces_s__rosidl_typesupport_fastrtps_c.cpython-310-x86_64-linux-gnu.so
[6.373s] -- Symlinking: /home/himaj/r2_ws/src/install/r2_interfaces/local/lib/python3.10/dist-packages/r2_interfaces/r2_interfaces_s__rosidl_typesupport_introspection_c.cpython-310-x86_64-linux-gnu.so
[6.383s] -- Symlinking: /home/himaj/r2_ws/src/install/r2_interfaces/local/lib/python3.10/dist-packages/r2_interfaces/srv/__init__.py
[6.393s] -- Symlinking: /home/himaj/r2_ws/src/install/r2_interfaces/local/lib/python3.10/dist-packages/r2_interfaces/srv/_set_led.py
[6.403s] -- Symlinking: /home/himaj/r2_ws/src/install/r2_interfaces/local/lib/python3.10/dist-packages/r2_interfaces/srv/_set_led_s.c
[6.413s] -- Up-to-date symlink: /home/himaj/r2_ws/src/install/r2_interfaces/local/lib/python3.10/dist-packages/r2_interfaces/r2_interfaces_s__rosidl_typesupport_fastrtps_c.cpython-310-x86_64-linux-gnu.so
[6.413s] -- Up-to-date symlink: /home/himaj/r2_ws/src/install/r2_interfaces/local/lib/python3.10/dist-packages/r2_interfaces/r2_interfaces_s__rosidl_typesupport_introspection_c.cpython-310-x86_64-linux-gnu.so
[6.413s] -- Up-to-date symlink: /home/himaj/r2_ws/src/install/r2_interfaces/local/lib/python3.10/dist-packages/r2_interfaces/r2_interfaces_s__rosidl_typesupport_c.cpython-310-x86_64-linux-gnu.so
[6.413s] -- Symlinking: /home/himaj/r2_ws/src/install/r2_interfaces/share/r2_interfaces/msg/LedStateArray.idl
[6.424s] -- Symlinking: /home/himaj/r2_ws/src/install/r2_interfaces/share/r2_interfaces/srv/SetLed.idl
[6.433s] -- Symlinking: /home/himaj/r2_ws/src/install/r2_interfaces/share/r2_interfaces/action/CountUntil.idl
[6.443s] -- Symlinking: /home/himaj/r2_ws/src/install/r2_interfaces/share/r2_interfaces/msg/LedStateArray.msg
[6.453s] -- Symlinking: /home/himaj/r2_ws/src/install/r2_interfaces/share/r2_interfaces/srv/SetLed.srv
[6.463s] -- Symlinking: /home/himaj/r2_ws/src/install/r2_interfaces/share/r2_interfaces/srv/SetLed_Request.msg
[6.472s] -- Symlinking: /home/himaj/r2_ws/src/install/r2_interfaces/share/r2_interfaces/srv/SetLed_Response.msg
[6.482s] -- Symlinking: /home/himaj/r2_ws/src/install/r2_interfaces/share/r2_interfaces/action/CountUntil.action
[6.491s] -- Symlinking: /home/himaj/r2_ws/src/install/r2_interfaces/share/ament_index/resource_index/package_run_dependencies/r2_interfaces
[6.499s] -- Symlinking: /home/himaj/r2_ws/src/install/r2_interfaces/share/ament_index/resource_index/parent_prefix_path/r2_interfaces
[6.509s] -- Symlinking: /home/himaj/r2_ws/src/install/r2_interfaces/share/r2_interfaces/environment/ament_prefix_path.sh
[6.518s] -- Symlinking: /home/himaj/r2_ws/src/install/r2_interfaces/share/r2_interfaces/environment/ament_prefix_path.dsv
[6.527s] -- Symlinking: /home/himaj/r2_ws/src/install/r2_interfaces/share/r2_interfaces/environment/path.sh
[6.537s] -- Symlinking: /home/himaj/r2_ws/src/install/r2_interfaces/share/r2_interfaces/environment/path.dsv
[6.545s] -- Symlinking: /home/himaj/r2_ws/src/install/r2_interfaces/share/r2_interfaces/local_setup.bash
[6.554s] -- Symlinking: /home/himaj/r2_ws/src/install/r2_interfaces/share/r2_interfaces/local_setup.sh
[6.563s] -- Symlinking: /home/himaj/r2_ws/src/install/r2_interfaces/share/r2_interfaces/local_setup.zsh
[6.572s] -- Symlinking: /home/himaj/r2_ws/src/install/r2_interfaces/share/r2_interfaces/local_setup.dsv
[6.581s] -- Symlinking: /home/himaj/r2_ws/src/install/r2_interfaces/share/r2_interfaces/package.dsv
[6.590s] -- Symlinking: /home/himaj/r2_ws/src/install/r2_interfaces/share/ament_index/resource_index/packages/r2_interfaces
[6.599s] -- Symlinking: /home/himaj/r2_ws/src/install/r2_interfaces/share/r2_interfaces/cmake/rosidl_cmake-extras.cmake
[6.608s] -- Symlinking: /home/himaj/r2_ws/src/install/r2_interfaces/share/r2_interfaces/cmake/ament_cmake_export_dependencies-extras.cmake
[6.617s] -- Symlinking: /home/himaj/r2_ws/src/install/r2_interfaces/share/r2_interfaces/cmake/ament_cmake_export_include_directories-extras.cmake
[6.626s] -- Symlinking: /home/himaj/r2_ws/src/install/r2_interfaces/share/r2_interfaces/cmake/ament_cmake_export_libraries-extras.cmake
[6.635s] -- Symlinking: /home/himaj/r2_ws/src/install/r2_interfaces/share/r2_interfaces/cmake/ament_cmake_export_targets-extras.cmake
[6.644s] -- Symlinking: /home/himaj/r2_ws/src/install/r2_interfaces/share/r2_interfaces/cmake/rosidl_cmake_export_typesupport_targets-extras.cmake
[6.653s] -- Symlinking: /home/himaj/r2_ws/src/install/r2_interfaces/share/r2_interfaces/cmake/rosidl_cmake_export_typesupport_libraries-extras.cmake
[6.661s] -- Symlinking: /home/himaj/r2_ws/src/install/r2_interfaces/share/r2_interfaces/cmake/r2_interfacesConfig.cmake
[6.670s] -- Symlinking: /home/himaj/r2_ws/src/install/r2_interfaces/share/r2_interfaces/cmake/r2_interfacesConfig-version.cmake
[6.679s] -- Symlinking: /home/himaj/r2_ws/src/install/r2_interfaces/share/r2_interfaces/package.xml
[6.687s] -- Installing: /home/himaj/r2_ws/src/install/r2_interfaces/lib/libr2_interfaces__rosidl_generator_c.so
[6.688s] -- Set runtime path of "/home/himaj/r2_ws/src/install/r2_interfaces/lib/libr2_interfaces__rosidl_generator_c.so" to ""
[6.688s] -- Installing: /home/himaj/r2_ws/src/install/r2_interfaces/lib/libr2_interfaces__rosidl_typesupport_fastrtps_c.so
[6.689s] -- Set runtime path of "/home/himaj/r2_ws/src/install/r2_interfaces/lib/libr2_interfaces__rosidl_typesupport_fastrtps_c.so" to ""
[6.689s] -- Installing: /home/himaj/r2_ws/src/install/r2_interfaces/lib/libr2_interfaces__rosidl_typesupport_introspection_c.so
[6.689s] -- Set runtime path of "/home/himaj/r2_ws/src/install/r2_interfaces/lib/libr2_interfaces__rosidl_typesupport_introspection_c.so" to ""
[6.689s] -- Installing: /home/himaj/r2_ws/src/install/r2_interfaces/lib/libr2_interfaces__rosidl_typesupport_c.so
[6.690s] -- Set runtime path of "/home/himaj/r2_ws/src/install/r2_interfaces/lib/libr2_interfaces__rosidl_typesupport_c.so" to ""
[6.690s] -- Installing: /home/himaj/r2_ws/src/install/r2_interfaces/lib/libr2_interfaces__rosidl_typesupport_fastrtps_cpp.so
[6.690s] -- Set runtime path of "/home/himaj/r2_ws/src/install/r2_interfaces/lib/libr2_interfaces__rosidl_typesupport_fastrtps_cpp.so" to ""
[6.690s] -- Installing: /home/himaj/r2_ws/src/install/r2_interfaces/lib/libr2_interfaces__rosidl_typesupport_introspection_cpp.so
[6.691s] -- Set runtime path of "/home/himaj/r2_ws/src/install/r2_interfaces/lib/libr2_interfaces__rosidl_typesupport_introspection_cpp.so" to ""
[6.691s] -- Installing: /home/himaj/r2_ws/src/install/r2_interfaces/lib/libr2_interfaces__rosidl_typesupport_cpp.so
[6.691s] -- Set runtime path of "/home/himaj/r2_ws/src/install/r2_interfaces/lib/libr2_interfaces__rosidl_typesupport_cpp.so" to ""
[6.735s] Listing '/home/himaj/r2_ws/src/install/r2_interfaces/local/lib/python3.10/dist-packages/r2_interfaces'...
[6.735s] Compiling '/home/himaj/r2_ws/src/install/r2_interfaces/local/lib/python3.10/dist-packages/r2_interfaces/__init__.py'...
[6.735s] Listing '/home/himaj/r2_ws/src/install/r2_interfaces/local/lib/python3.10/dist-packages/r2_interfaces/action'...
[6.735s] Compiling '/home/himaj/r2_ws/src/install/r2_interfaces/local/lib/python3.10/dist-packages/r2_interfaces/action/__init__.py'...
[6.735s] Compiling '/home/himaj/r2_ws/src/install/r2_interfaces/local/lib/python3.10/dist-packages/r2_interfaces/action/_count_until.py'...
[6.735s] Listing '/home/himaj/r2_ws/src/install/r2_interfaces/local/lib/python3.10/dist-packages/r2_interfaces/msg'...
[6.735s] Compiling '/home/himaj/r2_ws/src/install/r2_interfaces/local/lib/python3.10/dist-packages/r2_interfaces/msg/__init__.py'...
[6.735s] Compiling '/home/himaj/r2_ws/src/install/r2_interfaces/local/lib/python3.10/dist-packages/r2_interfaces/msg/_led_state_array.py'...
[6.735s] Listing '/home/himaj/r2_ws/src/install/r2_interfaces/local/lib/python3.10/dist-packages/r2_interfaces/srv'...
[6.735s] Compiling '/home/himaj/r2_ws/src/install/r2_interfaces/local/lib/python3.10/dist-packages/r2_interfaces/srv/__init__.py'...
[6.735s] Compiling '/home/himaj/r2_ws/src/install/r2_interfaces/local/lib/python3.10/dist-packages/r2_interfaces/srv/_set_led.py'...
[6.739s] -- Installing: /home/himaj/r2_ws/src/install/r2_interfaces/lib/libr2_interfaces__rosidl_generator_py.so
[6.739s] -- Set runtime path of "/home/himaj/r2_ws/src/install/r2_interfaces/lib/libr2_interfaces__rosidl_generator_py.so" to ""
[6.739s] -- Installing: /home/himaj/r2_ws/src/install/r2_interfaces/share/r2_interfaces/cmake/export_r2_interfaces__rosidl_generator_cExport.cmake
[6.739s] -- Installing: /home/himaj/r2_ws/src/install/r2_interfaces/share/r2_interfaces/cmake/export_r2_interfaces__rosidl_generator_cExport-noconfig.cmake
[6.739s] -- Installing: /home/himaj/r2_ws/src/install/r2_interfaces/share/r2_interfaces/cmake/export_r2_interfaces__rosidl_typesupport_fastrtps_cExport.cmake
[6.740s] -- Installing: /home/himaj/r2_ws/src/install/r2_interfaces/share/r2_interfaces/cmake/export_r2_interfaces__rosidl_typesupport_fastrtps_cExport-noconfig.cmake
[6.740s] -- Installing: /home/himaj/r2_ws/src/install/r2_interfaces/share/r2_interfaces/cmake/r2_interfaces__rosidl_typesupport_introspection_cExport.cmake
[6.740s] -- Installing: /home/himaj/r2_ws/src/install/r2_interfaces/share/r2_interfaces/cmake/r2_interfaces__rosidl_typesupport_introspection_cExport-noconfig.cmake
[6.740s] -- Installing: /home/himaj/r2_ws/src/install/r2_interfaces/share/r2_interfaces/cmake/r2_interfaces__rosidl_typesupport_cExport.cmake
[6.740s] -- Installing: /home/himaj/r2_ws/src/install/r2_interfaces/share/r2_interfaces/cmake/r2_interfaces__rosidl_typesupport_cExport-noconfig.cmake
[6.740s] -- Installing: /home/himaj/r2_ws/src/install/r2_interfaces/share/r2_interfaces/cmake/export_r2_interfaces__rosidl_generator_cppExport.cmake
[6.740s] -- Installing: /home/himaj/r2_ws/src/install/r2_interfaces/share/r2_interfaces/cmake/export_r2_interfaces__rosidl_typesupport_fastrtps_cppExport.cmake
[6.741s] -- Installing: /home/himaj/r2_ws/src/install/r2_interfaces/share/r2_interfaces/cmake/export_r2_interfaces__rosidl_typesupport_fastrtps_cppExport-noconfig.cmake
[6.741s] -- Installing: /home/himaj/r2_ws/src/install/r2_interfaces/share/r2_interfaces/cmake/r2_interfaces__rosidl_typesupport_introspection_cppExport.cmake
[6.741s] -- Installing: /home/himaj/r2_ws/src/install/r2_interfaces/share/r2_interfaces/cmake/r2_interfaces__rosidl_typesupport_introspection_cppExport-noconfig.cmake
[6.741s] -- Installing: /home/himaj/r2_ws/src/install/r2_interfaces/share/r2_interfaces/cmake/r2_interfaces__rosidl_typesupport_cppExport.cmake
[6.741s] -- Installing: /home/himaj/r2_ws/src/install/r2_interfaces/share/r2_interfaces/cmake/r2_interfaces__rosidl_typesupport_cppExport-noconfig.cmake
[6.741s] -- Installing: /home/himaj/r2_ws/src/install/r2_interfaces/share/r2_interfaces/cmake/export_r2_interfaces__rosidl_generator_pyExport.cmake
[6.741s] -- Installing: /home/himaj/r2_ws/src/install/r2_interfaces/share/r2_interfaces/cmake/export_r2_interfaces__rosidl_generator_pyExport-noconfig.cmake
[6.744s] Invoked command in '/home/himaj/r2_ws/src/build/r2_interfaces' returned '0': CMAKE_PREFIX_PATH=${CMAKE_PREFIX_PATH}:/home/himaj/r2_ws/install/silo_tracking:/home/himaj/r2_ws/install/r2_py:/home/himaj/r2_ws/install/luna_control:/home/himaj/r2_ws/install/ball_tracking:/home/himaj/test_ws/install/test_py_pkg:/home/himaj/test_ws/install/action_py:/home/himaj/xbox_ros_ws/install/xbox_turtle_controller:/home/himaj/bot_alignment/install/ball_detection:/home/himaj/bot_alignment/install/SerialCom:/home/himaj/arm_ros_ws/install/control_joint_states:/home/himaj/install/my_py_pkg:/home/himaj/ros2_ws/install/my_py_pkg:/opt/ros/humble /usr/bin/cmake --install /home/himaj/r2_ws/src/build/r2_interfaces
