[1.836s] Invoking command in '/home/himaj/r2_ws/src/build/ball_tracking': PYTHONPATH=/home/himaj/r2_ws/src/build/ball_tracking/prefix_override:/home/himaj/r2_ws/src/install/ball_tracking/lib/python3.10/site-packages:${PYTHONPATH} /usr/bin/python3 -W ignore:setup.py install is deprecated setup.py develop --editable --build-directory /home/himaj/r2_ws/src/build/ball_tracking/build --no-deps symlink_data
[2.288s] running develop
[2.555s] running egg_info
[2.555s] writing ball_tracking.egg-info/PKG-INFO
[2.556s] writing dependency_links to ball_tracking.egg-info/dependency_links.txt
[2.556s] writing entry points to ball_tracking.egg-info/entry_points.txt
[2.556s] writing requirements to ball_tracking.egg-info/requires.txt
[2.556s] writing top-level names to ball_tracking.egg-info/top_level.txt
[2.559s] reading manifest file 'ball_tracking.egg-info/SOURCES.txt'
[2.561s] writing manifest file 'ball_tracking.egg-info/SOURCES.txt'
[2.563s] running build_ext
[2.563s] Creating /home/himaj/r2_ws/src/install/ball_tracking/lib/python3.10/site-packages/ball-tracking.egg-link (link to .)
[2.564s] Installing ball_tracker script to /home/himaj/r2_ws/src/install/ball_tracking/lib/ball_tracking
[2.564s] Installing ball_tracker2 script to /home/himaj/r2_ws/src/install/ball_tracking/lib/ball_tracking
[2.565s] Installing ball_tracker3 script to /home/himaj/r2_ws/src/install/ball_tracking/lib/ball_tracking
[2.565s] Installing testnode script to /home/himaj/r2_ws/src/install/ball_tracking/lib/ball_tracking
[2.565s] 
[2.565s] Installed /home/himaj/r2_ws/src/build/ball_tracking
[2.565s] running symlink_data
[2.610s] Invoked command in '/home/himaj/r2_ws/src/build/ball_tracking' returned '0': PYTHONPATH=/home/himaj/r2_ws/src/build/ball_tracking/prefix_override:/home/himaj/r2_ws/src/install/ball_tracking/lib/python3.10/site-packages:${PYTHONPATH} /usr/bin/python3 -W ignore:setup.py install is deprecated setup.py develop --editable --build-directory /home/himaj/r2_ws/src/build/ball_tracking/build --no-deps symlink_data
