-- Install configuration: ""
-- Execute custom install script
-- Up-to-date symlink: /home/himaj/r2_ws/src/install/r2_description/share/r2_description/launch/display.launch.py
-- Up-to-date symlink: /home/himaj/r2_ws/src/install/r2_description/share/r2_description/launch/display.launch.xml
-- Up-to-date symlink: /home/himaj/r2_ws/src/install/r2_description/share/r2_description/launch/gazebo.launch.py
-- Up-to-date symlink: /home/himaj/r2_ws/src/install/r2_description/share/r2_description/urdf/r2.urdf
-- Up-to-date symlink: /home/himaj/r2_ws/src/install/r2_description/share/r2_description/urdf/r2_plain.urdf
-- Up-to-date symlink: /home/himaj/r2_ws/src/install/r2_description/share/r2_description/meshes/fl_wheel_link.STL
-- Up-to-date symlink: /home/himaj/r2_ws/src/install/r2_description/share/r2_description/meshes/fr_wheel_link.STL
-- Up-to-date symlink: /home/himaj/r2_ws/src/install/r2_description/share/r2_description/meshes/rl_wheel_link.STL
-- Up-to-date symlink: /home/himaj/r2_ws/src/install/r2_description/share/r2_description/meshes/rr_wheel_link.STL
-- Up-to-date symlink: /home/himaj/r2_ws/src/install/r2_description/share/r2_description/rviz/model.rviz
-- Up-to-date symlink: /home/himaj/r2_ws/src/install/r2_description/share/r2_description/worlds/empty_world.world
-- Up-to-date symlink: /home/himaj/r2_ws/src/install/r2_description/share/r2_description/worlds/turtlebot3_dqn_stage1.world
-- Up-to-date symlink: /home/himaj/r2_ws/src/install/r2_description/share/ament_index/resource_index/package_run_dependencies/r2_description
-- Up-to-date symlink: /home/himaj/r2_ws/src/install/r2_description/share/ament_index/resource_index/parent_prefix_path/r2_description
-- Up-to-date symlink: /home/himaj/r2_ws/src/install/r2_description/share/r2_description/environment/ament_prefix_path.sh
-- Up-to-date symlink: /home/himaj/r2_ws/src/install/r2_description/share/r2_description/environment/ament_prefix_path.dsv
-- Up-to-date symlink: /home/himaj/r2_ws/src/install/r2_description/share/r2_description/environment/path.sh
-- Up-to-date symlink: /home/himaj/r2_ws/src/install/r2_description/share/r2_description/environment/path.dsv
-- Up-to-date symlink: /home/himaj/r2_ws/src/install/r2_description/share/r2_description/local_setup.bash
-- Up-to-date symlink: /home/himaj/r2_ws/src/install/r2_description/share/r2_description/local_setup.sh
-- Up-to-date symlink: /home/himaj/r2_ws/src/install/r2_description/share/r2_description/local_setup.zsh
-- Up-to-date symlink: /home/himaj/r2_ws/src/install/r2_description/share/r2_description/local_setup.dsv
-- Symlinking: /home/himaj/r2_ws/src/install/r2_description/share/r2_description/package.dsv
-- Up-to-date symlink: /home/himaj/r2_ws/src/install/r2_description/share/ament_index/resource_index/packages/r2_description
-- Up-to-date symlink: /home/himaj/r2_ws/src/install/r2_description/share/r2_description/cmake/r2_descriptionConfig.cmake
-- Up-to-date symlink: /home/himaj/r2_ws/src/install/r2_description/share/r2_description/cmake/r2_descriptionConfig-version.cmake
-- Up-to-date symlink: /home/himaj/r2_ws/src/install/r2_description/share/r2_description/package.xml
