[1.344s] Invoking command in '/home/himaj/r2_ws/src/build/ball_tracking': PYTHONPATH=/home/himaj/r2_ws/src/build/ball_tracking/prefix_override:/home/himaj/r2_ws/src/install/ball_tracking/lib/python3.10/site-packages:${PYTHONPATH} /usr/bin/python3 -W ignore:setup.py install is deprecated setup.py develop --editable --build-directory /home/himaj/r2_ws/src/build/ball_tracking/build --no-deps symlink_data
[1.626s] running develop
[1.821s] running egg_info
[1.822s] writing ball_tracking.egg-info/PKG-INFO
[1.822s] writing dependency_links to ball_tracking.egg-info/dependency_links.txt
[1.822s] writing entry points to ball_tracking.egg-info/entry_points.txt
[1.822s] writing requirements to ball_tracking.egg-info/requires.txt
[1.822s] writing top-level names to ball_tracking.egg-info/top_level.txt
[1.826s] reading manifest file 'ball_tracking.egg-info/SOURCES.txt'
[1.828s] writing manifest file 'ball_tracking.egg-info/SOURCES.txt'
[1.830s] running build_ext
[1.831s] Creating /home/himaj/r2_ws/src/install/ball_tracking/lib/python3.10/site-packages/ball-tracking.egg-link (link to .)
[1.832s] Installing ball_tracker script to /home/himaj/r2_ws/src/install/ball_tracking/lib/ball_tracking
[1.832s] Installing ball_tracker2 script to /home/himaj/r2_ws/src/install/ball_tracking/lib/ball_tracking
[1.832s] Installing ball_tracker3 script to /home/himaj/r2_ws/src/install/ball_tracking/lib/ball_tracking
[1.832s] Installing testnode script to /home/himaj/r2_ws/src/install/ball_tracking/lib/ball_tracking
[1.833s] 
[1.833s] Installed /home/himaj/r2_ws/src/build/ball_tracking
[1.833s] running symlink_data
[1.878s] Invoked command in '/home/himaj/r2_ws/src/build/ball_tracking' returned '0': PYTHONPATH=/home/himaj/r2_ws/src/build/ball_tracking/prefix_override:/home/himaj/r2_ws/src/install/ball_tracking/lib/python3.10/site-packages:${PYTHONPATH} /usr/bin/python3 -W ignore:setup.py install is deprecated setup.py develop --editable --build-directory /home/himaj/r2_ws/src/build/ball_tracking/build --no-deps symlink_data
