running develop
running egg_info
creating silo_tracking.egg-info
writing silo_tracking.egg-info/PKG-INFO
writing dependency_links to silo_tracking.egg-info/dependency_links.txt
writing entry points to silo_tracking.egg-info/entry_points.txt
writing requirements to silo_tracking.egg-info/requires.txt
writing top-level names to silo_tracking.egg-info/top_level.txt
writing manifest file 'silo_tracking.egg-info/SOURCES.txt'
reading manifest file 'silo_tracking.egg-info/SOURCES.txt'
writing manifest file 'silo_tracking.egg-info/SOURCES.txt'
running build_ext
Creating /home/himaj/r2_ws/src/install/silo_tracking/lib/python3.10/site-packages/silo-tracking.egg-link (link to .)
Installing silo_tracking script to /home/himaj/r2_ws/src/install/silo_tracking/lib/silo_tracking

Installed /home/himaj/r2_ws/src/build/silo_tracking
running symlink_data
creating /home/himaj/r2_ws/src/install/silo_tracking/share/ament_index
creating /home/himaj/r2_ws/src/install/silo_tracking/share/ament_index/resource_index
creating /home/himaj/r2_ws/src/install/silo_tracking/share/ament_index/resource_index/packages
symbolically linking /home/himaj/r2_ws/src/build/silo_tracking/resource/silo_tracking -> /home/himaj/r2_ws/src/install/silo_tracking/share/ament_index/resource_index/packages
symbolically linking /home/himaj/r2_ws/src/build/silo_tracking/package.xml -> /home/himaj/r2_ws/src/install/silo_tracking/share/silo_tracking
