[1.025s] Invoking command in '/home/himaj/r2_ws/src/build/silo_tracking': PYTHONPATH=/home/himaj/r2_ws/src/build/silo_tracking/prefix_override:/home/himaj/r2_ws/src/install/silo_tracking/lib/python3.10/site-packages:${PYTHONPATH} /usr/bin/python3 -W ignore:setup.py install is deprecated setup.py develop --editable --build-directory /home/himaj/r2_ws/src/build/silo_tracking/build --no-deps symlink_data
[1.314s] running develop
[1.484s] running egg_info
[1.484s] creating silo_tracking.egg-info
[1.484s] writing silo_tracking.egg-info/PKG-INFO
[1.485s] writing dependency_links to silo_tracking.egg-info/dependency_links.txt
[1.485s] writing entry points to silo_tracking.egg-info/entry_points.txt
[1.485s] writing requirements to silo_tracking.egg-info/requires.txt
[1.485s] writing top-level names to silo_tracking.egg-info/top_level.txt
[1.485s] writing manifest file 'silo_tracking.egg-info/SOURCES.txt'
[1.488s] reading manifest file 'silo_tracking.egg-info/SOURCES.txt'
[1.489s] writing manifest file 'silo_tracking.egg-info/SOURCES.txt'
[1.490s] running build_ext
[1.491s] Creating /home/himaj/r2_ws/src/install/silo_tracking/lib/python3.10/site-packages/silo-tracking.egg-link (link to .)
[1.491s] Installing silo_tracking script to /home/himaj/r2_ws/src/install/silo_tracking/lib/silo_tracking
[1.492s] 
[1.492s] Installed /home/himaj/r2_ws/src/build/silo_tracking
[1.492s] running symlink_data
[1.492s] creating /home/himaj/r2_ws/src/install/silo_tracking/share/ament_index
[1.492s] creating /home/himaj/r2_ws/src/install/silo_tracking/share/ament_index/resource_index
[1.492s] creating /home/himaj/r2_ws/src/install/silo_tracking/share/ament_index/resource_index/packages
[1.492s] symbolically linking /home/himaj/r2_ws/src/build/silo_tracking/resource/silo_tracking -> /home/himaj/r2_ws/src/install/silo_tracking/share/ament_index/resource_index/packages
[1.492s] symbolically linking /home/himaj/r2_ws/src/build/silo_tracking/package.xml -> /home/himaj/r2_ws/src/install/silo_tracking/share/silo_tracking
[1.537s] Invoked command in '/home/himaj/r2_ws/src/build/silo_tracking' returned '0': PYTHONPATH=/home/himaj/r2_ws/src/build/silo_tracking/prefix_override:/home/himaj/r2_ws/src/install/silo_tracking/lib/python3.10/site-packages:${PYTHONPATH} /usr/bin/python3 -W ignore:setup.py install is deprecated setup.py develop --editable --build-directory /home/himaj/r2_ws/src/build/silo_tracking/build --no-deps symlink_data
