[0.056s] Invoking command in '/home/himaj/r2_ws/src/build/r2_interfaces': CMAKE_PREFIX_PATH=${CMAKE_PREFIX_PATH}:/home/himaj/r2_ws/install/silo_tracking:/home/himaj/r2_ws/install/r2_py:/home/himaj/r2_ws/install/luna_control:/home/himaj/r2_ws/install/ball_tracking:/home/himaj/test_ws/install/test_py_pkg:/home/himaj/test_ws/install/action_py:/home/himaj/xbox_ros_ws/install/xbox_turtle_controller:/home/himaj/bot_alignment/install/ball_detection:/home/himaj/bot_alignment/install/SerialCom:/home/himaj/arm_ros_ws/install/control_joint_states:/home/himaj/install/my_py_pkg:/home/himaj/ros2_ws/install/my_py_pkg:/opt/ros/humble /usr/bin/cmake --build /home/himaj/r2_ws/src/build/r2_interfaces -- -j12 -l12
[0.473s] [  2%] Built target r2_interfaces__cpp
[0.473s] [ 12%] Built target r2_interfaces__rosidl_generator_c
[0.473s] [ 12%] Built target ament_cmake_python_symlink_r2_interfaces
[0.474s] [ 44%] Built target r2_interfaces__rosidl_typesupport_introspection_c
[0.475s] [ 44%] Built target r2_interfaces__rosidl_typesupport_c
[0.475s] [ 44%] Built target r2_interfaces__rosidl_typesupport_introspection_cpp
[0.475s] [ 55%] Built target r2_interfaces__rosidl_typesupport_cpp
[0.476s] [ 65%] Built target r2_interfaces__rosidl_typesupport_fastrtps_cpp
[0.476s] [ 76%] Built target r2_interfaces__rosidl_typesupport_fastrtps_c
[0.476s] [ 76%] Built target r2_interfaces
[0.476s] [ 78%] Built target r2_interfaces__py
[0.476s] [ 87%] Built target r2_interfaces__rosidl_generator_py
[0.476s] [100%] Built target r2_interfaces__rosidl_typesupport_fastrtps_c__pyext
[0.476s] [100%] Built target r2_interfaces__rosidl_typesupport_introspection_c__pyext
[0.476s] [100%] Built target r2_interfaces__rosidl_typesupport_c__pyext
[0.582s] running egg_info
[0.583s] writing r2_interfaces.egg-info/PKG-INFO
[0.583s] writing dependency_links to r2_interfaces.egg-info/dependency_links.txt
[0.584s] writing top-level names to r2_interfaces.egg-info/top_level.txt
[0.587s] reading manifest file 'r2_interfaces.egg-info/SOURCES.txt'
[0.588s] writing manifest file 'r2_interfaces.egg-info/SOURCES.txt'
[0.629s] [100%] Built target ament_cmake_python_build_r2_interfaces_egg
[0.883s] Invoked command in '/home/himaj/r2_ws/src/build/r2_interfaces' returned '0': CMAKE_PREFIX_PATH=${CMAKE_PREFIX_PATH}:/home/himaj/r2_ws/install/silo_tracking:/home/himaj/r2_ws/install/r2_py:/home/himaj/r2_ws/install/luna_control:/home/himaj/r2_ws/install/ball_tracking:/home/himaj/test_ws/install/test_py_pkg:/home/himaj/test_ws/install/action_py:/home/himaj/xbox_ros_ws/install/xbox_turtle_controller:/home/himaj/bot_alignment/install/ball_detection:/home/himaj/bot_alignment/install/SerialCom:/home/himaj/arm_ros_ws/install/control_joint_states:/home/himaj/install/my_py_pkg:/home/himaj/ros2_ws/install/my_py_pkg:/opt/ros/humble /usr/bin/cmake --build /home/himaj/r2_ws/src/build/r2_interfaces -- -j12 -l12
[1.061s] Invoking command in '/home/himaj/r2_ws/src/build/r2_interfaces': CMAKE_PREFIX_PATH=${CMAKE_PREFIX_PATH}:/home/himaj/r2_ws/install/silo_tracking:/home/himaj/r2_ws/install/r2_py:/home/himaj/r2_ws/install/luna_control:/home/himaj/r2_ws/install/ball_tracking:/home/himaj/test_ws/install/test_py_pkg:/home/himaj/test_ws/install/action_py:/home/himaj/xbox_ros_ws/install/xbox_turtle_controller:/home/himaj/bot_alignment/install/ball_detection:/home/himaj/bot_alignment/install/SerialCom:/home/himaj/arm_ros_ws/install/control_joint_states:/home/himaj/install/my_py_pkg:/home/himaj/ros2_ws/install/my_py_pkg:/opt/ros/humble /usr/bin/cmake --install /home/himaj/r2_ws/src/build/r2_interfaces
[1.074s] -- Install configuration: ""
[1.075s] -- Execute custom install script
[1.075s] -- Up-to-date symlink: /home/himaj/r2_ws/src/install/r2_interfaces/share/ament_index/resource_index/rosidl_interfaces/r2_interfaces
[1.075s] -- Up-to-date symlink: /home/himaj/r2_ws/src/install/r2_interfaces/include/r2_interfaces/r2_interfaces/action/count_until.h
[1.076s] -- Up-to-date symlink: /home/himaj/r2_ws/src/install/r2_interfaces/include/r2_interfaces/r2_interfaces/action/detail/count_until__functions.h
[1.076s] -- Up-to-date symlink: /home/himaj/r2_ws/src/install/r2_interfaces/include/r2_interfaces/r2_interfaces/action/detail/count_until__struct.h
[1.076s] -- Up-to-date symlink: /home/himaj/r2_ws/src/install/r2_interfaces/include/r2_interfaces/r2_interfaces/action/detail/count_until__type_support.h
[1.076s] -- Up-to-date symlink: /home/himaj/r2_ws/src/install/r2_interfaces/include/r2_interfaces/r2_interfaces/msg/detail/led_state_array__functions.h
[1.076s] -- Up-to-date symlink: /home/himaj/r2_ws/src/install/r2_interfaces/include/r2_interfaces/r2_interfaces/msg/detail/led_state_array__struct.h
[1.076s] -- Up-to-date symlink: /home/himaj/r2_ws/src/install/r2_interfaces/include/r2_interfaces/r2_interfaces/msg/detail/led_state_array__type_support.h
[1.077s] -- Up-to-date symlink: /home/himaj/r2_ws/src/install/r2_interfaces/include/r2_interfaces/r2_interfaces/msg/led_state_array.h
[1.077s] -- Up-to-date symlink: /home/himaj/r2_ws/src/install/r2_interfaces/include/r2_interfaces/r2_interfaces/msg/rosidl_generator_c__visibility_control.h
[1.077s] -- Up-to-date symlink: /home/himaj/r2_ws/src/install/r2_interfaces/include/r2_interfaces/r2_interfaces/srv/detail/set_led__functions.h
[1.077s] -- Up-to-date symlink: /home/himaj/r2_ws/src/install/r2_interfaces/include/r2_interfaces/r2_interfaces/srv/detail/set_led__struct.h
[1.077s] -- Up-to-date symlink: /home/himaj/r2_ws/src/install/r2_interfaces/include/r2_interfaces/r2_interfaces/srv/detail/set_led__type_support.h
[1.077s] -- Up-to-date symlink: /home/himaj/r2_ws/src/install/r2_interfaces/include/r2_interfaces/r2_interfaces/srv/set_led.h
[1.078s] -- Up-to-date symlink: /home/himaj/r2_ws/src/install/r2_interfaces/share/r2_interfaces/environment/library_path.sh
[1.078s] -- Up-to-date symlink: /home/himaj/r2_ws/src/install/r2_interfaces/share/r2_interfaces/environment/library_path.dsv
[1.078s] -- Up-to-date symlink: /home/himaj/r2_ws/src/install/r2_interfaces/include/r2_interfaces/r2_interfaces/action/detail/count_until__rosidl_typesupport_fastrtps_c.h
[1.079s] -- Up-to-date symlink: /home/himaj/r2_ws/src/install/r2_interfaces/include/r2_interfaces/r2_interfaces/msg/detail/led_state_array__rosidl_typesupport_fastrtps_c.h
[1.079s] -- Up-to-date symlink: /home/himaj/r2_ws/src/install/r2_interfaces/include/r2_interfaces/r2_interfaces/msg/rosidl_typesupport_fastrtps_c__visibility_control.h
[1.079s] -- Up-to-date symlink: /home/himaj/r2_ws/src/install/r2_interfaces/include/r2_interfaces/r2_interfaces/srv/detail/set_led__rosidl_typesupport_fastrtps_c.h
[1.079s] -- Up-to-date symlink: /home/himaj/r2_ws/src/install/r2_interfaces/include/r2_interfaces/r2_interfaces/action/detail/count_until__rosidl_typesupport_introspection_c.h
[1.080s] -- Up-to-date symlink: /home/himaj/r2_ws/src/install/r2_interfaces/include/r2_interfaces/r2_interfaces/msg/detail/led_state_array__rosidl_typesupport_introspection_c.h
[1.080s] -- Up-to-date symlink: /home/himaj/r2_ws/src/install/r2_interfaces/include/r2_interfaces/r2_interfaces/msg/rosidl_typesupport_introspection_c__visibility_control.h
[1.080s] -- Up-to-date symlink: /home/himaj/r2_ws/src/install/r2_interfaces/include/r2_interfaces/r2_interfaces/srv/detail/set_led__rosidl_typesupport_introspection_c.h
[1.080s] -- Up-to-date symlink: /home/himaj/r2_ws/src/install/r2_interfaces/include/r2_interfaces/r2_interfaces/action/count_until.hpp
[1.081s] -- Up-to-date symlink: /home/himaj/r2_ws/src/install/r2_interfaces/include/r2_interfaces/r2_interfaces/action/detail/count_until__builder.hpp
[1.081s] -- Up-to-date symlink: /home/himaj/r2_ws/src/install/r2_interfaces/include/r2_interfaces/r2_interfaces/action/detail/count_until__struct.hpp
[1.081s] -- Up-to-date symlink: /home/himaj/r2_ws/src/install/r2_interfaces/include/r2_interfaces/r2_interfaces/action/detail/count_until__traits.hpp
[1.081s] -- Up-to-date symlink: /home/himaj/r2_ws/src/install/r2_interfaces/include/r2_interfaces/r2_interfaces/msg/detail/led_state_array__builder.hpp
[1.081s] -- Up-to-date symlink: /home/himaj/r2_ws/src/install/r2_interfaces/include/r2_interfaces/r2_interfaces/msg/detail/led_state_array__struct.hpp
[1.082s] -- Up-to-date symlink: /home/himaj/r2_ws/src/install/r2_interfaces/include/r2_interfaces/r2_interfaces/msg/detail/led_state_array__traits.hpp
[1.082s] -- Up-to-date symlink: /home/himaj/r2_ws/src/install/r2_interfaces/include/r2_interfaces/r2_interfaces/msg/led_state_array.hpp
[1.082s] -- Up-to-date symlink: /home/himaj/r2_ws/src/install/r2_interfaces/include/r2_interfaces/r2_interfaces/srv/detail/set_led__builder.hpp
[1.082s] -- Up-to-date symlink: /home/himaj/r2_ws/src/install/r2_interfaces/include/r2_interfaces/r2_interfaces/srv/detail/set_led__struct.hpp
[1.082s] -- Up-to-date symlink: /home/himaj/r2_ws/src/install/r2_interfaces/include/r2_interfaces/r2_interfaces/srv/detail/set_led__traits.hpp
[1.082s] -- Up-to-date symlink: /home/himaj/r2_ws/src/install/r2_interfaces/include/r2_interfaces/r2_interfaces/srv/set_led.hpp
[1.083s] -- Up-to-date symlink: /home/himaj/r2_ws/src/install/r2_interfaces/include/r2_interfaces/r2_interfaces/action/detail/count_until__rosidl_typesupport_fastrtps_cpp.hpp
[1.084s] -- Up-to-date symlink: /home/himaj/r2_ws/src/install/r2_interfaces/include/r2_interfaces/r2_interfaces/msg/detail/led_state_array__rosidl_typesupport_fastrtps_cpp.hpp
[1.084s] -- Up-to-date symlink: /home/himaj/r2_ws/src/install/r2_interfaces/include/r2_interfaces/r2_interfaces/msg/rosidl_typesupport_fastrtps_cpp__visibility_control.h
[1.084s] -- Up-to-date symlink: /home/himaj/r2_ws/src/install/r2_interfaces/include/r2_interfaces/r2_interfaces/srv/detail/set_led__rosidl_typesupport_fastrtps_cpp.hpp
[1.084s] -- Up-to-date symlink: /home/himaj/r2_ws/src/install/r2_interfaces/include/r2_interfaces/r2_interfaces/action/detail/count_until__rosidl_typesupport_introspection_cpp.hpp
[1.084s] -- Up-to-date symlink: /home/himaj/r2_ws/src/install/r2_interfaces/include/r2_interfaces/r2_interfaces/msg/detail/led_state_array__rosidl_typesupport_introspection_cpp.hpp
[1.085s] -- Up-to-date symlink: /home/himaj/r2_ws/src/install/r2_interfaces/include/r2_interfaces/r2_interfaces/srv/detail/set_led__rosidl_typesupport_introspection_cpp.hpp
[1.085s] -- Up-to-date symlink: /home/himaj/r2_ws/src/install/r2_interfaces/share/r2_interfaces/environment/pythonpath.sh
[1.085s] -- Up-to-date symlink: /home/himaj/r2_ws/src/install/r2_interfaces/share/r2_interfaces/environment/pythonpath.dsv
[1.085s] -- Up-to-date symlink: /home/himaj/r2_ws/src/install/r2_interfaces/local/lib/python3.10/dist-packages/r2_interfaces-0.0.0-py3.10.egg-info/PKG-INFO
[1.086s] -- Up-to-date symlink: /home/himaj/r2_ws/src/install/r2_interfaces/local/lib/python3.10/dist-packages/r2_interfaces-0.0.0-py3.10.egg-info/SOURCES.txt
[1.086s] -- Up-to-date symlink: /home/himaj/r2_ws/src/install/r2_interfaces/local/lib/python3.10/dist-packages/r2_interfaces-0.0.0-py3.10.egg-info/dependency_links.txt
[1.086s] -- Up-to-date symlink: /home/himaj/r2_ws/src/install/r2_interfaces/local/lib/python3.10/dist-packages/r2_interfaces-0.0.0-py3.10.egg-info/top_level.txt
[1.087s] -- Up-to-date symlink: /home/himaj/r2_ws/src/install/r2_interfaces/local/lib/python3.10/dist-packages/r2_interfaces/__init__.py
[1.087s] -- Up-to-date symlink: /home/himaj/r2_ws/src/install/r2_interfaces/local/lib/python3.10/dist-packages/r2_interfaces/_r2_interfaces_s.ep.rosidl_typesupport_c.c
[1.088s] -- Up-to-date symlink: /home/himaj/r2_ws/src/install/r2_interfaces/local/lib/python3.10/dist-packages/r2_interfaces/_r2_interfaces_s.ep.rosidl_typesupport_fastrtps_c.c
[1.088s] -- Up-to-date symlink: /home/himaj/r2_ws/src/install/r2_interfaces/local/lib/python3.10/dist-packages/r2_interfaces/_r2_interfaces_s.ep.rosidl_typesupport_introspection_c.c
[1.088s] -- Up-to-date symlink: /home/himaj/r2_ws/src/install/r2_interfaces/local/lib/python3.10/dist-packages/r2_interfaces/action/__init__.py
[1.089s] -- Up-to-date symlink: /home/himaj/r2_ws/src/install/r2_interfaces/local/lib/python3.10/dist-packages/r2_interfaces/action/_count_until.py
[1.090s] -- Up-to-date symlink: /home/himaj/r2_ws/src/install/r2_interfaces/local/lib/python3.10/dist-packages/r2_interfaces/action/_count_until_s.c
[1.090s] -- Up-to-date symlink: /home/himaj/r2_ws/src/install/r2_interfaces/local/lib/python3.10/dist-packages/r2_interfaces/libr2_interfaces__rosidl_generator_py.so
[1.091s] -- Up-to-date symlink: /home/himaj/r2_ws/src/install/r2_interfaces/local/lib/python3.10/dist-packages/r2_interfaces/msg/__init__.py
[1.091s] -- Up-to-date symlink: /home/himaj/r2_ws/src/install/r2_interfaces/local/lib/python3.10/dist-packages/r2_interfaces/msg/_led_state_array.py
[1.091s] -- Up-to-date symlink: /home/himaj/r2_ws/src/install/r2_interfaces/local/lib/python3.10/dist-packages/r2_interfaces/msg/_led_state_array_s.c
[1.092s] -- Up-to-date symlink: /home/himaj/r2_ws/src/install/r2_interfaces/local/lib/python3.10/dist-packages/r2_interfaces/r2_interfaces_s__rosidl_typesupport_c.cpython-310-x86_64-linux-gnu.so
[1.092s] -- Up-to-date symlink: /home/himaj/r2_ws/src/install/r2_interfaces/local/lib/python3.10/dist-packages/r2_interfaces/r2_interfaces_s__rosidl_typesupport_fastrtps_c.cpython-310-x86_64-linux-gnu.so
[1.092s] -- Up-to-date symlink: /home/himaj/r2_ws/src/install/r2_interfaces/local/lib/python3.10/dist-packages/r2_interfaces/r2_interfaces_s__rosidl_typesupport_introspection_c.cpython-310-x86_64-linux-gnu.so
[1.092s] -- Up-to-date symlink: /home/himaj/r2_ws/src/install/r2_interfaces/local/lib/python3.10/dist-packages/r2_interfaces/srv/__init__.py
[1.092s] -- Up-to-date symlink: /home/himaj/r2_ws/src/install/r2_interfaces/local/lib/python3.10/dist-packages/r2_interfaces/srv/_set_led.py
[1.092s] -- Up-to-date symlink: /home/himaj/r2_ws/src/install/r2_interfaces/local/lib/python3.10/dist-packages/r2_interfaces/srv/_set_led_s.c
[1.092s] -- Up-to-date symlink: /home/himaj/r2_ws/src/install/r2_interfaces/local/lib/python3.10/dist-packages/r2_interfaces/r2_interfaces_s__rosidl_typesupport_fastrtps_c.cpython-310-x86_64-linux-gnu.so
[1.093s] -- Up-to-date symlink: /home/himaj/r2_ws/src/install/r2_interfaces/local/lib/python3.10/dist-packages/r2_interfaces/r2_interfaces_s__rosidl_typesupport_introspection_c.cpython-310-x86_64-linux-gnu.so
[1.093s] -- Up-to-date symlink: /home/himaj/r2_ws/src/install/r2_interfaces/local/lib/python3.10/dist-packages/r2_interfaces/r2_interfaces_s__rosidl_typesupport_c.cpython-310-x86_64-linux-gnu.so
[1.093s] -- Up-to-date symlink: /home/himaj/r2_ws/src/install/r2_interfaces/share/r2_interfaces/msg/LedStateArray.idl
[1.093s] -- Up-to-date symlink: /home/himaj/r2_ws/src/install/r2_interfaces/share/r2_interfaces/srv/SetLed.idl
[1.093s] -- Up-to-date symlink: /home/himaj/r2_ws/src/install/r2_interfaces/share/r2_interfaces/action/CountUntil.idl
[1.093s] -- Up-to-date symlink: /home/himaj/r2_ws/src/install/r2_interfaces/share/r2_interfaces/msg/LedStateArray.msg
[1.094s] -- Up-to-date symlink: /home/himaj/r2_ws/src/install/r2_interfaces/share/r2_interfaces/srv/SetLed.srv
[1.094s] -- Up-to-date symlink: /home/himaj/r2_ws/src/install/r2_interfaces/share/r2_interfaces/srv/SetLed_Request.msg
[1.094s] -- Up-to-date symlink: /home/himaj/r2_ws/src/install/r2_interfaces/share/r2_interfaces/srv/SetLed_Response.msg
[1.094s] -- Up-to-date symlink: /home/himaj/r2_ws/src/install/r2_interfaces/share/r2_interfaces/action/CountUntil.action
[1.094s] -- Up-to-date symlink: /home/himaj/r2_ws/src/install/r2_interfaces/share/ament_index/resource_index/package_run_dependencies/r2_interfaces
[1.095s] -- Up-to-date symlink: /home/himaj/r2_ws/src/install/r2_interfaces/share/ament_index/resource_index/parent_prefix_path/r2_interfaces
[1.095s] -- Up-to-date symlink: /home/himaj/r2_ws/src/install/r2_interfaces/share/r2_interfaces/environment/ament_prefix_path.sh
[1.095s] -- Up-to-date symlink: /home/himaj/r2_ws/src/install/r2_interfaces/share/r2_interfaces/environment/ament_prefix_path.dsv
[1.095s] -- Up-to-date symlink: /home/himaj/r2_ws/src/install/r2_interfaces/share/r2_interfaces/environment/path.sh
[1.096s] -- Up-to-date symlink: /home/himaj/r2_ws/src/install/r2_interfaces/share/r2_interfaces/environment/path.dsv
[1.096s] -- Up-to-date symlink: /home/himaj/r2_ws/src/install/r2_interfaces/share/r2_interfaces/local_setup.bash
[1.096s] -- Up-to-date symlink: /home/himaj/r2_ws/src/install/r2_interfaces/share/r2_interfaces/local_setup.sh
[1.097s] -- Up-to-date symlink: /home/himaj/r2_ws/src/install/r2_interfaces/share/r2_interfaces/local_setup.zsh
[1.097s] -- Up-to-date symlink: /home/himaj/r2_ws/src/install/r2_interfaces/share/r2_interfaces/local_setup.dsv
[1.097s] -- Symlinking: /home/himaj/r2_ws/src/install/r2_interfaces/share/r2_interfaces/package.dsv
[1.115s] -- Up-to-date symlink: /home/himaj/r2_ws/src/install/r2_interfaces/share/ament_index/resource_index/packages/r2_interfaces
[1.115s] -- Up-to-date symlink: /home/himaj/r2_ws/src/install/r2_interfaces/share/r2_interfaces/cmake/rosidl_cmake-extras.cmake
[1.116s] -- Up-to-date symlink: /home/himaj/r2_ws/src/install/r2_interfaces/share/r2_interfaces/cmake/ament_cmake_export_dependencies-extras.cmake
[1.116s] -- Up-to-date symlink: /home/himaj/r2_ws/src/install/r2_interfaces/share/r2_interfaces/cmake/ament_cmake_export_include_directories-extras.cmake
[1.116s] -- Up-to-date symlink: /home/himaj/r2_ws/src/install/r2_interfaces/share/r2_interfaces/cmake/ament_cmake_export_libraries-extras.cmake
[1.117s] -- Up-to-date symlink: /home/himaj/r2_ws/src/install/r2_interfaces/share/r2_interfaces/cmake/ament_cmake_export_targets-extras.cmake
[1.117s] -- Up-to-date symlink: /home/himaj/r2_ws/src/install/r2_interfaces/share/r2_interfaces/cmake/rosidl_cmake_export_typesupport_targets-extras.cmake
[1.117s] -- Up-to-date symlink: /home/himaj/r2_ws/src/install/r2_interfaces/share/r2_interfaces/cmake/rosidl_cmake_export_typesupport_libraries-extras.cmake
[1.118s] -- Up-to-date symlink: /home/himaj/r2_ws/src/install/r2_interfaces/share/r2_interfaces/cmake/r2_interfacesConfig.cmake
[1.118s] -- Up-to-date symlink: /home/himaj/r2_ws/src/install/r2_interfaces/share/r2_interfaces/cmake/r2_interfacesConfig-version.cmake
[1.118s] -- Up-to-date symlink: /home/himaj/r2_ws/src/install/r2_interfaces/share/r2_interfaces/package.xml
[1.120s] -- Up-to-date: /home/himaj/r2_ws/src/install/r2_interfaces/lib/libr2_interfaces__rosidl_generator_c.so
[1.121s] -- Up-to-date: /home/himaj/r2_ws/src/install/r2_interfaces/lib/libr2_interfaces__rosidl_typesupport_fastrtps_c.so
[1.122s] -- Up-to-date: /home/himaj/r2_ws/src/install/r2_interfaces/lib/libr2_interfaces__rosidl_typesupport_introspection_c.so
[1.123s] -- Up-to-date: /home/himaj/r2_ws/src/install/r2_interfaces/lib/libr2_interfaces__rosidl_typesupport_c.so
[1.124s] -- Up-to-date: /home/himaj/r2_ws/src/install/r2_interfaces/lib/libr2_interfaces__rosidl_typesupport_fastrtps_cpp.so
[1.125s] -- Up-to-date: /home/himaj/r2_ws/src/install/r2_interfaces/lib/libr2_interfaces__rosidl_typesupport_introspection_cpp.so
[1.126s] -- Up-to-date: /home/himaj/r2_ws/src/install/r2_interfaces/lib/libr2_interfaces__rosidl_typesupport_cpp.so
[1.179s] Listing '/home/himaj/r2_ws/src/install/r2_interfaces/local/lib/python3.10/dist-packages/r2_interfaces'...
[1.179s] Listing '/home/himaj/r2_ws/src/install/r2_interfaces/local/lib/python3.10/dist-packages/r2_interfaces/action'...
[1.179s] Listing '/home/himaj/r2_ws/src/install/r2_interfaces/local/lib/python3.10/dist-packages/r2_interfaces/msg'...
[1.179s] Listing '/home/himaj/r2_ws/src/install/r2_interfaces/local/lib/python3.10/dist-packages/r2_interfaces/srv'...
[1.185s] -- Up-to-date: /home/himaj/r2_ws/src/install/r2_interfaces/lib/libr2_interfaces__rosidl_generator_py.so
[1.186s] -- Up-to-date: /home/himaj/r2_ws/src/install/r2_interfaces/share/r2_interfaces/cmake/export_r2_interfaces__rosidl_generator_cExport.cmake
[1.186s] -- Up-to-date: /home/himaj/r2_ws/src/install/r2_interfaces/share/r2_interfaces/cmake/export_r2_interfaces__rosidl_generator_cExport-noconfig.cmake
[1.186s] -- Up-to-date: /home/himaj/r2_ws/src/install/r2_interfaces/share/r2_interfaces/cmake/export_r2_interfaces__rosidl_typesupport_fastrtps_cExport.cmake
[1.186s] -- Up-to-date: /home/himaj/r2_ws/src/install/r2_interfaces/share/r2_interfaces/cmake/export_r2_interfaces__rosidl_typesupport_fastrtps_cExport-noconfig.cmake
[1.187s] -- Up-to-date: /home/himaj/r2_ws/src/install/r2_interfaces/share/r2_interfaces/cmake/r2_interfaces__rosidl_typesupport_introspection_cExport.cmake
[1.187s] -- Up-to-date: /home/himaj/r2_ws/src/install/r2_interfaces/share/r2_interfaces/cmake/r2_interfaces__rosidl_typesupport_introspection_cExport-noconfig.cmake
[1.188s] -- Up-to-date: /home/himaj/r2_ws/src/install/r2_interfaces/share/r2_interfaces/cmake/r2_interfaces__rosidl_typesupport_cExport.cmake
[1.189s] -- Up-to-date: /home/himaj/r2_ws/src/install/r2_interfaces/share/r2_interfaces/cmake/r2_interfaces__rosidl_typesupport_cExport-noconfig.cmake
[1.190s] -- Up-to-date: /home/himaj/r2_ws/src/install/r2_interfaces/share/r2_interfaces/cmake/export_r2_interfaces__rosidl_generator_cppExport.cmake
[1.190s] -- Up-to-date: /home/himaj/r2_ws/src/install/r2_interfaces/share/r2_interfaces/cmake/export_r2_interfaces__rosidl_typesupport_fastrtps_cppExport.cmake
[1.190s] -- Up-to-date: /home/himaj/r2_ws/src/install/r2_interfaces/share/r2_interfaces/cmake/export_r2_interfaces__rosidl_typesupport_fastrtps_cppExport-noconfig.cmake
[1.190s] -- Up-to-date: /home/himaj/r2_ws/src/install/r2_interfaces/share/r2_interfaces/cmake/r2_interfaces__rosidl_typesupport_introspection_cppExport.cmake
[1.191s] -- Up-to-date: /home/himaj/r2_ws/src/install/r2_interfaces/share/r2_interfaces/cmake/r2_interfaces__rosidl_typesupport_introspection_cppExport-noconfig.cmake
[1.191s] -- Up-to-date: /home/himaj/r2_ws/src/install/r2_interfaces/share/r2_interfaces/cmake/r2_interfaces__rosidl_typesupport_cppExport.cmake
[1.191s] -- Up-to-date: /home/himaj/r2_ws/src/install/r2_interfaces/share/r2_interfaces/cmake/r2_interfaces__rosidl_typesupport_cppExport-noconfig.cmake
[1.191s] -- Up-to-date: /home/himaj/r2_ws/src/install/r2_interfaces/share/r2_interfaces/cmake/export_r2_interfaces__rosidl_generator_pyExport.cmake
[1.192s] -- Up-to-date: /home/himaj/r2_ws/src/install/r2_interfaces/share/r2_interfaces/cmake/export_r2_interfaces__rosidl_generator_pyExport-noconfig.cmake
[1.203s] Invoked command in '/home/himaj/r2_ws/src/build/r2_interfaces' returned '0': CMAKE_PREFIX_PATH=${CMAKE_PREFIX_PATH}:/home/himaj/r2_ws/install/silo_tracking:/home/himaj/r2_ws/install/r2_py:/home/himaj/r2_ws/install/luna_control:/home/himaj/r2_ws/install/ball_tracking:/home/himaj/test_ws/install/test_py_pkg:/home/himaj/test_ws/install/action_py:/home/himaj/xbox_ros_ws/install/xbox_turtle_controller:/home/himaj/bot_alignment/install/ball_detection:/home/himaj/bot_alignment/install/SerialCom:/home/himaj/arm_ros_ws/install/control_joint_states:/home/himaj/install/my_py_pkg:/home/himaj/ros2_ws/install/my_py_pkg:/opt/ros/humble /usr/bin/cmake --install /home/himaj/r2_ws/src/build/r2_interfaces
