-- The C compiler identification is GNU 11.4.0
-- The CXX compiler identification is GNU 11.4.0
-- Detecting C compiler ABI info
-- Detecting C compiler ABI info - done
-- Check for working C compiler: /usr/bin/cc - skipped
-- Detecting C compile features
-- Detecting C compile features - done
-- Detecting CXX compiler ABI info
-- Detecting CXX compiler ABI info - done
-- Check for working CXX compiler: /usr/bin/c++ - skipped
-- Detecting CXX compile features
-- Detecting CXX compile features - done
-- Found ament_cmake: 1.3.8 (/opt/ros/humble/share/ament_cmake/cmake)
-- Found Python3: /usr/bin/python3 (found version "3.10.12") found components: Interpreter 
-- Override CMake install command with custom implementation using symlinks instead of copying resources
-- Found rclcpp: 16.0.8 (/opt/ros/humble/share/rclcpp/cmake)
-- Found rosidl_generator_c: 3.1.5 (/opt/ros/humble/share/rosidl_generator_c/cmake)
-- Found rosidl_adapter: 3.1.5 (/opt/ros/humble/share/rosidl_adapter/cmake)
-- Found rosidl_generator_cpp: 3.1.5 (/opt/ros/humble/share/rosidl_generator_cpp/cmake)
-- Using all available rosidl_typesupport_c: rosidl_typesupport_fastrtps_c;rosidl_typesupport_introspection_c
-- Using all available rosidl_typesupport_cpp: rosidl_typesupport_fastrtps_cpp;rosidl_typesupport_introspection_cpp
-- Found rmw_implementation_cmake: 6.1.1 (/opt/ros/humble/share/rmw_implementation_cmake/cmake)
-- Found rmw_fastrtps_cpp: 6.2.6 (/opt/ros/humble/share/rmw_fastrtps_cpp/cmake)
-- Found OpenSSL: /usr/lib/x86_64-linux-gnu/libcrypto.so (found version "3.0.2")  
-- Found FastRTPS: /opt/ros/humble/include  
-- Using RMW implementation 'rmw_fastrtps_cpp' as default
-- Looking for pthread.h
-- Looking for pthread.h - found
-- Performing Test CMAKE_HAVE_LIBC_PTHREAD
-- Performing Test CMAKE_HAVE_LIBC_PTHREAD - Success
-- Found Threads: TRUE  
-- Found rclpy: 3.3.12 (/opt/ros/humble/share/rclpy/cmake)
-- Configuring done
-- Generating done
-- Build files have been written to: /home/himaj/r2_ws/src/build/line_following
[ 50%] [32mBuilding CXX object CMakeFiles/line_following_cpp.dir/src/line_follower.cpp.o[0m
[ 50%] Built target ament_cmake_python_symlink_line_following
running egg_info
creating line_following.egg-info
writing line_following.egg-info/PKG-INFO
writing dependency_links to line_following.egg-info/dependency_links.txt
writing top-level names to line_following.egg-info/top_level.txt
writing manifest file 'line_following.egg-info/SOURCES.txt'
reading manifest file 'line_following.egg-info/SOURCES.txt'
writing manifest file 'line_following.egg-info/SOURCES.txt'
[ 50%] Built target ament_cmake_python_build_line_following_egg
[100%] [32m[1mLinking CXX executable line_following_cpp[0m
[100%] Built target line_following_cpp
-- Install configuration: ""
-- Execute custom install script
-- Symlinking: /home/himaj/r2_ws/src/install/line_following/lib/line_following/line_following_cpp
-- Symlinking: /home/himaj/r2_ws/src/install/line_following/share/line_following/environment/pythonpath.sh
-- Symlinking: /home/himaj/r2_ws/src/install/line_following/share/line_following/environment/pythonpath.dsv
-- Symlinking: /home/himaj/r2_ws/src/install/line_following/local/lib/python3.10/dist-packages/line_following-0.0.0-py3.10.egg-info/PKG-INFO
-- Symlinking: /home/himaj/r2_ws/src/install/line_following/local/lib/python3.10/dist-packages/line_following-0.0.0-py3.10.egg-info/SOURCES.txt
-- Symlinking: /home/himaj/r2_ws/src/install/line_following/local/lib/python3.10/dist-packages/line_following-0.0.0-py3.10.egg-info/dependency_links.txt
-- Symlinking: /home/himaj/r2_ws/src/install/line_following/local/lib/python3.10/dist-packages/line_following-0.0.0-py3.10.egg-info/top_level.txt
-- Symlinking: /home/himaj/r2_ws/src/install/line_following/local/lib/python3.10/dist-packages/line_following/__init__.py
-- Symlinking: /home/himaj/r2_ws/src/install/line_following/local/lib/python3.10/dist-packages/line_following/line_following.py
-- Symlinking: /home/himaj/r2_ws/src/install/line_following/local/lib/python3.10/dist-packages/line_following/lsa08_due_fake.py
-- Symlinking: /home/himaj/r2_ws/src/install/line_following/local/lib/python3.10/dist-packages/line_following/pid_tuning.py
-- Symlinking: /home/himaj/r2_ws/src/install/line_following/lib/line_following/line_following.py
-- Symlinking: /home/himaj/r2_ws/src/install/line_following/lib/line_following/lsa08_due_fake.py
-- Symlinking: /home/himaj/r2_ws/src/install/line_following/lib/line_following/pid_tuning.py
-- Symlinking: /home/himaj/r2_ws/src/install/line_following/share/line_following/launch/fake_line_follower.launch.py
-- Symlinking: /home/himaj/r2_ws/src/install/line_following/share/line_following/config/line_follower.yaml
-- Symlinking: /home/himaj/r2_ws/src/install/line_following/share/ament_index/resource_index/package_run_dependencies/line_following
-- Symlinking: /home/himaj/r2_ws/src/install/line_following/share/ament_index/resource_index/parent_prefix_path/line_following
-- Symlinking: /home/himaj/r2_ws/src/install/line_following/share/line_following/environment/ament_prefix_path.sh
-- Symlinking: /home/himaj/r2_ws/src/install/line_following/share/line_following/environment/ament_prefix_path.dsv
-- Symlinking: /home/himaj/r2_ws/src/install/line_following/share/line_following/environment/path.sh
-- Symlinking: /home/himaj/r2_ws/src/install/line_following/share/line_following/environment/path.dsv
-- Symlinking: /home/himaj/r2_ws/src/install/line_following/share/line_following/local_setup.bash
-- Symlinking: /home/himaj/r2_ws/src/install/line_following/share/line_following/local_setup.sh
-- Symlinking: /home/himaj/r2_ws/src/install/line_following/share/line_following/local_setup.zsh
-- Symlinking: /home/himaj/r2_ws/src/install/line_following/share/line_following/local_setup.dsv
-- Symlinking: /home/himaj/r2_ws/src/install/line_following/share/line_following/package.dsv
-- Symlinking: /home/himaj/r2_ws/src/install/line_following/share/ament_index/resource_index/packages/line_following
-- Symlinking: /home/himaj/r2_ws/src/install/line_following/share/line_following/cmake/line_followingConfig.cmake
-- Symlinking: /home/himaj/r2_ws/src/install/line_following/share/line_following/cmake/line_followingConfig-version.cmake
-- Symlinking: /home/himaj/r2_ws/src/install/line_following/share/line_following/package.xml
Listing '/home/himaj/r2_ws/src/install/line_following/local/lib/python3.10/dist-packages/line_following'...
Compiling '/home/himaj/r2_ws/src/install/line_following/local/lib/python3.10/dist-packages/line_following/__init__.py'...
Compiling '/home/himaj/r2_ws/src/install/line_following/local/lib/python3.10/dist-packages/line_following/line_following.py'...
Compiling '/home/himaj/r2_ws/src/install/line_following/local/lib/python3.10/dist-packages/line_following/lsa08_due_fake.py'...
Compiling '/home/himaj/r2_ws/src/install/line_following/local/lib/python3.10/dist-packages/line_following/pid_tuning.py'...
