[0.281s] Invoking command in '/home/himaj/r2_ws/src/build/line_following': CMAKE_PREFIX_PATH=${CMAKE_PREFIX_PATH}:/home/himaj/r2_ws/install/silo_tracking:/home/himaj/r2_ws/install/r2_py:/home/himaj/r2_ws/install/luna_control:/home/himaj/r2_ws/install/ball_tracking:/home/himaj/test_ws/install/test_py_pkg:/home/himaj/test_ws/install/action_py:/home/himaj/xbox_ros_ws/install/xbox_turtle_controller:/home/himaj/bot_alignment/install/ball_detection:/home/himaj/bot_alignment/install/SerialCom:/home/himaj/arm_ros_ws/install/control_joint_states:/home/himaj/install/my_py_pkg:/home/himaj/ros2_ws/install/my_py_pkg:/opt/ros/humble /usr/bin/cmake /home/himaj/r2_ws/src/line_following -DAMENT_CMAKE_SYMLINK_INSTALL=1 -DCMAKE_INSTALL_PREFIX=/home/himaj/r2_ws/src/install/line_following
[0.342s] -- The C compiler identification is GNU 11.4.0
[0.396s] -- The CXX compiler identification is GNU 11.4.0
[0.405s] -- Detecting C compiler ABI info
[0.478s] -- Detecting C compiler ABI info - done
[0.485s] -- Check for working C compiler: /usr/bin/cc - skipped
[0.485s] -- Detecting C compile features
[0.486s] -- Detecting C compile features - done
[0.488s] -- Detecting CXX compiler ABI info
[0.566s] -- Detecting CXX compiler ABI info - done
[0.572s] -- Check for working CXX compiler: /usr/bin/c++ - skipped
[0.572s] -- Detecting CXX compile features
[0.572s] -- Detecting CXX compile features - done
[0.578s] -- Found ament_cmake: 1.3.8 (/opt/ros/humble/share/ament_cmake/cmake)
[0.761s] -- Found Python3: /usr/bin/python3 (found version "3.10.12") found components: Interpreter 
[0.855s] -- Override CMake install command with custom implementation using symlinks instead of copying resources
[0.964s] -- Found rclcpp: 16.0.8 (/opt/ros/humble/share/rclcpp/cmake)
[1.058s] -- Found rosidl_generator_c: 3.1.5 (/opt/ros/humble/share/rosidl_generator_c/cmake)
[1.070s] -- Found rosidl_adapter: 3.1.5 (/opt/ros/humble/share/rosidl_adapter/cmake)
[1.085s] -- Found rosidl_generator_cpp: 3.1.5 (/opt/ros/humble/share/rosidl_generator_cpp/cmake)
[1.106s] -- Using all available rosidl_typesupport_c: rosidl_typesupport_fastrtps_c;rosidl_typesupport_introspection_c
[1.136s] -- Using all available rosidl_typesupport_cpp: rosidl_typesupport_fastrtps_cpp;rosidl_typesupport_introspection_cpp
[1.248s] -- Found rmw_implementation_cmake: 6.1.1 (/opt/ros/humble/share/rmw_implementation_cmake/cmake)
[1.257s] -- Found rmw_fastrtps_cpp: 6.2.6 (/opt/ros/humble/share/rmw_fastrtps_cpp/cmake)
[1.402s] -- Found OpenSSL: /usr/lib/x86_64-linux-gnu/libcrypto.so (found version "3.0.2")  
[1.446s] -- Found FastRTPS: /opt/ros/humble/include  
[1.506s] -- Using RMW implementation 'rmw_fastrtps_cpp' as default
[1.530s] -- Looking for pthread.h
[1.610s] -- Looking for pthread.h - found
[1.611s] -- Performing Test CMAKE_HAVE_LIBC_PTHREAD
[1.691s] -- Performing Test CMAKE_HAVE_LIBC_PTHREAD - Success
[1.692s] -- Found Threads: TRUE  
[1.864s] -- Found rclpy: 3.3.12 (/opt/ros/humble/share/rclpy/cmake)
[2.028s] -- Configuring done
[2.037s] -- Generating done
[2.038s] -- Build files have been written to: /home/himaj/r2_ws/src/build/line_following
[2.047s] Invoked command in '/home/himaj/r2_ws/src/build/line_following' returned '0': CMAKE_PREFIX_PATH=${CMAKE_PREFIX_PATH}:/home/himaj/r2_ws/install/silo_tracking:/home/himaj/r2_ws/install/r2_py:/home/himaj/r2_ws/install/luna_control:/home/himaj/r2_ws/install/ball_tracking:/home/himaj/test_ws/install/test_py_pkg:/home/himaj/test_ws/install/action_py:/home/himaj/xbox_ros_ws/install/xbox_turtle_controller:/home/himaj/bot_alignment/install/ball_detection:/home/himaj/bot_alignment/install/SerialCom:/home/himaj/arm_ros_ws/install/control_joint_states:/home/himaj/install/my_py_pkg:/home/himaj/ros2_ws/install/my_py_pkg:/opt/ros/humble /usr/bin/cmake /home/himaj/r2_ws/src/line_following -DAMENT_CMAKE_SYMLINK_INSTALL=1 -DCMAKE_INSTALL_PREFIX=/home/himaj/r2_ws/src/install/line_following
[2.048s] Invoking command in '/home/himaj/r2_ws/src/build/line_following': CMAKE_PREFIX_PATH=${CMAKE_PREFIX_PATH}:/home/himaj/r2_ws/install/silo_tracking:/home/himaj/r2_ws/install/r2_py:/home/himaj/r2_ws/install/luna_control:/home/himaj/r2_ws/install/ball_tracking:/home/himaj/test_ws/install/test_py_pkg:/home/himaj/test_ws/install/action_py:/home/himaj/xbox_ros_ws/install/xbox_turtle_controller:/home/himaj/bot_alignment/install/ball_detection:/home/himaj/bot_alignment/install/SerialCom:/home/himaj/arm_ros_ws/install/control_joint_states:/home/himaj/install/my_py_pkg:/home/himaj/ros2_ws/install/my_py_pkg:/opt/ros/humble /usr/bin/cmake --build /home/himaj/r2_ws/src/build/line_following -- -j12 -l12
[2.104s] [ 50%] [32mBuilding CXX object CMakeFiles/line_following_cpp.dir/src/line_follower.cpp.o[0m
[2.115s] [ 50%] Built target ament_cmake_python_symlink_line_following
[2.422s] running egg_info
[2.423s] creating line_following.egg-info
[2.423s] writing line_following.egg-info/PKG-INFO
[2.423s] writing dependency_links to line_following.egg-info/dependency_links.txt
[2.423s] writing top-level names to line_following.egg-info/top_level.txt
[2.423s] writing manifest file 'line_following.egg-info/SOURCES.txt'
[2.425s] reading manifest file 'line_following.egg-info/SOURCES.txt'
[2.426s] writing manifest file 'line_following.egg-info/SOURCES.txt'
[2.451s] [ 50%] Built target ament_cmake_python_build_line_following_egg
[5.166s] [100%] [32m[1mLinking CXX executable line_following_cpp[0m
[5.304s] [100%] Built target line_following_cpp
[5.319s] Invoked command in '/home/himaj/r2_ws/src/build/line_following' returned '0': CMAKE_PREFIX_PATH=${CMAKE_PREFIX_PATH}:/home/himaj/r2_ws/install/silo_tracking:/home/himaj/r2_ws/install/r2_py:/home/himaj/r2_ws/install/luna_control:/home/himaj/r2_ws/install/ball_tracking:/home/himaj/test_ws/install/test_py_pkg:/home/himaj/test_ws/install/action_py:/home/himaj/xbox_ros_ws/install/xbox_turtle_controller:/home/himaj/bot_alignment/install/ball_detection:/home/himaj/bot_alignment/install/SerialCom:/home/himaj/arm_ros_ws/install/control_joint_states:/home/himaj/install/my_py_pkg:/home/himaj/ros2_ws/install/my_py_pkg:/opt/ros/humble /usr/bin/cmake --build /home/himaj/r2_ws/src/build/line_following -- -j12 -l12
[5.352s] Invoking command in '/home/himaj/r2_ws/src/build/line_following': CMAKE_PREFIX_PATH=${CMAKE_PREFIX_PATH}:/home/himaj/r2_ws/install/silo_tracking:/home/himaj/r2_ws/install/r2_py:/home/himaj/r2_ws/install/luna_control:/home/himaj/r2_ws/install/ball_tracking:/home/himaj/test_ws/install/test_py_pkg:/home/himaj/test_ws/install/action_py:/home/himaj/xbox_ros_ws/install/xbox_turtle_controller:/home/himaj/bot_alignment/install/ball_detection:/home/himaj/bot_alignment/install/SerialCom:/home/himaj/arm_ros_ws/install/control_joint_states:/home/himaj/install/my_py_pkg:/home/himaj/ros2_ws/install/my_py_pkg:/opt/ros/humble /usr/bin/cmake --install /home/himaj/r2_ws/src/build/line_following
[5.360s] -- Install configuration: ""
[5.361s] -- Execute custom install script
[5.361s] -- Symlinking: /home/himaj/r2_ws/src/install/line_following/lib/line_following/line_following_cpp
[5.373s] -- Symlinking: /home/himaj/r2_ws/src/install/line_following/share/line_following/environment/pythonpath.sh
[5.383s] -- Symlinking: /home/himaj/r2_ws/src/install/line_following/share/line_following/environment/pythonpath.dsv
[5.394s] -- Symlinking: /home/himaj/r2_ws/src/install/line_following/local/lib/python3.10/dist-packages/line_following-0.0.0-py3.10.egg-info/PKG-INFO
[5.405s] -- Symlinking: /home/himaj/r2_ws/src/install/line_following/local/lib/python3.10/dist-packages/line_following-0.0.0-py3.10.egg-info/SOURCES.txt
[5.416s] -- Symlinking: /home/himaj/r2_ws/src/install/line_following/local/lib/python3.10/dist-packages/line_following-0.0.0-py3.10.egg-info/dependency_links.txt
[5.428s] -- Symlinking: /home/himaj/r2_ws/src/install/line_following/local/lib/python3.10/dist-packages/line_following-0.0.0-py3.10.egg-info/top_level.txt
[5.438s] -- Symlinking: /home/himaj/r2_ws/src/install/line_following/local/lib/python3.10/dist-packages/line_following/__init__.py
[5.448s] -- Symlinking: /home/himaj/r2_ws/src/install/line_following/local/lib/python3.10/dist-packages/line_following/line_following.py
[5.459s] -- Symlinking: /home/himaj/r2_ws/src/install/line_following/local/lib/python3.10/dist-packages/line_following/lsa08_due_fake.py
[5.470s] -- Symlinking: /home/himaj/r2_ws/src/install/line_following/local/lib/python3.10/dist-packages/line_following/pid_tuning.py
[5.480s] -- Symlinking: /home/himaj/r2_ws/src/install/line_following/lib/line_following/line_following.py
[5.491s] -- Symlinking: /home/himaj/r2_ws/src/install/line_following/lib/line_following/lsa08_due_fake.py
[5.501s] -- Symlinking: /home/himaj/r2_ws/src/install/line_following/lib/line_following/pid_tuning.py
[5.513s] -- Symlinking: /home/himaj/r2_ws/src/install/line_following/share/line_following/launch/fake_line_follower.launch.py
[5.524s] -- Symlinking: /home/himaj/r2_ws/src/install/line_following/share/line_following/config/line_follower.yaml
[5.535s] -- Symlinking: /home/himaj/r2_ws/src/install/line_following/share/ament_index/resource_index/package_run_dependencies/line_following
[5.547s] -- Symlinking: /home/himaj/r2_ws/src/install/line_following/share/ament_index/resource_index/parent_prefix_path/line_following
[5.557s] -- Symlinking: /home/himaj/r2_ws/src/install/line_following/share/line_following/environment/ament_prefix_path.sh
[5.567s] -- Symlinking: /home/himaj/r2_ws/src/install/line_following/share/line_following/environment/ament_prefix_path.dsv
[5.577s] -- Symlinking: /home/himaj/r2_ws/src/install/line_following/share/line_following/environment/path.sh
[5.589s] -- Symlinking: /home/himaj/r2_ws/src/install/line_following/share/line_following/environment/path.dsv
[5.600s] -- Symlinking: /home/himaj/r2_ws/src/install/line_following/share/line_following/local_setup.bash
[5.610s] -- Symlinking: /home/himaj/r2_ws/src/install/line_following/share/line_following/local_setup.sh
[5.621s] -- Symlinking: /home/himaj/r2_ws/src/install/line_following/share/line_following/local_setup.zsh
[5.632s] -- Symlinking: /home/himaj/r2_ws/src/install/line_following/share/line_following/local_setup.dsv
[5.642s] -- Symlinking: /home/himaj/r2_ws/src/install/line_following/share/line_following/package.dsv
[5.652s] -- Symlinking: /home/himaj/r2_ws/src/install/line_following/share/ament_index/resource_index/packages/line_following
[5.662s] -- Symlinking: /home/himaj/r2_ws/src/install/line_following/share/line_following/cmake/line_followingConfig.cmake
[5.673s] -- Symlinking: /home/himaj/r2_ws/src/install/line_following/share/line_following/cmake/line_followingConfig-version.cmake
[5.684s] -- Symlinking: /home/himaj/r2_ws/src/install/line_following/share/line_following/package.xml
[5.732s] Listing '/home/himaj/r2_ws/src/install/line_following/local/lib/python3.10/dist-packages/line_following'...
[5.732s] Compiling '/home/himaj/r2_ws/src/install/line_following/local/lib/python3.10/dist-packages/line_following/__init__.py'...
[5.732s] Compiling '/home/himaj/r2_ws/src/install/line_following/local/lib/python3.10/dist-packages/line_following/line_following.py'...
[5.733s] Compiling '/home/himaj/r2_ws/src/install/line_following/local/lib/python3.10/dist-packages/line_following/lsa08_due_fake.py'...
[5.733s] Compiling '/home/himaj/r2_ws/src/install/line_following/local/lib/python3.10/dist-packages/line_following/pid_tuning.py'...
[5.738s] Invoked command in '/home/himaj/r2_ws/src/build/line_following' returned '0': CMAKE_PREFIX_PATH=${CMAKE_PREFIX_PATH}:/home/himaj/r2_ws/install/silo_tracking:/home/himaj/r2_ws/install/r2_py:/home/himaj/r2_ws/install/luna_control:/home/himaj/r2_ws/install/ball_tracking:/home/himaj/test_ws/install/test_py_pkg:/home/himaj/test_ws/install/action_py:/home/himaj/xbox_ros_ws/install/xbox_turtle_controller:/home/himaj/bot_alignment/install/ball_detection:/home/himaj/bot_alignment/install/SerialCom:/home/himaj/arm_ros_ws/install/control_joint_states:/home/himaj/install/my_py_pkg:/home/himaj/ros2_ws/install/my_py_pkg:/opt/ros/humble /usr/bin/cmake --install /home/himaj/r2_ws/src/build/line_following
