running develop
running egg_info
creating r2_py.egg-info
writing r2_py.egg-info/PKG-INFO
writing dependency_links to r2_py.egg-info/dependency_links.txt
writing entry points to r2_py.egg-info/entry_points.txt
writing requirements to r2_py.egg-info/requires.txt
writing top-level names to r2_py.egg-info/top_level.txt
writing manifest file 'r2_py.egg-info/SOURCES.txt'
reading manifest file 'r2_py.egg-info/SOURCES.txt'
writing manifest file 'r2_py.egg-info/SOURCES.txt'
running build_ext
Creating /home/himaj/r2_ws/src/install/r2_py/lib/python3.10/site-packages/r2-py.egg-link (link to .)
Installing force_stop script to /home/himaj/r2_ws/src/install/r2_py/lib/r2_py
Installing motor_client script to /home/himaj/r2_ws/src/install/r2_py/lib/r2_py
Installing motor_server_fake script to /home/himaj/r2_ws/src/install/r2_py/lib/r2_py
Installing number_counter script to /home/himaj/r2_ws/src/install/r2_py/lib/r2_py
Installing number_publisher script to /home/himaj/r2_ws/src/install/r2_py/lib/r2_py
Installing test_node1 script to /home/himaj/r2_ws/src/install/r2_py/lib/r2_py
Installing test_node2 script to /home/himaj/r2_ws/src/install/r2_py/lib/r2_py

Installed /home/himaj/r2_ws/src/build/r2_py
running symlink_data
creating /home/himaj/r2_ws/src/install/r2_py/share/ament_index
creating /home/himaj/r2_ws/src/install/r2_py/share/ament_index/resource_index
creating /home/himaj/r2_ws/src/install/r2_py/share/ament_index/resource_index/packages
symbolically linking /home/himaj/r2_ws/src/build/r2_py/resource/r2_py -> /home/himaj/r2_ws/src/install/r2_py/share/ament_index/resource_index/packages
symbolically linking /home/himaj/r2_ws/src/build/r2_py/package.xml -> /home/himaj/r2_ws/src/install/r2_py/share/r2_py
