[0.043s] Invoking command in '/home/himaj/r2_ws/src/build/r2_description': CMAKE_PREFIX_PATH=${CMAKE_PREFIX_PATH}:/home/himaj/r2_ws/install/silo_tracking:/home/himaj/r2_ws/install/r2_py:/home/himaj/r2_ws/install/luna_control:/home/himaj/r2_ws/install/ball_tracking:/home/himaj/test_ws/install/test_py_pkg:/home/himaj/test_ws/install/action_py:/home/himaj/xbox_ros_ws/install/xbox_turtle_controller:/home/himaj/bot_alignment/install/ball_detection:/home/himaj/bot_alignment/install/SerialCom:/home/himaj/arm_ros_ws/install/control_joint_states:/home/himaj/install/my_py_pkg:/home/himaj/ros2_ws/install/my_py_pkg:/opt/ros/humble /usr/bin/cmake /home/himaj/r2_ws/src/r2_description -DAMENT_CMAKE_SYMLINK_INSTALL=1 -DCMAKE_INSTALL_PREFIX=/home/himaj/r2_ws/src/install/r2_description
[0.307s] -- The C compiler identification is GNU 11.4.0
[0.307s] -- The CXX compiler identification is GNU 11.4.0
[0.307s] -- Detecting C compiler ABI info
[0.308s] -- Detecting C compiler ABI info - done
[0.308s] -- Check for working C compiler: /usr/bin/cc - skipped
[0.308s] -- Detecting C compile features
[0.309s] -- Detecting C compile features - done
[0.310s] -- Detecting CXX compiler ABI info
[0.411s] -- Detecting CXX compiler ABI info - done
[0.417s] -- Check for working CXX compiler: /usr/bin/c++ - skipped
[0.417s] -- Detecting CXX compile features
[0.418s] -- Detecting CXX compile features - done
[0.424s] -- Found ament_cmake: 1.3.8 (/opt/ros/humble/share/ament_cmake/cmake)
[0.613s] -- Found Python3: /usr/bin/python3 (found version "3.10.12") found components: Interpreter 
[0.701s] -- Override CMake install command with custom implementation using symlinks instead of copying resources
[0.846s] -- Configuring done
[0.849s] -- Generating done
[0.851s] -- Build files have been written to: /home/himaj/r2_ws/src/build/r2_description
[0.856s] Invoked command in '/home/himaj/r2_ws/src/build/r2_description' returned '0': CMAKE_PREFIX_PATH=${CMAKE_PREFIX_PATH}:/home/himaj/r2_ws/install/silo_tracking:/home/himaj/r2_ws/install/r2_py:/home/himaj/r2_ws/install/luna_control:/home/himaj/r2_ws/install/ball_tracking:/home/himaj/test_ws/install/test_py_pkg:/home/himaj/test_ws/install/action_py:/home/himaj/xbox_ros_ws/install/xbox_turtle_controller:/home/himaj/bot_alignment/install/ball_detection:/home/himaj/bot_alignment/install/SerialCom:/home/himaj/arm_ros_ws/install/control_joint_states:/home/himaj/install/my_py_pkg:/home/himaj/ros2_ws/install/my_py_pkg:/opt/ros/humble /usr/bin/cmake /home/himaj/r2_ws/src/r2_description -DAMENT_CMAKE_SYMLINK_INSTALL=1 -DCMAKE_INSTALL_PREFIX=/home/himaj/r2_ws/src/install/r2_description
[0.858s] Invoking command in '/home/himaj/r2_ws/src/build/r2_description': CMAKE_PREFIX_PATH=${CMAKE_PREFIX_PATH}:/home/himaj/r2_ws/install/silo_tracking:/home/himaj/r2_ws/install/r2_py:/home/himaj/r2_ws/install/luna_control:/home/himaj/r2_ws/install/ball_tracking:/home/himaj/test_ws/install/test_py_pkg:/home/himaj/test_ws/install/action_py:/home/himaj/xbox_ros_ws/install/xbox_turtle_controller:/home/himaj/bot_alignment/install/ball_detection:/home/himaj/bot_alignment/install/SerialCom:/home/himaj/arm_ros_ws/install/control_joint_states:/home/himaj/install/my_py_pkg:/home/himaj/ros2_ws/install/my_py_pkg:/opt/ros/humble /usr/bin/cmake --build /home/himaj/r2_ws/src/build/r2_description -- -j12 -l12
[0.904s] Invoked command in '/home/himaj/r2_ws/src/build/r2_description' returned '0': CMAKE_PREFIX_PATH=${CMAKE_PREFIX_PATH}:/home/himaj/r2_ws/install/silo_tracking:/home/himaj/r2_ws/install/r2_py:/home/himaj/r2_ws/install/luna_control:/home/himaj/r2_ws/install/ball_tracking:/home/himaj/test_ws/install/test_py_pkg:/home/himaj/test_ws/install/action_py:/home/himaj/xbox_ros_ws/install/xbox_turtle_controller:/home/himaj/bot_alignment/install/ball_detection:/home/himaj/bot_alignment/install/SerialCom:/home/himaj/arm_ros_ws/install/control_joint_states:/home/himaj/install/my_py_pkg:/home/himaj/ros2_ws/install/my_py_pkg:/opt/ros/humble /usr/bin/cmake --build /home/himaj/r2_ws/src/build/r2_description -- -j12 -l12
[0.942s] Invoking command in '/home/himaj/r2_ws/src/build/r2_description': CMAKE_PREFIX_PATH=${CMAKE_PREFIX_PATH}:/home/himaj/r2_ws/install/silo_tracking:/home/himaj/r2_ws/install/r2_py:/home/himaj/r2_ws/install/luna_control:/home/himaj/r2_ws/install/ball_tracking:/home/himaj/test_ws/install/test_py_pkg:/home/himaj/test_ws/install/action_py:/home/himaj/xbox_ros_ws/install/xbox_turtle_controller:/home/himaj/bot_alignment/install/ball_detection:/home/himaj/bot_alignment/install/SerialCom:/home/himaj/arm_ros_ws/install/control_joint_states:/home/himaj/install/my_py_pkg:/home/himaj/ros2_ws/install/my_py_pkg:/opt/ros/humble /usr/bin/cmake --install /home/himaj/r2_ws/src/build/r2_description
[0.950s] -- Install configuration: ""
[0.951s] -- Execute custom install script
[0.951s] -- Symlinking: /home/himaj/r2_ws/src/install/r2_description/share/r2_description/launch/display.launch.py
[0.963s] -- Symlinking: /home/himaj/r2_ws/src/install/r2_description/share/r2_description/launch/display.launch.xml
[0.975s] -- Symlinking: /home/himaj/r2_ws/src/install/r2_description/share/r2_description/launch/gazebo.launch.py
[0.986s] -- Symlinking: /home/himaj/r2_ws/src/install/r2_description/share/r2_description/urdf/r2.urdf
[0.997s] -- Symlinking: /home/himaj/r2_ws/src/install/r2_description/share/r2_description/urdf/r2_plain.urdf
[1.009s] -- Symlinking: /home/himaj/r2_ws/src/install/r2_description/share/r2_description/meshes/fl_wheel_link.STL
[1.021s] -- Symlinking: /home/himaj/r2_ws/src/install/r2_description/share/r2_description/meshes/fr_wheel_link.STL
[1.032s] -- Symlinking: /home/himaj/r2_ws/src/install/r2_description/share/r2_description/meshes/rl_wheel_link.STL
[1.043s] -- Symlinking: /home/himaj/r2_ws/src/install/r2_description/share/r2_description/meshes/rr_wheel_link.STL
[1.054s] -- Symlinking: /home/himaj/r2_ws/src/install/r2_description/share/r2_description/rviz/model.rviz
[1.065s] -- Symlinking: /home/himaj/r2_ws/src/install/r2_description/share/r2_description/worlds/empty_world.world
[1.076s] -- Symlinking: /home/himaj/r2_ws/src/install/r2_description/share/r2_description/worlds/turtlebot3_dqn_stage1.world
[1.087s] -- Symlinking: /home/himaj/r2_ws/src/install/r2_description/share/ament_index/resource_index/package_run_dependencies/r2_description
[1.097s] -- Symlinking: /home/himaj/r2_ws/src/install/r2_description/share/ament_index/resource_index/parent_prefix_path/r2_description
[1.108s] -- Symlinking: /home/himaj/r2_ws/src/install/r2_description/share/r2_description/environment/ament_prefix_path.sh
[1.119s] -- Symlinking: /home/himaj/r2_ws/src/install/r2_description/share/r2_description/environment/ament_prefix_path.dsv
[1.130s] -- Symlinking: /home/himaj/r2_ws/src/install/r2_description/share/r2_description/environment/path.sh
[1.142s] -- Symlinking: /home/himaj/r2_ws/src/install/r2_description/share/r2_description/environment/path.dsv
[1.153s] -- Symlinking: /home/himaj/r2_ws/src/install/r2_description/share/r2_description/local_setup.bash
[1.164s] -- Symlinking: /home/himaj/r2_ws/src/install/r2_description/share/r2_description/local_setup.sh
[1.174s] -- Symlinking: /home/himaj/r2_ws/src/install/r2_description/share/r2_description/local_setup.zsh
[1.186s] -- Symlinking: /home/himaj/r2_ws/src/install/r2_description/share/r2_description/local_setup.dsv
[1.196s] -- Symlinking: /home/himaj/r2_ws/src/install/r2_description/share/r2_description/package.dsv
[1.208s] -- Symlinking: /home/himaj/r2_ws/src/install/r2_description/share/ament_index/resource_index/packages/r2_description
[1.219s] -- Symlinking: /home/himaj/r2_ws/src/install/r2_description/share/r2_description/cmake/r2_descriptionConfig.cmake
[1.230s] -- Symlinking: /home/himaj/r2_ws/src/install/r2_description/share/r2_description/cmake/r2_descriptionConfig-version.cmake
[1.241s] -- Symlinking: /home/himaj/r2_ws/src/install/r2_description/share/r2_description/package.xml
[1.255s] Invoked command in '/home/himaj/r2_ws/src/build/r2_description' returned '0': CMAKE_PREFIX_PATH=${CMAKE_PREFIX_PATH}:/home/himaj/r2_ws/install/silo_tracking:/home/himaj/r2_ws/install/r2_py:/home/himaj/r2_ws/install/luna_control:/home/himaj/r2_ws/install/ball_tracking:/home/himaj/test_ws/install/test_py_pkg:/home/himaj/test_ws/install/action_py:/home/himaj/xbox_ros_ws/install/xbox_turtle_controller:/home/himaj/bot_alignment/install/ball_detection:/home/himaj/bot_alignment/install/SerialCom:/home/himaj/arm_ros_ws/install/control_joint_states:/home/himaj/install/my_py_pkg:/home/himaj/ros2_ws/install/my_py_pkg:/opt/ros/humble /usr/bin/cmake --install /home/himaj/r2_ws/src/build/r2_description
