[0.993s] Invoking command in '/home/himaj/r2_ws/src/build/r2_py': AMENT_PREFIX_PATH=/home/himaj/r2_ws/src/install/r2_interfaces:/home/himaj/r2_ws/src/install/r2_description:${AMENT_PREFIX_PATH} CMAKE_PREFIX_PATH=/home/himaj/r2_ws/src/install/r2_interfaces:/home/himaj/r2_ws/src/install/r2_description:${CMAKE_PREFIX_PATH} LD_LIBRARY_PATH=/home/himaj/r2_ws/src/install/r2_interfaces/lib:/home/himaj/r2_ws/install/r2_interfaces/lib:/home/himaj/r2_ws/install/imu_filter_madgwick/lib:/home/himaj/test_ws/install/my_robot_interfaces/lib:/home/himaj/control_ws/install/ros2_control_demo_example_2/lib:/usr/lib/x86_64-linux-gnu/gazebo-11/plugins:/opt/ros/humble/opt/rviz_ogre_vendor/lib:/opt/ros/humble/lib/x86_64-linux-gnu:/opt/ros/humble/lib:/usr/share/gazebo-11/../../lib/x86_64-linux-gnu/gazebo-11/plugins PYTHONPATH=/home/himaj/r2_ws/src/build/r2_py/prefix_override:/home/himaj/r2_ws/src/install/r2_py/lib/python3.10/site-packages:/home/himaj/r2_ws/src/install/r2_interfaces/local/lib/python3.10/dist-packages:${PYTHONPATH} /usr/bin/python3 -W ignore:setup.py install is deprecated setup.py develop --editable --build-directory /home/himaj/r2_ws/src/build/r2_py/build --no-deps symlink_data
[1.289s] running develop
[1.466s] running egg_info
[1.466s] writing r2_py.egg-info/PKG-INFO
[1.466s] writing dependency_links to r2_py.egg-info/dependency_links.txt
[1.466s] writing entry points to r2_py.egg-info/entry_points.txt
[1.466s] writing requirements to r2_py.egg-info/requires.txt
[1.466s] writing top-level names to r2_py.egg-info/top_level.txt
[1.468s] reading manifest file 'r2_py.egg-info/SOURCES.txt'
[1.469s] writing manifest file 'r2_py.egg-info/SOURCES.txt'
[1.471s] running build_ext
[1.471s] Creating /home/himaj/r2_ws/src/install/r2_py/lib/python3.10/site-packages/r2-py.egg-link (link to .)
[1.472s] Installing force_stop script to /home/himaj/r2_ws/src/install/r2_py/lib/r2_py
[1.472s] Installing motor_client script to /home/himaj/r2_ws/src/install/r2_py/lib/r2_py
[1.472s] Installing motor_server_fake script to /home/himaj/r2_ws/src/install/r2_py/lib/r2_py
[1.472s] Installing number_counter script to /home/himaj/r2_ws/src/install/r2_py/lib/r2_py
[1.472s] Installing number_publisher script to /home/himaj/r2_ws/src/install/r2_py/lib/r2_py
[1.472s] Installing test_node1 script to /home/himaj/r2_ws/src/install/r2_py/lib/r2_py
[1.473s] Installing test_node2 script to /home/himaj/r2_ws/src/install/r2_py/lib/r2_py
[1.473s] 
[1.473s] Installed /home/himaj/r2_ws/src/build/r2_py
[1.473s] running symlink_data
[1.505s] Invoked command in '/home/himaj/r2_ws/src/build/r2_py' returned '0': AMENT_PREFIX_PATH=/home/himaj/r2_ws/src/install/r2_interfaces:/home/himaj/r2_ws/src/install/r2_description:${AMENT_PREFIX_PATH} CMAKE_PREFIX_PATH=/home/himaj/r2_ws/src/install/r2_interfaces:/home/himaj/r2_ws/src/install/r2_description:${CMAKE_PREFIX_PATH} LD_LIBRARY_PATH=/home/himaj/r2_ws/src/install/r2_interfaces/lib:/home/himaj/r2_ws/install/r2_interfaces/lib:/home/himaj/r2_ws/install/imu_filter_madgwick/lib:/home/himaj/test_ws/install/my_robot_interfaces/lib:/home/himaj/control_ws/install/ros2_control_demo_example_2/lib:/usr/lib/x86_64-linux-gnu/gazebo-11/plugins:/opt/ros/humble/opt/rviz_ogre_vendor/lib:/opt/ros/humble/lib/x86_64-linux-gnu:/opt/ros/humble/lib:/usr/share/gazebo-11/../../lib/x86_64-linux-gnu/gazebo-11/plugins PYTHONPATH=/home/himaj/r2_ws/src/build/r2_py/prefix_override:/home/himaj/r2_ws/src/install/r2_py/lib/python3.10/site-packages:/home/himaj/r2_ws/src/install/r2_interfaces/local/lib/python3.10/dist-packages:${PYTHONPATH} /usr/bin/python3 -W ignore:setup.py install is deprecated setup.py develop --editable --build-directory /home/himaj/r2_ws/src/build/r2_py/build --no-deps symlink_data
