[  2%] Built target r2_interfaces__cpp
[ 12%] Built target r2_interfaces__rosidl_generator_c
[ 12%] Built target ament_cmake_python_symlink_r2_interfaces
[ 65%] Built target r2_interfaces__rosidl_typesupport_fastrtps_c
[ 65%] Built target r2_interfaces__rosidl_typesupport_cpp
[ 65%] Built target r2_interfaces__rosidl_typesupport_fastrtps_cpp
[ 65%] Built target r2_interfaces__rosidl_typesupport_introspection_c
[ 65%] Built target r2_interfaces__rosidl_typesupport_c
[ 76%] Built target r2_interfaces__rosidl_typesupport_introspection_cpp
[ 76%] Built target r2_interfaces
[ 78%] Built target r2_interfaces__py
[ 87%] Built target r2_interfaces__rosidl_generator_py
[100%] Built target r2_interfaces__rosidl_typesupport_c__pyext
[100%] Built target r2_interfaces__rosidl_typesupport_introspection_c__pyext
[100%] Built target r2_interfaces__rosidl_typesupport_fastrtps_c__pyext
running egg_info
writing r2_interfaces.egg-info/PKG-INFO
writing dependency_links to r2_interfaces.egg-info/dependency_links.txt
writing top-level names to r2_interfaces.egg-info/top_level.txt
reading manifest file 'r2_interfaces.egg-info/SOURCES.txt'
writing manifest file 'r2_interfaces.egg-info/SOURCES.txt'
[100%] Built target ament_cmake_python_build_r2_interfaces_egg
-- Install configuration: ""
-- Execute custom install script
-- Up-to-date symlink: /home/himaj/r2_ws/src/install/r2_interfaces/share/ament_index/resource_index/rosidl_interfaces/r2_interfaces
-- Up-to-date symlink: /home/himaj/r2_ws/src/install/r2_interfaces/include/r2_interfaces/r2_interfaces/action/count_until.h
-- Up-to-date symlink: /home/himaj/r2_ws/src/install/r2_interfaces/include/r2_interfaces/r2_interfaces/action/detail/count_until__functions.h
-- Up-to-date symlink: /home/himaj/r2_ws/src/install/r2_interfaces/include/r2_interfaces/r2_interfaces/action/detail/count_until__struct.h
-- Up-to-date symlink: /home/himaj/r2_ws/src/install/r2_interfaces/include/r2_interfaces/r2_interfaces/action/detail/count_until__type_support.h
-- Up-to-date symlink: /home/himaj/r2_ws/src/install/r2_interfaces/include/r2_interfaces/r2_interfaces/msg/detail/led_state_array__functions.h
-- Up-to-date symlink: /home/himaj/r2_ws/src/install/r2_interfaces/include/r2_interfaces/r2_interfaces/msg/detail/led_state_array__struct.h
-- Up-to-date symlink: /home/himaj/r2_ws/src/install/r2_interfaces/include/r2_interfaces/r2_interfaces/msg/detail/led_state_array__type_support.h
-- Up-to-date symlink: /home/himaj/r2_ws/src/install/r2_interfaces/include/r2_interfaces/r2_interfaces/msg/led_state_array.h
-- Up-to-date symlink: /home/himaj/r2_ws/src/install/r2_interfaces/include/r2_interfaces/r2_interfaces/msg/rosidl_generator_c__visibility_control.h
-- Up-to-date symlink: /home/himaj/r2_ws/src/install/r2_interfaces/include/r2_interfaces/r2_interfaces/srv/detail/set_led__functions.h
-- Up-to-date symlink: /home/himaj/r2_ws/src/install/r2_interfaces/include/r2_interfaces/r2_interfaces/srv/detail/set_led__struct.h
-- Up-to-date symlink: /home/himaj/r2_ws/src/install/r2_interfaces/include/r2_interfaces/r2_interfaces/srv/detail/set_led__type_support.h
-- Up-to-date symlink: /home/himaj/r2_ws/src/install/r2_interfaces/include/r2_interfaces/r2_interfaces/srv/set_led.h
-- Up-to-date symlink: /home/himaj/r2_ws/src/install/r2_interfaces/share/r2_interfaces/environment/library_path.sh
-- Up-to-date symlink: /home/himaj/r2_ws/src/install/r2_interfaces/share/r2_interfaces/environment/library_path.dsv
-- Up-to-date symlink: /home/himaj/r2_ws/src/install/r2_interfaces/include/r2_interfaces/r2_interfaces/action/detail/count_until__rosidl_typesupport_fastrtps_c.h
-- Up-to-date symlink: /home/himaj/r2_ws/src/install/r2_interfaces/include/r2_interfaces/r2_interfaces/msg/detail/led_state_array__rosidl_typesupport_fastrtps_c.h
-- Up-to-date symlink: /home/himaj/r2_ws/src/install/r2_interfaces/include/r2_interfaces/r2_interfaces/msg/rosidl_typesupport_fastrtps_c__visibility_control.h
-- Up-to-date symlink: /home/himaj/r2_ws/src/install/r2_interfaces/include/r2_interfaces/r2_interfaces/srv/detail/set_led__rosidl_typesupport_fastrtps_c.h
-- Up-to-date symlink: /home/himaj/r2_ws/src/install/r2_interfaces/include/r2_interfaces/r2_interfaces/action/detail/count_until__rosidl_typesupport_introspection_c.h
-- Up-to-date symlink: /home/himaj/r2_ws/src/install/r2_interfaces/include/r2_interfaces/r2_interfaces/msg/detail/led_state_array__rosidl_typesupport_introspection_c.h
-- Up-to-date symlink: /home/himaj/r2_ws/src/install/r2_interfaces/include/r2_interfaces/r2_interfaces/msg/rosidl_typesupport_introspection_c__visibility_control.h
-- Up-to-date symlink: /home/himaj/r2_ws/src/install/r2_interfaces/include/r2_interfaces/r2_interfaces/srv/detail/set_led__rosidl_typesupport_introspection_c.h
-- Up-to-date symlink: /home/himaj/r2_ws/src/install/r2_interfaces/include/r2_interfaces/r2_interfaces/action/count_until.hpp
-- Up-to-date symlink: /home/himaj/r2_ws/src/install/r2_interfaces/include/r2_interfaces/r2_interfaces/action/detail/count_until__builder.hpp
-- Up-to-date symlink: /home/himaj/r2_ws/src/install/r2_interfaces/include/r2_interfaces/r2_interfaces/action/detail/count_until__struct.hpp
-- Up-to-date symlink: /home/himaj/r2_ws/src/install/r2_interfaces/include/r2_interfaces/r2_interfaces/action/detail/count_until__traits.hpp
-- Up-to-date symlink: /home/himaj/r2_ws/src/install/r2_interfaces/include/r2_interfaces/r2_interfaces/msg/detail/led_state_array__builder.hpp
-- Up-to-date symlink: /home/himaj/r2_ws/src/install/r2_interfaces/include/r2_interfaces/r2_interfaces/msg/detail/led_state_array__struct.hpp
-- Up-to-date symlink: /home/himaj/r2_ws/src/install/r2_interfaces/include/r2_interfaces/r2_interfaces/msg/detail/led_state_array__traits.hpp
-- Up-to-date symlink: /home/himaj/r2_ws/src/install/r2_interfaces/include/r2_interfaces/r2_interfaces/msg/led_state_array.hpp
-- Up-to-date symlink: /home/himaj/r2_ws/src/install/r2_interfaces/include/r2_interfaces/r2_interfaces/srv/detail/set_led__builder.hpp
-- Up-to-date symlink: /home/himaj/r2_ws/src/install/r2_interfaces/include/r2_interfaces/r2_interfaces/srv/detail/set_led__struct.hpp
-- Up-to-date symlink: /home/himaj/r2_ws/src/install/r2_interfaces/include/r2_interfaces/r2_interfaces/srv/detail/set_led__traits.hpp
-- Up-to-date symlink: /home/himaj/r2_ws/src/install/r2_interfaces/include/r2_interfaces/r2_interfaces/srv/set_led.hpp
-- Up-to-date symlink: /home/himaj/r2_ws/src/install/r2_interfaces/include/r2_interfaces/r2_interfaces/action/detail/count_until__rosidl_typesupport_fastrtps_cpp.hpp
-- Up-to-date symlink: /home/himaj/r2_ws/src/install/r2_interfaces/include/r2_interfaces/r2_interfaces/msg/detail/led_state_array__rosidl_typesupport_fastrtps_cpp.hpp
-- Up-to-date symlink: /home/himaj/r2_ws/src/install/r2_interfaces/include/r2_interfaces/r2_interfaces/msg/rosidl_typesupport_fastrtps_cpp__visibility_control.h
-- Up-to-date symlink: /home/himaj/r2_ws/src/install/r2_interfaces/include/r2_interfaces/r2_interfaces/srv/detail/set_led__rosidl_typesupport_fastrtps_cpp.hpp
-- Up-to-date symlink: /home/himaj/r2_ws/src/install/r2_interfaces/include/r2_interfaces/r2_interfaces/action/detail/count_until__rosidl_typesupport_introspection_cpp.hpp
-- Up-to-date symlink: /home/himaj/r2_ws/src/install/r2_interfaces/include/r2_interfaces/r2_interfaces/msg/detail/led_state_array__rosidl_typesupport_introspection_cpp.hpp
-- Up-to-date symlink: /home/himaj/r2_ws/src/install/r2_interfaces/include/r2_interfaces/r2_interfaces/srv/detail/set_led__rosidl_typesupport_introspection_cpp.hpp
-- Up-to-date symlink: /home/himaj/r2_ws/src/install/r2_interfaces/share/r2_interfaces/environment/pythonpath.sh
-- Up-to-date symlink: /home/himaj/r2_ws/src/install/r2_interfaces/share/r2_interfaces/environment/pythonpath.dsv
-- Up-to-date symlink: /home/himaj/r2_ws/src/install/r2_interfaces/local/lib/python3.10/dist-packages/r2_interfaces-0.0.0-py3.10.egg-info/PKG-INFO
-- Up-to-date symlink: /home/himaj/r2_ws/src/install/r2_interfaces/local/lib/python3.10/dist-packages/r2_interfaces-0.0.0-py3.10.egg-info/SOURCES.txt
-- Up-to-date symlink: /home/himaj/r2_ws/src/install/r2_interfaces/local/lib/python3.10/dist-packages/r2_interfaces-0.0.0-py3.10.egg-info/dependency_links.txt
-- Up-to-date symlink: /home/himaj/r2_ws/src/install/r2_interfaces/local/lib/python3.10/dist-packages/r2_interfaces-0.0.0-py3.10.egg-info/top_level.txt
-- Up-to-date symlink: /home/himaj/r2_ws/src/install/r2_interfaces/local/lib/python3.10/dist-packages/r2_interfaces/__init__.py
-- Up-to-date symlink: /home/himaj/r2_ws/src/install/r2_interfaces/local/lib/python3.10/dist-packages/r2_interfaces/_r2_interfaces_s.ep.rosidl_typesupport_c.c
-- Up-to-date symlink: /home/himaj/r2_ws/src/install/r2_interfaces/local/lib/python3.10/dist-packages/r2_interfaces/_r2_interfaces_s.ep.rosidl_typesupport_fastrtps_c.c
-- Up-to-date symlink: /home/himaj/r2_ws/src/install/r2_interfaces/local/lib/python3.10/dist-packages/r2_interfaces/_r2_interfaces_s.ep.rosidl_typesupport_introspection_c.c
-- Up-to-date symlink: /home/himaj/r2_ws/src/install/r2_interfaces/local/lib/python3.10/dist-packages/r2_interfaces/action/__init__.py
-- Up-to-date symlink: /home/himaj/r2_ws/src/install/r2_interfaces/local/lib/python3.10/dist-packages/r2_interfaces/action/_count_until.py
-- Up-to-date symlink: /home/himaj/r2_ws/src/install/r2_interfaces/local/lib/python3.10/dist-packages/r2_interfaces/action/_count_until_s.c
-- Up-to-date symlink: /home/himaj/r2_ws/src/install/r2_interfaces/local/lib/python3.10/dist-packages/r2_interfaces/libr2_interfaces__rosidl_generator_py.so
-- Up-to-date symlink: /home/himaj/r2_ws/src/install/r2_interfaces/local/lib/python3.10/dist-packages/r2_interfaces/msg/__init__.py
-- Up-to-date symlink: /home/himaj/r2_ws/src/install/r2_interfaces/local/lib/python3.10/dist-packages/r2_interfaces/msg/_led_state_array.py
-- Up-to-date symlink: /home/himaj/r2_ws/src/install/r2_interfaces/local/lib/python3.10/dist-packages/r2_interfaces/msg/_led_state_array_s.c
-- Up-to-date symlink: /home/himaj/r2_ws/src/install/r2_interfaces/local/lib/python3.10/dist-packages/r2_interfaces/r2_interfaces_s__rosidl_typesupport_c.cpython-310-x86_64-linux-gnu.so
-- Up-to-date symlink: /home/himaj/r2_ws/src/install/r2_interfaces/local/lib/python3.10/dist-packages/r2_interfaces/r2_interfaces_s__rosidl_typesupport_fastrtps_c.cpython-310-x86_64-linux-gnu.so
-- Up-to-date symlink: /home/himaj/r2_ws/src/install/r2_interfaces/local/lib/python3.10/dist-packages/r2_interfaces/r2_interfaces_s__rosidl_typesupport_introspection_c.cpython-310-x86_64-linux-gnu.so
-- Up-to-date symlink: /home/himaj/r2_ws/src/install/r2_interfaces/local/lib/python3.10/dist-packages/r2_interfaces/srv/__init__.py
-- Up-to-date symlink: /home/himaj/r2_ws/src/install/r2_interfaces/local/lib/python3.10/dist-packages/r2_interfaces/srv/_set_led.py
-- Up-to-date symlink: /home/himaj/r2_ws/src/install/r2_interfaces/local/lib/python3.10/dist-packages/r2_interfaces/srv/_set_led_s.c
-- Up-to-date symlink: /home/himaj/r2_ws/src/install/r2_interfaces/local/lib/python3.10/dist-packages/r2_interfaces/r2_interfaces_s__rosidl_typesupport_fastrtps_c.cpython-310-x86_64-linux-gnu.so
-- Up-to-date symlink: /home/himaj/r2_ws/src/install/r2_interfaces/local/lib/python3.10/dist-packages/r2_interfaces/r2_interfaces_s__rosidl_typesupport_introspection_c.cpython-310-x86_64-linux-gnu.so
-- Up-to-date symlink: /home/himaj/r2_ws/src/install/r2_interfaces/local/lib/python3.10/dist-packages/r2_interfaces/r2_interfaces_s__rosidl_typesupport_c.cpython-310-x86_64-linux-gnu.so
-- Up-to-date symlink: /home/himaj/r2_ws/src/install/r2_interfaces/share/r2_interfaces/msg/LedStateArray.idl
-- Up-to-date symlink: /home/himaj/r2_ws/src/install/r2_interfaces/share/r2_interfaces/srv/SetLed.idl
-- Up-to-date symlink: /home/himaj/r2_ws/src/install/r2_interfaces/share/r2_interfaces/action/CountUntil.idl
-- Up-to-date symlink: /home/himaj/r2_ws/src/install/r2_interfaces/share/r2_interfaces/msg/LedStateArray.msg
-- Up-to-date symlink: /home/himaj/r2_ws/src/install/r2_interfaces/share/r2_interfaces/srv/SetLed.srv
-- Up-to-date symlink: /home/himaj/r2_ws/src/install/r2_interfaces/share/r2_interfaces/srv/SetLed_Request.msg
-- Up-to-date symlink: /home/himaj/r2_ws/src/install/r2_interfaces/share/r2_interfaces/srv/SetLed_Response.msg
-- Up-to-date symlink: /home/himaj/r2_ws/src/install/r2_interfaces/share/r2_interfaces/action/CountUntil.action
-- Up-to-date symlink: /home/himaj/r2_ws/src/install/r2_interfaces/share/ament_index/resource_index/package_run_dependencies/r2_interfaces
-- Up-to-date symlink: /home/himaj/r2_ws/src/install/r2_interfaces/share/ament_index/resource_index/parent_prefix_path/r2_interfaces
-- Up-to-date symlink: /home/himaj/r2_ws/src/install/r2_interfaces/share/r2_interfaces/environment/ament_prefix_path.sh
-- Up-to-date symlink: /home/himaj/r2_ws/src/install/r2_interfaces/share/r2_interfaces/environment/ament_prefix_path.dsv
-- Up-to-date symlink: /home/himaj/r2_ws/src/install/r2_interfaces/share/r2_interfaces/environment/path.sh
-- Up-to-date symlink: /home/himaj/r2_ws/src/install/r2_interfaces/share/r2_interfaces/environment/path.dsv
-- Up-to-date symlink: /home/himaj/r2_ws/src/install/r2_interfaces/share/r2_interfaces/local_setup.bash
-- Up-to-date symlink: /home/himaj/r2_ws/src/install/r2_interfaces/share/r2_interfaces/local_setup.sh
-- Up-to-date symlink: /home/himaj/r2_ws/src/install/r2_interfaces/share/r2_interfaces/local_setup.zsh
-- Up-to-date symlink: /home/himaj/r2_ws/src/install/r2_interfaces/share/r2_interfaces/local_setup.dsv
-- Symlinking: /home/himaj/r2_ws/src/install/r2_interfaces/share/r2_interfaces/package.dsv
-- Up-to-date symlink: /home/himaj/r2_ws/src/install/r2_interfaces/share/ament_index/resource_index/packages/r2_interfaces
-- Up-to-date symlink: /home/himaj/r2_ws/src/install/r2_interfaces/share/r2_interfaces/cmake/rosidl_cmake-extras.cmake
-- Up-to-date symlink: /home/himaj/r2_ws/src/install/r2_interfaces/share/r2_interfaces/cmake/ament_cmake_export_dependencies-extras.cmake
-- Up-to-date symlink: /home/himaj/r2_ws/src/install/r2_interfaces/share/r2_interfaces/cmake/ament_cmake_export_include_directories-extras.cmake
-- Up-to-date symlink: /home/himaj/r2_ws/src/install/r2_interfaces/share/r2_interfaces/cmake/ament_cmake_export_libraries-extras.cmake
-- Up-to-date symlink: /home/himaj/r2_ws/src/install/r2_interfaces/share/r2_interfaces/cmake/ament_cmake_export_targets-extras.cmake
-- Up-to-date symlink: /home/himaj/r2_ws/src/install/r2_interfaces/share/r2_interfaces/cmake/rosidl_cmake_export_typesupport_targets-extras.cmake
-- Up-to-date symlink: /home/himaj/r2_ws/src/install/r2_interfaces/share/r2_interfaces/cmake/rosidl_cmake_export_typesupport_libraries-extras.cmake
-- Up-to-date symlink: /home/himaj/r2_ws/src/install/r2_interfaces/share/r2_interfaces/cmake/r2_interfacesConfig.cmake
-- Up-to-date symlink: /home/himaj/r2_ws/src/install/r2_interfaces/share/r2_interfaces/cmake/r2_interfacesConfig-version.cmake
-- Up-to-date symlink: /home/himaj/r2_ws/src/install/r2_interfaces/share/r2_interfaces/package.xml
-- Up-to-date: /home/himaj/r2_ws/src/install/r2_interfaces/lib/libr2_interfaces__rosidl_generator_c.so
-- Up-to-date: /home/himaj/r2_ws/src/install/r2_interfaces/lib/libr2_interfaces__rosidl_typesupport_fastrtps_c.so
-- Up-to-date: /home/himaj/r2_ws/src/install/r2_interfaces/lib/libr2_interfaces__rosidl_typesupport_introspection_c.so
-- Up-to-date: /home/himaj/r2_ws/src/install/r2_interfaces/lib/libr2_interfaces__rosidl_typesupport_c.so
-- Up-to-date: /home/himaj/r2_ws/src/install/r2_interfaces/lib/libr2_interfaces__rosidl_typesupport_fastrtps_cpp.so
-- Up-to-date: /home/himaj/r2_ws/src/install/r2_interfaces/lib/libr2_interfaces__rosidl_typesupport_introspection_cpp.so
-- Up-to-date: /home/himaj/r2_ws/src/install/r2_interfaces/lib/libr2_interfaces__rosidl_typesupport_cpp.so
Listing '/home/himaj/r2_ws/src/install/r2_interfaces/local/lib/python3.10/dist-packages/r2_interfaces'...
Listing '/home/himaj/r2_ws/src/install/r2_interfaces/local/lib/python3.10/dist-packages/r2_interfaces/action'...
Listing '/home/himaj/r2_ws/src/install/r2_interfaces/local/lib/python3.10/dist-packages/r2_interfaces/msg'...
Listing '/home/himaj/r2_ws/src/install/r2_interfaces/local/lib/python3.10/dist-packages/r2_interfaces/srv'...
-- Up-to-date: /home/himaj/r2_ws/src/install/r2_interfaces/lib/libr2_interfaces__rosidl_generator_py.so
-- Up-to-date: /home/himaj/r2_ws/src/install/r2_interfaces/share/r2_interfaces/cmake/export_r2_interfaces__rosidl_generator_cExport.cmake
-- Up-to-date: /home/himaj/r2_ws/src/install/r2_interfaces/share/r2_interfaces/cmake/export_r2_interfaces__rosidl_generator_cExport-noconfig.cmake
-- Up-to-date: /home/himaj/r2_ws/src/install/r2_interfaces/share/r2_interfaces/cmake/export_r2_interfaces__rosidl_typesupport_fastrtps_cExport.cmake
-- Up-to-date: /home/himaj/r2_ws/src/install/r2_interfaces/share/r2_interfaces/cmake/export_r2_interfaces__rosidl_typesupport_fastrtps_cExport-noconfig.cmake
-- Up-to-date: /home/himaj/r2_ws/src/install/r2_interfaces/share/r2_interfaces/cmake/r2_interfaces__rosidl_typesupport_introspection_cExport.cmake
-- Up-to-date: /home/himaj/r2_ws/src/install/r2_interfaces/share/r2_interfaces/cmake/r2_interfaces__rosidl_typesupport_introspection_cExport-noconfig.cmake
-- Up-to-date: /home/himaj/r2_ws/src/install/r2_interfaces/share/r2_interfaces/cmake/r2_interfaces__rosidl_typesupport_cExport.cmake
-- Up-to-date: /home/himaj/r2_ws/src/install/r2_interfaces/share/r2_interfaces/cmake/r2_interfaces__rosidl_typesupport_cExport-noconfig.cmake
-- Up-to-date: /home/himaj/r2_ws/src/install/r2_interfaces/share/r2_interfaces/cmake/export_r2_interfaces__rosidl_generator_cppExport.cmake
-- Up-to-date: /home/himaj/r2_ws/src/install/r2_interfaces/share/r2_interfaces/cmake/export_r2_interfaces__rosidl_typesupport_fastrtps_cppExport.cmake
-- Up-to-date: /home/himaj/r2_ws/src/install/r2_interfaces/share/r2_interfaces/cmake/export_r2_interfaces__rosidl_typesupport_fastrtps_cppExport-noconfig.cmake
-- Up-to-date: /home/himaj/r2_ws/src/install/r2_interfaces/share/r2_interfaces/cmake/r2_interfaces__rosidl_typesupport_introspection_cppExport.cmake
-- Up-to-date: /home/himaj/r2_ws/src/install/r2_interfaces/share/r2_interfaces/cmake/r2_interfaces__rosidl_typesupport_introspection_cppExport-noconfig.cmake
-- Up-to-date: /home/himaj/r2_ws/src/install/r2_interfaces/share/r2_interfaces/cmake/r2_interfaces__rosidl_typesupport_cppExport.cmake
-- Up-to-date: /home/himaj/r2_ws/src/install/r2_interfaces/share/r2_interfaces/cmake/r2_interfaces__rosidl_typesupport_cppExport-noconfig.cmake
-- Up-to-date: /home/himaj/r2_ws/src/install/r2_interfaces/share/r2_interfaces/cmake/export_r2_interfaces__rosidl_generator_pyExport.cmake
-- Up-to-date: /home/himaj/r2_ws/src/install/r2_interfaces/share/r2_interfaces/cmake/export_r2_interfaces__rosidl_generator_pyExport-noconfig.cmake
