[0.043s] Invoking command in '/home/himaj/r2_ws/src/build/r2_interfaces': CMAKE_PREFIX_PATH=${CMAKE_PREFIX_PATH}:/home/himaj/r2_ws/install/silo_tracking:/home/himaj/r2_ws/install/r2_py:/home/himaj/r2_ws/install/luna_control:/home/himaj/r2_ws/install/ball_tracking:/home/himaj/test_ws/install/test_py_pkg:/home/himaj/test_ws/install/action_py:/home/himaj/xbox_ros_ws/install/xbox_turtle_controller:/home/himaj/bot_alignment/install/ball_detection:/home/himaj/bot_alignment/install/SerialCom:/home/himaj/arm_ros_ws/install/control_joint_states:/home/himaj/install/my_py_pkg:/home/himaj/ros2_ws/install/my_py_pkg:/opt/ros/humble /usr/bin/cmake --build /home/himaj/r2_ws/src/build/r2_interfaces -- -j12 -l12
[0.349s] [  2%] Built target r2_interfaces__cpp
[0.349s] [ 12%] Built target r2_interfaces__rosidl_generator_c
[0.350s] [ 12%] Built target ament_cmake_python_symlink_r2_interfaces
[0.350s] [ 65%] Built target r2_interfaces__rosidl_typesupport_fastrtps_c
[0.350s] [ 65%] Built target r2_interfaces__rosidl_typesupport_cpp
[0.351s] [ 65%] Built target r2_interfaces__rosidl_typesupport_fastrtps_cpp
[0.351s] [ 65%] Built target r2_interfaces__rosidl_typesupport_introspection_c
[0.351s] [ 65%] Built target r2_interfaces__rosidl_typesupport_c
[0.351s] [ 76%] Built target r2_interfaces__rosidl_typesupport_introspection_cpp
[0.351s] [ 76%] Built target r2_interfaces
[0.351s] [ 78%] Built target r2_interfaces__py
[0.351s] [ 87%] Built target r2_interfaces__rosidl_generator_py
[0.351s] [100%] Built target r2_interfaces__rosidl_typesupport_c__pyext
[0.351s] [100%] Built target r2_interfaces__rosidl_typesupport_introspection_c__pyext
[0.351s] [100%] Built target r2_interfaces__rosidl_typesupport_fastrtps_c__pyext
[0.435s] running egg_info
[0.436s] writing r2_interfaces.egg-info/PKG-INFO
[0.436s] writing dependency_links to r2_interfaces.egg-info/dependency_links.txt
[0.436s] writing top-level names to r2_interfaces.egg-info/top_level.txt
[0.439s] reading manifest file 'r2_interfaces.egg-info/SOURCES.txt'
[0.440s] writing manifest file 'r2_interfaces.egg-info/SOURCES.txt'
[0.476s] [100%] Built target ament_cmake_python_build_r2_interfaces_egg
[0.635s] Invoked command in '/home/himaj/r2_ws/src/build/r2_interfaces' returned '0': CMAKE_PREFIX_PATH=${CMAKE_PREFIX_PATH}:/home/himaj/r2_ws/install/silo_tracking:/home/himaj/r2_ws/install/r2_py:/home/himaj/r2_ws/install/luna_control:/home/himaj/r2_ws/install/ball_tracking:/home/himaj/test_ws/install/test_py_pkg:/home/himaj/test_ws/install/action_py:/home/himaj/xbox_ros_ws/install/xbox_turtle_controller:/home/himaj/bot_alignment/install/ball_detection:/home/himaj/bot_alignment/install/SerialCom:/home/himaj/arm_ros_ws/install/control_joint_states:/home/himaj/install/my_py_pkg:/home/himaj/ros2_ws/install/my_py_pkg:/opt/ros/humble /usr/bin/cmake --build /home/himaj/r2_ws/src/build/r2_interfaces -- -j12 -l12
[0.765s] Invoking command in '/home/himaj/r2_ws/src/build/r2_interfaces': CMAKE_PREFIX_PATH=${CMAKE_PREFIX_PATH}:/home/himaj/r2_ws/install/silo_tracking:/home/himaj/r2_ws/install/r2_py:/home/himaj/r2_ws/install/luna_control:/home/himaj/r2_ws/install/ball_tracking:/home/himaj/test_ws/install/test_py_pkg:/home/himaj/test_ws/install/action_py:/home/himaj/xbox_ros_ws/install/xbox_turtle_controller:/home/himaj/bot_alignment/install/ball_detection:/home/himaj/bot_alignment/install/SerialCom:/home/himaj/arm_ros_ws/install/control_joint_states:/home/himaj/install/my_py_pkg:/home/himaj/ros2_ws/install/my_py_pkg:/opt/ros/humble /usr/bin/cmake --install /home/himaj/r2_ws/src/build/r2_interfaces
[0.775s] -- Install configuration: ""
[0.775s] -- Execute custom install script
[0.775s] -- Up-to-date symlink: /home/himaj/r2_ws/src/install/r2_interfaces/share/ament_index/resource_index/rosidl_interfaces/r2_interfaces
[0.776s] -- Up-to-date symlink: /home/himaj/r2_ws/src/install/r2_interfaces/include/r2_interfaces/r2_interfaces/action/count_until.h
[0.776s] -- Up-to-date symlink: /home/himaj/r2_ws/src/install/r2_interfaces/include/r2_interfaces/r2_interfaces/action/detail/count_until__functions.h
[0.776s] -- Up-to-date symlink: /home/himaj/r2_ws/src/install/r2_interfaces/include/r2_interfaces/r2_interfaces/action/detail/count_until__struct.h
[0.776s] -- Up-to-date symlink: /home/himaj/r2_ws/src/install/r2_interfaces/include/r2_interfaces/r2_interfaces/action/detail/count_until__type_support.h
[0.777s] -- Up-to-date symlink: /home/himaj/r2_ws/src/install/r2_interfaces/include/r2_interfaces/r2_interfaces/msg/detail/led_state_array__functions.h
[0.777s] -- Up-to-date symlink: /home/himaj/r2_ws/src/install/r2_interfaces/include/r2_interfaces/r2_interfaces/msg/detail/led_state_array__struct.h
[0.777s] -- Up-to-date symlink: /home/himaj/r2_ws/src/install/r2_interfaces/include/r2_interfaces/r2_interfaces/msg/detail/led_state_array__type_support.h
[0.777s] -- Up-to-date symlink: /home/himaj/r2_ws/src/install/r2_interfaces/include/r2_interfaces/r2_interfaces/msg/led_state_array.h
[0.777s] -- Up-to-date symlink: /home/himaj/r2_ws/src/install/r2_interfaces/include/r2_interfaces/r2_interfaces/msg/rosidl_generator_c__visibility_control.h
[0.777s] -- Up-to-date symlink: /home/himaj/r2_ws/src/install/r2_interfaces/include/r2_interfaces/r2_interfaces/srv/detail/set_led__functions.h
[0.777s] -- Up-to-date symlink: /home/himaj/r2_ws/src/install/r2_interfaces/include/r2_interfaces/r2_interfaces/srv/detail/set_led__struct.h
[0.778s] -- Up-to-date symlink: /home/himaj/r2_ws/src/install/r2_interfaces/include/r2_interfaces/r2_interfaces/srv/detail/set_led__type_support.h
[0.778s] -- Up-to-date symlink: /home/himaj/r2_ws/src/install/r2_interfaces/include/r2_interfaces/r2_interfaces/srv/set_led.h
[0.778s] -- Up-to-date symlink: /home/himaj/r2_ws/src/install/r2_interfaces/share/r2_interfaces/environment/library_path.sh
[0.778s] -- Up-to-date symlink: /home/himaj/r2_ws/src/install/r2_interfaces/share/r2_interfaces/environment/library_path.dsv
[0.778s] -- Up-to-date symlink: /home/himaj/r2_ws/src/install/r2_interfaces/include/r2_interfaces/r2_interfaces/action/detail/count_until__rosidl_typesupport_fastrtps_c.h
[0.778s] -- Up-to-date symlink: /home/himaj/r2_ws/src/install/r2_interfaces/include/r2_interfaces/r2_interfaces/msg/detail/led_state_array__rosidl_typesupport_fastrtps_c.h
[0.779s] -- Up-to-date symlink: /home/himaj/r2_ws/src/install/r2_interfaces/include/r2_interfaces/r2_interfaces/msg/rosidl_typesupport_fastrtps_c__visibility_control.h
[0.779s] -- Up-to-date symlink: /home/himaj/r2_ws/src/install/r2_interfaces/include/r2_interfaces/r2_interfaces/srv/detail/set_led__rosidl_typesupport_fastrtps_c.h
[0.779s] -- Up-to-date symlink: /home/himaj/r2_ws/src/install/r2_interfaces/include/r2_interfaces/r2_interfaces/action/detail/count_until__rosidl_typesupport_introspection_c.h
[0.779s] -- Up-to-date symlink: /home/himaj/r2_ws/src/install/r2_interfaces/include/r2_interfaces/r2_interfaces/msg/detail/led_state_array__rosidl_typesupport_introspection_c.h
[0.779s] -- Up-to-date symlink: /home/himaj/r2_ws/src/install/r2_interfaces/include/r2_interfaces/r2_interfaces/msg/rosidl_typesupport_introspection_c__visibility_control.h
[0.779s] -- Up-to-date symlink: /home/himaj/r2_ws/src/install/r2_interfaces/include/r2_interfaces/r2_interfaces/srv/detail/set_led__rosidl_typesupport_introspection_c.h
[0.780s] -- Up-to-date symlink: /home/himaj/r2_ws/src/install/r2_interfaces/include/r2_interfaces/r2_interfaces/action/count_until.hpp
[0.780s] -- Up-to-date symlink: /home/himaj/r2_ws/src/install/r2_interfaces/include/r2_interfaces/r2_interfaces/action/detail/count_until__builder.hpp
[0.780s] -- Up-to-date symlink: /home/himaj/r2_ws/src/install/r2_interfaces/include/r2_interfaces/r2_interfaces/action/detail/count_until__struct.hpp
[0.780s] -- Up-to-date symlink: /home/himaj/r2_ws/src/install/r2_interfaces/include/r2_interfaces/r2_interfaces/action/detail/count_until__traits.hpp
[0.780s] -- Up-to-date symlink: /home/himaj/r2_ws/src/install/r2_interfaces/include/r2_interfaces/r2_interfaces/msg/detail/led_state_array__builder.hpp
[0.781s] -- Up-to-date symlink: /home/himaj/r2_ws/src/install/r2_interfaces/include/r2_interfaces/r2_interfaces/msg/detail/led_state_array__struct.hpp
[0.781s] -- Up-to-date symlink: /home/himaj/r2_ws/src/install/r2_interfaces/include/r2_interfaces/r2_interfaces/msg/detail/led_state_array__traits.hpp
[0.781s] -- Up-to-date symlink: /home/himaj/r2_ws/src/install/r2_interfaces/include/r2_interfaces/r2_interfaces/msg/led_state_array.hpp
[0.781s] -- Up-to-date symlink: /home/himaj/r2_ws/src/install/r2_interfaces/include/r2_interfaces/r2_interfaces/srv/detail/set_led__builder.hpp
[0.781s] -- Up-to-date symlink: /home/himaj/r2_ws/src/install/r2_interfaces/include/r2_interfaces/r2_interfaces/srv/detail/set_led__struct.hpp
[0.781s] -- Up-to-date symlink: /home/himaj/r2_ws/src/install/r2_interfaces/include/r2_interfaces/r2_interfaces/srv/detail/set_led__traits.hpp
[0.781s] -- Up-to-date symlink: /home/himaj/r2_ws/src/install/r2_interfaces/include/r2_interfaces/r2_interfaces/srv/set_led.hpp
[0.782s] -- Up-to-date symlink: /home/himaj/r2_ws/src/install/r2_interfaces/include/r2_interfaces/r2_interfaces/action/detail/count_until__rosidl_typesupport_fastrtps_cpp.hpp
[0.782s] -- Up-to-date symlink: /home/himaj/r2_ws/src/install/r2_interfaces/include/r2_interfaces/r2_interfaces/msg/detail/led_state_array__rosidl_typesupport_fastrtps_cpp.hpp
[0.782s] -- Up-to-date symlink: /home/himaj/r2_ws/src/install/r2_interfaces/include/r2_interfaces/r2_interfaces/msg/rosidl_typesupport_fastrtps_cpp__visibility_control.h
[0.782s] -- Up-to-date symlink: /home/himaj/r2_ws/src/install/r2_interfaces/include/r2_interfaces/r2_interfaces/srv/detail/set_led__rosidl_typesupport_fastrtps_cpp.hpp
[0.783s] -- Up-to-date symlink: /home/himaj/r2_ws/src/install/r2_interfaces/include/r2_interfaces/r2_interfaces/action/detail/count_until__rosidl_typesupport_introspection_cpp.hpp
[0.783s] -- Up-to-date symlink: /home/himaj/r2_ws/src/install/r2_interfaces/include/r2_interfaces/r2_interfaces/msg/detail/led_state_array__rosidl_typesupport_introspection_cpp.hpp
[0.783s] -- Up-to-date symlink: /home/himaj/r2_ws/src/install/r2_interfaces/include/r2_interfaces/r2_interfaces/srv/detail/set_led__rosidl_typesupport_introspection_cpp.hpp
[0.783s] -- Up-to-date symlink: /home/himaj/r2_ws/src/install/r2_interfaces/share/r2_interfaces/environment/pythonpath.sh
[0.783s] -- Up-to-date symlink: /home/himaj/r2_ws/src/install/r2_interfaces/share/r2_interfaces/environment/pythonpath.dsv
[0.783s] -- Up-to-date symlink: /home/himaj/r2_ws/src/install/r2_interfaces/local/lib/python3.10/dist-packages/r2_interfaces-0.0.0-py3.10.egg-info/PKG-INFO
[0.784s] -- Up-to-date symlink: /home/himaj/r2_ws/src/install/r2_interfaces/local/lib/python3.10/dist-packages/r2_interfaces-0.0.0-py3.10.egg-info/SOURCES.txt
[0.784s] -- Up-to-date symlink: /home/himaj/r2_ws/src/install/r2_interfaces/local/lib/python3.10/dist-packages/r2_interfaces-0.0.0-py3.10.egg-info/dependency_links.txt
[0.784s] -- Up-to-date symlink: /home/himaj/r2_ws/src/install/r2_interfaces/local/lib/python3.10/dist-packages/r2_interfaces-0.0.0-py3.10.egg-info/top_level.txt
[0.785s] -- Up-to-date symlink: /home/himaj/r2_ws/src/install/r2_interfaces/local/lib/python3.10/dist-packages/r2_interfaces/__init__.py
[0.785s] -- Up-to-date symlink: /home/himaj/r2_ws/src/install/r2_interfaces/local/lib/python3.10/dist-packages/r2_interfaces/_r2_interfaces_s.ep.rosidl_typesupport_c.c
[0.785s] -- Up-to-date symlink: /home/himaj/r2_ws/src/install/r2_interfaces/local/lib/python3.10/dist-packages/r2_interfaces/_r2_interfaces_s.ep.rosidl_typesupport_fastrtps_c.c
[0.785s] -- Up-to-date symlink: /home/himaj/r2_ws/src/install/r2_interfaces/local/lib/python3.10/dist-packages/r2_interfaces/_r2_interfaces_s.ep.rosidl_typesupport_introspection_c.c
[0.785s] -- Up-to-date symlink: /home/himaj/r2_ws/src/install/r2_interfaces/local/lib/python3.10/dist-packages/r2_interfaces/action/__init__.py
[0.785s] -- Up-to-date symlink: /home/himaj/r2_ws/src/install/r2_interfaces/local/lib/python3.10/dist-packages/r2_interfaces/action/_count_until.py
[0.785s] -- Up-to-date symlink: /home/himaj/r2_ws/src/install/r2_interfaces/local/lib/python3.10/dist-packages/r2_interfaces/action/_count_until_s.c
[0.786s] -- Up-to-date symlink: /home/himaj/r2_ws/src/install/r2_interfaces/local/lib/python3.10/dist-packages/r2_interfaces/libr2_interfaces__rosidl_generator_py.so
[0.786s] -- Up-to-date symlink: /home/himaj/r2_ws/src/install/r2_interfaces/local/lib/python3.10/dist-packages/r2_interfaces/msg/__init__.py
[0.786s] -- Up-to-date symlink: /home/himaj/r2_ws/src/install/r2_interfaces/local/lib/python3.10/dist-packages/r2_interfaces/msg/_led_state_array.py
[0.786s] -- Up-to-date symlink: /home/himaj/r2_ws/src/install/r2_interfaces/local/lib/python3.10/dist-packages/r2_interfaces/msg/_led_state_array_s.c
[0.786s] -- Up-to-date symlink: /home/himaj/r2_ws/src/install/r2_interfaces/local/lib/python3.10/dist-packages/r2_interfaces/r2_interfaces_s__rosidl_typesupport_c.cpython-310-x86_64-linux-gnu.so
[0.786s] -- Up-to-date symlink: /home/himaj/r2_ws/src/install/r2_interfaces/local/lib/python3.10/dist-packages/r2_interfaces/r2_interfaces_s__rosidl_typesupport_fastrtps_c.cpython-310-x86_64-linux-gnu.so
[0.786s] -- Up-to-date symlink: /home/himaj/r2_ws/src/install/r2_interfaces/local/lib/python3.10/dist-packages/r2_interfaces/r2_interfaces_s__rosidl_typesupport_introspection_c.cpython-310-x86_64-linux-gnu.so
[0.787s] -- Up-to-date symlink: /home/himaj/r2_ws/src/install/r2_interfaces/local/lib/python3.10/dist-packages/r2_interfaces/srv/__init__.py
[0.787s] -- Up-to-date symlink: /home/himaj/r2_ws/src/install/r2_interfaces/local/lib/python3.10/dist-packages/r2_interfaces/srv/_set_led.py
[0.787s] -- Up-to-date symlink: /home/himaj/r2_ws/src/install/r2_interfaces/local/lib/python3.10/dist-packages/r2_interfaces/srv/_set_led_s.c
[0.787s] -- Up-to-date symlink: /home/himaj/r2_ws/src/install/r2_interfaces/local/lib/python3.10/dist-packages/r2_interfaces/r2_interfaces_s__rosidl_typesupport_fastrtps_c.cpython-310-x86_64-linux-gnu.so
[0.787s] -- Up-to-date symlink: /home/himaj/r2_ws/src/install/r2_interfaces/local/lib/python3.10/dist-packages/r2_interfaces/r2_interfaces_s__rosidl_typesupport_introspection_c.cpython-310-x86_64-linux-gnu.so
[0.787s] -- Up-to-date symlink: /home/himaj/r2_ws/src/install/r2_interfaces/local/lib/python3.10/dist-packages/r2_interfaces/r2_interfaces_s__rosidl_typesupport_c.cpython-310-x86_64-linux-gnu.so
[0.788s] -- Up-to-date symlink: /home/himaj/r2_ws/src/install/r2_interfaces/share/r2_interfaces/msg/LedStateArray.idl
[0.788s] -- Up-to-date symlink: /home/himaj/r2_ws/src/install/r2_interfaces/share/r2_interfaces/srv/SetLed.idl
[0.788s] -- Up-to-date symlink: /home/himaj/r2_ws/src/install/r2_interfaces/share/r2_interfaces/action/CountUntil.idl
[0.788s] -- Up-to-date symlink: /home/himaj/r2_ws/src/install/r2_interfaces/share/r2_interfaces/msg/LedStateArray.msg
[0.788s] -- Up-to-date symlink: /home/himaj/r2_ws/src/install/r2_interfaces/share/r2_interfaces/srv/SetLed.srv
[0.788s] -- Up-to-date symlink: /home/himaj/r2_ws/src/install/r2_interfaces/share/r2_interfaces/srv/SetLed_Request.msg
[0.789s] -- Up-to-date symlink: /home/himaj/r2_ws/src/install/r2_interfaces/share/r2_interfaces/srv/SetLed_Response.msg
[0.789s] -- Up-to-date symlink: /home/himaj/r2_ws/src/install/r2_interfaces/share/r2_interfaces/action/CountUntil.action
[0.789s] -- Up-to-date symlink: /home/himaj/r2_ws/src/install/r2_interfaces/share/ament_index/resource_index/package_run_dependencies/r2_interfaces
[0.791s] -- Up-to-date symlink: /home/himaj/r2_ws/src/install/r2_interfaces/share/ament_index/resource_index/parent_prefix_path/r2_interfaces
[0.792s] -- Up-to-date symlink: /home/himaj/r2_ws/src/install/r2_interfaces/share/r2_interfaces/environment/ament_prefix_path.sh
[0.792s] -- Up-to-date symlink: /home/himaj/r2_ws/src/install/r2_interfaces/share/r2_interfaces/environment/ament_prefix_path.dsv
[0.792s] -- Up-to-date symlink: /home/himaj/r2_ws/src/install/r2_interfaces/share/r2_interfaces/environment/path.sh
[0.792s] -- Up-to-date symlink: /home/himaj/r2_ws/src/install/r2_interfaces/share/r2_interfaces/environment/path.dsv
[0.792s] -- Up-to-date symlink: /home/himaj/r2_ws/src/install/r2_interfaces/share/r2_interfaces/local_setup.bash
[0.792s] -- Up-to-date symlink: /home/himaj/r2_ws/src/install/r2_interfaces/share/r2_interfaces/local_setup.sh
[0.792s] -- Up-to-date symlink: /home/himaj/r2_ws/src/install/r2_interfaces/share/r2_interfaces/local_setup.zsh
[0.792s] -- Up-to-date symlink: /home/himaj/r2_ws/src/install/r2_interfaces/share/r2_interfaces/local_setup.dsv
[0.793s] -- Symlinking: /home/himaj/r2_ws/src/install/r2_interfaces/share/r2_interfaces/package.dsv
[0.803s] -- Up-to-date symlink: /home/himaj/r2_ws/src/install/r2_interfaces/share/ament_index/resource_index/packages/r2_interfaces
[0.803s] -- Up-to-date symlink: /home/himaj/r2_ws/src/install/r2_interfaces/share/r2_interfaces/cmake/rosidl_cmake-extras.cmake
[0.803s] -- Up-to-date symlink: /home/himaj/r2_ws/src/install/r2_interfaces/share/r2_interfaces/cmake/ament_cmake_export_dependencies-extras.cmake
[0.803s] -- Up-to-date symlink: /home/himaj/r2_ws/src/install/r2_interfaces/share/r2_interfaces/cmake/ament_cmake_export_include_directories-extras.cmake
[0.803s] -- Up-to-date symlink: /home/himaj/r2_ws/src/install/r2_interfaces/share/r2_interfaces/cmake/ament_cmake_export_libraries-extras.cmake
[0.803s] -- Up-to-date symlink: /home/himaj/r2_ws/src/install/r2_interfaces/share/r2_interfaces/cmake/ament_cmake_export_targets-extras.cmake
[0.804s] -- Up-to-date symlink: /home/himaj/r2_ws/src/install/r2_interfaces/share/r2_interfaces/cmake/rosidl_cmake_export_typesupport_targets-extras.cmake
[0.804s] -- Up-to-date symlink: /home/himaj/r2_ws/src/install/r2_interfaces/share/r2_interfaces/cmake/rosidl_cmake_export_typesupport_libraries-extras.cmake
[0.804s] -- Up-to-date symlink: /home/himaj/r2_ws/src/install/r2_interfaces/share/r2_interfaces/cmake/r2_interfacesConfig.cmake
[0.804s] -- Up-to-date symlink: /home/himaj/r2_ws/src/install/r2_interfaces/share/r2_interfaces/cmake/r2_interfacesConfig-version.cmake
[0.804s] -- Up-to-date symlink: /home/himaj/r2_ws/src/install/r2_interfaces/share/r2_interfaces/package.xml
[0.805s] -- Up-to-date: /home/himaj/r2_ws/src/install/r2_interfaces/lib/libr2_interfaces__rosidl_generator_c.so
[0.805s] -- Up-to-date: /home/himaj/r2_ws/src/install/r2_interfaces/lib/libr2_interfaces__rosidl_typesupport_fastrtps_c.so
[0.806s] -- Up-to-date: /home/himaj/r2_ws/src/install/r2_interfaces/lib/libr2_interfaces__rosidl_typesupport_introspection_c.so
[0.806s] -- Up-to-date: /home/himaj/r2_ws/src/install/r2_interfaces/lib/libr2_interfaces__rosidl_typesupport_c.so
[0.807s] -- Up-to-date: /home/himaj/r2_ws/src/install/r2_interfaces/lib/libr2_interfaces__rosidl_typesupport_fastrtps_cpp.so
[0.807s] -- Up-to-date: /home/himaj/r2_ws/src/install/r2_interfaces/lib/libr2_interfaces__rosidl_typesupport_introspection_cpp.so
[0.808s] -- Up-to-date: /home/himaj/r2_ws/src/install/r2_interfaces/lib/libr2_interfaces__rosidl_typesupport_cpp.so
[0.857s] Listing '/home/himaj/r2_ws/src/install/r2_interfaces/local/lib/python3.10/dist-packages/r2_interfaces'...
[0.857s] Listing '/home/himaj/r2_ws/src/install/r2_interfaces/local/lib/python3.10/dist-packages/r2_interfaces/action'...
[0.857s] Listing '/home/himaj/r2_ws/src/install/r2_interfaces/local/lib/python3.10/dist-packages/r2_interfaces/msg'...
[0.857s] Listing '/home/himaj/r2_ws/src/install/r2_interfaces/local/lib/python3.10/dist-packages/r2_interfaces/srv'...
[0.864s] -- Up-to-date: /home/himaj/r2_ws/src/install/r2_interfaces/lib/libr2_interfaces__rosidl_generator_py.so
[0.864s] -- Up-to-date: /home/himaj/r2_ws/src/install/r2_interfaces/share/r2_interfaces/cmake/export_r2_interfaces__rosidl_generator_cExport.cmake
[0.865s] -- Up-to-date: /home/himaj/r2_ws/src/install/r2_interfaces/share/r2_interfaces/cmake/export_r2_interfaces__rosidl_generator_cExport-noconfig.cmake
[0.865s] -- Up-to-date: /home/himaj/r2_ws/src/install/r2_interfaces/share/r2_interfaces/cmake/export_r2_interfaces__rosidl_typesupport_fastrtps_cExport.cmake
[0.865s] -- Up-to-date: /home/himaj/r2_ws/src/install/r2_interfaces/share/r2_interfaces/cmake/export_r2_interfaces__rosidl_typesupport_fastrtps_cExport-noconfig.cmake
[0.865s] -- Up-to-date: /home/himaj/r2_ws/src/install/r2_interfaces/share/r2_interfaces/cmake/r2_interfaces__rosidl_typesupport_introspection_cExport.cmake
[0.865s] -- Up-to-date: /home/himaj/r2_ws/src/install/r2_interfaces/share/r2_interfaces/cmake/r2_interfaces__rosidl_typesupport_introspection_cExport-noconfig.cmake
[0.865s] -- Up-to-date: /home/himaj/r2_ws/src/install/r2_interfaces/share/r2_interfaces/cmake/r2_interfaces__rosidl_typesupport_cExport.cmake
[0.866s] -- Up-to-date: /home/himaj/r2_ws/src/install/r2_interfaces/share/r2_interfaces/cmake/r2_interfaces__rosidl_typesupport_cExport-noconfig.cmake
[0.866s] -- Up-to-date: /home/himaj/r2_ws/src/install/r2_interfaces/share/r2_interfaces/cmake/export_r2_interfaces__rosidl_generator_cppExport.cmake
[0.866s] -- Up-to-date: /home/himaj/r2_ws/src/install/r2_interfaces/share/r2_interfaces/cmake/export_r2_interfaces__rosidl_typesupport_fastrtps_cppExport.cmake
[0.866s] -- Up-to-date: /home/himaj/r2_ws/src/install/r2_interfaces/share/r2_interfaces/cmake/export_r2_interfaces__rosidl_typesupport_fastrtps_cppExport-noconfig.cmake
[0.866s] -- Up-to-date: /home/himaj/r2_ws/src/install/r2_interfaces/share/r2_interfaces/cmake/r2_interfaces__rosidl_typesupport_introspection_cppExport.cmake
[0.866s] -- Up-to-date: /home/himaj/r2_ws/src/install/r2_interfaces/share/r2_interfaces/cmake/r2_interfaces__rosidl_typesupport_introspection_cppExport-noconfig.cmake
[0.866s] -- Up-to-date: /home/himaj/r2_ws/src/install/r2_interfaces/share/r2_interfaces/cmake/r2_interfaces__rosidl_typesupport_cppExport.cmake
[0.867s] -- Up-to-date: /home/himaj/r2_ws/src/install/r2_interfaces/share/r2_interfaces/cmake/r2_interfaces__rosidl_typesupport_cppExport-noconfig.cmake
[0.867s] -- Up-to-date: /home/himaj/r2_ws/src/install/r2_interfaces/share/r2_interfaces/cmake/export_r2_interfaces__rosidl_generator_pyExport.cmake
[0.867s] -- Up-to-date: /home/himaj/r2_ws/src/install/r2_interfaces/share/r2_interfaces/cmake/export_r2_interfaces__rosidl_generator_pyExport-noconfig.cmake
[0.870s] Invoked command in '/home/himaj/r2_ws/src/build/r2_interfaces' returned '0': CMAKE_PREFIX_PATH=${CMAKE_PREFIX_PATH}:/home/himaj/r2_ws/install/silo_tracking:/home/himaj/r2_ws/install/r2_py:/home/himaj/r2_ws/install/luna_control:/home/himaj/r2_ws/install/ball_tracking:/home/himaj/test_ws/install/test_py_pkg:/home/himaj/test_ws/install/action_py:/home/himaj/xbox_ros_ws/install/xbox_turtle_controller:/home/himaj/bot_alignment/install/ball_detection:/home/himaj/bot_alignment/install/SerialCom:/home/himaj/arm_ros_ws/install/control_joint_states:/home/himaj/install/my_py_pkg:/home/himaj/ros2_ws/install/my_py_pkg:/opt/ros/humble /usr/bin/cmake --install /home/himaj/r2_ws/src/build/r2_interfaces
