running develop
running egg_info
creating luna_control.egg-info
writing luna_control.egg-info/PKG-INFO
writing dependency_links to luna_control.egg-info/dependency_links.txt
writing entry points to luna_control.egg-info/entry_points.txt
writing requirements to luna_control.egg-info/requires.txt
writing top-level names to luna_control.egg-info/top_level.txt
writing manifest file 'luna_control.egg-info/SOURCES.txt'
reading manifest file 'luna_control.egg-info/SOURCES.txt'
writing manifest file 'luna_control.egg-info/SOURCES.txt'
running build_ext
Creating /home/himaj/r2_ws/src/install/luna_control/lib/python3.10/site-packages/luna-control.egg-link (link to .)
Installing luna_wall_align script to /home/himaj/r2_ws/src/install/luna_control/lib/luna_control

Installed /home/himaj/r2_ws/src/build/luna_control
running symlink_data
creating /home/himaj/r2_ws/src/install/luna_control/share/ament_index
creating /home/himaj/r2_ws/src/install/luna_control/share/ament_index/resource_index
creating /home/himaj/r2_ws/src/install/luna_control/share/ament_index/resource_index/packages
symbolically linking /home/himaj/r2_ws/src/build/luna_control/resource/luna_control -> /home/himaj/r2_ws/src/install/luna_control/share/ament_index/resource_index/packages
symbolically linking /home/himaj/r2_ws/src/build/luna_control/package.xml -> /home/himaj/r2_ws/src/install/luna_control/share/luna_control
