[0.090s] DEBUG:colcon:Command line arguments: ['/usr/bin/colcon', 'build', '--symlink-install']
[0.091s] DEBUG:colcon:Parsed command line arguments: Namespace(log_base=None, log_level=None, verb_name='build', build_base='build', install_base='install', merge_install=False, symlink_install=True, test_result_base=None, continue_on_error=False, executor='parallel', parallel_workers=12, event_handlers=None, ignore_user_meta=False, metas=['./colcon.meta'], base_paths=['.'], packages_ignore=None, packages_ignore_regex=None, paths=None, packages_up_to=None, packages_up_to_regex=None, packages_above=None, packages_above_and_dependencies=None, packages_above_depth=None, packages_select_by_dep=None, packages_skip_by_dep=None, packages_skip_up_to=None, packages_select_build_failed=False, packages_skip_build_finished=False, packages_select_test_failures=False, packages_skip_test_passed=False, packages_select=None, packages_skip=None, packages_select_regex=None, packages_skip_regex=None, packages_start=None, packages_end=None, allow_overriding=[], cmake_args=None, cmake_target=None, cmake_target_skip_unavailable=False, cmake_clean_cache=False, cmake_clean_first=False, cmake_force_configure=False, ament_cmake_args=None, catkin_cmake_args=None, catkin_skip_building_tests=False, verb_parser=<colcon_defaults.argument_parser.defaults.DefaultArgumentsDecorator object at 0x74ec11cd3f40>, verb_extension=<colcon_core.verb.build.BuildVerb object at 0x74ec11cd3940>, main=<bound method BuildVerb.main of <colcon_core.verb.build.BuildVerb object at 0x74ec11cd3940>>)
[0.249s] Level 1:colcon.colcon_core.package_discovery:discover_packages(colcon_meta) check parameters
[0.249s] Level 1:colcon.colcon_core.package_discovery:discover_packages(recursive) check parameters
[0.249s] Level 1:colcon.colcon_core.package_discovery:discover_packages(ignore) check parameters
[0.249s] Level 1:colcon.colcon_core.package_discovery:discover_packages(path) check parameters
[0.249s] Level 1:colcon.colcon_core.package_discovery:discover_packages(colcon_meta) discover
[0.249s] Level 1:colcon.colcon_core.package_discovery:discover_packages(recursive) discover
[0.249s] INFO:colcon.colcon_core.package_discovery:Crawling recursively for packages in '/home/himaj/r2_ws/src'
[0.249s] Level 1:colcon.colcon_core.package_identification:_identify(.) by extensions ['ignore', 'ignore_ament_install']
[0.249s] Level 1:colcon.colcon_core.package_identification:_identify(.) by extension 'ignore'
[0.249s] Level 1:colcon.colcon_core.package_identification:_identify(.) by extension 'ignore_ament_install'
[0.249s] Level 1:colcon.colcon_core.package_identification:_identify(.) by extensions ['colcon_pkg']
[0.249s] Level 1:colcon.colcon_core.package_identification:_identify(.) by extension 'colcon_pkg'
[0.249s] Level 1:colcon.colcon_core.package_identification:_identify(.) by extensions ['colcon_meta']
[0.249s] Level 1:colcon.colcon_core.package_identification:_identify(.) by extension 'colcon_meta'
[0.249s] Level 1:colcon.colcon_core.package_identification:_identify(.) by extensions ['ros']
[0.249s] Level 1:colcon.colcon_core.package_identification:_identify(.) by extension 'ros'
[0.258s] Level 1:colcon.colcon_core.package_identification:_identify(.) by extensions ['cmake', 'python']
[0.258s] Level 1:colcon.colcon_core.package_identification:_identify(.) by extension 'cmake'
[0.258s] Level 1:colcon.colcon_core.package_identification:_identify(.) by extension 'python'
[0.258s] Level 1:colcon.colcon_core.package_identification:_identify(.) by extensions ['python_setup_py']
[0.258s] Level 1:colcon.colcon_core.package_identification:_identify(.) by extension 'python_setup_py'
[0.258s] Level 1:colcon.colcon_core.package_identification:_identify(Microros_pub_sub) by extensions ['ignore', 'ignore_ament_install']
[0.258s] Level 1:colcon.colcon_core.package_identification:_identify(Microros_pub_sub) by extension 'ignore'
[0.258s] Level 1:colcon.colcon_core.package_identification:_identify(Microros_pub_sub) ignored
[0.258s] Level 1:colcon.colcon_core.package_identification:_identify(ball_tracking) by extensions ['ignore', 'ignore_ament_install']
[0.258s] Level 1:colcon.colcon_core.package_identification:_identify(ball_tracking) by extension 'ignore'
[0.258s] Level 1:colcon.colcon_core.package_identification:_identify(ball_tracking) by extension 'ignore_ament_install'
[0.258s] Level 1:colcon.colcon_core.package_identification:_identify(ball_tracking) by extensions ['colcon_pkg']
[0.259s] Level 1:colcon.colcon_core.package_identification:_identify(ball_tracking) by extension 'colcon_pkg'
[0.259s] Level 1:colcon.colcon_core.package_identification:_identify(ball_tracking) by extensions ['colcon_meta']
[0.259s] Level 1:colcon.colcon_core.package_identification:_identify(ball_tracking) by extension 'colcon_meta'
[0.259s] Level 1:colcon.colcon_core.package_identification:_identify(ball_tracking) by extensions ['ros']
[0.259s] Level 1:colcon.colcon_core.package_identification:_identify(ball_tracking) by extension 'ros'
[0.266s] DEBUG:colcon.colcon_core.package_identification:Package 'ball_tracking' with type 'ros.ament_python' and name 'ball_tracking'
[0.266s] Level 1:colcon.colcon_core.package_identification:_identify(build) by extensions ['ignore', 'ignore_ament_install']
[0.267s] Level 1:colcon.colcon_core.package_identification:_identify(build) by extension 'ignore'
[0.267s] Level 1:colcon.colcon_core.package_identification:_identify(build) ignored
[0.267s] Level 1:colcon.colcon_core.package_identification:_identify(install) by extensions ['ignore', 'ignore_ament_install']
[0.267s] Level 1:colcon.colcon_core.package_identification:_identify(install) by extension 'ignore'
[0.267s] Level 1:colcon.colcon_core.package_identification:_identify(install) ignored
[0.267s] Level 1:colcon.colcon_core.package_identification:_identify(line_following) by extensions ['ignore', 'ignore_ament_install']
[0.267s] Level 1:colcon.colcon_core.package_identification:_identify(line_following) by extension 'ignore'
[0.267s] Level 1:colcon.colcon_core.package_identification:_identify(line_following) by extension 'ignore_ament_install'
[0.267s] Level 1:colcon.colcon_core.package_identification:_identify(line_following) by extensions ['colcon_pkg']
[0.267s] Level 1:colcon.colcon_core.package_identification:_identify(line_following) by extension 'colcon_pkg'
[0.267s] Level 1:colcon.colcon_core.package_identification:_identify(line_following) by extensions ['colcon_meta']
[0.267s] Level 1:colcon.colcon_core.package_identification:_identify(line_following) by extension 'colcon_meta'
[0.267s] Level 1:colcon.colcon_core.package_identification:_identify(line_following) by extensions ['ros']
[0.267s] Level 1:colcon.colcon_core.package_identification:_identify(line_following) by extension 'ros'
[0.268s] DEBUG:colcon.colcon_core.package_identification:Package 'line_following' with type 'ros.ament_cmake' and name 'line_following'
[0.268s] Level 1:colcon.colcon_core.package_identification:_identify(log) by extensions ['ignore', 'ignore_ament_install']
[0.268s] Level 1:colcon.colcon_core.package_identification:_identify(log) by extension 'ignore'
[0.268s] Level 1:colcon.colcon_core.package_identification:_identify(log) ignored
[0.268s] Level 1:colcon.colcon_core.package_identification:_identify(luna_control) by extensions ['ignore', 'ignore_ament_install']
[0.268s] Level 1:colcon.colcon_core.package_identification:_identify(luna_control) by extension 'ignore'
[0.268s] Level 1:colcon.colcon_core.package_identification:_identify(luna_control) by extension 'ignore_ament_install'
[0.268s] Level 1:colcon.colcon_core.package_identification:_identify(luna_control) by extensions ['colcon_pkg']
[0.268s] Level 1:colcon.colcon_core.package_identification:_identify(luna_control) by extension 'colcon_pkg'
[0.268s] Level 1:colcon.colcon_core.package_identification:_identify(luna_control) by extensions ['colcon_meta']
[0.268s] Level 1:colcon.colcon_core.package_identification:_identify(luna_control) by extension 'colcon_meta'
[0.268s] Level 1:colcon.colcon_core.package_identification:_identify(luna_control) by extensions ['ros']
[0.268s] Level 1:colcon.colcon_core.package_identification:_identify(luna_control) by extension 'ros'
[0.269s] DEBUG:colcon.colcon_core.package_identification:Package 'luna_control' with type 'ros.ament_python' and name 'luna_control'
[0.269s] Level 1:colcon.colcon_core.package_identification:_identify(r2_bringup) by extensions ['ignore', 'ignore_ament_install']
[0.269s] Level 1:colcon.colcon_core.package_identification:_identify(r2_bringup) by extension 'ignore'
[0.269s] Level 1:colcon.colcon_core.package_identification:_identify(r2_bringup) by extension 'ignore_ament_install'
[0.269s] Level 1:colcon.colcon_core.package_identification:_identify(r2_bringup) by extensions ['colcon_pkg']
[0.269s] Level 1:colcon.colcon_core.package_identification:_identify(r2_bringup) by extension 'colcon_pkg'
[0.269s] Level 1:colcon.colcon_core.package_identification:_identify(r2_bringup) by extensions ['colcon_meta']
[0.269s] Level 1:colcon.colcon_core.package_identification:_identify(r2_bringup) by extension 'colcon_meta'
[0.269s] Level 1:colcon.colcon_core.package_identification:_identify(r2_bringup) by extensions ['ros']
[0.270s] Level 1:colcon.colcon_core.package_identification:_identify(r2_bringup) by extension 'ros'
[0.270s] DEBUG:colcon.colcon_core.package_identification:Package 'r2_bringup' with type 'ros.ament_cmake' and name 'r2_bringup'
[0.270s] Level 1:colcon.colcon_core.package_identification:_identify(r2_description) by extensions ['ignore', 'ignore_ament_install']
[0.270s] Level 1:colcon.colcon_core.package_identification:_identify(r2_description) by extension 'ignore'
[0.270s] Level 1:colcon.colcon_core.package_identification:_identify(r2_description) by extension 'ignore_ament_install'
[0.270s] Level 1:colcon.colcon_core.package_identification:_identify(r2_description) by extensions ['colcon_pkg']
[0.270s] Level 1:colcon.colcon_core.package_identification:_identify(r2_description) by extension 'colcon_pkg'
[0.270s] Level 1:colcon.colcon_core.package_identification:_identify(r2_description) by extensions ['colcon_meta']
[0.270s] Level 1:colcon.colcon_core.package_identification:_identify(r2_description) by extension 'colcon_meta'
[0.270s] Level 1:colcon.colcon_core.package_identification:_identify(r2_description) by extensions ['ros']
[0.270s] Level 1:colcon.colcon_core.package_identification:_identify(r2_description) by extension 'ros'
[0.271s] DEBUG:colcon.colcon_core.package_identification:Package 'r2_description' with type 'ros.ament_cmake' and name 'r2_description'
[0.271s] Level 1:colcon.colcon_core.package_identification:_identify(r2_interfaces) by extensions ['ignore', 'ignore_ament_install']
[0.271s] Level 1:colcon.colcon_core.package_identification:_identify(r2_interfaces) by extension 'ignore'
[0.271s] Level 1:colcon.colcon_core.package_identification:_identify(r2_interfaces) by extension 'ignore_ament_install'
[0.271s] Level 1:colcon.colcon_core.package_identification:_identify(r2_interfaces) by extensions ['colcon_pkg']
[0.271s] Level 1:colcon.colcon_core.package_identification:_identify(r2_interfaces) by extension 'colcon_pkg'
[0.271s] Level 1:colcon.colcon_core.package_identification:_identify(r2_interfaces) by extensions ['colcon_meta']
[0.271s] Level 1:colcon.colcon_core.package_identification:_identify(r2_interfaces) by extension 'colcon_meta'
[0.271s] Level 1:colcon.colcon_core.package_identification:_identify(r2_interfaces) by extensions ['ros']
[0.271s] Level 1:colcon.colcon_core.package_identification:_identify(r2_interfaces) by extension 'ros'
[0.271s] DEBUG:colcon.colcon_core.package_identification:Package 'r2_interfaces' with type 'ros.ament_cmake' and name 'r2_interfaces'
[0.271s] Level 1:colcon.colcon_core.package_identification:_identify(r2_py) by extensions ['ignore', 'ignore_ament_install']
[0.271s] Level 1:colcon.colcon_core.package_identification:_identify(r2_py) by extension 'ignore'
[0.272s] Level 1:colcon.colcon_core.package_identification:_identify(r2_py) by extension 'ignore_ament_install'
[0.272s] Level 1:colcon.colcon_core.package_identification:_identify(r2_py) by extensions ['colcon_pkg']
[0.272s] Level 1:colcon.colcon_core.package_identification:_identify(r2_py) by extension 'colcon_pkg'
[0.272s] Level 1:colcon.colcon_core.package_identification:_identify(r2_py) by extensions ['colcon_meta']
[0.272s] Level 1:colcon.colcon_core.package_identification:_identify(r2_py) by extension 'colcon_meta'
[0.272s] Level 1:colcon.colcon_core.package_identification:_identify(r2_py) by extensions ['ros']
[0.272s] Level 1:colcon.colcon_core.package_identification:_identify(r2_py) by extension 'ros'
[0.272s] DEBUG:colcon.colcon_core.package_identification:Package 'r2_py' with type 'ros.ament_python' and name 'r2_py'
[0.273s] Level 1:colcon.colcon_core.package_identification:_identify(silo_tracking) by extensions ['ignore', 'ignore_ament_install']
[0.273s] Level 1:colcon.colcon_core.package_identification:_identify(silo_tracking) by extension 'ignore'
[0.273s] Level 1:colcon.colcon_core.package_identification:_identify(silo_tracking) by extension 'ignore_ament_install'
[0.273s] Level 1:colcon.colcon_core.package_identification:_identify(silo_tracking) by extensions ['colcon_pkg']
[0.273s] Level 1:colcon.colcon_core.package_identification:_identify(silo_tracking) by extension 'colcon_pkg'
[0.273s] Level 1:colcon.colcon_core.package_identification:_identify(silo_tracking) by extensions ['colcon_meta']
[0.273s] Level 1:colcon.colcon_core.package_identification:_identify(silo_tracking) by extension 'colcon_meta'
[0.273s] Level 1:colcon.colcon_core.package_identification:_identify(silo_tracking) by extensions ['ros']
[0.273s] Level 1:colcon.colcon_core.package_identification:_identify(silo_tracking) by extension 'ros'
[0.273s] DEBUG:colcon.colcon_core.package_identification:Package 'silo_tracking' with type 'ros.ament_python' and name 'silo_tracking'
[0.273s] Level 1:colcon.colcon_core.package_discovery:discover_packages(recursive) using defaults
[0.273s] Level 1:colcon.colcon_core.package_discovery:discover_packages(ignore) discover
[0.273s] Level 1:colcon.colcon_core.package_discovery:discover_packages(ignore) using defaults
[0.273s] Level 1:colcon.colcon_core.package_discovery:discover_packages(path) discover
[0.273s] Level 1:colcon.colcon_core.package_discovery:discover_packages(path) using defaults
[0.291s] Level 1:colcon.colcon_core.package_discovery:discover_packages(prefix_path) check parameters
[0.291s] Level 1:colcon.colcon_core.package_discovery:discover_packages(prefix_path) discover
[0.293s] DEBUG:colcon.colcon_installed_package_information.package_discovery:Found 4 installed packages in /home/himaj/test_ws/install
[0.294s] DEBUG:colcon.colcon_installed_package_information.package_discovery:Found 9 installed packages in /home/himaj/r2_ws/install
[0.294s] DEBUG:colcon.colcon_installed_package_information.package_discovery:Found 2 installed packages in /home/himaj/arm_rover/install
[0.295s] DEBUG:colcon.colcon_installed_package_information.package_discovery:Found 1 installed packages in /home/himaj/test_arm_meshes_ws/install
[0.295s] DEBUG:colcon.colcon_installed_package_information.package_discovery:Found 1 installed packages in /home/himaj/xbox_ros_ws/install
[0.295s] DEBUG:colcon.colcon_installed_package_information.package_discovery:Found 2 installed packages in /home/himaj/bot_alignment/install
[0.296s] DEBUG:colcon.colcon_installed_package_information.package_discovery:Found 4 installed packages in /home/himaj/arm_ros_ws/install
[0.296s] DEBUG:colcon.colcon_installed_package_information.package_discovery:Found 5 installed packages in /home/himaj/install
[0.297s] DEBUG:colcon.colcon_installed_package_information.package_discovery:Found 3 installed packages in /home/himaj/ros2_ws/install
[0.297s] DEBUG:colcon.colcon_installed_package_information.package_discovery:Found 1 installed packages in /home/himaj/control_ws/install
[0.299s] DEBUG:colcon.colcon_installed_package_information.package_discovery:Found 394 installed packages in /opt/ros/humble
[0.300s] Level 1:colcon.colcon_core.package_discovery:discover_packages(prefix_path) using defaults
[0.339s] Level 5:colcon.colcon_core.verb:set package 'ball_tracking' build argument 'cmake_args' from command line to 'None'
[0.339s] Level 5:colcon.colcon_core.verb:set package 'ball_tracking' build argument 'cmake_target' from command line to 'None'
[0.339s] Level 5:colcon.colcon_core.verb:set package 'ball_tracking' build argument 'cmake_target_skip_unavailable' from command line to 'False'
[0.339s] Level 5:colcon.colcon_core.verb:set package 'ball_tracking' build argument 'cmake_clean_cache' from command line to 'False'
[0.339s] Level 5:colcon.colcon_core.verb:set package 'ball_tracking' build argument 'cmake_clean_first' from command line to 'False'
[0.339s] Level 5:colcon.colcon_core.verb:set package 'ball_tracking' build argument 'cmake_force_configure' from command line to 'False'
[0.339s] Level 5:colcon.colcon_core.verb:set package 'ball_tracking' build argument 'ament_cmake_args' from command line to 'None'
[0.339s] Level 5:colcon.colcon_core.verb:set package 'ball_tracking' build argument 'catkin_cmake_args' from command line to 'None'
[0.339s] Level 5:colcon.colcon_core.verb:set package 'ball_tracking' build argument 'catkin_skip_building_tests' from command line to 'False'
[0.339s] DEBUG:colcon.colcon_core.verb:Building package 'ball_tracking' with the following arguments: {'ament_cmake_args': None, 'build_base': '/home/himaj/r2_ws/src/build/ball_tracking', 'catkin_cmake_args': None, 'catkin_skip_building_tests': False, 'cmake_args': None, 'cmake_clean_cache': False, 'cmake_clean_first': False, 'cmake_force_configure': False, 'cmake_target': None, 'cmake_target_skip_unavailable': False, 'install_base': '/home/himaj/r2_ws/src/install/ball_tracking', 'merge_install': False, 'path': '/home/himaj/r2_ws/src/ball_tracking', 'symlink_install': True, 'test_result_base': None}
[0.339s] Level 5:colcon.colcon_core.verb:set package 'line_following' build argument 'cmake_args' from command line to 'None'
[0.339s] Level 5:colcon.colcon_core.verb:set package 'line_following' build argument 'cmake_target' from command line to 'None'
[0.339s] Level 5:colcon.colcon_core.verb:set package 'line_following' build argument 'cmake_target_skip_unavailable' from command line to 'False'
[0.339s] Level 5:colcon.colcon_core.verb:set package 'line_following' build argument 'cmake_clean_cache' from command line to 'False'
[0.339s] Level 5:colcon.colcon_core.verb:set package 'line_following' build argument 'cmake_clean_first' from command line to 'False'
[0.339s] Level 5:colcon.colcon_core.verb:set package 'line_following' build argument 'cmake_force_configure' from command line to 'False'
[0.339s] Level 5:colcon.colcon_core.verb:set package 'line_following' build argument 'ament_cmake_args' from command line to 'None'
[0.339s] Level 5:colcon.colcon_core.verb:set package 'line_following' build argument 'catkin_cmake_args' from command line to 'None'
[0.339s] Level 5:colcon.colcon_core.verb:set package 'line_following' build argument 'catkin_skip_building_tests' from command line to 'False'
[0.339s] DEBUG:colcon.colcon_core.verb:Building package 'line_following' with the following arguments: {'ament_cmake_args': None, 'build_base': '/home/himaj/r2_ws/src/build/line_following', 'catkin_cmake_args': None, 'catkin_skip_building_tests': False, 'cmake_args': None, 'cmake_clean_cache': False, 'cmake_clean_first': False, 'cmake_force_configure': False, 'cmake_target': None, 'cmake_target_skip_unavailable': False, 'install_base': '/home/himaj/r2_ws/src/install/line_following', 'merge_install': False, 'path': '/home/himaj/r2_ws/src/line_following', 'symlink_install': True, 'test_result_base': None}
[0.340s] Level 5:colcon.colcon_core.verb:set package 'r2_description' build argument 'cmake_args' from command line to 'None'
[0.340s] Level 5:colcon.colcon_core.verb:set package 'r2_description' build argument 'cmake_target' from command line to 'None'
[0.340s] Level 5:colcon.colcon_core.verb:set package 'r2_description' build argument 'cmake_target_skip_unavailable' from command line to 'False'
[0.340s] Level 5:colcon.colcon_core.verb:set package 'r2_description' build argument 'cmake_clean_cache' from command line to 'False'
[0.340s] Level 5:colcon.colcon_core.verb:set package 'r2_description' build argument 'cmake_clean_first' from command line to 'False'
[0.340s] Level 5:colcon.colcon_core.verb:set package 'r2_description' build argument 'cmake_force_configure' from command line to 'False'
[0.340s] Level 5:colcon.colcon_core.verb:set package 'r2_description' build argument 'ament_cmake_args' from command line to 'None'
[0.340s] Level 5:colcon.colcon_core.verb:set package 'r2_description' build argument 'catkin_cmake_args' from command line to 'None'
[0.340s] Level 5:colcon.colcon_core.verb:set package 'r2_description' build argument 'catkin_skip_building_tests' from command line to 'False'
[0.340s] DEBUG:colcon.colcon_core.verb:Building package 'r2_description' with the following arguments: {'ament_cmake_args': None, 'build_base': '/home/himaj/r2_ws/src/build/r2_description', 'catkin_cmake_args': None, 'catkin_skip_building_tests': False, 'cmake_args': None, 'cmake_clean_cache': False, 'cmake_clean_first': False, 'cmake_force_configure': False, 'cmake_target': None, 'cmake_target_skip_unavailable': False, 'install_base': '/home/himaj/r2_ws/src/install/r2_description', 'merge_install': False, 'path': '/home/himaj/r2_ws/src/r2_description', 'symlink_install': True, 'test_result_base': None}
[0.340s] Level 5:colcon.colcon_core.verb:set package 'r2_interfaces' build argument 'cmake_args' from command line to 'None'
[0.340s] Level 5:colcon.colcon_core.verb:set package 'r2_interfaces' build argument 'cmake_target' from command line to 'None'
[0.340s] Level 5:colcon.colcon_core.verb:set package 'r2_interfaces' build argument 'cmake_target_skip_unavailable' from command line to 'False'
[0.340s] Level 5:colcon.colcon_core.verb:set package 'r2_interfaces' build argument 'cmake_clean_cache' from command line to 'False'
[0.340s] Level 5:colcon.colcon_core.verb:set package 'r2_interfaces' build argument 'cmake_clean_first' from command line to 'False'
[0.340s] Level 5:colcon.colcon_core.verb:set package 'r2_interfaces' build argument 'cmake_force_configure' from command line to 'False'
[0.340s] Level 5:colcon.colcon_core.verb:set package 'r2_interfaces' build argument 'ament_cmake_args' from command line to 'None'
[0.340s] Level 5:colcon.colcon_core.verb:set package 'r2_interfaces' build argument 'catkin_cmake_args' from command line to 'None'
[0.340s] Level 5:colcon.colcon_core.verb:set package 'r2_interfaces' build argument 'catkin_skip_building_tests' from command line to 'False'
[0.340s] DEBUG:colcon.colcon_core.verb:Building package 'r2_interfaces' with the following arguments: {'ament_cmake_args': None, 'build_base': '/home/himaj/r2_ws/src/build/r2_interfaces', 'catkin_cmake_args': None, 'catkin_skip_building_tests': False, 'cmake_args': None, 'cmake_clean_cache': False, 'cmake_clean_first': False, 'cmake_force_configure': False, 'cmake_target': None, 'cmake_target_skip_unavailable': False, 'install_base': '/home/himaj/r2_ws/src/install/r2_interfaces', 'merge_install': False, 'path': '/home/himaj/r2_ws/src/r2_interfaces', 'symlink_install': True, 'test_result_base': None}
[0.341s] Level 5:colcon.colcon_core.verb:set package 'silo_tracking' build argument 'cmake_args' from command line to 'None'
[0.341s] Level 5:colcon.colcon_core.verb:set package 'silo_tracking' build argument 'cmake_target' from command line to 'None'
[0.341s] Level 5:colcon.colcon_core.verb:set package 'silo_tracking' build argument 'cmake_target_skip_unavailable' from command line to 'False'
[0.341s] Level 5:colcon.colcon_core.verb:set package 'silo_tracking' build argument 'cmake_clean_cache' from command line to 'False'
[0.341s] Level 5:colcon.colcon_core.verb:set package 'silo_tracking' build argument 'cmake_clean_first' from command line to 'False'
[0.341s] Level 5:colcon.colcon_core.verb:set package 'silo_tracking' build argument 'cmake_force_configure' from command line to 'False'
[0.341s] Level 5:colcon.colcon_core.verb:set package 'silo_tracking' build argument 'ament_cmake_args' from command line to 'None'
[0.341s] Level 5:colcon.colcon_core.verb:set package 'silo_tracking' build argument 'catkin_cmake_args' from command line to 'None'
[0.341s] Level 5:colcon.colcon_core.verb:set package 'silo_tracking' build argument 'catkin_skip_building_tests' from command line to 'False'
[0.341s] DEBUG:colcon.colcon_core.verb:Building package 'silo_tracking' with the following arguments: {'ament_cmake_args': None, 'build_base': '/home/himaj/r2_ws/src/build/silo_tracking', 'catkin_cmake_args': None, 'catkin_skip_building_tests': False, 'cmake_args': None, 'cmake_clean_cache': False, 'cmake_clean_first': False, 'cmake_force_configure': False, 'cmake_target': None, 'cmake_target_skip_unavailable': False, 'install_base': '/home/himaj/r2_ws/src/install/silo_tracking', 'merge_install': False, 'path': '/home/himaj/r2_ws/src/silo_tracking', 'symlink_install': True, 'test_result_base': None}
[0.341s] Level 5:colcon.colcon_core.verb:set package 'luna_control' build argument 'cmake_args' from command line to 'None'
[0.341s] Level 5:colcon.colcon_core.verb:set package 'luna_control' build argument 'cmake_target' from command line to 'None'
[0.341s] Level 5:colcon.colcon_core.verb:set package 'luna_control' build argument 'cmake_target_skip_unavailable' from command line to 'False'
[0.341s] Level 5:colcon.colcon_core.verb:set package 'luna_control' build argument 'cmake_clean_cache' from command line to 'False'
[0.341s] Level 5:colcon.colcon_core.verb:set package 'luna_control' build argument 'cmake_clean_first' from command line to 'False'
[0.341s] Level 5:colcon.colcon_core.verb:set package 'luna_control' build argument 'cmake_force_configure' from command line to 'False'
[0.341s] Level 5:colcon.colcon_core.verb:set package 'luna_control' build argument 'ament_cmake_args' from command line to 'None'
[0.341s] Level 5:colcon.colcon_core.verb:set package 'luna_control' build argument 'catkin_cmake_args' from command line to 'None'
[0.341s] Level 5:colcon.colcon_core.verb:set package 'luna_control' build argument 'catkin_skip_building_tests' from command line to 'False'
[0.341s] DEBUG:colcon.colcon_core.verb:Building package 'luna_control' with the following arguments: {'ament_cmake_args': None, 'build_base': '/home/himaj/r2_ws/src/build/luna_control', 'catkin_cmake_args': None, 'catkin_skip_building_tests': False, 'cmake_args': None, 'cmake_clean_cache': False, 'cmake_clean_first': False, 'cmake_force_configure': False, 'cmake_target': None, 'cmake_target_skip_unavailable': False, 'install_base': '/home/himaj/r2_ws/src/install/luna_control', 'merge_install': False, 'path': '/home/himaj/r2_ws/src/luna_control', 'symlink_install': True, 'test_result_base': None}
[0.342s] Level 5:colcon.colcon_core.verb:set package 'r2_py' build argument 'cmake_args' from command line to 'None'
[0.342s] Level 5:colcon.colcon_core.verb:set package 'r2_py' build argument 'cmake_target' from command line to 'None'
[0.342s] Level 5:colcon.colcon_core.verb:set package 'r2_py' build argument 'cmake_target_skip_unavailable' from command line to 'False'
[0.342s] Level 5:colcon.colcon_core.verb:set package 'r2_py' build argument 'cmake_clean_cache' from command line to 'False'
[0.342s] Level 5:colcon.colcon_core.verb:set package 'r2_py' build argument 'cmake_clean_first' from command line to 'False'
[0.342s] Level 5:colcon.colcon_core.verb:set package 'r2_py' build argument 'cmake_force_configure' from command line to 'False'
[0.342s] Level 5:colcon.colcon_core.verb:set package 'r2_py' build argument 'ament_cmake_args' from command line to 'None'
[0.342s] Level 5:colcon.colcon_core.verb:set package 'r2_py' build argument 'catkin_cmake_args' from command line to 'None'
[0.342s] Level 5:colcon.colcon_core.verb:set package 'r2_py' build argument 'catkin_skip_building_tests' from command line to 'False'
[0.342s] DEBUG:colcon.colcon_core.verb:Building package 'r2_py' with the following arguments: {'ament_cmake_args': None, 'build_base': '/home/himaj/r2_ws/src/build/r2_py', 'catkin_cmake_args': None, 'catkin_skip_building_tests': False, 'cmake_args': None, 'cmake_clean_cache': False, 'cmake_clean_first': False, 'cmake_force_configure': False, 'cmake_target': None, 'cmake_target_skip_unavailable': False, 'install_base': '/home/himaj/r2_ws/src/install/r2_py', 'merge_install': False, 'path': '/home/himaj/r2_ws/src/r2_py', 'symlink_install': True, 'test_result_base': None}
[0.342s] Level 5:colcon.colcon_core.verb:set package 'r2_bringup' build argument 'cmake_args' from command line to 'None'
[0.342s] Level 5:colcon.colcon_core.verb:set package 'r2_bringup' build argument 'cmake_target' from command line to 'None'
[0.342s] Level 5:colcon.colcon_core.verb:set package 'r2_bringup' build argument 'cmake_target_skip_unavailable' from command line to 'False'
[0.342s] Level 5:colcon.colcon_core.verb:set package 'r2_bringup' build argument 'cmake_clean_cache' from command line to 'False'
[0.342s] Level 5:colcon.colcon_core.verb:set package 'r2_bringup' build argument 'cmake_clean_first' from command line to 'False'
[0.342s] Level 5:colcon.colcon_core.verb:set package 'r2_bringup' build argument 'cmake_force_configure' from command line to 'False'
[0.342s] Level 5:colcon.colcon_core.verb:set package 'r2_bringup' build argument 'ament_cmake_args' from command line to 'None'
[0.342s] Level 5:colcon.colcon_core.verb:set package 'r2_bringup' build argument 'catkin_cmake_args' from command line to 'None'
[0.342s] Level 5:colcon.colcon_core.verb:set package 'r2_bringup' build argument 'catkin_skip_building_tests' from command line to 'False'
[0.342s] DEBUG:colcon.colcon_core.verb:Building package 'r2_bringup' with the following arguments: {'ament_cmake_args': None, 'build_base': '/home/himaj/r2_ws/src/build/r2_bringup', 'catkin_cmake_args': None, 'catkin_skip_building_tests': False, 'cmake_args': None, 'cmake_clean_cache': False, 'cmake_clean_first': False, 'cmake_force_configure': False, 'cmake_target': None, 'cmake_target_skip_unavailable': False, 'install_base': '/home/himaj/r2_ws/src/install/r2_bringup', 'merge_install': False, 'path': '/home/himaj/r2_ws/src/r2_bringup', 'symlink_install': True, 'test_result_base': None}
[0.342s] INFO:colcon.colcon_core.executor:Executing jobs using 'parallel' executor
[0.343s] DEBUG:colcon.colcon_parallel_executor.executor.parallel:run_until_complete
[0.344s] INFO:colcon.colcon_ros.task.ament_cmake.build:Building ROS package in '/home/himaj/r2_ws/src/r2_description' with build type 'ament_cmake'
[0.344s] INFO:colcon.colcon_cmake.task.cmake.build:Building CMake package in '/home/himaj/r2_ws/src/r2_description'
[0.346s] INFO:colcon.colcon_core.plugin_system:Skipping extension 'colcon_core.shell.bat': Not used on non-Windows systems
[0.346s] INFO:colcon.colcon_core.shell:Skip shell extension 'powershell' for command environment: Not usable outside of PowerShell
[0.346s] DEBUG:colcon.colcon_core.shell:Skip shell extension 'dsv' for command environment
[0.353s] INFO:colcon.colcon_ros.task.ament_cmake.build:Building ROS package in '/home/himaj/r2_ws/src/r2_interfaces' with build type 'ament_cmake'
[0.353s] INFO:colcon.colcon_cmake.task.cmake.build:Building CMake package in '/home/himaj/r2_ws/src/r2_interfaces'
[0.353s] INFO:colcon.colcon_core.shell:Skip shell extension 'powershell' for command environment: Not usable outside of PowerShell
[0.353s] DEBUG:colcon.colcon_core.shell:Skip shell extension 'dsv' for command environment
[0.360s] INFO:colcon.colcon_ros.task.ament_python.build:Building ROS package in '/home/himaj/r2_ws/src/ball_tracking' with build type 'ament_python'
[0.360s] Level 1:colcon.colcon_core.shell:create_environment_hook('ball_tracking', 'ament_prefix_path')
[0.360s] INFO:colcon.colcon_core.shell:Creating environment hook '/home/himaj/r2_ws/src/install/ball_tracking/share/ball_tracking/hook/ament_prefix_path.ps1'
[0.361s] INFO:colcon.colcon_core.shell:Creating environment descriptor '/home/himaj/r2_ws/src/install/ball_tracking/share/ball_tracking/hook/ament_prefix_path.dsv'
[0.361s] INFO:colcon.colcon_core.shell:Creating environment hook '/home/himaj/r2_ws/src/install/ball_tracking/share/ball_tracking/hook/ament_prefix_path.sh'
[0.361s] INFO:colcon.colcon_core.shell:Skip shell extension 'powershell' for command environment: Not usable outside of PowerShell
[0.361s] DEBUG:colcon.colcon_core.shell:Skip shell extension 'dsv' for command environment
[0.368s] INFO:colcon.colcon_ros.task.ament_cmake.build:Building ROS package in '/home/himaj/r2_ws/src/line_following' with build type 'ament_cmake'
[0.368s] INFO:colcon.colcon_cmake.task.cmake.build:Building CMake package in '/home/himaj/r2_ws/src/line_following'
[0.368s] INFO:colcon.colcon_core.shell:Skip shell extension 'powershell' for command environment: Not usable outside of PowerShell
[0.368s] DEBUG:colcon.colcon_core.shell:Skip shell extension 'dsv' for command environment
[0.376s] INFO:colcon.colcon_ros.task.ament_python.build:Building ROS package in '/home/himaj/r2_ws/src/silo_tracking' with build type 'ament_python'
[0.376s] Level 1:colcon.colcon_core.shell:create_environment_hook('silo_tracking', 'ament_prefix_path')
[0.376s] INFO:colcon.colcon_core.shell:Creating environment hook '/home/himaj/r2_ws/src/install/silo_tracking/share/silo_tracking/hook/ament_prefix_path.ps1'
[0.376s] INFO:colcon.colcon_core.shell:Creating environment descriptor '/home/himaj/r2_ws/src/install/silo_tracking/share/silo_tracking/hook/ament_prefix_path.dsv'
[0.377s] INFO:colcon.colcon_core.shell:Creating environment hook '/home/himaj/r2_ws/src/install/silo_tracking/share/silo_tracking/hook/ament_prefix_path.sh'
[0.377s] INFO:colcon.colcon_core.shell:Skip shell extension 'powershell' for command environment: Not usable outside of PowerShell
[0.377s] DEBUG:colcon.colcon_core.shell:Skip shell extension 'dsv' for command environment
[0.388s] DEBUG:colcon.colcon_core.event_handler.log_command:Invoking command in '/home/himaj/r2_ws/src/build/r2_description': CMAKE_PREFIX_PATH=${CMAKE_PREFIX_PATH}:/home/himaj/r2_ws/install/silo_tracking:/home/himaj/r2_ws/install/r2_py:/home/himaj/r2_ws/install/luna_control:/home/himaj/r2_ws/install/ball_tracking:/home/himaj/test_ws/install/test_py_pkg:/home/himaj/test_ws/install/action_py:/home/himaj/xbox_ros_ws/install/xbox_turtle_controller:/home/himaj/bot_alignment/install/ball_detection:/home/himaj/bot_alignment/install/SerialCom:/home/himaj/arm_ros_ws/install/control_joint_states:/home/himaj/install/my_py_pkg:/home/himaj/ros2_ws/install/my_py_pkg:/opt/ros/humble /usr/bin/cmake --build /home/himaj/r2_ws/src/build/r2_description -- -j12 -l12
[0.391s] DEBUG:colcon.colcon_core.event_handler.log_command:Invoking command in '/home/himaj/r2_ws/src/build/r2_interfaces': CMAKE_PREFIX_PATH=${CMAKE_PREFIX_PATH}:/home/himaj/r2_ws/install/silo_tracking:/home/himaj/r2_ws/install/r2_py:/home/himaj/r2_ws/install/luna_control:/home/himaj/r2_ws/install/ball_tracking:/home/himaj/test_ws/install/test_py_pkg:/home/himaj/test_ws/install/action_py:/home/himaj/xbox_ros_ws/install/xbox_turtle_controller:/home/himaj/bot_alignment/install/ball_detection:/home/himaj/bot_alignment/install/SerialCom:/home/himaj/arm_ros_ws/install/control_joint_states:/home/himaj/install/my_py_pkg:/home/himaj/ros2_ws/install/my_py_pkg:/opt/ros/humble /usr/bin/cmake --build /home/himaj/r2_ws/src/build/r2_interfaces -- -j12 -l12
[0.649s] INFO:colcon.colcon_core.task.python.build:Building Python package in '/home/himaj/r2_ws/src/ball_tracking'
[0.649s] INFO:colcon.colcon_core.shell:Skip shell extension 'powershell' for command environment: Not usable outside of PowerShell
[0.649s] DEBUG:colcon.colcon_core.shell:Skip shell extension 'dsv' for command environment
[0.662s] DEBUG:colcon.colcon_core.event_handler.log_command:Invoking command in '/home/himaj/r2_ws/src/build/line_following': CMAKE_PREFIX_PATH=${CMAKE_PREFIX_PATH}:/home/himaj/r2_ws/install/silo_tracking:/home/himaj/r2_ws/install/r2_py:/home/himaj/r2_ws/install/luna_control:/home/himaj/r2_ws/install/ball_tracking:/home/himaj/test_ws/install/test_py_pkg:/home/himaj/test_ws/install/action_py:/home/himaj/xbox_ros_ws/install/xbox_turtle_controller:/home/himaj/bot_alignment/install/ball_detection:/home/himaj/bot_alignment/install/SerialCom:/home/himaj/arm_ros_ws/install/control_joint_states:/home/himaj/install/my_py_pkg:/home/himaj/ros2_ws/install/my_py_pkg:/opt/ros/humble /usr/bin/cmake --build /home/himaj/r2_ws/src/build/line_following -- -j12 -l12
[0.933s] INFO:colcon.colcon_core.task.python.build:Building Python package in '/home/himaj/r2_ws/src/silo_tracking'
[0.934s] INFO:colcon.colcon_core.shell:Skip shell extension 'powershell' for command environment: Not usable outside of PowerShell
[0.934s] DEBUG:colcon.colcon_core.shell:Skip shell extension 'dsv' for command environment
[0.945s] DEBUG:colcon.colcon_core.event_handler.log_command:Invoked command in '/home/himaj/r2_ws/src/build/r2_description' returned '0': CMAKE_PREFIX_PATH=${CMAKE_PREFIX_PATH}:/home/himaj/r2_ws/install/silo_tracking:/home/himaj/r2_ws/install/r2_py:/home/himaj/r2_ws/install/luna_control:/home/himaj/r2_ws/install/ball_tracking:/home/himaj/test_ws/install/test_py_pkg:/home/himaj/test_ws/install/action_py:/home/himaj/xbox_ros_ws/install/xbox_turtle_controller:/home/himaj/bot_alignment/install/ball_detection:/home/himaj/bot_alignment/install/SerialCom:/home/himaj/arm_ros_ws/install/control_joint_states:/home/himaj/install/my_py_pkg:/home/himaj/ros2_ws/install/my_py_pkg:/opt/ros/humble /usr/bin/cmake --build /home/himaj/r2_ws/src/build/r2_description -- -j12 -l12
[0.950s] DEBUG:colcon.colcon_core.event_handler.log_command:Invoked command in '/home/himaj/r2_ws/src/build/r2_interfaces' returned '0': CMAKE_PREFIX_PATH=${CMAKE_PREFIX_PATH}:/home/himaj/r2_ws/install/silo_tracking:/home/himaj/r2_ws/install/r2_py:/home/himaj/r2_ws/install/luna_control:/home/himaj/r2_ws/install/ball_tracking:/home/himaj/test_ws/install/test_py_pkg:/home/himaj/test_ws/install/action_py:/home/himaj/xbox_ros_ws/install/xbox_turtle_controller:/home/himaj/bot_alignment/install/ball_detection:/home/himaj/bot_alignment/install/SerialCom:/home/himaj/arm_ros_ws/install/control_joint_states:/home/himaj/install/my_py_pkg:/home/himaj/ros2_ws/install/my_py_pkg:/opt/ros/humble /usr/bin/cmake --build /home/himaj/r2_ws/src/build/r2_interfaces -- -j12 -l12
[0.980s] DEBUG:colcon.colcon_core.event_handler.log_command:Invoking command in '/home/himaj/r2_ws/src/build/r2_description': CMAKE_PREFIX_PATH=${CMAKE_PREFIX_PATH}:/home/himaj/r2_ws/install/silo_tracking:/home/himaj/r2_ws/install/r2_py:/home/himaj/r2_ws/install/luna_control:/home/himaj/r2_ws/install/ball_tracking:/home/himaj/test_ws/install/test_py_pkg:/home/himaj/test_ws/install/action_py:/home/himaj/xbox_ros_ws/install/xbox_turtle_controller:/home/himaj/bot_alignment/install/ball_detection:/home/himaj/bot_alignment/install/SerialCom:/home/himaj/arm_ros_ws/install/control_joint_states:/home/himaj/install/my_py_pkg:/home/himaj/ros2_ws/install/my_py_pkg:/opt/ros/humble /usr/bin/cmake --install /home/himaj/r2_ws/src/build/r2_description
[1.006s] Level 1:colcon.colcon_core.environment:create_environment_scripts_only(r2_description)
[1.007s] DEBUG:colcon.colcon_core.event_handler.log_command:Invoked command in '/home/himaj/r2_ws/src/build/r2_description' returned '0': CMAKE_PREFIX_PATH=${CMAKE_PREFIX_PATH}:/home/himaj/r2_ws/install/silo_tracking:/home/himaj/r2_ws/install/r2_py:/home/himaj/r2_ws/install/luna_control:/home/himaj/r2_ws/install/ball_tracking:/home/himaj/test_ws/install/test_py_pkg:/home/himaj/test_ws/install/action_py:/home/himaj/xbox_ros_ws/install/xbox_turtle_controller:/home/himaj/bot_alignment/install/ball_detection:/home/himaj/bot_alignment/install/SerialCom:/home/himaj/arm_ros_ws/install/control_joint_states:/home/himaj/install/my_py_pkg:/home/himaj/ros2_ws/install/my_py_pkg:/opt/ros/humble /usr/bin/cmake --install /home/himaj/r2_ws/src/build/r2_description
[1.009s] Level 1:colcon.colcon_core.environment:checking '/home/himaj/r2_ws/src/install/r2_description' for CMake module files
[1.009s] Level 1:colcon.colcon_core.environment:checking '/home/himaj/r2_ws/src/install/r2_description' for CMake config files
[1.010s] Level 1:colcon.colcon_core.shell:create_environment_hook('r2_description', 'cmake_prefix_path')
[1.010s] INFO:colcon.colcon_core.shell:Creating environment hook '/home/himaj/r2_ws/src/install/r2_description/share/r2_description/hook/cmake_prefix_path.ps1'
[1.010s] INFO:colcon.colcon_core.shell:Creating environment descriptor '/home/himaj/r2_ws/src/install/r2_description/share/r2_description/hook/cmake_prefix_path.dsv'
[1.010s] INFO:colcon.colcon_core.shell:Creating environment hook '/home/himaj/r2_ws/src/install/r2_description/share/r2_description/hook/cmake_prefix_path.sh'
[1.011s] Level 1:colcon.colcon_core.environment:checking '/home/himaj/r2_ws/src/install/r2_description/bin'
[1.011s] Level 1:colcon.colcon_core.environment:checking '/home/himaj/r2_ws/src/install/r2_description/lib/pkgconfig/r2_description.pc'
[1.011s] Level 1:colcon.colcon_core.environment:checking '/home/himaj/r2_ws/src/install/r2_description/lib/python3.10/site-packages'
[1.011s] Level 1:colcon.colcon_core.environment:checking '/home/himaj/r2_ws/src/install/r2_description/bin'
[1.012s] INFO:colcon.colcon_core.shell:Creating package script '/home/himaj/r2_ws/src/install/r2_description/share/r2_description/package.ps1'
[1.012s] INFO:colcon.colcon_core.shell:Creating package descriptor '/home/himaj/r2_ws/src/install/r2_description/share/r2_description/package.dsv'
[1.013s] INFO:colcon.colcon_core.shell:Creating package script '/home/himaj/r2_ws/src/install/r2_description/share/r2_description/package.sh'
[1.014s] INFO:colcon.colcon_core.shell:Creating package script '/home/himaj/r2_ws/src/install/r2_description/share/r2_description/package.bash'
[1.014s] INFO:colcon.colcon_core.shell:Creating package script '/home/himaj/r2_ws/src/install/r2_description/share/r2_description/package.zsh'
[1.015s] Level 1:colcon.colcon_core.environment:create_file_with_runtime_dependencies(/home/himaj/r2_ws/src/install/r2_description/share/colcon-core/packages/r2_description)
[1.026s] DEBUG:colcon.colcon_core.event_handler.log_command:Invoked command in '/home/himaj/r2_ws/src/build/line_following' returned '0': CMAKE_PREFIX_PATH=${CMAKE_PREFIX_PATH}:/home/himaj/r2_ws/install/silo_tracking:/home/himaj/r2_ws/install/r2_py:/home/himaj/r2_ws/install/luna_control:/home/himaj/r2_ws/install/ball_tracking:/home/himaj/test_ws/install/test_py_pkg:/home/himaj/test_ws/install/action_py:/home/himaj/xbox_ros_ws/install/xbox_turtle_controller:/home/himaj/bot_alignment/install/ball_detection:/home/himaj/bot_alignment/install/SerialCom:/home/himaj/arm_ros_ws/install/control_joint_states:/home/himaj/install/my_py_pkg:/home/himaj/ros2_ws/install/my_py_pkg:/opt/ros/humble /usr/bin/cmake --build /home/himaj/r2_ws/src/build/line_following -- -j12 -l12
[1.039s] Level 1:colcon.colcon_core.environment:create_environment_scripts_only(r2_description)
[1.039s] Level 1:colcon.colcon_core.environment:checking '/home/himaj/r2_ws/src/install/r2_description' for CMake module files
[1.039s] Level 1:colcon.colcon_core.environment:checking '/home/himaj/r2_ws/src/install/r2_description' for CMake config files
[1.039s] Level 1:colcon.colcon_core.shell:create_environment_hook('r2_description', 'cmake_prefix_path')
[1.040s] INFO:colcon.colcon_core.shell:Creating environment hook '/home/himaj/r2_ws/src/install/r2_description/share/r2_description/hook/cmake_prefix_path.ps1'
[1.040s] INFO:colcon.colcon_core.shell:Creating environment descriptor '/home/himaj/r2_ws/src/install/r2_description/share/r2_description/hook/cmake_prefix_path.dsv'
[1.040s] INFO:colcon.colcon_core.shell:Creating environment hook '/home/himaj/r2_ws/src/install/r2_description/share/r2_description/hook/cmake_prefix_path.sh'
[1.041s] Level 1:colcon.colcon_core.environment:checking '/home/himaj/r2_ws/src/install/r2_description/bin'
[1.041s] Level 1:colcon.colcon_core.environment:checking '/home/himaj/r2_ws/src/install/r2_description/lib/pkgconfig/r2_description.pc'
[1.041s] Level 1:colcon.colcon_core.environment:checking '/home/himaj/r2_ws/src/install/r2_description/lib/python3.10/site-packages'
[1.041s] Level 1:colcon.colcon_core.environment:checking '/home/himaj/r2_ws/src/install/r2_description/bin'
[1.041s] INFO:colcon.colcon_core.shell:Creating package script '/home/himaj/r2_ws/src/install/r2_description/share/r2_description/package.ps1'
[1.042s] INFO:colcon.colcon_core.shell:Creating package descriptor '/home/himaj/r2_ws/src/install/r2_description/share/r2_description/package.dsv'
[1.042s] INFO:colcon.colcon_core.shell:Creating package script '/home/himaj/r2_ws/src/install/r2_description/share/r2_description/package.sh'
[1.042s] INFO:colcon.colcon_core.shell:Creating package script '/home/himaj/r2_ws/src/install/r2_description/share/r2_description/package.bash'
[1.042s] INFO:colcon.colcon_core.shell:Creating package script '/home/himaj/r2_ws/src/install/r2_description/share/r2_description/package.zsh'
[1.043s] Level 1:colcon.colcon_core.environment:create_file_with_runtime_dependencies(/home/himaj/r2_ws/src/install/r2_description/share/colcon-core/packages/r2_description)
[1.057s] DEBUG:colcon.colcon_core.event_handler.log_command:Invoking command in '/home/himaj/r2_ws/src/build/line_following': CMAKE_PREFIX_PATH=${CMAKE_PREFIX_PATH}:/home/himaj/r2_ws/install/silo_tracking:/home/himaj/r2_ws/install/r2_py:/home/himaj/r2_ws/install/luna_control:/home/himaj/r2_ws/install/ball_tracking:/home/himaj/test_ws/install/test_py_pkg:/home/himaj/test_ws/install/action_py:/home/himaj/xbox_ros_ws/install/xbox_turtle_controller:/home/himaj/bot_alignment/install/ball_detection:/home/himaj/bot_alignment/install/SerialCom:/home/himaj/arm_ros_ws/install/control_joint_states:/home/himaj/install/my_py_pkg:/home/himaj/ros2_ws/install/my_py_pkg:/opt/ros/humble /usr/bin/cmake --install /home/himaj/r2_ws/src/build/line_following
[1.063s] DEBUG:colcon.colcon_core.event_handler.log_command:Invoking command in '/home/himaj/r2_ws/src/build/r2_interfaces': CMAKE_PREFIX_PATH=${CMAKE_PREFIX_PATH}:/home/himaj/r2_ws/install/silo_tracking:/home/himaj/r2_ws/install/r2_py:/home/himaj/r2_ws/install/luna_control:/home/himaj/r2_ws/install/ball_tracking:/home/himaj/test_ws/install/test_py_pkg:/home/himaj/test_ws/install/action_py:/home/himaj/xbox_ros_ws/install/xbox_turtle_controller:/home/himaj/bot_alignment/install/ball_detection:/home/himaj/bot_alignment/install/SerialCom:/home/himaj/arm_ros_ws/install/control_joint_states:/home/himaj/install/my_py_pkg:/home/himaj/ros2_ws/install/my_py_pkg:/opt/ros/humble /usr/bin/cmake --install /home/himaj/r2_ws/src/build/r2_interfaces
[1.123s] Level 1:colcon.colcon_core.environment:create_environment_scripts_only(line_following)
[1.124s] Level 1:colcon.colcon_core.environment:checking '/home/himaj/r2_ws/src/install/line_following' for CMake module files
[1.124s] DEBUG:colcon.colcon_core.event_handler.log_command:Invoked command in '/home/himaj/r2_ws/src/build/line_following' returned '0': CMAKE_PREFIX_PATH=${CMAKE_PREFIX_PATH}:/home/himaj/r2_ws/install/silo_tracking:/home/himaj/r2_ws/install/r2_py:/home/himaj/r2_ws/install/luna_control:/home/himaj/r2_ws/install/ball_tracking:/home/himaj/test_ws/install/test_py_pkg:/home/himaj/test_ws/install/action_py:/home/himaj/xbox_ros_ws/install/xbox_turtle_controller:/home/himaj/bot_alignment/install/ball_detection:/home/himaj/bot_alignment/install/SerialCom:/home/himaj/arm_ros_ws/install/control_joint_states:/home/himaj/install/my_py_pkg:/home/himaj/ros2_ws/install/my_py_pkg:/opt/ros/humble /usr/bin/cmake --install /home/himaj/r2_ws/src/build/line_following
[1.125s] Level 1:colcon.colcon_core.environment:checking '/home/himaj/r2_ws/src/install/line_following' for CMake config files
[1.125s] Level 1:colcon.colcon_core.shell:create_environment_hook('line_following', 'cmake_prefix_path')
[1.125s] INFO:colcon.colcon_core.shell:Creating environment hook '/home/himaj/r2_ws/src/install/line_following/share/line_following/hook/cmake_prefix_path.ps1'
[1.126s] INFO:colcon.colcon_core.shell:Creating environment descriptor '/home/himaj/r2_ws/src/install/line_following/share/line_following/hook/cmake_prefix_path.dsv'
[1.126s] INFO:colcon.colcon_core.shell:Creating environment hook '/home/himaj/r2_ws/src/install/line_following/share/line_following/hook/cmake_prefix_path.sh'
[1.126s] Level 1:colcon.colcon_core.environment:checking '/home/himaj/r2_ws/src/install/line_following/lib'
[1.127s] Level 1:colcon.colcon_core.environment:checking '/home/himaj/r2_ws/src/install/line_following/bin'
[1.127s] Level 1:colcon.colcon_core.environment:checking '/home/himaj/r2_ws/src/install/line_following/lib/pkgconfig/line_following.pc'
[1.127s] Level 1:colcon.colcon_core.environment:checking '/home/himaj/r2_ws/src/install/line_following/lib/python3.10/site-packages'
[1.127s] Level 1:colcon.colcon_core.environment:checking '/home/himaj/r2_ws/src/install/line_following/bin'
[1.127s] INFO:colcon.colcon_core.shell:Creating package script '/home/himaj/r2_ws/src/install/line_following/share/line_following/package.ps1'
[1.127s] INFO:colcon.colcon_core.shell:Creating package descriptor '/home/himaj/r2_ws/src/install/line_following/share/line_following/package.dsv'
[1.128s] INFO:colcon.colcon_core.shell:Creating package script '/home/himaj/r2_ws/src/install/line_following/share/line_following/package.sh'
[1.128s] INFO:colcon.colcon_core.shell:Creating package script '/home/himaj/r2_ws/src/install/line_following/share/line_following/package.bash'
[1.128s] INFO:colcon.colcon_core.shell:Creating package script '/home/himaj/r2_ws/src/install/line_following/share/line_following/package.zsh'
[1.129s] Level 1:colcon.colcon_core.environment:create_file_with_runtime_dependencies(/home/himaj/r2_ws/src/install/line_following/share/colcon-core/packages/line_following)
[1.145s] Level 1:colcon.colcon_core.environment:create_environment_scripts_only(r2_interfaces)
[1.145s] Level 1:colcon.colcon_core.environment:checking '/home/himaj/r2_ws/src/install/r2_interfaces' for CMake module files
[1.146s] DEBUG:colcon.colcon_core.event_handler.log_command:Invoked command in '/home/himaj/r2_ws/src/build/r2_interfaces' returned '0': CMAKE_PREFIX_PATH=${CMAKE_PREFIX_PATH}:/home/himaj/r2_ws/install/silo_tracking:/home/himaj/r2_ws/install/r2_py:/home/himaj/r2_ws/install/luna_control:/home/himaj/r2_ws/install/ball_tracking:/home/himaj/test_ws/install/test_py_pkg:/home/himaj/test_ws/install/action_py:/home/himaj/xbox_ros_ws/install/xbox_turtle_controller:/home/himaj/bot_alignment/install/ball_detection:/home/himaj/bot_alignment/install/SerialCom:/home/himaj/arm_ros_ws/install/control_joint_states:/home/himaj/install/my_py_pkg:/home/himaj/ros2_ws/install/my_py_pkg:/opt/ros/humble /usr/bin/cmake --install /home/himaj/r2_ws/src/build/r2_interfaces
[1.146s] Level 1:colcon.colcon_core.environment:checking '/home/himaj/r2_ws/src/install/r2_interfaces' for CMake config files
[1.147s] Level 1:colcon.colcon_core.shell:create_environment_hook('r2_interfaces', 'cmake_prefix_path')
[1.147s] INFO:colcon.colcon_core.shell:Creating environment hook '/home/himaj/r2_ws/src/install/r2_interfaces/share/r2_interfaces/hook/cmake_prefix_path.ps1'
[1.148s] INFO:colcon.colcon_core.shell:Creating environment descriptor '/home/himaj/r2_ws/src/install/r2_interfaces/share/r2_interfaces/hook/cmake_prefix_path.dsv'
[1.148s] INFO:colcon.colcon_core.shell:Creating environment hook '/home/himaj/r2_ws/src/install/r2_interfaces/share/r2_interfaces/hook/cmake_prefix_path.sh'
[1.148s] Level 1:colcon.colcon_core.environment:checking '/home/himaj/r2_ws/src/install/r2_interfaces/lib'
[1.148s] Level 1:colcon.colcon_core.shell:create_environment_hook('r2_interfaces', 'ld_library_path_lib')
[1.149s] INFO:colcon.colcon_core.shell:Creating environment hook '/home/himaj/r2_ws/src/install/r2_interfaces/share/r2_interfaces/hook/ld_library_path_lib.ps1'
[1.149s] INFO:colcon.colcon_core.shell:Creating environment descriptor '/home/himaj/r2_ws/src/install/r2_interfaces/share/r2_interfaces/hook/ld_library_path_lib.dsv'
[1.149s] INFO:colcon.colcon_core.shell:Creating environment hook '/home/himaj/r2_ws/src/install/r2_interfaces/share/r2_interfaces/hook/ld_library_path_lib.sh'
[1.149s] Level 1:colcon.colcon_core.environment:checking '/home/himaj/r2_ws/src/install/r2_interfaces/bin'
[1.149s] Level 1:colcon.colcon_core.environment:checking '/home/himaj/r2_ws/src/install/r2_interfaces/lib/pkgconfig/r2_interfaces.pc'
[1.150s] Level 1:colcon.colcon_core.environment:checking '/home/himaj/r2_ws/src/install/r2_interfaces/lib/python3.10/site-packages'
[1.150s] Level 1:colcon.colcon_core.environment:checking '/home/himaj/r2_ws/src/install/r2_interfaces/bin'
[1.150s] INFO:colcon.colcon_core.shell:Creating package script '/home/himaj/r2_ws/src/install/r2_interfaces/share/r2_interfaces/package.ps1'
[1.150s] INFO:colcon.colcon_core.shell:Creating package descriptor '/home/himaj/r2_ws/src/install/r2_interfaces/share/r2_interfaces/package.dsv'
[1.151s] INFO:colcon.colcon_core.shell:Creating package script '/home/himaj/r2_ws/src/install/r2_interfaces/share/r2_interfaces/package.sh'
[1.151s] INFO:colcon.colcon_core.shell:Creating package script '/home/himaj/r2_ws/src/install/r2_interfaces/share/r2_interfaces/package.bash'
[1.151s] INFO:colcon.colcon_core.shell:Creating package script '/home/himaj/r2_ws/src/install/r2_interfaces/share/r2_interfaces/package.zsh'
[1.151s] Level 1:colcon.colcon_core.environment:create_file_with_runtime_dependencies(/home/himaj/r2_ws/src/install/r2_interfaces/share/colcon-core/packages/r2_interfaces)
[1.159s] Level 1:colcon.colcon_core.environment:create_environment_scripts_only(line_following)
[1.159s] Level 1:colcon.colcon_core.environment:checking '/home/himaj/r2_ws/src/install/line_following' for CMake module files
[1.160s] Level 1:colcon.colcon_core.environment:checking '/home/himaj/r2_ws/src/install/line_following' for CMake config files
[1.160s] Level 1:colcon.colcon_core.shell:create_environment_hook('line_following', 'cmake_prefix_path')
[1.161s] INFO:colcon.colcon_core.shell:Creating environment hook '/home/himaj/r2_ws/src/install/line_following/share/line_following/hook/cmake_prefix_path.ps1'
[1.161s] INFO:colcon.colcon_core.shell:Creating environment descriptor '/home/himaj/r2_ws/src/install/line_following/share/line_following/hook/cmake_prefix_path.dsv'
[1.161s] INFO:colcon.colcon_core.shell:Creating environment hook '/home/himaj/r2_ws/src/install/line_following/share/line_following/hook/cmake_prefix_path.sh'
[1.162s] Level 1:colcon.colcon_core.environment:checking '/home/himaj/r2_ws/src/install/line_following/lib'
[1.162s] Level 1:colcon.colcon_core.environment:checking '/home/himaj/r2_ws/src/install/line_following/bin'
[1.162s] Level 1:colcon.colcon_core.environment:checking '/home/himaj/r2_ws/src/install/line_following/lib/pkgconfig/line_following.pc'
[1.162s] Level 1:colcon.colcon_core.environment:checking '/home/himaj/r2_ws/src/install/line_following/lib/python3.10/site-packages'
[1.163s] Level 1:colcon.colcon_core.environment:checking '/home/himaj/r2_ws/src/install/line_following/bin'
[1.163s] INFO:colcon.colcon_core.shell:Creating package script '/home/himaj/r2_ws/src/install/line_following/share/line_following/package.ps1'
[1.164s] INFO:colcon.colcon_core.shell:Creating package descriptor '/home/himaj/r2_ws/src/install/line_following/share/line_following/package.dsv'
[1.164s] INFO:colcon.colcon_core.shell:Creating package script '/home/himaj/r2_ws/src/install/line_following/share/line_following/package.sh'
[1.164s] INFO:colcon.colcon_core.shell:Creating package script '/home/himaj/r2_ws/src/install/line_following/share/line_following/package.bash'
[1.165s] INFO:colcon.colcon_core.shell:Creating package script '/home/himaj/r2_ws/src/install/line_following/share/line_following/package.zsh'
[1.165s] Level 1:colcon.colcon_core.environment:create_file_with_runtime_dependencies(/home/himaj/r2_ws/src/install/line_following/share/colcon-core/packages/line_following)
[1.262s] Level 1:colcon.colcon_core.environment:create_environment_scripts_only(r2_interfaces)
[1.262s] Level 1:colcon.colcon_core.environment:checking '/home/himaj/r2_ws/src/install/r2_interfaces' for CMake module files
[1.263s] Level 1:colcon.colcon_core.environment:checking '/home/himaj/r2_ws/src/install/r2_interfaces' for CMake config files
[1.263s] Level 1:colcon.colcon_core.shell:create_environment_hook('r2_interfaces', 'cmake_prefix_path')
[1.263s] INFO:colcon.colcon_core.shell:Creating environment hook '/home/himaj/r2_ws/src/install/r2_interfaces/share/r2_interfaces/hook/cmake_prefix_path.ps1'
[1.264s] INFO:colcon.colcon_core.shell:Creating environment descriptor '/home/himaj/r2_ws/src/install/r2_interfaces/share/r2_interfaces/hook/cmake_prefix_path.dsv'
[1.264s] INFO:colcon.colcon_core.shell:Creating environment hook '/home/himaj/r2_ws/src/install/r2_interfaces/share/r2_interfaces/hook/cmake_prefix_path.sh'
[1.265s] Level 1:colcon.colcon_core.environment:checking '/home/himaj/r2_ws/src/install/r2_interfaces/lib'
[1.265s] Level 1:colcon.colcon_core.shell:create_environment_hook('r2_interfaces', 'ld_library_path_lib')
[1.265s] INFO:colcon.colcon_core.shell:Creating environment hook '/home/himaj/r2_ws/src/install/r2_interfaces/share/r2_interfaces/hook/ld_library_path_lib.ps1'
[1.265s] INFO:colcon.colcon_core.shell:Creating environment descriptor '/home/himaj/r2_ws/src/install/r2_interfaces/share/r2_interfaces/hook/ld_library_path_lib.dsv'
[1.265s] INFO:colcon.colcon_core.shell:Creating environment hook '/home/himaj/r2_ws/src/install/r2_interfaces/share/r2_interfaces/hook/ld_library_path_lib.sh'
[1.266s] Level 1:colcon.colcon_core.environment:checking '/home/himaj/r2_ws/src/install/r2_interfaces/bin'
[1.266s] Level 1:colcon.colcon_core.environment:checking '/home/himaj/r2_ws/src/install/r2_interfaces/lib/pkgconfig/r2_interfaces.pc'
[1.266s] Level 1:colcon.colcon_core.environment:checking '/home/himaj/r2_ws/src/install/r2_interfaces/lib/python3.10/site-packages'
[1.266s] Level 1:colcon.colcon_core.environment:checking '/home/himaj/r2_ws/src/install/r2_interfaces/bin'
[1.266s] INFO:colcon.colcon_core.shell:Creating package script '/home/himaj/r2_ws/src/install/r2_interfaces/share/r2_interfaces/package.ps1'
[1.267s] INFO:colcon.colcon_core.shell:Creating package descriptor '/home/himaj/r2_ws/src/install/r2_interfaces/share/r2_interfaces/package.dsv'
[1.267s] INFO:colcon.colcon_core.shell:Creating package script '/home/himaj/r2_ws/src/install/r2_interfaces/share/r2_interfaces/package.sh'
[1.267s] INFO:colcon.colcon_core.shell:Creating package script '/home/himaj/r2_ws/src/install/r2_interfaces/share/r2_interfaces/package.bash'
[1.268s] INFO:colcon.colcon_core.shell:Creating package script '/home/himaj/r2_ws/src/install/r2_interfaces/share/r2_interfaces/package.zsh'
[1.268s] Level 1:colcon.colcon_core.environment:create_file_with_runtime_dependencies(/home/himaj/r2_ws/src/install/r2_interfaces/share/colcon-core/packages/r2_interfaces)
[1.268s] INFO:colcon.colcon_ros.task.ament_python.build:Building ROS package in '/home/himaj/r2_ws/src/r2_py' with build type 'ament_python'
[1.268s] Level 1:colcon.colcon_core.shell:create_environment_hook('r2_py', 'ament_prefix_path')
[1.269s] INFO:colcon.colcon_core.shell:Creating environment hook '/home/himaj/r2_ws/src/install/r2_py/share/r2_py/hook/ament_prefix_path.ps1'
[1.269s] INFO:colcon.colcon_core.shell:Creating environment descriptor '/home/himaj/r2_ws/src/install/r2_py/share/r2_py/hook/ament_prefix_path.dsv'
[1.270s] INFO:colcon.colcon_core.shell:Creating environment hook '/home/himaj/r2_ws/src/install/r2_py/share/r2_py/hook/ament_prefix_path.sh'
[1.270s] INFO:colcon.colcon_core.shell:Skip shell extension 'powershell' for command environment: Not usable outside of PowerShell
[1.270s] DEBUG:colcon.colcon_core.shell:Skip shell extension 'dsv' for command environment
[1.277s] INFO:colcon.colcon_ros.task.ament_python.build:Building ROS package in '/home/himaj/r2_ws/src/luna_control' with build type 'ament_python'
[1.277s] Level 1:colcon.colcon_core.shell:create_environment_hook('luna_control', 'ament_prefix_path')
[1.278s] INFO:colcon.colcon_core.shell:Creating environment hook '/home/himaj/r2_ws/src/install/luna_control/share/luna_control/hook/ament_prefix_path.ps1'
[1.278s] INFO:colcon.colcon_core.shell:Creating environment descriptor '/home/himaj/r2_ws/src/install/luna_control/share/luna_control/hook/ament_prefix_path.dsv'
[1.278s] INFO:colcon.colcon_core.shell:Creating environment hook '/home/himaj/r2_ws/src/install/luna_control/share/luna_control/hook/ament_prefix_path.sh'
[1.279s] INFO:colcon.colcon_core.shell:Skip shell extension 'powershell' for command environment: Not usable outside of PowerShell
[1.279s] DEBUG:colcon.colcon_core.shell:Skip shell extension 'dsv' for command environment
[1.532s] INFO:colcon.colcon_core.task.python.build:Building Python package in '/home/himaj/r2_ws/src/r2_py'
[1.532s] INFO:colcon.colcon_core.shell:Skip shell extension 'powershell' for command environment: Not usable outside of PowerShell
[1.532s] DEBUG:colcon.colcon_core.shell:Skip shell extension 'dsv' for command environment
[1.542s] DEBUG:colcon.colcon_core.event_handler.log_command:Invoking command in '/home/himaj/r2_ws/src/build/ball_tracking': PYTHONPATH=/home/himaj/r2_ws/src/build/ball_tracking/prefix_override:/home/himaj/r2_ws/src/install/ball_tracking/lib/python3.10/site-packages:${PYTHONPATH} /usr/bin/python3 -W ignore:setup.py install is deprecated setup.py develop --editable --build-directory /home/himaj/r2_ws/src/build/ball_tracking/build --no-deps symlink_data
[1.543s] DEBUG:colcon.colcon_core.event_handler.log_command:Invoking command in '/home/himaj/r2_ws/src/build/silo_tracking': PYTHONPATH=/home/himaj/r2_ws/src/build/silo_tracking/prefix_override:/home/himaj/r2_ws/src/install/silo_tracking/lib/python3.10/site-packages:${PYTHONPATH} /usr/bin/python3 -W ignore:setup.py install is deprecated setup.py develop --editable --build-directory /home/himaj/r2_ws/src/build/silo_tracking/build --no-deps symlink_data
[1.793s] INFO:colcon.colcon_core.task.python.build:Building Python package in '/home/himaj/r2_ws/src/luna_control'
[1.793s] INFO:colcon.colcon_core.shell:Skip shell extension 'powershell' for command environment: Not usable outside of PowerShell
[1.793s] DEBUG:colcon.colcon_core.shell:Skip shell extension 'dsv' for command environment
[2.000s] Level 1:colcon.colcon_core.shell:create_environment_hook('silo_tracking', 'pythonpath_develop')
[2.000s] INFO:colcon.colcon_core.shell:Creating environment hook '/home/himaj/r2_ws/src/build/silo_tracking/share/silo_tracking/hook/pythonpath_develop.ps1'
[2.000s] DEBUG:colcon.colcon_core.event_handler.log_command:Invoked command in '/home/himaj/r2_ws/src/build/silo_tracking' returned '0': PYTHONPATH=/home/himaj/r2_ws/src/build/silo_tracking/prefix_override:/home/himaj/r2_ws/src/install/silo_tracking/lib/python3.10/site-packages:${PYTHONPATH} /usr/bin/python3 -W ignore:setup.py install is deprecated setup.py develop --editable --build-directory /home/himaj/r2_ws/src/build/silo_tracking/build --no-deps symlink_data
[2.001s] INFO:colcon.colcon_core.shell:Creating environment descriptor '/home/himaj/r2_ws/src/build/silo_tracking/share/silo_tracking/hook/pythonpath_develop.dsv'
[2.001s] INFO:colcon.colcon_core.shell:Creating environment hook '/home/himaj/r2_ws/src/build/silo_tracking/share/silo_tracking/hook/pythonpath_develop.sh'
[2.001s] Level 1:colcon.colcon_core.environment:checking '/home/himaj/r2_ws/src/install/silo_tracking' for CMake module files
[2.002s] Level 1:colcon.colcon_core.environment:checking '/home/himaj/r2_ws/src/install/silo_tracking' for CMake config files
[2.002s] Level 1:colcon.colcon_core.environment:checking '/home/himaj/r2_ws/src/install/silo_tracking/lib'
[2.002s] Level 1:colcon.colcon_core.environment:checking '/home/himaj/r2_ws/src/install/silo_tracking/bin'
[2.002s] Level 1:colcon.colcon_core.environment:checking '/home/himaj/r2_ws/src/install/silo_tracking/lib/pkgconfig/silo_tracking.pc'
[2.002s] Level 1:colcon.colcon_core.environment:checking '/home/himaj/r2_ws/src/install/silo_tracking/lib/python3.10/site-packages'
[2.002s] Level 1:colcon.colcon_core.shell:create_environment_hook('silo_tracking', 'pythonpath')
[2.002s] INFO:colcon.colcon_core.shell:Creating environment hook '/home/himaj/r2_ws/src/install/silo_tracking/share/silo_tracking/hook/pythonpath.ps1'
[2.003s] INFO:colcon.colcon_core.shell:Creating environment descriptor '/home/himaj/r2_ws/src/install/silo_tracking/share/silo_tracking/hook/pythonpath.dsv'
[2.003s] INFO:colcon.colcon_core.shell:Creating environment hook '/home/himaj/r2_ws/src/install/silo_tracking/share/silo_tracking/hook/pythonpath.sh'
[2.003s] Level 1:colcon.colcon_core.environment:checking '/home/himaj/r2_ws/src/install/silo_tracking/bin'
[2.003s] Level 1:colcon.colcon_core.environment:create_environment_scripts_only(silo_tracking)
[2.004s] INFO:colcon.colcon_core.shell:Creating package script '/home/himaj/r2_ws/src/install/silo_tracking/share/silo_tracking/package.ps1'
[2.004s] INFO:colcon.colcon_core.shell:Creating package descriptor '/home/himaj/r2_ws/src/install/silo_tracking/share/silo_tracking/package.dsv'
[2.005s] INFO:colcon.colcon_core.shell:Creating package script '/home/himaj/r2_ws/src/install/silo_tracking/share/silo_tracking/package.sh'
[2.005s] INFO:colcon.colcon_core.shell:Creating package script '/home/himaj/r2_ws/src/install/silo_tracking/share/silo_tracking/package.bash'
[2.005s] INFO:colcon.colcon_core.shell:Creating package script '/home/himaj/r2_ws/src/install/silo_tracking/share/silo_tracking/package.zsh'
[2.005s] Level 1:colcon.colcon_core.environment:create_file_with_runtime_dependencies(/home/himaj/r2_ws/src/install/silo_tracking/share/colcon-core/packages/silo_tracking)
[2.006s] Level 1:colcon.colcon_core.shell:create_environment_hook('ball_tracking', 'pythonpath_develop')
[2.006s] INFO:colcon.colcon_core.shell:Creating environment hook '/home/himaj/r2_ws/src/build/ball_tracking/share/ball_tracking/hook/pythonpath_develop.ps1'
[2.007s] DEBUG:colcon.colcon_core.event_handler.log_command:Invoked command in '/home/himaj/r2_ws/src/build/ball_tracking' returned '0': PYTHONPATH=/home/himaj/r2_ws/src/build/ball_tracking/prefix_override:/home/himaj/r2_ws/src/install/ball_tracking/lib/python3.10/site-packages:${PYTHONPATH} /usr/bin/python3 -W ignore:setup.py install is deprecated setup.py develop --editable --build-directory /home/himaj/r2_ws/src/build/ball_tracking/build --no-deps symlink_data
[2.007s] INFO:colcon.colcon_core.shell:Creating environment descriptor '/home/himaj/r2_ws/src/build/ball_tracking/share/ball_tracking/hook/pythonpath_develop.dsv'
[2.007s] INFO:colcon.colcon_core.shell:Creating environment hook '/home/himaj/r2_ws/src/build/ball_tracking/share/ball_tracking/hook/pythonpath_develop.sh'
[2.008s] Level 1:colcon.colcon_core.environment:checking '/home/himaj/r2_ws/src/install/ball_tracking' for CMake module files
[2.008s] Level 1:colcon.colcon_core.environment:checking '/home/himaj/r2_ws/src/install/ball_tracking' for CMake config files
[2.008s] Level 1:colcon.colcon_core.environment:checking '/home/himaj/r2_ws/src/install/ball_tracking/lib'
[2.008s] Level 1:colcon.colcon_core.environment:checking '/home/himaj/r2_ws/src/install/ball_tracking/bin'
[2.008s] Level 1:colcon.colcon_core.environment:checking '/home/himaj/r2_ws/src/install/ball_tracking/lib/pkgconfig/ball_tracking.pc'
[2.009s] Level 1:colcon.colcon_core.environment:checking '/home/himaj/r2_ws/src/install/ball_tracking/lib/python3.10/site-packages'
[2.009s] Level 1:colcon.colcon_core.shell:create_environment_hook('ball_tracking', 'pythonpath')
[2.009s] INFO:colcon.colcon_core.shell:Creating environment hook '/home/himaj/r2_ws/src/install/ball_tracking/share/ball_tracking/hook/pythonpath.ps1'
[2.009s] INFO:colcon.colcon_core.shell:Creating environment descriptor '/home/himaj/r2_ws/src/install/ball_tracking/share/ball_tracking/hook/pythonpath.dsv'
[2.009s] INFO:colcon.colcon_core.shell:Creating environment hook '/home/himaj/r2_ws/src/install/ball_tracking/share/ball_tracking/hook/pythonpath.sh'
[2.010s] Level 1:colcon.colcon_core.environment:checking '/home/himaj/r2_ws/src/install/ball_tracking/bin'
[2.010s] Level 1:colcon.colcon_core.environment:create_environment_scripts_only(ball_tracking)
[2.010s] INFO:colcon.colcon_core.shell:Creating package script '/home/himaj/r2_ws/src/install/ball_tracking/share/ball_tracking/package.ps1'
[2.010s] INFO:colcon.colcon_core.shell:Creating package descriptor '/home/himaj/r2_ws/src/install/ball_tracking/share/ball_tracking/package.dsv'
[2.011s] INFO:colcon.colcon_core.shell:Creating package script '/home/himaj/r2_ws/src/install/ball_tracking/share/ball_tracking/package.sh'
[2.011s] INFO:colcon.colcon_core.shell:Creating package script '/home/himaj/r2_ws/src/install/ball_tracking/share/ball_tracking/package.bash'
[2.011s] INFO:colcon.colcon_core.shell:Creating package script '/home/himaj/r2_ws/src/install/ball_tracking/share/ball_tracking/package.zsh'
[2.011s] Level 1:colcon.colcon_core.environment:create_file_with_runtime_dependencies(/home/himaj/r2_ws/src/install/ball_tracking/share/colcon-core/packages/ball_tracking)
[2.134s] DEBUG:colcon.colcon_core.event_handler.log_command:Invoking command in '/home/himaj/r2_ws/src/build/r2_py': AMENT_PREFIX_PATH=/home/himaj/r2_ws/src/install/r2_interfaces:/home/himaj/r2_ws/src/install/r2_description:${AMENT_PREFIX_PATH} CMAKE_PREFIX_PATH=/home/himaj/r2_ws/src/install/r2_interfaces:/home/himaj/r2_ws/src/install/r2_description:${CMAKE_PREFIX_PATH} LD_LIBRARY_PATH=/home/himaj/r2_ws/src/install/r2_interfaces/lib:/home/himaj/r2_ws/install/r2_interfaces/lib:/home/himaj/r2_ws/install/imu_filter_madgwick/lib:/home/himaj/test_ws/install/my_robot_interfaces/lib:/home/himaj/control_ws/install/ros2_control_demo_example_2/lib:/usr/lib/x86_64-linux-gnu/gazebo-11/plugins:/opt/ros/humble/opt/rviz_ogre_vendor/lib:/opt/ros/humble/lib/x86_64-linux-gnu:/opt/ros/humble/lib:/usr/share/gazebo-11/../../lib/x86_64-linux-gnu/gazebo-11/plugins PYTHONPATH=/home/himaj/r2_ws/src/build/r2_py/prefix_override:/home/himaj/r2_ws/src/install/r2_py/lib/python3.10/site-packages:/home/himaj/r2_ws/src/install/r2_interfaces/local/lib/python3.10/dist-packages:${PYTHONPATH} /usr/bin/python3 -W ignore:setup.py install is deprecated setup.py develop --editable --build-directory /home/himaj/r2_ws/src/build/r2_py/build --no-deps symlink_data
[2.143s] DEBUG:colcon.colcon_core.event_handler.log_command:Invoking command in '/home/himaj/r2_ws/src/build/luna_control': AMENT_PREFIX_PATH=/home/himaj/r2_ws/src/install/r2_interfaces:/home/himaj/r2_ws/src/install/r2_description:${AMENT_PREFIX_PATH} CMAKE_PREFIX_PATH=/home/himaj/r2_ws/src/install/r2_interfaces:/home/himaj/r2_ws/src/install/r2_description:${CMAKE_PREFIX_PATH} LD_LIBRARY_PATH=/home/himaj/r2_ws/src/install/r2_interfaces/lib:/home/himaj/r2_ws/install/r2_interfaces/lib:/home/himaj/r2_ws/install/imu_filter_madgwick/lib:/home/himaj/test_ws/install/my_robot_interfaces/lib:/home/himaj/control_ws/install/ros2_control_demo_example_2/lib:/usr/lib/x86_64-linux-gnu/gazebo-11/plugins:/opt/ros/humble/opt/rviz_ogre_vendor/lib:/opt/ros/humble/lib/x86_64-linux-gnu:/opt/ros/humble/lib:/usr/share/gazebo-11/../../lib/x86_64-linux-gnu/gazebo-11/plugins PYTHONPATH=/home/himaj/r2_ws/src/build/luna_control/prefix_override:/home/himaj/r2_ws/src/install/luna_control/lib/python3.10/site-packages:/home/himaj/r2_ws/src/install/r2_interfaces/local/lib/python3.10/dist-packages:${PYTHONPATH} /usr/bin/python3 -W ignore:setup.py install is deprecated setup.py develop --editable --build-directory /home/himaj/r2_ws/src/build/luna_control/build --no-deps symlink_data
[2.584s] Level 1:colcon.colcon_core.shell:create_environment_hook('luna_control', 'pythonpath_develop')
[2.584s] INFO:colcon.colcon_core.shell:Creating environment hook '/home/himaj/r2_ws/src/build/luna_control/share/luna_control/hook/pythonpath_develop.ps1'
[2.585s] DEBUG:colcon.colcon_core.event_handler.log_command:Invoked command in '/home/himaj/r2_ws/src/build/luna_control' returned '0': AMENT_PREFIX_PATH=/home/himaj/r2_ws/src/install/r2_interfaces:/home/himaj/r2_ws/src/install/r2_description:${AMENT_PREFIX_PATH} CMAKE_PREFIX_PATH=/home/himaj/r2_ws/src/install/r2_interfaces:/home/himaj/r2_ws/src/install/r2_description:${CMAKE_PREFIX_PATH} LD_LIBRARY_PATH=/home/himaj/r2_ws/src/install/r2_interfaces/lib:/home/himaj/r2_ws/install/r2_interfaces/lib:/home/himaj/r2_ws/install/imu_filter_madgwick/lib:/home/himaj/test_ws/install/my_robot_interfaces/lib:/home/himaj/control_ws/install/ros2_control_demo_example_2/lib:/usr/lib/x86_64-linux-gnu/gazebo-11/plugins:/opt/ros/humble/opt/rviz_ogre_vendor/lib:/opt/ros/humble/lib/x86_64-linux-gnu:/opt/ros/humble/lib:/usr/share/gazebo-11/../../lib/x86_64-linux-gnu/gazebo-11/plugins PYTHONPATH=/home/himaj/r2_ws/src/build/luna_control/prefix_override:/home/himaj/r2_ws/src/install/luna_control/lib/python3.10/site-packages:/home/himaj/r2_ws/src/install/r2_interfaces/local/lib/python3.10/dist-packages:${PYTHONPATH} /usr/bin/python3 -W ignore:setup.py install is deprecated setup.py develop --editable --build-directory /home/himaj/r2_ws/src/build/luna_control/build --no-deps symlink_data
[2.585s] INFO:colcon.colcon_core.shell:Creating environment descriptor '/home/himaj/r2_ws/src/build/luna_control/share/luna_control/hook/pythonpath_develop.dsv'
[2.585s] INFO:colcon.colcon_core.shell:Creating environment hook '/home/himaj/r2_ws/src/build/luna_control/share/luna_control/hook/pythonpath_develop.sh'
[2.586s] Level 1:colcon.colcon_core.environment:checking '/home/himaj/r2_ws/src/install/luna_control' for CMake module files
[2.586s] Level 1:colcon.colcon_core.environment:checking '/home/himaj/r2_ws/src/install/luna_control' for CMake config files
[2.587s] Level 1:colcon.colcon_core.environment:checking '/home/himaj/r2_ws/src/install/luna_control/lib'
[2.587s] Level 1:colcon.colcon_core.environment:checking '/home/himaj/r2_ws/src/install/luna_control/bin'
[2.587s] Level 1:colcon.colcon_core.environment:checking '/home/himaj/r2_ws/src/install/luna_control/lib/pkgconfig/luna_control.pc'
[2.587s] Level 1:colcon.colcon_core.environment:checking '/home/himaj/r2_ws/src/install/luna_control/lib/python3.10/site-packages'
[2.587s] Level 1:colcon.colcon_core.shell:create_environment_hook('luna_control', 'pythonpath')
[2.587s] INFO:colcon.colcon_core.shell:Creating environment hook '/home/himaj/r2_ws/src/install/luna_control/share/luna_control/hook/pythonpath.ps1'
[2.587s] INFO:colcon.colcon_core.shell:Creating environment descriptor '/home/himaj/r2_ws/src/install/luna_control/share/luna_control/hook/pythonpath.dsv'
[2.588s] INFO:colcon.colcon_core.shell:Creating environment hook '/home/himaj/r2_ws/src/install/luna_control/share/luna_control/hook/pythonpath.sh'
[2.588s] Level 1:colcon.colcon_core.environment:checking '/home/himaj/r2_ws/src/install/luna_control/bin'
[2.588s] Level 1:colcon.colcon_core.environment:create_environment_scripts_only(luna_control)
[2.588s] INFO:colcon.colcon_core.shell:Creating package script '/home/himaj/r2_ws/src/install/luna_control/share/luna_control/package.ps1'
[2.589s] INFO:colcon.colcon_core.shell:Creating package descriptor '/home/himaj/r2_ws/src/install/luna_control/share/luna_control/package.dsv'
[2.589s] INFO:colcon.colcon_core.shell:Creating package script '/home/himaj/r2_ws/src/install/luna_control/share/luna_control/package.sh'
[2.589s] INFO:colcon.colcon_core.shell:Creating package script '/home/himaj/r2_ws/src/install/luna_control/share/luna_control/package.bash'
[2.590s] INFO:colcon.colcon_core.shell:Creating package script '/home/himaj/r2_ws/src/install/luna_control/share/luna_control/package.zsh'
[2.590s] Level 1:colcon.colcon_core.environment:create_file_with_runtime_dependencies(/home/himaj/r2_ws/src/install/luna_control/share/colcon-core/packages/luna_control)
[2.591s] Level 1:colcon.colcon_core.shell:create_environment_hook('r2_py', 'pythonpath_develop')
[2.591s] INFO:colcon.colcon_core.shell:Creating environment hook '/home/himaj/r2_ws/src/build/r2_py/share/r2_py/hook/pythonpath_develop.ps1'
[2.591s] DEBUG:colcon.colcon_core.event_handler.log_command:Invoked command in '/home/himaj/r2_ws/src/build/r2_py' returned '0': AMENT_PREFIX_PATH=/home/himaj/r2_ws/src/install/r2_interfaces:/home/himaj/r2_ws/src/install/r2_description:${AMENT_PREFIX_PATH} CMAKE_PREFIX_PATH=/home/himaj/r2_ws/src/install/r2_interfaces:/home/himaj/r2_ws/src/install/r2_description:${CMAKE_PREFIX_PATH} LD_LIBRARY_PATH=/home/himaj/r2_ws/src/install/r2_interfaces/lib:/home/himaj/r2_ws/install/r2_interfaces/lib:/home/himaj/r2_ws/install/imu_filter_madgwick/lib:/home/himaj/test_ws/install/my_robot_interfaces/lib:/home/himaj/control_ws/install/ros2_control_demo_example_2/lib:/usr/lib/x86_64-linux-gnu/gazebo-11/plugins:/opt/ros/humble/opt/rviz_ogre_vendor/lib:/opt/ros/humble/lib/x86_64-linux-gnu:/opt/ros/humble/lib:/usr/share/gazebo-11/../../lib/x86_64-linux-gnu/gazebo-11/plugins PYTHONPATH=/home/himaj/r2_ws/src/build/r2_py/prefix_override:/home/himaj/r2_ws/src/install/r2_py/lib/python3.10/site-packages:/home/himaj/r2_ws/src/install/r2_interfaces/local/lib/python3.10/dist-packages:${PYTHONPATH} /usr/bin/python3 -W ignore:setup.py install is deprecated setup.py develop --editable --build-directory /home/himaj/r2_ws/src/build/r2_py/build --no-deps symlink_data
[2.591s] INFO:colcon.colcon_core.shell:Creating environment descriptor '/home/himaj/r2_ws/src/build/r2_py/share/r2_py/hook/pythonpath_develop.dsv'
[2.592s] INFO:colcon.colcon_core.shell:Creating environment hook '/home/himaj/r2_ws/src/build/r2_py/share/r2_py/hook/pythonpath_develop.sh'
[2.592s] Level 1:colcon.colcon_core.environment:checking '/home/himaj/r2_ws/src/install/r2_py' for CMake module files
[2.592s] Level 1:colcon.colcon_core.environment:checking '/home/himaj/r2_ws/src/install/r2_py' for CMake config files
[2.593s] Level 1:colcon.colcon_core.environment:checking '/home/himaj/r2_ws/src/install/r2_py/lib'
[2.593s] Level 1:colcon.colcon_core.environment:checking '/home/himaj/r2_ws/src/install/r2_py/bin'
[2.593s] Level 1:colcon.colcon_core.environment:checking '/home/himaj/r2_ws/src/install/r2_py/lib/pkgconfig/r2_py.pc'
[2.593s] Level 1:colcon.colcon_core.environment:checking '/home/himaj/r2_ws/src/install/r2_py/lib/python3.10/site-packages'
[2.593s] Level 1:colcon.colcon_core.shell:create_environment_hook('r2_py', 'pythonpath')
[2.593s] INFO:colcon.colcon_core.shell:Creating environment hook '/home/himaj/r2_ws/src/install/r2_py/share/r2_py/hook/pythonpath.ps1'
[2.593s] INFO:colcon.colcon_core.shell:Creating environment descriptor '/home/himaj/r2_ws/src/install/r2_py/share/r2_py/hook/pythonpath.dsv'
[2.594s] INFO:colcon.colcon_core.shell:Creating environment hook '/home/himaj/r2_ws/src/install/r2_py/share/r2_py/hook/pythonpath.sh'
[2.594s] Level 1:colcon.colcon_core.environment:checking '/home/himaj/r2_ws/src/install/r2_py/bin'
[2.594s] Level 1:colcon.colcon_core.environment:create_environment_scripts_only(r2_py)
[2.594s] INFO:colcon.colcon_core.shell:Creating package script '/home/himaj/r2_ws/src/install/r2_py/share/r2_py/package.ps1'
[2.595s] INFO:colcon.colcon_core.shell:Creating package descriptor '/home/himaj/r2_ws/src/install/r2_py/share/r2_py/package.dsv'
[2.595s] INFO:colcon.colcon_core.shell:Creating package script '/home/himaj/r2_ws/src/install/r2_py/share/r2_py/package.sh'
[2.595s] INFO:colcon.colcon_core.shell:Creating package script '/home/himaj/r2_ws/src/install/r2_py/share/r2_py/package.bash'
[2.596s] INFO:colcon.colcon_core.shell:Creating package script '/home/himaj/r2_ws/src/install/r2_py/share/r2_py/package.zsh'
[2.596s] Level 1:colcon.colcon_core.environment:create_file_with_runtime_dependencies(/home/himaj/r2_ws/src/install/r2_py/share/colcon-core/packages/r2_py)
[2.596s] INFO:colcon.colcon_ros.task.ament_cmake.build:Building ROS package in '/home/himaj/r2_ws/src/r2_bringup' with build type 'ament_cmake'
[2.596s] INFO:colcon.colcon_cmake.task.cmake.build:Building CMake package in '/home/himaj/r2_ws/src/r2_bringup'
[2.596s] INFO:colcon.colcon_core.shell:Skip shell extension 'powershell' for command environment: Not usable outside of PowerShell
[2.597s] DEBUG:colcon.colcon_core.shell:Skip shell extension 'dsv' for command environment
[2.613s] DEBUG:colcon.colcon_core.event_handler.log_command:Invoking command in '/home/himaj/r2_ws/src/build/r2_bringup': AMENT_PREFIX_PATH=/home/himaj/r2_ws/src/install/r2_py:/home/himaj/r2_ws/src/install/r2_interfaces:/home/himaj/r2_ws/src/install/r2_description:${AMENT_PREFIX_PATH} CMAKE_PREFIX_PATH=/home/himaj/r2_ws/src/install/r2_interfaces:/home/himaj/r2_ws/src/install/r2_description:/home/himaj/r2_ws/install/r2_bringup:/home/himaj/r2_ws/install/r2_interfaces:/home/himaj/r2_ws/install/r2_description:/home/himaj/r2_ws/install/line_following:/home/himaj/r2_ws/install/imu_filter_madgwick:/home/himaj/test_ws/install/test_bringup:/home/himaj/test_ws/install/my_robot_interfaces:/home/himaj/arm_rover/install/arm_urdf:/home/himaj/arm_rover/install/arm_rover_bringup:/home/himaj/test_arm_meshes_ws/install/arm_description:/home/himaj/control_ws/install/ros2_control_demo_example_2:/home/himaj/arm_ros_ws/install/robot_bringup:/home/himaj/arm_ros_ws/install/robot_description:/home/himaj/arm_ros_ws/install/my_robot_description:/home/himaj/install/robot_bringup:/home/himaj/install/robot_description:/home/himaj/install/my_robot_bringup:/home/himaj/install/my_robot_description:/home/himaj/ros2_ws/install/my_robot_bringup:/home/himaj/ros2_ws/install/my_robot_description:/home/himaj/r2_ws/install/silo_tracking:/home/himaj/r2_ws/install/r2_py:/home/himaj/r2_ws/install/luna_control:/home/himaj/r2_ws/install/ball_tracking:/home/himaj/test_ws/install/test_py_pkg:/home/himaj/test_ws/install/action_py:/home/himaj/xbox_ros_ws/install/xbox_turtle_controller:/home/himaj/bot_alignment/install/ball_detection:/home/himaj/bot_alignment/install/SerialCom:/home/himaj/arm_ros_ws/install/control_joint_states:/home/himaj/install/my_py_pkg:/home/himaj/ros2_ws/install/my_py_pkg:/opt/ros/humble LD_LIBRARY_PATH=/home/himaj/r2_ws/src/install/r2_interfaces/lib:/home/himaj/r2_ws/install/r2_interfaces/lib:/home/himaj/r2_ws/install/imu_filter_madgwick/lib:/home/himaj/test_ws/install/my_robot_interfaces/lib:/home/himaj/control_ws/install/ros2_control_demo_example_2/lib:/usr/lib/x86_64-linux-gnu/gazebo-11/plugins:/opt/ros/humble/opt/rviz_ogre_vendor/lib:/opt/ros/humble/lib/x86_64-linux-gnu:/opt/ros/humble/lib:/usr/share/gazebo-11/../../lib/x86_64-linux-gnu/gazebo-11/plugins PYTHONPATH=/home/himaj/r2_ws/src/build/r2_py:/home/himaj/r2_ws/src/install/r2_py/lib/python3.10/site-packages:/home/himaj/r2_ws/src/install/r2_interfaces/local/lib/python3.10/dist-packages:${PYTHONPATH} /usr/bin/cmake --build /home/himaj/r2_ws/src/build/r2_bringup -- -j12 -l12
[2.650s] DEBUG:colcon.colcon_core.event_handler.log_command:Invoked command in '/home/himaj/r2_ws/src/build/r2_bringup' returned '0': AMENT_PREFIX_PATH=/home/himaj/r2_ws/src/install/r2_py:/home/himaj/r2_ws/src/install/r2_interfaces:/home/himaj/r2_ws/src/install/r2_description:${AMENT_PREFIX_PATH} CMAKE_PREFIX_PATH=/home/himaj/r2_ws/src/install/r2_interfaces:/home/himaj/r2_ws/src/install/r2_description:/home/himaj/r2_ws/install/r2_bringup:/home/himaj/r2_ws/install/r2_interfaces:/home/himaj/r2_ws/install/r2_description:/home/himaj/r2_ws/install/line_following:/home/himaj/r2_ws/install/imu_filter_madgwick:/home/himaj/test_ws/install/test_bringup:/home/himaj/test_ws/install/my_robot_interfaces:/home/himaj/arm_rover/install/arm_urdf:/home/himaj/arm_rover/install/arm_rover_bringup:/home/himaj/test_arm_meshes_ws/install/arm_description:/home/himaj/control_ws/install/ros2_control_demo_example_2:/home/himaj/arm_ros_ws/install/robot_bringup:/home/himaj/arm_ros_ws/install/robot_description:/home/himaj/arm_ros_ws/install/my_robot_description:/home/himaj/install/robot_bringup:/home/himaj/install/robot_description:/home/himaj/install/my_robot_bringup:/home/himaj/install/my_robot_description:/home/himaj/ros2_ws/install/my_robot_bringup:/home/himaj/ros2_ws/install/my_robot_description:/home/himaj/r2_ws/install/silo_tracking:/home/himaj/r2_ws/install/r2_py:/home/himaj/r2_ws/install/luna_control:/home/himaj/r2_ws/install/ball_tracking:/home/himaj/test_ws/install/test_py_pkg:/home/himaj/test_ws/install/action_py:/home/himaj/xbox_ros_ws/install/xbox_turtle_controller:/home/himaj/bot_alignment/install/ball_detection:/home/himaj/bot_alignment/install/SerialCom:/home/himaj/arm_ros_ws/install/control_joint_states:/home/himaj/install/my_py_pkg:/home/himaj/ros2_ws/install/my_py_pkg:/opt/ros/humble LD_LIBRARY_PATH=/home/himaj/r2_ws/src/install/r2_interfaces/lib:/home/himaj/r2_ws/install/r2_interfaces/lib:/home/himaj/r2_ws/install/imu_filter_madgwick/lib:/home/himaj/test_ws/install/my_robot_interfaces/lib:/home/himaj/control_ws/install/ros2_control_demo_example_2/lib:/usr/lib/x86_64-linux-gnu/gazebo-11/plugins:/opt/ros/humble/opt/rviz_ogre_vendor/lib:/opt/ros/humble/lib/x86_64-linux-gnu:/opt/ros/humble/lib:/usr/share/gazebo-11/../../lib/x86_64-linux-gnu/gazebo-11/plugins PYTHONPATH=/home/himaj/r2_ws/src/build/r2_py:/home/himaj/r2_ws/src/install/r2_py/lib/python3.10/site-packages:/home/himaj/r2_ws/src/install/r2_interfaces/local/lib/python3.10/dist-packages:${PYTHONPATH} /usr/bin/cmake --build /home/himaj/r2_ws/src/build/r2_bringup -- -j12 -l12
[2.676s] DEBUG:colcon.colcon_core.event_handler.log_command:Invoking command in '/home/himaj/r2_ws/src/build/r2_bringup': AMENT_PREFIX_PATH=/home/himaj/r2_ws/src/install/r2_py:/home/himaj/r2_ws/src/install/r2_interfaces:/home/himaj/r2_ws/src/install/r2_description:${AMENT_PREFIX_PATH} CMAKE_PREFIX_PATH=/home/himaj/r2_ws/src/install/r2_interfaces:/home/himaj/r2_ws/src/install/r2_description:/home/himaj/r2_ws/install/r2_bringup:/home/himaj/r2_ws/install/r2_interfaces:/home/himaj/r2_ws/install/r2_description:/home/himaj/r2_ws/install/line_following:/home/himaj/r2_ws/install/imu_filter_madgwick:/home/himaj/test_ws/install/test_bringup:/home/himaj/test_ws/install/my_robot_interfaces:/home/himaj/arm_rover/install/arm_urdf:/home/himaj/arm_rover/install/arm_rover_bringup:/home/himaj/test_arm_meshes_ws/install/arm_description:/home/himaj/control_ws/install/ros2_control_demo_example_2:/home/himaj/arm_ros_ws/install/robot_bringup:/home/himaj/arm_ros_ws/install/robot_description:/home/himaj/arm_ros_ws/install/my_robot_description:/home/himaj/install/robot_bringup:/home/himaj/install/robot_description:/home/himaj/install/my_robot_bringup:/home/himaj/install/my_robot_description:/home/himaj/ros2_ws/install/my_robot_bringup:/home/himaj/ros2_ws/install/my_robot_description:/home/himaj/r2_ws/install/silo_tracking:/home/himaj/r2_ws/install/r2_py:/home/himaj/r2_ws/install/luna_control:/home/himaj/r2_ws/install/ball_tracking:/home/himaj/test_ws/install/test_py_pkg:/home/himaj/test_ws/install/action_py:/home/himaj/xbox_ros_ws/install/xbox_turtle_controller:/home/himaj/bot_alignment/install/ball_detection:/home/himaj/bot_alignment/install/SerialCom:/home/himaj/arm_ros_ws/install/control_joint_states:/home/himaj/install/my_py_pkg:/home/himaj/ros2_ws/install/my_py_pkg:/opt/ros/humble LD_LIBRARY_PATH=/home/himaj/r2_ws/src/install/r2_interfaces/lib:/home/himaj/r2_ws/install/r2_interfaces/lib:/home/himaj/r2_ws/install/imu_filter_madgwick/lib:/home/himaj/test_ws/install/my_robot_interfaces/lib:/home/himaj/control_ws/install/ros2_control_demo_example_2/lib:/usr/lib/x86_64-linux-gnu/gazebo-11/plugins:/opt/ros/humble/opt/rviz_ogre_vendor/lib:/opt/ros/humble/lib/x86_64-linux-gnu:/opt/ros/humble/lib:/usr/share/gazebo-11/../../lib/x86_64-linux-gnu/gazebo-11/plugins PYTHONPATH=/home/himaj/r2_ws/src/build/r2_py:/home/himaj/r2_ws/src/install/r2_py/lib/python3.10/site-packages:/home/himaj/r2_ws/src/install/r2_interfaces/local/lib/python3.10/dist-packages:${PYTHONPATH} /usr/bin/cmake --install /home/himaj/r2_ws/src/build/r2_bringup
[2.698s] Level 1:colcon.colcon_core.environment:create_environment_scripts_only(r2_bringup)
[2.698s] Level 1:colcon.colcon_core.environment:checking '/home/himaj/r2_ws/src/install/r2_bringup' for CMake module files
[2.698s] DEBUG:colcon.colcon_core.event_handler.log_command:Invoked command in '/home/himaj/r2_ws/src/build/r2_bringup' returned '0': AMENT_PREFIX_PATH=/home/himaj/r2_ws/src/install/r2_py:/home/himaj/r2_ws/src/install/r2_interfaces:/home/himaj/r2_ws/src/install/r2_description:${AMENT_PREFIX_PATH} CMAKE_PREFIX_PATH=/home/himaj/r2_ws/src/install/r2_interfaces:/home/himaj/r2_ws/src/install/r2_description:/home/himaj/r2_ws/install/r2_bringup:/home/himaj/r2_ws/install/r2_interfaces:/home/himaj/r2_ws/install/r2_description:/home/himaj/r2_ws/install/line_following:/home/himaj/r2_ws/install/imu_filter_madgwick:/home/himaj/test_ws/install/test_bringup:/home/himaj/test_ws/install/my_robot_interfaces:/home/himaj/arm_rover/install/arm_urdf:/home/himaj/arm_rover/install/arm_rover_bringup:/home/himaj/test_arm_meshes_ws/install/arm_description:/home/himaj/control_ws/install/ros2_control_demo_example_2:/home/himaj/arm_ros_ws/install/robot_bringup:/home/himaj/arm_ros_ws/install/robot_description:/home/himaj/arm_ros_ws/install/my_robot_description:/home/himaj/install/robot_bringup:/home/himaj/install/robot_description:/home/himaj/install/my_robot_bringup:/home/himaj/install/my_robot_description:/home/himaj/ros2_ws/install/my_robot_bringup:/home/himaj/ros2_ws/install/my_robot_description:/home/himaj/r2_ws/install/silo_tracking:/home/himaj/r2_ws/install/r2_py:/home/himaj/r2_ws/install/luna_control:/home/himaj/r2_ws/install/ball_tracking:/home/himaj/test_ws/install/test_py_pkg:/home/himaj/test_ws/install/action_py:/home/himaj/xbox_ros_ws/install/xbox_turtle_controller:/home/himaj/bot_alignment/install/ball_detection:/home/himaj/bot_alignment/install/SerialCom:/home/himaj/arm_ros_ws/install/control_joint_states:/home/himaj/install/my_py_pkg:/home/himaj/ros2_ws/install/my_py_pkg:/opt/ros/humble LD_LIBRARY_PATH=/home/himaj/r2_ws/src/install/r2_interfaces/lib:/home/himaj/r2_ws/install/r2_interfaces/lib:/home/himaj/r2_ws/install/imu_filter_madgwick/lib:/home/himaj/test_ws/install/my_robot_interfaces/lib:/home/himaj/control_ws/install/ros2_control_demo_example_2/lib:/usr/lib/x86_64-linux-gnu/gazebo-11/plugins:/opt/ros/humble/opt/rviz_ogre_vendor/lib:/opt/ros/humble/lib/x86_64-linux-gnu:/opt/ros/humble/lib:/usr/share/gazebo-11/../../lib/x86_64-linux-gnu/gazebo-11/plugins PYTHONPATH=/home/himaj/r2_ws/src/build/r2_py:/home/himaj/r2_ws/src/install/r2_py/lib/python3.10/site-packages:/home/himaj/r2_ws/src/install/r2_interfaces/local/lib/python3.10/dist-packages:${PYTHONPATH} /usr/bin/cmake --install /home/himaj/r2_ws/src/build/r2_bringup
[2.699s] Level 1:colcon.colcon_core.environment:checking '/home/himaj/r2_ws/src/install/r2_bringup' for CMake config files
[2.699s] Level 1:colcon.colcon_core.shell:create_environment_hook('r2_bringup', 'cmake_prefix_path')
[2.699s] INFO:colcon.colcon_core.shell:Creating environment hook '/home/himaj/r2_ws/src/install/r2_bringup/share/r2_bringup/hook/cmake_prefix_path.ps1'
[2.700s] INFO:colcon.colcon_core.shell:Creating environment descriptor '/home/himaj/r2_ws/src/install/r2_bringup/share/r2_bringup/hook/cmake_prefix_path.dsv'
[2.700s] INFO:colcon.colcon_core.shell:Creating environment hook '/home/himaj/r2_ws/src/install/r2_bringup/share/r2_bringup/hook/cmake_prefix_path.sh'
[2.700s] Level 1:colcon.colcon_core.environment:checking '/home/himaj/r2_ws/src/install/r2_bringup/bin'
[2.700s] Level 1:colcon.colcon_core.environment:checking '/home/himaj/r2_ws/src/install/r2_bringup/lib/pkgconfig/r2_bringup.pc'
[2.701s] Level 1:colcon.colcon_core.environment:checking '/home/himaj/r2_ws/src/install/r2_bringup/lib/python3.10/site-packages'
[2.701s] Level 1:colcon.colcon_core.environment:checking '/home/himaj/r2_ws/src/install/r2_bringup/bin'
[2.701s] INFO:colcon.colcon_core.shell:Creating package script '/home/himaj/r2_ws/src/install/r2_bringup/share/r2_bringup/package.ps1'
[2.701s] INFO:colcon.colcon_core.shell:Creating package descriptor '/home/himaj/r2_ws/src/install/r2_bringup/share/r2_bringup/package.dsv'
[2.702s] INFO:colcon.colcon_core.shell:Creating package script '/home/himaj/r2_ws/src/install/r2_bringup/share/r2_bringup/package.sh'
[2.702s] INFO:colcon.colcon_core.shell:Creating package script '/home/himaj/r2_ws/src/install/r2_bringup/share/r2_bringup/package.bash'
[2.702s] INFO:colcon.colcon_core.shell:Creating package script '/home/himaj/r2_ws/src/install/r2_bringup/share/r2_bringup/package.zsh'
[2.702s] Level 1:colcon.colcon_core.environment:create_file_with_runtime_dependencies(/home/himaj/r2_ws/src/install/r2_bringup/share/colcon-core/packages/r2_bringup)
[2.728s] Level 1:colcon.colcon_core.environment:create_environment_scripts_only(r2_bringup)
[2.728s] Level 1:colcon.colcon_core.environment:checking '/home/himaj/r2_ws/src/install/r2_bringup' for CMake module files
[2.728s] Level 1:colcon.colcon_core.environment:checking '/home/himaj/r2_ws/src/install/r2_bringup' for CMake config files
[2.729s] Level 1:colcon.colcon_core.shell:create_environment_hook('r2_bringup', 'cmake_prefix_path')
[2.729s] INFO:colcon.colcon_core.shell:Creating environment hook '/home/himaj/r2_ws/src/install/r2_bringup/share/r2_bringup/hook/cmake_prefix_path.ps1'
[2.729s] INFO:colcon.colcon_core.shell:Creating environment descriptor '/home/himaj/r2_ws/src/install/r2_bringup/share/r2_bringup/hook/cmake_prefix_path.dsv'
[2.729s] INFO:colcon.colcon_core.shell:Creating environment hook '/home/himaj/r2_ws/src/install/r2_bringup/share/r2_bringup/hook/cmake_prefix_path.sh'
[2.730s] Level 1:colcon.colcon_core.environment:checking '/home/himaj/r2_ws/src/install/r2_bringup/bin'
[2.730s] Level 1:colcon.colcon_core.environment:checking '/home/himaj/r2_ws/src/install/r2_bringup/lib/pkgconfig/r2_bringup.pc'
[2.730s] Level 1:colcon.colcon_core.environment:checking '/home/himaj/r2_ws/src/install/r2_bringup/lib/python3.10/site-packages'
[2.730s] Level 1:colcon.colcon_core.environment:checking '/home/himaj/r2_ws/src/install/r2_bringup/bin'
[2.730s] INFO:colcon.colcon_core.shell:Creating package script '/home/himaj/r2_ws/src/install/r2_bringup/share/r2_bringup/package.ps1'
[2.731s] INFO:colcon.colcon_core.shell:Creating package descriptor '/home/himaj/r2_ws/src/install/r2_bringup/share/r2_bringup/package.dsv'
[2.731s] INFO:colcon.colcon_core.shell:Creating package script '/home/himaj/r2_ws/src/install/r2_bringup/share/r2_bringup/package.sh'
[2.731s] INFO:colcon.colcon_core.shell:Creating package script '/home/himaj/r2_ws/src/install/r2_bringup/share/r2_bringup/package.bash'
[2.731s] INFO:colcon.colcon_core.shell:Creating package script '/home/himaj/r2_ws/src/install/r2_bringup/share/r2_bringup/package.zsh'
[2.732s] Level 1:colcon.colcon_core.environment:create_file_with_runtime_dependencies(/home/himaj/r2_ws/src/install/r2_bringup/share/colcon-core/packages/r2_bringup)
[2.732s] DEBUG:colcon.colcon_parallel_executor.executor.parallel:closing loop
[2.732s] DEBUG:colcon.colcon_parallel_executor.executor.parallel:loop closed
[2.732s] DEBUG:colcon.colcon_parallel_executor.executor.parallel:run_until_complete finished with '0'
[2.732s] DEBUG:colcon.colcon_core.event_reactor:joining thread
[2.737s] INFO:colcon.colcon_core.plugin_system:Skipping extension 'colcon_notification.desktop_notification.terminal_notifier': Not used on non-Darwin systems
[2.737s] INFO:colcon.colcon_core.plugin_system:Skipping extension 'colcon_notification.desktop_notification.win32': Not used on non-Windows systems
[2.737s] INFO:colcon.colcon_notification.desktop_notification:Sending desktop notification using 'notify2'
[2.747s] DEBUG:colcon.colcon_core.event_reactor:joined thread
[2.747s] INFO:colcon.colcon_core.shell:Creating prefix script '/home/himaj/r2_ws/src/install/local_setup.ps1'
[2.748s] INFO:colcon.colcon_core.shell:Creating prefix util module '/home/himaj/r2_ws/src/install/_local_setup_util_ps1.py'
[2.749s] INFO:colcon.colcon_core.shell:Creating prefix chain script '/home/himaj/r2_ws/src/install/setup.ps1'
[2.751s] INFO:colcon.colcon_core.shell:Creating prefix script '/home/himaj/r2_ws/src/install/local_setup.sh'
[2.751s] INFO:colcon.colcon_core.shell:Creating prefix util module '/home/himaj/r2_ws/src/install/_local_setup_util_sh.py'
[2.752s] INFO:colcon.colcon_core.shell:Creating prefix chain script '/home/himaj/r2_ws/src/install/setup.sh'
[2.754s] INFO:colcon.colcon_core.shell:Creating prefix script '/home/himaj/r2_ws/src/install/local_setup.bash'
[2.754s] INFO:colcon.colcon_core.shell:Creating prefix chain script '/home/himaj/r2_ws/src/install/setup.bash'
[2.756s] INFO:colcon.colcon_core.shell:Creating prefix script '/home/himaj/r2_ws/src/install/local_setup.zsh'
[2.757s] INFO:colcon.colcon_core.shell:Creating prefix chain script '/home/himaj/r2_ws/src/install/setup.zsh'
