[0.140s] DEBUG:colcon:Command line arguments: ['/usr/bin/colcon', 'build', '--symlink-install']
[0.140s] DEBUG:colcon:Parsed command line arguments: Namespace(log_base=None, log_level=None, verb_name='build', build_base='build', install_base='install', merge_install=False, symlink_install=True, test_result_base=None, continue_on_error=False, executor='parallel', parallel_workers=12, event_handlers=None, ignore_user_meta=False, metas=['./colcon.meta'], base_paths=['.'], packages_ignore=None, packages_ignore_regex=None, paths=None, packages_up_to=None, packages_up_to_regex=None, packages_above=None, packages_above_and_dependencies=None, packages_above_depth=None, packages_select_by_dep=None, packages_skip_by_dep=None, packages_skip_up_to=None, packages_select_build_failed=False, packages_skip_build_finished=False, packages_select_test_failures=False, packages_skip_test_passed=False, packages_select=None, packages_skip=None, packages_select_regex=None, packages_skip_regex=None, packages_start=None, packages_end=None, allow_overriding=[], cmake_args=None, cmake_target=None, cmake_target_skip_unavailable=False, cmake_clean_cache=False, cmake_clean_first=False, cmake_force_configure=False, ament_cmake_args=None, catkin_cmake_args=None, catkin_skip_building_tests=False, verb_parser=<colcon_defaults.argument_parser.defaults.DefaultArgumentsDecorator object at 0x768c8e438130>, verb_extension=<colcon_core.verb.build.BuildVerb object at 0x768c8e407af0>, main=<bound method BuildVerb.main of <colcon_core.verb.build.BuildVerb object at 0x768c8e407af0>>)
[0.385s] Level 1:colcon.colcon_core.package_discovery:discover_packages(colcon_meta) check parameters
[0.385s] Level 1:colcon.colcon_core.package_discovery:discover_packages(recursive) check parameters
[0.385s] Level 1:colcon.colcon_core.package_discovery:discover_packages(ignore) check parameters
[0.385s] Level 1:colcon.colcon_core.package_discovery:discover_packages(path) check parameters
[0.385s] Level 1:colcon.colcon_core.package_discovery:discover_packages(colcon_meta) discover
[0.385s] Level 1:colcon.colcon_core.package_discovery:discover_packages(recursive) discover
[0.385s] INFO:colcon.colcon_core.package_discovery:Crawling recursively for packages in '/home/himaj/r2_ws/src'
[0.385s] Level 1:colcon.colcon_core.package_identification:_identify(.) by extensions ['ignore', 'ignore_ament_install']
[0.385s] Level 1:colcon.colcon_core.package_identification:_identify(.) by extension 'ignore'
[0.386s] Level 1:colcon.colcon_core.package_identification:_identify(.) by extension 'ignore_ament_install'
[0.386s] Level 1:colcon.colcon_core.package_identification:_identify(.) by extensions ['colcon_pkg']
[0.386s] Level 1:colcon.colcon_core.package_identification:_identify(.) by extension 'colcon_pkg'
[0.386s] Level 1:colcon.colcon_core.package_identification:_identify(.) by extensions ['colcon_meta']
[0.386s] Level 1:colcon.colcon_core.package_identification:_identify(.) by extension 'colcon_meta'
[0.386s] Level 1:colcon.colcon_core.package_identification:_identify(.) by extensions ['ros']
[0.386s] Level 1:colcon.colcon_core.package_identification:_identify(.) by extension 'ros'
[0.399s] Level 1:colcon.colcon_core.package_identification:_identify(.) by extensions ['cmake', 'python']
[0.399s] Level 1:colcon.colcon_core.package_identification:_identify(.) by extension 'cmake'
[0.400s] Level 1:colcon.colcon_core.package_identification:_identify(.) by extension 'python'
[0.400s] Level 1:colcon.colcon_core.package_identification:_identify(.) by extensions ['python_setup_py']
[0.400s] Level 1:colcon.colcon_core.package_identification:_identify(.) by extension 'python_setup_py'
[0.400s] Level 1:colcon.colcon_core.package_identification:_identify(Microros_pub_sub) by extensions ['ignore', 'ignore_ament_install']
[0.400s] Level 1:colcon.colcon_core.package_identification:_identify(Microros_pub_sub) by extension 'ignore'
[0.400s] Level 1:colcon.colcon_core.package_identification:_identify(Microros_pub_sub) ignored
[0.400s] Level 1:colcon.colcon_core.package_identification:_identify(ball_tracking) by extensions ['ignore', 'ignore_ament_install']
[0.400s] Level 1:colcon.colcon_core.package_identification:_identify(ball_tracking) by extension 'ignore'
[0.400s] Level 1:colcon.colcon_core.package_identification:_identify(ball_tracking) by extension 'ignore_ament_install'
[0.400s] Level 1:colcon.colcon_core.package_identification:_identify(ball_tracking) by extensions ['colcon_pkg']
[0.400s] Level 1:colcon.colcon_core.package_identification:_identify(ball_tracking) by extension 'colcon_pkg'
[0.401s] Level 1:colcon.colcon_core.package_identification:_identify(ball_tracking) by extensions ['colcon_meta']
[0.401s] Level 1:colcon.colcon_core.package_identification:_identify(ball_tracking) by extension 'colcon_meta'
[0.401s] Level 1:colcon.colcon_core.package_identification:_identify(ball_tracking) by extensions ['ros']
[0.401s] Level 1:colcon.colcon_core.package_identification:_identify(ball_tracking) by extension 'ros'
[0.417s] DEBUG:colcon.colcon_core.package_identification:Package 'ball_tracking' with type 'ros.ament_python' and name 'ball_tracking'
[0.417s] Level 1:colcon.colcon_core.package_identification:_identify(build) by extensions ['ignore', 'ignore_ament_install']
[0.417s] Level 1:colcon.colcon_core.package_identification:_identify(build) by extension 'ignore'
[0.418s] Level 1:colcon.colcon_core.package_identification:_identify(build) ignored
[0.418s] Level 1:colcon.colcon_core.package_identification:_identify(install) by extensions ['ignore', 'ignore_ament_install']
[0.418s] Level 1:colcon.colcon_core.package_identification:_identify(install) by extension 'ignore'
[0.418s] Level 1:colcon.colcon_core.package_identification:_identify(install) ignored
[0.418s] Level 1:colcon.colcon_core.package_identification:_identify(line_following) by extensions ['ignore', 'ignore_ament_install']
[0.418s] Level 1:colcon.colcon_core.package_identification:_identify(line_following) by extension 'ignore'
[0.418s] Level 1:colcon.colcon_core.package_identification:_identify(line_following) by extension 'ignore_ament_install'
[0.418s] Level 1:colcon.colcon_core.package_identification:_identify(line_following) by extensions ['colcon_pkg']
[0.418s] Level 1:colcon.colcon_core.package_identification:_identify(line_following) by extension 'colcon_pkg'
[0.418s] Level 1:colcon.colcon_core.package_identification:_identify(line_following) by extensions ['colcon_meta']
[0.418s] Level 1:colcon.colcon_core.package_identification:_identify(line_following) by extension 'colcon_meta'
[0.418s] Level 1:colcon.colcon_core.package_identification:_identify(line_following) by extensions ['ros']
[0.418s] Level 1:colcon.colcon_core.package_identification:_identify(line_following) by extension 'ros'
[0.419s] DEBUG:colcon.colcon_core.package_identification:Package 'line_following' with type 'ros.ament_cmake' and name 'line_following'
[0.419s] Level 1:colcon.colcon_core.package_identification:_identify(log) by extensions ['ignore', 'ignore_ament_install']
[0.419s] Level 1:colcon.colcon_core.package_identification:_identify(log) by extension 'ignore'
[0.419s] Level 1:colcon.colcon_core.package_identification:_identify(log) ignored
[0.420s] Level 1:colcon.colcon_core.package_identification:_identify(luna_control) by extensions ['ignore', 'ignore_ament_install']
[0.420s] Level 1:colcon.colcon_core.package_identification:_identify(luna_control) by extension 'ignore'
[0.420s] Level 1:colcon.colcon_core.package_identification:_identify(luna_control) by extension 'ignore_ament_install'
[0.420s] Level 1:colcon.colcon_core.package_identification:_identify(luna_control) by extensions ['colcon_pkg']
[0.420s] Level 1:colcon.colcon_core.package_identification:_identify(luna_control) by extension 'colcon_pkg'
[0.420s] Level 1:colcon.colcon_core.package_identification:_identify(luna_control) by extensions ['colcon_meta']
[0.420s] Level 1:colcon.colcon_core.package_identification:_identify(luna_control) by extension 'colcon_meta'
[0.420s] Level 1:colcon.colcon_core.package_identification:_identify(luna_control) by extensions ['ros']
[0.420s] Level 1:colcon.colcon_core.package_identification:_identify(luna_control) by extension 'ros'
[0.421s] DEBUG:colcon.colcon_core.package_identification:Package 'luna_control' with type 'ros.ament_python' and name 'luna_control'
[0.421s] Level 1:colcon.colcon_core.package_identification:_identify(r2_bringup) by extensions ['ignore', 'ignore_ament_install']
[0.421s] Level 1:colcon.colcon_core.package_identification:_identify(r2_bringup) by extension 'ignore'
[0.421s] Level 1:colcon.colcon_core.package_identification:_identify(r2_bringup) by extension 'ignore_ament_install'
[0.422s] Level 1:colcon.colcon_core.package_identification:_identify(r2_bringup) by extensions ['colcon_pkg']
[0.422s] Level 1:colcon.colcon_core.package_identification:_identify(r2_bringup) by extension 'colcon_pkg'
[0.422s] Level 1:colcon.colcon_core.package_identification:_identify(r2_bringup) by extensions ['colcon_meta']
[0.422s] Level 1:colcon.colcon_core.package_identification:_identify(r2_bringup) by extension 'colcon_meta'
[0.422s] Level 1:colcon.colcon_core.package_identification:_identify(r2_bringup) by extensions ['ros']
[0.422s] Level 1:colcon.colcon_core.package_identification:_identify(r2_bringup) by extension 'ros'
[0.422s] DEBUG:colcon.colcon_core.package_identification:Package 'r2_bringup' with type 'ros.ament_cmake' and name 'r2_bringup'
[0.423s] Level 1:colcon.colcon_core.package_identification:_identify(r2_description) by extensions ['ignore', 'ignore_ament_install']
[0.423s] Level 1:colcon.colcon_core.package_identification:_identify(r2_description) by extension 'ignore'
[0.423s] Level 1:colcon.colcon_core.package_identification:_identify(r2_description) by extension 'ignore_ament_install'
[0.423s] Level 1:colcon.colcon_core.package_identification:_identify(r2_description) by extensions ['colcon_pkg']
[0.423s] Level 1:colcon.colcon_core.package_identification:_identify(r2_description) by extension 'colcon_pkg'
[0.423s] Level 1:colcon.colcon_core.package_identification:_identify(r2_description) by extensions ['colcon_meta']
[0.423s] Level 1:colcon.colcon_core.package_identification:_identify(r2_description) by extension 'colcon_meta'
[0.423s] Level 1:colcon.colcon_core.package_identification:_identify(r2_description) by extensions ['ros']
[0.423s] Level 1:colcon.colcon_core.package_identification:_identify(r2_description) by extension 'ros'
[0.423s] DEBUG:colcon.colcon_core.package_identification:Package 'r2_description' with type 'ros.ament_cmake' and name 'r2_description'
[0.424s] Level 1:colcon.colcon_core.package_identification:_identify(r2_interfaces) by extensions ['ignore', 'ignore_ament_install']
[0.424s] Level 1:colcon.colcon_core.package_identification:_identify(r2_interfaces) by extension 'ignore'
[0.424s] Level 1:colcon.colcon_core.package_identification:_identify(r2_interfaces) by extension 'ignore_ament_install'
[0.424s] Level 1:colcon.colcon_core.package_identification:_identify(r2_interfaces) by extensions ['colcon_pkg']
[0.424s] Level 1:colcon.colcon_core.package_identification:_identify(r2_interfaces) by extension 'colcon_pkg'
[0.424s] Level 1:colcon.colcon_core.package_identification:_identify(r2_interfaces) by extensions ['colcon_meta']
[0.424s] Level 1:colcon.colcon_core.package_identification:_identify(r2_interfaces) by extension 'colcon_meta'
[0.424s] Level 1:colcon.colcon_core.package_identification:_identify(r2_interfaces) by extensions ['ros']
[0.424s] Level 1:colcon.colcon_core.package_identification:_identify(r2_interfaces) by extension 'ros'
[0.425s] DEBUG:colcon.colcon_core.package_identification:Package 'r2_interfaces' with type 'ros.ament_cmake' and name 'r2_interfaces'
[0.425s] Level 1:colcon.colcon_core.package_identification:_identify(r2_py) by extensions ['ignore', 'ignore_ament_install']
[0.425s] Level 1:colcon.colcon_core.package_identification:_identify(r2_py) by extension 'ignore'
[0.425s] Level 1:colcon.colcon_core.package_identification:_identify(r2_py) by extension 'ignore_ament_install'
[0.425s] Level 1:colcon.colcon_core.package_identification:_identify(r2_py) by extensions ['colcon_pkg']
[0.425s] Level 1:colcon.colcon_core.package_identification:_identify(r2_py) by extension 'colcon_pkg'
[0.425s] Level 1:colcon.colcon_core.package_identification:_identify(r2_py) by extensions ['colcon_meta']
[0.425s] Level 1:colcon.colcon_core.package_identification:_identify(r2_py) by extension 'colcon_meta'
[0.425s] Level 1:colcon.colcon_core.package_identification:_identify(r2_py) by extensions ['ros']
[0.425s] Level 1:colcon.colcon_core.package_identification:_identify(r2_py) by extension 'ros'
[0.427s] DEBUG:colcon.colcon_core.package_identification:Package 'r2_py' with type 'ros.ament_python' and name 'r2_py'
[0.427s] Level 1:colcon.colcon_core.package_identification:_identify(silo_tracking) by extensions ['ignore', 'ignore_ament_install']
[0.427s] Level 1:colcon.colcon_core.package_identification:_identify(silo_tracking) by extension 'ignore'
[0.427s] Level 1:colcon.colcon_core.package_identification:_identify(silo_tracking) by extension 'ignore_ament_install'
[0.427s] Level 1:colcon.colcon_core.package_identification:_identify(silo_tracking) by extensions ['colcon_pkg']
[0.427s] Level 1:colcon.colcon_core.package_identification:_identify(silo_tracking) by extension 'colcon_pkg'
[0.427s] Level 1:colcon.colcon_core.package_identification:_identify(silo_tracking) by extensions ['colcon_meta']
[0.427s] Level 1:colcon.colcon_core.package_identification:_identify(silo_tracking) by extension 'colcon_meta'
[0.427s] Level 1:colcon.colcon_core.package_identification:_identify(silo_tracking) by extensions ['ros']
[0.427s] Level 1:colcon.colcon_core.package_identification:_identify(silo_tracking) by extension 'ros'
[0.428s] DEBUG:colcon.colcon_core.package_identification:Package 'silo_tracking' with type 'ros.ament_python' and name 'silo_tracking'
[0.428s] Level 1:colcon.colcon_core.package_discovery:discover_packages(recursive) using defaults
[0.428s] Level 1:colcon.colcon_core.package_discovery:discover_packages(ignore) discover
[0.428s] Level 1:colcon.colcon_core.package_discovery:discover_packages(ignore) using defaults
[0.428s] Level 1:colcon.colcon_core.package_discovery:discover_packages(path) discover
[0.428s] Level 1:colcon.colcon_core.package_discovery:discover_packages(path) using defaults
[0.455s] Level 1:colcon.colcon_core.package_discovery:discover_packages(prefix_path) check parameters
[0.455s] Level 1:colcon.colcon_core.package_discovery:discover_packages(prefix_path) discover
[0.456s] WARNING:colcon.colcon_core.prefix_path.colcon:The path '/home/himaj/install' in the environment variable COLCON_PREFIX_PATH doesn't exist
[0.457s] WARNING:colcon.colcon_ros.prefix_path.ament:The path '/home/himaj/install/robot_bringup' in the environment variable AMENT_PREFIX_PATH doesn't exist
[0.458s] WARNING:colcon.colcon_ros.prefix_path.ament:The path '/home/himaj/install/robot_description' in the environment variable AMENT_PREFIX_PATH doesn't exist
[0.458s] WARNING:colcon.colcon_ros.prefix_path.ament:The path '/home/himaj/install/my_robot_bringup' in the environment variable AMENT_PREFIX_PATH doesn't exist
[0.458s] WARNING:colcon.colcon_ros.prefix_path.ament:The path '/home/himaj/install/my_robot_description' in the environment variable AMENT_PREFIX_PATH doesn't exist
[0.458s] WARNING:colcon.colcon_ros.prefix_path.ament:The path '/home/himaj/install/my_py_pkg' in the environment variable AMENT_PREFIX_PATH doesn't exist
[0.458s] WARNING:colcon.colcon_ros.prefix_path.catkin:The path '/home/himaj/install/robot_bringup' in the environment variable CMAKE_PREFIX_PATH doesn't exist
[0.458s] WARNING:colcon.colcon_ros.prefix_path.catkin:The path '/home/himaj/install/robot_description' in the environment variable CMAKE_PREFIX_PATH doesn't exist
[0.458s] WARNING:colcon.colcon_ros.prefix_path.catkin:The path '/home/himaj/install/my_robot_bringup' in the environment variable CMAKE_PREFIX_PATH doesn't exist
[0.458s] WARNING:colcon.colcon_ros.prefix_path.catkin:The path '/home/himaj/install/my_robot_description' in the environment variable CMAKE_PREFIX_PATH doesn't exist
[0.459s] DEBUG:colcon.colcon_installed_package_information.package_discovery:Found 4 installed packages in /home/himaj/test_ws/install
[0.460s] DEBUG:colcon.colcon_installed_package_information.package_discovery:Found 9 installed packages in /home/himaj/r2_ws/install
[0.461s] DEBUG:colcon.colcon_installed_package_information.package_discovery:Found 2 installed packages in /home/himaj/arm_rover/install
[0.461s] DEBUG:colcon.colcon_installed_package_information.package_discovery:Found 1 installed packages in /home/himaj/test_arm_meshes_ws/install
[0.462s] DEBUG:colcon.colcon_installed_package_information.package_discovery:Found 1 installed packages in /home/himaj/xbox_ros_ws/install
[0.462s] DEBUG:colcon.colcon_installed_package_information.package_discovery:Found 2 installed packages in /home/himaj/bot_alignment/install
[0.463s] DEBUG:colcon.colcon_installed_package_information.package_discovery:Found 4 installed packages in /home/himaj/arm_ros_ws/install
[0.463s] DEBUG:colcon.colcon_installed_package_information.package_discovery:Found 3 installed packages in /home/himaj/ros2_ws/install
[0.464s] DEBUG:colcon.colcon_installed_package_information.package_discovery:Found 1 installed packages in /home/himaj/control_ws/install
[0.466s] DEBUG:colcon.colcon_installed_package_information.package_discovery:Found 394 installed packages in /opt/ros/humble
[0.469s] Level 1:colcon.colcon_core.package_discovery:discover_packages(prefix_path) using defaults
[0.530s] Level 5:colcon.colcon_core.verb:set package 'ball_tracking' build argument 'cmake_args' from command line to 'None'
[0.530s] Level 5:colcon.colcon_core.verb:set package 'ball_tracking' build argument 'cmake_target' from command line to 'None'
[0.530s] Level 5:colcon.colcon_core.verb:set package 'ball_tracking' build argument 'cmake_target_skip_unavailable' from command line to 'False'
[0.530s] Level 5:colcon.colcon_core.verb:set package 'ball_tracking' build argument 'cmake_clean_cache' from command line to 'False'
[0.530s] Level 5:colcon.colcon_core.verb:set package 'ball_tracking' build argument 'cmake_clean_first' from command line to 'False'
[0.530s] Level 5:colcon.colcon_core.verb:set package 'ball_tracking' build argument 'cmake_force_configure' from command line to 'False'
[0.530s] Level 5:colcon.colcon_core.verb:set package 'ball_tracking' build argument 'ament_cmake_args' from command line to 'None'
[0.530s] Level 5:colcon.colcon_core.verb:set package 'ball_tracking' build argument 'catkin_cmake_args' from command line to 'None'
[0.530s] Level 5:colcon.colcon_core.verb:set package 'ball_tracking' build argument 'catkin_skip_building_tests' from command line to 'False'
[0.530s] DEBUG:colcon.colcon_core.verb:Building package 'ball_tracking' with the following arguments: {'ament_cmake_args': None, 'build_base': '/home/himaj/r2_ws/src/build/ball_tracking', 'catkin_cmake_args': None, 'catkin_skip_building_tests': False, 'cmake_args': None, 'cmake_clean_cache': False, 'cmake_clean_first': False, 'cmake_force_configure': False, 'cmake_target': None, 'cmake_target_skip_unavailable': False, 'install_base': '/home/himaj/r2_ws/src/install/ball_tracking', 'merge_install': False, 'path': '/home/himaj/r2_ws/src/ball_tracking', 'symlink_install': True, 'test_result_base': None}
[0.531s] Level 5:colcon.colcon_core.verb:set package 'line_following' build argument 'cmake_args' from command line to 'None'
[0.531s] Level 5:colcon.colcon_core.verb:set package 'line_following' build argument 'cmake_target' from command line to 'None'
[0.531s] Level 5:colcon.colcon_core.verb:set package 'line_following' build argument 'cmake_target_skip_unavailable' from command line to 'False'
[0.531s] Level 5:colcon.colcon_core.verb:set package 'line_following' build argument 'cmake_clean_cache' from command line to 'False'
[0.531s] Level 5:colcon.colcon_core.verb:set package 'line_following' build argument 'cmake_clean_first' from command line to 'False'
[0.531s] Level 5:colcon.colcon_core.verb:set package 'line_following' build argument 'cmake_force_configure' from command line to 'False'
[0.531s] Level 5:colcon.colcon_core.verb:set package 'line_following' build argument 'ament_cmake_args' from command line to 'None'
[0.531s] Level 5:colcon.colcon_core.verb:set package 'line_following' build argument 'catkin_cmake_args' from command line to 'None'
[0.531s] Level 5:colcon.colcon_core.verb:set package 'line_following' build argument 'catkin_skip_building_tests' from command line to 'False'
[0.531s] DEBUG:colcon.colcon_core.verb:Building package 'line_following' with the following arguments: {'ament_cmake_args': None, 'build_base': '/home/himaj/r2_ws/src/build/line_following', 'catkin_cmake_args': None, 'catkin_skip_building_tests': False, 'cmake_args': None, 'cmake_clean_cache': False, 'cmake_clean_first': False, 'cmake_force_configure': False, 'cmake_target': None, 'cmake_target_skip_unavailable': False, 'install_base': '/home/himaj/r2_ws/src/install/line_following', 'merge_install': False, 'path': '/home/himaj/r2_ws/src/line_following', 'symlink_install': True, 'test_result_base': None}
[0.532s] Level 5:colcon.colcon_core.verb:set package 'r2_description' build argument 'cmake_args' from command line to 'None'
[0.532s] Level 5:colcon.colcon_core.verb:set package 'r2_description' build argument 'cmake_target' from command line to 'None'
[0.532s] Level 5:colcon.colcon_core.verb:set package 'r2_description' build argument 'cmake_target_skip_unavailable' from command line to 'False'
[0.532s] Level 5:colcon.colcon_core.verb:set package 'r2_description' build argument 'cmake_clean_cache' from command line to 'False'
[0.532s] Level 5:colcon.colcon_core.verb:set package 'r2_description' build argument 'cmake_clean_first' from command line to 'False'
[0.532s] Level 5:colcon.colcon_core.verb:set package 'r2_description' build argument 'cmake_force_configure' from command line to 'False'
[0.532s] Level 5:colcon.colcon_core.verb:set package 'r2_description' build argument 'ament_cmake_args' from command line to 'None'
[0.532s] Level 5:colcon.colcon_core.verb:set package 'r2_description' build argument 'catkin_cmake_args' from command line to 'None'
[0.532s] Level 5:colcon.colcon_core.verb:set package 'r2_description' build argument 'catkin_skip_building_tests' from command line to 'False'
[0.532s] DEBUG:colcon.colcon_core.verb:Building package 'r2_description' with the following arguments: {'ament_cmake_args': None, 'build_base': '/home/himaj/r2_ws/src/build/r2_description', 'catkin_cmake_args': None, 'catkin_skip_building_tests': False, 'cmake_args': None, 'cmake_clean_cache': False, 'cmake_clean_first': False, 'cmake_force_configure': False, 'cmake_target': None, 'cmake_target_skip_unavailable': False, 'install_base': '/home/himaj/r2_ws/src/install/r2_description', 'merge_install': False, 'path': '/home/himaj/r2_ws/src/r2_description', 'symlink_install': True, 'test_result_base': None}
[0.532s] Level 5:colcon.colcon_core.verb:set package 'r2_interfaces' build argument 'cmake_args' from command line to 'None'
[0.532s] Level 5:colcon.colcon_core.verb:set package 'r2_interfaces' build argument 'cmake_target' from command line to 'None'
[0.532s] Level 5:colcon.colcon_core.verb:set package 'r2_interfaces' build argument 'cmake_target_skip_unavailable' from command line to 'False'
[0.532s] Level 5:colcon.colcon_core.verb:set package 'r2_interfaces' build argument 'cmake_clean_cache' from command line to 'False'
[0.532s] Level 5:colcon.colcon_core.verb:set package 'r2_interfaces' build argument 'cmake_clean_first' from command line to 'False'
[0.532s] Level 5:colcon.colcon_core.verb:set package 'r2_interfaces' build argument 'cmake_force_configure' from command line to 'False'
[0.533s] Level 5:colcon.colcon_core.verb:set package 'r2_interfaces' build argument 'ament_cmake_args' from command line to 'None'
[0.533s] Level 5:colcon.colcon_core.verb:set package 'r2_interfaces' build argument 'catkin_cmake_args' from command line to 'None'
[0.533s] Level 5:colcon.colcon_core.verb:set package 'r2_interfaces' build argument 'catkin_skip_building_tests' from command line to 'False'
[0.533s] DEBUG:colcon.colcon_core.verb:Building package 'r2_interfaces' with the following arguments: {'ament_cmake_args': None, 'build_base': '/home/himaj/r2_ws/src/build/r2_interfaces', 'catkin_cmake_args': None, 'catkin_skip_building_tests': False, 'cmake_args': None, 'cmake_clean_cache': False, 'cmake_clean_first': False, 'cmake_force_configure': False, 'cmake_target': None, 'cmake_target_skip_unavailable': False, 'install_base': '/home/himaj/r2_ws/src/install/r2_interfaces', 'merge_install': False, 'path': '/home/himaj/r2_ws/src/r2_interfaces', 'symlink_install': True, 'test_result_base': None}
[0.533s] Level 5:colcon.colcon_core.verb:set package 'silo_tracking' build argument 'cmake_args' from command line to 'None'
[0.533s] Level 5:colcon.colcon_core.verb:set package 'silo_tracking' build argument 'cmake_target' from command line to 'None'
[0.533s] Level 5:colcon.colcon_core.verb:set package 'silo_tracking' build argument 'cmake_target_skip_unavailable' from command line to 'False'
[0.533s] Level 5:colcon.colcon_core.verb:set package 'silo_tracking' build argument 'cmake_clean_cache' from command line to 'False'
[0.533s] Level 5:colcon.colcon_core.verb:set package 'silo_tracking' build argument 'cmake_clean_first' from command line to 'False'
[0.533s] Level 5:colcon.colcon_core.verb:set package 'silo_tracking' build argument 'cmake_force_configure' from command line to 'False'
[0.533s] Level 5:colcon.colcon_core.verb:set package 'silo_tracking' build argument 'ament_cmake_args' from command line to 'None'
[0.533s] Level 5:colcon.colcon_core.verb:set package 'silo_tracking' build argument 'catkin_cmake_args' from command line to 'None'
[0.533s] Level 5:colcon.colcon_core.verb:set package 'silo_tracking' build argument 'catkin_skip_building_tests' from command line to 'False'
[0.533s] DEBUG:colcon.colcon_core.verb:Building package 'silo_tracking' with the following arguments: {'ament_cmake_args': None, 'build_base': '/home/himaj/r2_ws/src/build/silo_tracking', 'catkin_cmake_args': None, 'catkin_skip_building_tests': False, 'cmake_args': None, 'cmake_clean_cache': False, 'cmake_clean_first': False, 'cmake_force_configure': False, 'cmake_target': None, 'cmake_target_skip_unavailable': False, 'install_base': '/home/himaj/r2_ws/src/install/silo_tracking', 'merge_install': False, 'path': '/home/himaj/r2_ws/src/silo_tracking', 'symlink_install': True, 'test_result_base': None}
[0.534s] Level 5:colcon.colcon_core.verb:set package 'luna_control' build argument 'cmake_args' from command line to 'None'
[0.534s] Level 5:colcon.colcon_core.verb:set package 'luna_control' build argument 'cmake_target' from command line to 'None'
[0.534s] Level 5:colcon.colcon_core.verb:set package 'luna_control' build argument 'cmake_target_skip_unavailable' from command line to 'False'
[0.534s] Level 5:colcon.colcon_core.verb:set package 'luna_control' build argument 'cmake_clean_cache' from command line to 'False'
[0.534s] Level 5:colcon.colcon_core.verb:set package 'luna_control' build argument 'cmake_clean_first' from command line to 'False'
[0.534s] Level 5:colcon.colcon_core.verb:set package 'luna_control' build argument 'cmake_force_configure' from command line to 'False'
[0.534s] Level 5:colcon.colcon_core.verb:set package 'luna_control' build argument 'ament_cmake_args' from command line to 'None'
[0.534s] Level 5:colcon.colcon_core.verb:set package 'luna_control' build argument 'catkin_cmake_args' from command line to 'None'
[0.534s] Level 5:colcon.colcon_core.verb:set package 'luna_control' build argument 'catkin_skip_building_tests' from command line to 'False'
[0.534s] DEBUG:colcon.colcon_core.verb:Building package 'luna_control' with the following arguments: {'ament_cmake_args': None, 'build_base': '/home/himaj/r2_ws/src/build/luna_control', 'catkin_cmake_args': None, 'catkin_skip_building_tests': False, 'cmake_args': None, 'cmake_clean_cache': False, 'cmake_clean_first': False, 'cmake_force_configure': False, 'cmake_target': None, 'cmake_target_skip_unavailable': False, 'install_base': '/home/himaj/r2_ws/src/install/luna_control', 'merge_install': False, 'path': '/home/himaj/r2_ws/src/luna_control', 'symlink_install': True, 'test_result_base': None}
[0.534s] Level 5:colcon.colcon_core.verb:set package 'r2_py' build argument 'cmake_args' from command line to 'None'
[0.534s] Level 5:colcon.colcon_core.verb:set package 'r2_py' build argument 'cmake_target' from command line to 'None'
[0.534s] Level 5:colcon.colcon_core.verb:set package 'r2_py' build argument 'cmake_target_skip_unavailable' from command line to 'False'
[0.535s] Level 5:colcon.colcon_core.verb:set package 'r2_py' build argument 'cmake_clean_cache' from command line to 'False'
[0.535s] Level 5:colcon.colcon_core.verb:set package 'r2_py' build argument 'cmake_clean_first' from command line to 'False'
[0.535s] Level 5:colcon.colcon_core.verb:set package 'r2_py' build argument 'cmake_force_configure' from command line to 'False'
[0.535s] Level 5:colcon.colcon_core.verb:set package 'r2_py' build argument 'ament_cmake_args' from command line to 'None'
[0.535s] Level 5:colcon.colcon_core.verb:set package 'r2_py' build argument 'catkin_cmake_args' from command line to 'None'
[0.535s] Level 5:colcon.colcon_core.verb:set package 'r2_py' build argument 'catkin_skip_building_tests' from command line to 'False'
[0.535s] DEBUG:colcon.colcon_core.verb:Building package 'r2_py' with the following arguments: {'ament_cmake_args': None, 'build_base': '/home/himaj/r2_ws/src/build/r2_py', 'catkin_cmake_args': None, 'catkin_skip_building_tests': False, 'cmake_args': None, 'cmake_clean_cache': False, 'cmake_clean_first': False, 'cmake_force_configure': False, 'cmake_target': None, 'cmake_target_skip_unavailable': False, 'install_base': '/home/himaj/r2_ws/src/install/r2_py', 'merge_install': False, 'path': '/home/himaj/r2_ws/src/r2_py', 'symlink_install': True, 'test_result_base': None}
[0.535s] Level 5:colcon.colcon_core.verb:set package 'r2_bringup' build argument 'cmake_args' from command line to 'None'
[0.535s] Level 5:colcon.colcon_core.verb:set package 'r2_bringup' build argument 'cmake_target' from command line to 'None'
[0.535s] Level 5:colcon.colcon_core.verb:set package 'r2_bringup' build argument 'cmake_target_skip_unavailable' from command line to 'False'
[0.535s] Level 5:colcon.colcon_core.verb:set package 'r2_bringup' build argument 'cmake_clean_cache' from command line to 'False'
[0.535s] Level 5:colcon.colcon_core.verb:set package 'r2_bringup' build argument 'cmake_clean_first' from command line to 'False'
[0.535s] Level 5:colcon.colcon_core.verb:set package 'r2_bringup' build argument 'cmake_force_configure' from command line to 'False'
[0.535s] Level 5:colcon.colcon_core.verb:set package 'r2_bringup' build argument 'ament_cmake_args' from command line to 'None'
[0.535s] Level 5:colcon.colcon_core.verb:set package 'r2_bringup' build argument 'catkin_cmake_args' from command line to 'None'
[0.535s] Level 5:colcon.colcon_core.verb:set package 'r2_bringup' build argument 'catkin_skip_building_tests' from command line to 'False'
[0.535s] DEBUG:colcon.colcon_core.verb:Building package 'r2_bringup' with the following arguments: {'ament_cmake_args': None, 'build_base': '/home/himaj/r2_ws/src/build/r2_bringup', 'catkin_cmake_args': None, 'catkin_skip_building_tests': False, 'cmake_args': None, 'cmake_clean_cache': False, 'cmake_clean_first': False, 'cmake_force_configure': False, 'cmake_target': None, 'cmake_target_skip_unavailable': False, 'install_base': '/home/himaj/r2_ws/src/install/r2_bringup', 'merge_install': False, 'path': '/home/himaj/r2_ws/src/r2_bringup', 'symlink_install': True, 'test_result_base': None}
[0.536s] INFO:colcon.colcon_core.executor:Executing jobs using 'parallel' executor
[0.537s] DEBUG:colcon.colcon_parallel_executor.executor.parallel:run_until_complete
[0.537s] INFO:colcon.colcon_ros.task.ament_cmake.build:Building ROS package in '/home/himaj/r2_ws/src/r2_description' with build type 'ament_cmake'
[0.538s] INFO:colcon.colcon_cmake.task.cmake.build:Building CMake package in '/home/himaj/r2_ws/src/r2_description'
[0.548s] INFO:colcon.colcon_core.plugin_system:Skipping extension 'colcon_core.shell.bat': Not used on non-Windows systems
[0.548s] INFO:colcon.colcon_core.shell:Skip shell extension 'powershell' for command environment: Not usable outside of PowerShell
[0.549s] DEBUG:colcon.colcon_core.shell:Skip shell extension 'dsv' for command environment
[0.558s] INFO:colcon.colcon_ros.task.ament_cmake.build:Building ROS package in '/home/himaj/r2_ws/src/r2_interfaces' with build type 'ament_cmake'
[0.559s] INFO:colcon.colcon_cmake.task.cmake.build:Building CMake package in '/home/himaj/r2_ws/src/r2_interfaces'
[0.559s] INFO:colcon.colcon_core.shell:Skip shell extension 'powershell' for command environment: Not usable outside of PowerShell
[0.559s] DEBUG:colcon.colcon_core.shell:Skip shell extension 'dsv' for command environment
[0.568s] INFO:colcon.colcon_ros.task.ament_python.build:Building ROS package in '/home/himaj/r2_ws/src/ball_tracking' with build type 'ament_python'
[0.568s] Level 1:colcon.colcon_core.shell:create_environment_hook('ball_tracking', 'ament_prefix_path')
[0.569s] INFO:colcon.colcon_core.shell:Creating environment hook '/home/himaj/r2_ws/src/install/ball_tracking/share/ball_tracking/hook/ament_prefix_path.ps1'
[0.569s] INFO:colcon.colcon_core.shell:Creating environment descriptor '/home/himaj/r2_ws/src/install/ball_tracking/share/ball_tracking/hook/ament_prefix_path.dsv'
[0.570s] INFO:colcon.colcon_core.shell:Creating environment hook '/home/himaj/r2_ws/src/install/ball_tracking/share/ball_tracking/hook/ament_prefix_path.sh'
[0.571s] INFO:colcon.colcon_core.shell:Skip shell extension 'powershell' for command environment: Not usable outside of PowerShell
[0.571s] DEBUG:colcon.colcon_core.shell:Skip shell extension 'dsv' for command environment
[0.580s] INFO:colcon.colcon_ros.task.ament_cmake.build:Building ROS package in '/home/himaj/r2_ws/src/line_following' with build type 'ament_cmake'
[0.580s] INFO:colcon.colcon_cmake.task.cmake.build:Building CMake package in '/home/himaj/r2_ws/src/line_following'
[0.580s] INFO:colcon.colcon_core.shell:Skip shell extension 'powershell' for command environment: Not usable outside of PowerShell
[0.580s] DEBUG:colcon.colcon_core.shell:Skip shell extension 'dsv' for command environment
[0.590s] INFO:colcon.colcon_ros.task.ament_python.build:Building ROS package in '/home/himaj/r2_ws/src/silo_tracking' with build type 'ament_python'
[0.590s] Level 1:colcon.colcon_core.shell:create_environment_hook('silo_tracking', 'ament_prefix_path')
[0.590s] INFO:colcon.colcon_core.shell:Creating environment hook '/home/himaj/r2_ws/src/install/silo_tracking/share/silo_tracking/hook/ament_prefix_path.ps1'
[0.591s] INFO:colcon.colcon_core.shell:Creating environment descriptor '/home/himaj/r2_ws/src/install/silo_tracking/share/silo_tracking/hook/ament_prefix_path.dsv'
[0.591s] INFO:colcon.colcon_core.shell:Creating environment hook '/home/himaj/r2_ws/src/install/silo_tracking/share/silo_tracking/hook/ament_prefix_path.sh'
[0.592s] INFO:colcon.colcon_core.shell:Skip shell extension 'powershell' for command environment: Not usable outside of PowerShell
[0.592s] DEBUG:colcon.colcon_core.shell:Skip shell extension 'dsv' for command environment
[0.607s] DEBUG:colcon.colcon_core.event_handler.log_command:Invoking command in '/home/himaj/r2_ws/src/build/r2_description': CMAKE_PREFIX_PATH=${CMAKE_PREFIX_PATH}:/home/himaj/r2_ws/install/silo_tracking:/home/himaj/r2_ws/install/r2_py:/home/himaj/r2_ws/install/luna_control:/home/himaj/r2_ws/install/ball_tracking:/home/himaj/test_ws/install/test_py_pkg:/home/himaj/test_ws/install/action_py:/home/himaj/xbox_ros_ws/install/xbox_turtle_controller:/home/himaj/bot_alignment/install/ball_detection:/home/himaj/bot_alignment/install/SerialCom:/home/himaj/arm_ros_ws/install/control_joint_states:/home/himaj/install/my_py_pkg:/home/himaj/ros2_ws/install/my_py_pkg:/opt/ros/humble /usr/bin/cmake --build /home/himaj/r2_ws/src/build/r2_description -- -j12 -l12
[0.615s] DEBUG:colcon.colcon_core.event_handler.log_command:Invoking command in '/home/himaj/r2_ws/src/build/r2_interfaces': CMAKE_PREFIX_PATH=${CMAKE_PREFIX_PATH}:/home/himaj/r2_ws/install/silo_tracking:/home/himaj/r2_ws/install/r2_py:/home/himaj/r2_ws/install/luna_control:/home/himaj/r2_ws/install/ball_tracking:/home/himaj/test_ws/install/test_py_pkg:/home/himaj/test_ws/install/action_py:/home/himaj/xbox_ros_ws/install/xbox_turtle_controller:/home/himaj/bot_alignment/install/ball_detection:/home/himaj/bot_alignment/install/SerialCom:/home/himaj/arm_ros_ws/install/control_joint_states:/home/himaj/install/my_py_pkg:/home/himaj/ros2_ws/install/my_py_pkg:/opt/ros/humble /usr/bin/cmake --build /home/himaj/r2_ws/src/build/r2_interfaces -- -j12 -l12
[1.015s] INFO:colcon.colcon_core.task.python.build:Building Python package in '/home/himaj/r2_ws/src/ball_tracking'
[1.016s] INFO:colcon.colcon_core.shell:Skip shell extension 'powershell' for command environment: Not usable outside of PowerShell
[1.016s] DEBUG:colcon.colcon_core.shell:Skip shell extension 'dsv' for command environment
[1.031s] DEBUG:colcon.colcon_core.event_handler.log_command:Invoking command in '/home/himaj/r2_ws/src/build/line_following': CMAKE_PREFIX_PATH=${CMAKE_PREFIX_PATH}:/home/himaj/r2_ws/install/silo_tracking:/home/himaj/r2_ws/install/r2_py:/home/himaj/r2_ws/install/luna_control:/home/himaj/r2_ws/install/ball_tracking:/home/himaj/test_ws/install/test_py_pkg:/home/himaj/test_ws/install/action_py:/home/himaj/xbox_ros_ws/install/xbox_turtle_controller:/home/himaj/bot_alignment/install/ball_detection:/home/himaj/bot_alignment/install/SerialCom:/home/himaj/arm_ros_ws/install/control_joint_states:/home/himaj/install/my_py_pkg:/home/himaj/ros2_ws/install/my_py_pkg:/opt/ros/humble /usr/bin/cmake --build /home/himaj/r2_ws/src/build/line_following -- -j12 -l12
[1.425s] INFO:colcon.colcon_core.task.python.build:Building Python package in '/home/himaj/r2_ws/src/silo_tracking'
[1.426s] INFO:colcon.colcon_core.shell:Skip shell extension 'powershell' for command environment: Not usable outside of PowerShell
[1.426s] DEBUG:colcon.colcon_core.shell:Skip shell extension 'dsv' for command environment
[1.440s] DEBUG:colcon.colcon_core.event_handler.log_command:Invoked command in '/home/himaj/r2_ws/src/build/r2_description' returned '0': CMAKE_PREFIX_PATH=${CMAKE_PREFIX_PATH}:/home/himaj/r2_ws/install/silo_tracking:/home/himaj/r2_ws/install/r2_py:/home/himaj/r2_ws/install/luna_control:/home/himaj/r2_ws/install/ball_tracking:/home/himaj/test_ws/install/test_py_pkg:/home/himaj/test_ws/install/action_py:/home/himaj/xbox_ros_ws/install/xbox_turtle_controller:/home/himaj/bot_alignment/install/ball_detection:/home/himaj/bot_alignment/install/SerialCom:/home/himaj/arm_ros_ws/install/control_joint_states:/home/himaj/install/my_py_pkg:/home/himaj/ros2_ws/install/my_py_pkg:/opt/ros/humble /usr/bin/cmake --build /home/himaj/r2_ws/src/build/r2_description -- -j12 -l12
[1.443s] DEBUG:colcon.colcon_core.event_handler.log_command:Invoked command in '/home/himaj/r2_ws/src/build/r2_interfaces' returned '0': CMAKE_PREFIX_PATH=${CMAKE_PREFIX_PATH}:/home/himaj/r2_ws/install/silo_tracking:/home/himaj/r2_ws/install/r2_py:/home/himaj/r2_ws/install/luna_control:/home/himaj/r2_ws/install/ball_tracking:/home/himaj/test_ws/install/test_py_pkg:/home/himaj/test_ws/install/action_py:/home/himaj/xbox_ros_ws/install/xbox_turtle_controller:/home/himaj/bot_alignment/install/ball_detection:/home/himaj/bot_alignment/install/SerialCom:/home/himaj/arm_ros_ws/install/control_joint_states:/home/himaj/install/my_py_pkg:/home/himaj/ros2_ws/install/my_py_pkg:/opt/ros/humble /usr/bin/cmake --build /home/himaj/r2_ws/src/build/r2_interfaces -- -j12 -l12
[1.496s] DEBUG:colcon.colcon_core.event_handler.log_command:Invoking command in '/home/himaj/r2_ws/src/build/r2_description': CMAKE_PREFIX_PATH=${CMAKE_PREFIX_PATH}:/home/himaj/r2_ws/install/silo_tracking:/home/himaj/r2_ws/install/r2_py:/home/himaj/r2_ws/install/luna_control:/home/himaj/r2_ws/install/ball_tracking:/home/himaj/test_ws/install/test_py_pkg:/home/himaj/test_ws/install/action_py:/home/himaj/xbox_ros_ws/install/xbox_turtle_controller:/home/himaj/bot_alignment/install/ball_detection:/home/himaj/bot_alignment/install/SerialCom:/home/himaj/arm_ros_ws/install/control_joint_states:/home/himaj/install/my_py_pkg:/home/himaj/ros2_ws/install/my_py_pkg:/opt/ros/humble /usr/bin/cmake --install /home/himaj/r2_ws/src/build/r2_description
[1.535s] Level 1:colcon.colcon_core.environment:create_environment_scripts_only(r2_description)
[1.537s] DEBUG:colcon.colcon_core.event_handler.log_command:Invoked command in '/home/himaj/r2_ws/src/build/r2_description' returned '0': CMAKE_PREFIX_PATH=${CMAKE_PREFIX_PATH}:/home/himaj/r2_ws/install/silo_tracking:/home/himaj/r2_ws/install/r2_py:/home/himaj/r2_ws/install/luna_control:/home/himaj/r2_ws/install/ball_tracking:/home/himaj/test_ws/install/test_py_pkg:/home/himaj/test_ws/install/action_py:/home/himaj/xbox_ros_ws/install/xbox_turtle_controller:/home/himaj/bot_alignment/install/ball_detection:/home/himaj/bot_alignment/install/SerialCom:/home/himaj/arm_ros_ws/install/control_joint_states:/home/himaj/install/my_py_pkg:/home/himaj/ros2_ws/install/my_py_pkg:/opt/ros/humble /usr/bin/cmake --install /home/himaj/r2_ws/src/build/r2_description
[1.542s] Level 1:colcon.colcon_core.environment:checking '/home/himaj/r2_ws/src/install/r2_description' for CMake module files
[1.543s] Level 1:colcon.colcon_core.environment:checking '/home/himaj/r2_ws/src/install/r2_description' for CMake config files
[1.544s] Level 1:colcon.colcon_core.shell:create_environment_hook('r2_description', 'cmake_prefix_path')
[1.544s] INFO:colcon.colcon_core.shell:Creating environment hook '/home/himaj/r2_ws/src/install/r2_description/share/r2_description/hook/cmake_prefix_path.ps1'
[1.545s] INFO:colcon.colcon_core.shell:Creating environment descriptor '/home/himaj/r2_ws/src/install/r2_description/share/r2_description/hook/cmake_prefix_path.dsv'
[1.545s] INFO:colcon.colcon_core.shell:Creating environment hook '/home/himaj/r2_ws/src/install/r2_description/share/r2_description/hook/cmake_prefix_path.sh'
[1.546s] Level 1:colcon.colcon_core.environment:checking '/home/himaj/r2_ws/src/install/r2_description/bin'
[1.546s] Level 1:colcon.colcon_core.environment:checking '/home/himaj/r2_ws/src/install/r2_description/lib/pkgconfig/r2_description.pc'
[1.547s] Level 1:colcon.colcon_core.environment:checking '/home/himaj/r2_ws/src/install/r2_description/lib/python3.10/site-packages'
[1.547s] Level 1:colcon.colcon_core.environment:checking '/home/himaj/r2_ws/src/install/r2_description/bin'
[1.548s] INFO:colcon.colcon_core.shell:Creating package script '/home/himaj/r2_ws/src/install/r2_description/share/r2_description/package.ps1'
[1.549s] INFO:colcon.colcon_core.shell:Creating package descriptor '/home/himaj/r2_ws/src/install/r2_description/share/r2_description/package.dsv'
[1.550s] INFO:colcon.colcon_core.shell:Creating package script '/home/himaj/r2_ws/src/install/r2_description/share/r2_description/package.sh'
[1.552s] INFO:colcon.colcon_core.shell:Creating package script '/home/himaj/r2_ws/src/install/r2_description/share/r2_description/package.bash'
[1.553s] INFO:colcon.colcon_core.shell:Creating package script '/home/himaj/r2_ws/src/install/r2_description/share/r2_description/package.zsh'
[1.554s] Level 1:colcon.colcon_core.environment:create_file_with_runtime_dependencies(/home/himaj/r2_ws/src/install/r2_description/share/colcon-core/packages/r2_description)
[1.593s] Level 1:colcon.colcon_core.environment:create_environment_scripts_only(r2_description)
[1.593s] Level 1:colcon.colcon_core.environment:checking '/home/himaj/r2_ws/src/install/r2_description' for CMake module files
[1.593s] Level 1:colcon.colcon_core.environment:checking '/home/himaj/r2_ws/src/install/r2_description' for CMake config files
[1.594s] Level 1:colcon.colcon_core.shell:create_environment_hook('r2_description', 'cmake_prefix_path')
[1.594s] INFO:colcon.colcon_core.shell:Creating environment hook '/home/himaj/r2_ws/src/install/r2_description/share/r2_description/hook/cmake_prefix_path.ps1'
[1.595s] INFO:colcon.colcon_core.shell:Creating environment descriptor '/home/himaj/r2_ws/src/install/r2_description/share/r2_description/hook/cmake_prefix_path.dsv'
[1.595s] INFO:colcon.colcon_core.shell:Creating environment hook '/home/himaj/r2_ws/src/install/r2_description/share/r2_description/hook/cmake_prefix_path.sh'
[1.596s] Level 1:colcon.colcon_core.environment:checking '/home/himaj/r2_ws/src/install/r2_description/bin'
[1.596s] Level 1:colcon.colcon_core.environment:checking '/home/himaj/r2_ws/src/install/r2_description/lib/pkgconfig/r2_description.pc'
[1.596s] Level 1:colcon.colcon_core.environment:checking '/home/himaj/r2_ws/src/install/r2_description/lib/python3.10/site-packages'
[1.596s] Level 1:colcon.colcon_core.environment:checking '/home/himaj/r2_ws/src/install/r2_description/bin'
[1.597s] INFO:colcon.colcon_core.shell:Creating package script '/home/himaj/r2_ws/src/install/r2_description/share/r2_description/package.ps1'
[1.597s] INFO:colcon.colcon_core.shell:Creating package descriptor '/home/himaj/r2_ws/src/install/r2_description/share/r2_description/package.dsv'
[1.598s] INFO:colcon.colcon_core.shell:Creating package script '/home/himaj/r2_ws/src/install/r2_description/share/r2_description/package.sh'
[1.598s] INFO:colcon.colcon_core.shell:Creating package script '/home/himaj/r2_ws/src/install/r2_description/share/r2_description/package.bash'
[1.598s] INFO:colcon.colcon_core.shell:Creating package script '/home/himaj/r2_ws/src/install/r2_description/share/r2_description/package.zsh'
[1.599s] Level 1:colcon.colcon_core.environment:create_file_with_runtime_dependencies(/home/himaj/r2_ws/src/install/r2_description/share/colcon-core/packages/r2_description)
[1.601s] DEBUG:colcon.colcon_core.event_handler.log_command:Invoked command in '/home/himaj/r2_ws/src/build/line_following' returned '0': CMAKE_PREFIX_PATH=${CMAKE_PREFIX_PATH}:/home/himaj/r2_ws/install/silo_tracking:/home/himaj/r2_ws/install/r2_py:/home/himaj/r2_ws/install/luna_control:/home/himaj/r2_ws/install/ball_tracking:/home/himaj/test_ws/install/test_py_pkg:/home/himaj/test_ws/install/action_py:/home/himaj/xbox_ros_ws/install/xbox_turtle_controller:/home/himaj/bot_alignment/install/ball_detection:/home/himaj/bot_alignment/install/SerialCom:/home/himaj/arm_ros_ws/install/control_joint_states:/home/himaj/install/my_py_pkg:/home/himaj/ros2_ws/install/my_py_pkg:/opt/ros/humble /usr/bin/cmake --build /home/himaj/r2_ws/src/build/line_following -- -j12 -l12
[1.620s] DEBUG:colcon.colcon_core.event_handler.log_command:Invoking command in '/home/himaj/r2_ws/src/build/r2_interfaces': CMAKE_PREFIX_PATH=${CMAKE_PREFIX_PATH}:/home/himaj/r2_ws/install/silo_tracking:/home/himaj/r2_ws/install/r2_py:/home/himaj/r2_ws/install/luna_control:/home/himaj/r2_ws/install/ball_tracking:/home/himaj/test_ws/install/test_py_pkg:/home/himaj/test_ws/install/action_py:/home/himaj/xbox_ros_ws/install/xbox_turtle_controller:/home/himaj/bot_alignment/install/ball_detection:/home/himaj/bot_alignment/install/SerialCom:/home/himaj/arm_ros_ws/install/control_joint_states:/home/himaj/install/my_py_pkg:/home/himaj/ros2_ws/install/my_py_pkg:/opt/ros/humble /usr/bin/cmake --install /home/himaj/r2_ws/src/build/r2_interfaces
[1.650s] DEBUG:colcon.colcon_core.event_handler.log_command:Invoking command in '/home/himaj/r2_ws/src/build/line_following': CMAKE_PREFIX_PATH=${CMAKE_PREFIX_PATH}:/home/himaj/r2_ws/install/silo_tracking:/home/himaj/r2_ws/install/r2_py:/home/himaj/r2_ws/install/luna_control:/home/himaj/r2_ws/install/ball_tracking:/home/himaj/test_ws/install/test_py_pkg:/home/himaj/test_ws/install/action_py:/home/himaj/xbox_ros_ws/install/xbox_turtle_controller:/home/himaj/bot_alignment/install/ball_detection:/home/himaj/bot_alignment/install/SerialCom:/home/himaj/arm_ros_ws/install/control_joint_states:/home/himaj/install/my_py_pkg:/home/himaj/ros2_ws/install/my_py_pkg:/opt/ros/humble /usr/bin/cmake --install /home/himaj/r2_ws/src/build/line_following
[1.747s] Level 1:colcon.colcon_core.environment:create_environment_scripts_only(line_following)
[1.747s] Level 1:colcon.colcon_core.environment:checking '/home/himaj/r2_ws/src/install/line_following' for CMake module files
[1.748s] DEBUG:colcon.colcon_core.event_handler.log_command:Invoked command in '/home/himaj/r2_ws/src/build/line_following' returned '0': CMAKE_PREFIX_PATH=${CMAKE_PREFIX_PATH}:/home/himaj/r2_ws/install/silo_tracking:/home/himaj/r2_ws/install/r2_py:/home/himaj/r2_ws/install/luna_control:/home/himaj/r2_ws/install/ball_tracking:/home/himaj/test_ws/install/test_py_pkg:/home/himaj/test_ws/install/action_py:/home/himaj/xbox_ros_ws/install/xbox_turtle_controller:/home/himaj/bot_alignment/install/ball_detection:/home/himaj/bot_alignment/install/SerialCom:/home/himaj/arm_ros_ws/install/control_joint_states:/home/himaj/install/my_py_pkg:/home/himaj/ros2_ws/install/my_py_pkg:/opt/ros/humble /usr/bin/cmake --install /home/himaj/r2_ws/src/build/line_following
[1.750s] Level 1:colcon.colcon_core.environment:checking '/home/himaj/r2_ws/src/install/line_following' for CMake config files
[1.751s] Level 1:colcon.colcon_core.shell:create_environment_hook('line_following', 'cmake_prefix_path')
[1.752s] INFO:colcon.colcon_core.shell:Creating environment hook '/home/himaj/r2_ws/src/install/line_following/share/line_following/hook/cmake_prefix_path.ps1'
[1.753s] INFO:colcon.colcon_core.shell:Creating environment descriptor '/home/himaj/r2_ws/src/install/line_following/share/line_following/hook/cmake_prefix_path.dsv'
[1.753s] INFO:colcon.colcon_core.shell:Creating environment hook '/home/himaj/r2_ws/src/install/line_following/share/line_following/hook/cmake_prefix_path.sh'
[1.754s] Level 1:colcon.colcon_core.environment:checking '/home/himaj/r2_ws/src/install/line_following/lib'
[1.754s] Level 1:colcon.colcon_core.environment:checking '/home/himaj/r2_ws/src/install/line_following/bin'
[1.754s] Level 1:colcon.colcon_core.environment:checking '/home/himaj/r2_ws/src/install/line_following/lib/pkgconfig/line_following.pc'
[1.755s] Level 1:colcon.colcon_core.environment:checking '/home/himaj/r2_ws/src/install/line_following/lib/python3.10/site-packages'
[1.755s] Level 1:colcon.colcon_core.environment:checking '/home/himaj/r2_ws/src/install/line_following/bin'
[1.756s] INFO:colcon.colcon_core.shell:Creating package script '/home/himaj/r2_ws/src/install/line_following/share/line_following/package.ps1'
[1.756s] INFO:colcon.colcon_core.shell:Creating package descriptor '/home/himaj/r2_ws/src/install/line_following/share/line_following/package.dsv'
[1.757s] INFO:colcon.colcon_core.shell:Creating package script '/home/himaj/r2_ws/src/install/line_following/share/line_following/package.sh'
[1.757s] INFO:colcon.colcon_core.shell:Creating package script '/home/himaj/r2_ws/src/install/line_following/share/line_following/package.bash'
[1.758s] INFO:colcon.colcon_core.shell:Creating package script '/home/himaj/r2_ws/src/install/line_following/share/line_following/package.zsh'
[1.758s] Level 1:colcon.colcon_core.environment:create_file_with_runtime_dependencies(/home/himaj/r2_ws/src/install/line_following/share/colcon-core/packages/line_following)
[1.760s] Level 1:colcon.colcon_core.environment:create_environment_scripts_only(r2_interfaces)
[1.761s] Level 1:colcon.colcon_core.environment:checking '/home/himaj/r2_ws/src/install/r2_interfaces' for CMake module files
[1.762s] DEBUG:colcon.colcon_core.event_handler.log_command:Invoked command in '/home/himaj/r2_ws/src/build/r2_interfaces' returned '0': CMAKE_PREFIX_PATH=${CMAKE_PREFIX_PATH}:/home/himaj/r2_ws/install/silo_tracking:/home/himaj/r2_ws/install/r2_py:/home/himaj/r2_ws/install/luna_control:/home/himaj/r2_ws/install/ball_tracking:/home/himaj/test_ws/install/test_py_pkg:/home/himaj/test_ws/install/action_py:/home/himaj/xbox_ros_ws/install/xbox_turtle_controller:/home/himaj/bot_alignment/install/ball_detection:/home/himaj/bot_alignment/install/SerialCom:/home/himaj/arm_ros_ws/install/control_joint_states:/home/himaj/install/my_py_pkg:/home/himaj/ros2_ws/install/my_py_pkg:/opt/ros/humble /usr/bin/cmake --install /home/himaj/r2_ws/src/build/r2_interfaces
[1.763s] Level 1:colcon.colcon_core.environment:checking '/home/himaj/r2_ws/src/install/r2_interfaces' for CMake config files
[1.764s] Level 1:colcon.colcon_core.shell:create_environment_hook('r2_interfaces', 'cmake_prefix_path')
[1.765s] INFO:colcon.colcon_core.shell:Creating environment hook '/home/himaj/r2_ws/src/install/r2_interfaces/share/r2_interfaces/hook/cmake_prefix_path.ps1'
[1.765s] INFO:colcon.colcon_core.shell:Creating environment descriptor '/home/himaj/r2_ws/src/install/r2_interfaces/share/r2_interfaces/hook/cmake_prefix_path.dsv'
[1.766s] INFO:colcon.colcon_core.shell:Creating environment hook '/home/himaj/r2_ws/src/install/r2_interfaces/share/r2_interfaces/hook/cmake_prefix_path.sh'
[1.767s] Level 1:colcon.colcon_core.environment:checking '/home/himaj/r2_ws/src/install/r2_interfaces/lib'
[1.767s] Level 1:colcon.colcon_core.shell:create_environment_hook('r2_interfaces', 'ld_library_path_lib')
[1.767s] INFO:colcon.colcon_core.shell:Creating environment hook '/home/himaj/r2_ws/src/install/r2_interfaces/share/r2_interfaces/hook/ld_library_path_lib.ps1'
[1.768s] INFO:colcon.colcon_core.shell:Creating environment descriptor '/home/himaj/r2_ws/src/install/r2_interfaces/share/r2_interfaces/hook/ld_library_path_lib.dsv'
[1.768s] INFO:colcon.colcon_core.shell:Creating environment hook '/home/himaj/r2_ws/src/install/r2_interfaces/share/r2_interfaces/hook/ld_library_path_lib.sh'
[1.769s] Level 1:colcon.colcon_core.environment:checking '/home/himaj/r2_ws/src/install/r2_interfaces/bin'
[1.769s] Level 1:colcon.colcon_core.environment:checking '/home/himaj/r2_ws/src/install/r2_interfaces/lib/pkgconfig/r2_interfaces.pc'
[1.769s] Level 1:colcon.colcon_core.environment:checking '/home/himaj/r2_ws/src/install/r2_interfaces/lib/python3.10/site-packages'
[1.769s] Level 1:colcon.colcon_core.environment:checking '/home/himaj/r2_ws/src/install/r2_interfaces/bin'
[1.770s] INFO:colcon.colcon_core.shell:Creating package script '/home/himaj/r2_ws/src/install/r2_interfaces/share/r2_interfaces/package.ps1'
[1.771s] INFO:colcon.colcon_core.shell:Creating package descriptor '/home/himaj/r2_ws/src/install/r2_interfaces/share/r2_interfaces/package.dsv'
[1.771s] INFO:colcon.colcon_core.shell:Creating package script '/home/himaj/r2_ws/src/install/r2_interfaces/share/r2_interfaces/package.sh'
[1.772s] INFO:colcon.colcon_core.shell:Creating package script '/home/himaj/r2_ws/src/install/r2_interfaces/share/r2_interfaces/package.bash'
[1.772s] INFO:colcon.colcon_core.shell:Creating package script '/home/himaj/r2_ws/src/install/r2_interfaces/share/r2_interfaces/package.zsh'
[1.773s] Level 1:colcon.colcon_core.environment:create_file_with_runtime_dependencies(/home/himaj/r2_ws/src/install/r2_interfaces/share/colcon-core/packages/r2_interfaces)
[1.809s] Level 1:colcon.colcon_core.environment:create_environment_scripts_only(line_following)
[1.810s] Level 1:colcon.colcon_core.environment:checking '/home/himaj/r2_ws/src/install/line_following' for CMake module files
[1.811s] Level 1:colcon.colcon_core.environment:checking '/home/himaj/r2_ws/src/install/line_following' for CMake config files
[1.812s] Level 1:colcon.colcon_core.shell:create_environment_hook('line_following', 'cmake_prefix_path')
[1.813s] INFO:colcon.colcon_core.shell:Creating environment hook '/home/himaj/r2_ws/src/install/line_following/share/line_following/hook/cmake_prefix_path.ps1'
[1.813s] INFO:colcon.colcon_core.shell:Creating environment descriptor '/home/himaj/r2_ws/src/install/line_following/share/line_following/hook/cmake_prefix_path.dsv'
[1.814s] INFO:colcon.colcon_core.shell:Creating environment hook '/home/himaj/r2_ws/src/install/line_following/share/line_following/hook/cmake_prefix_path.sh'
[1.815s] Level 1:colcon.colcon_core.environment:checking '/home/himaj/r2_ws/src/install/line_following/lib'
[1.815s] Level 1:colcon.colcon_core.environment:checking '/home/himaj/r2_ws/src/install/line_following/bin'
[1.815s] Level 1:colcon.colcon_core.environment:checking '/home/himaj/r2_ws/src/install/line_following/lib/pkgconfig/line_following.pc'
[1.815s] Level 1:colcon.colcon_core.environment:checking '/home/himaj/r2_ws/src/install/line_following/lib/python3.10/site-packages'
[1.816s] Level 1:colcon.colcon_core.environment:checking '/home/himaj/r2_ws/src/install/line_following/bin'
[1.816s] INFO:colcon.colcon_core.shell:Creating package script '/home/himaj/r2_ws/src/install/line_following/share/line_following/package.ps1'
[1.817s] INFO:colcon.colcon_core.shell:Creating package descriptor '/home/himaj/r2_ws/src/install/line_following/share/line_following/package.dsv'
[1.818s] INFO:colcon.colcon_core.shell:Creating package script '/home/himaj/r2_ws/src/install/line_following/share/line_following/package.sh'
[1.819s] INFO:colcon.colcon_core.shell:Creating package script '/home/himaj/r2_ws/src/install/line_following/share/line_following/package.bash'
[1.819s] INFO:colcon.colcon_core.shell:Creating package script '/home/himaj/r2_ws/src/install/line_following/share/line_following/package.zsh'
[1.820s] Level 1:colcon.colcon_core.environment:create_file_with_runtime_dependencies(/home/himaj/r2_ws/src/install/line_following/share/colcon-core/packages/line_following)
[1.954s] Level 1:colcon.colcon_core.environment:create_environment_scripts_only(r2_interfaces)
[1.955s] Level 1:colcon.colcon_core.environment:checking '/home/himaj/r2_ws/src/install/r2_interfaces' for CMake module files
[1.955s] Level 1:colcon.colcon_core.environment:checking '/home/himaj/r2_ws/src/install/r2_interfaces' for CMake config files
[1.956s] Level 1:colcon.colcon_core.shell:create_environment_hook('r2_interfaces', 'cmake_prefix_path')
[1.956s] INFO:colcon.colcon_core.shell:Creating environment hook '/home/himaj/r2_ws/src/install/r2_interfaces/share/r2_interfaces/hook/cmake_prefix_path.ps1'
[1.957s] INFO:colcon.colcon_core.shell:Creating environment descriptor '/home/himaj/r2_ws/src/install/r2_interfaces/share/r2_interfaces/hook/cmake_prefix_path.dsv'
[1.957s] INFO:colcon.colcon_core.shell:Creating environment hook '/home/himaj/r2_ws/src/install/r2_interfaces/share/r2_interfaces/hook/cmake_prefix_path.sh'
[1.958s] Level 1:colcon.colcon_core.environment:checking '/home/himaj/r2_ws/src/install/r2_interfaces/lib'
[1.958s] Level 1:colcon.colcon_core.shell:create_environment_hook('r2_interfaces', 'ld_library_path_lib')
[1.958s] INFO:colcon.colcon_core.shell:Creating environment hook '/home/himaj/r2_ws/src/install/r2_interfaces/share/r2_interfaces/hook/ld_library_path_lib.ps1'
[1.959s] INFO:colcon.colcon_core.shell:Creating environment descriptor '/home/himaj/r2_ws/src/install/r2_interfaces/share/r2_interfaces/hook/ld_library_path_lib.dsv'
[1.959s] INFO:colcon.colcon_core.shell:Creating environment hook '/home/himaj/r2_ws/src/install/r2_interfaces/share/r2_interfaces/hook/ld_library_path_lib.sh'
[1.959s] Level 1:colcon.colcon_core.environment:checking '/home/himaj/r2_ws/src/install/r2_interfaces/bin'
[1.959s] Level 1:colcon.colcon_core.environment:checking '/home/himaj/r2_ws/src/install/r2_interfaces/lib/pkgconfig/r2_interfaces.pc'
[1.960s] Level 1:colcon.colcon_core.environment:checking '/home/himaj/r2_ws/src/install/r2_interfaces/lib/python3.10/site-packages'
[1.960s] Level 1:colcon.colcon_core.environment:checking '/home/himaj/r2_ws/src/install/r2_interfaces/bin'
[1.960s] INFO:colcon.colcon_core.shell:Creating package script '/home/himaj/r2_ws/src/install/r2_interfaces/share/r2_interfaces/package.ps1'
[1.961s] INFO:colcon.colcon_core.shell:Creating package descriptor '/home/himaj/r2_ws/src/install/r2_interfaces/share/r2_interfaces/package.dsv'
[1.962s] INFO:colcon.colcon_core.shell:Creating package script '/home/himaj/r2_ws/src/install/r2_interfaces/share/r2_interfaces/package.sh'
[1.963s] INFO:colcon.colcon_core.shell:Creating package script '/home/himaj/r2_ws/src/install/r2_interfaces/share/r2_interfaces/package.bash'
[1.963s] INFO:colcon.colcon_core.shell:Creating package script '/home/himaj/r2_ws/src/install/r2_interfaces/share/r2_interfaces/package.zsh'
[1.964s] Level 1:colcon.colcon_core.environment:create_file_with_runtime_dependencies(/home/himaj/r2_ws/src/install/r2_interfaces/share/colcon-core/packages/r2_interfaces)
[1.964s] INFO:colcon.colcon_ros.task.ament_python.build:Building ROS package in '/home/himaj/r2_ws/src/r2_py' with build type 'ament_python'
[1.965s] Level 1:colcon.colcon_core.shell:create_environment_hook('r2_py', 'ament_prefix_path')
[1.965s] INFO:colcon.colcon_core.shell:Creating environment hook '/home/himaj/r2_ws/src/install/r2_py/share/r2_py/hook/ament_prefix_path.ps1'
[1.966s] INFO:colcon.colcon_core.shell:Creating environment descriptor '/home/himaj/r2_ws/src/install/r2_py/share/r2_py/hook/ament_prefix_path.dsv'
[1.967s] INFO:colcon.colcon_core.shell:Creating environment hook '/home/himaj/r2_ws/src/install/r2_py/share/r2_py/hook/ament_prefix_path.sh'
[1.968s] INFO:colcon.colcon_core.shell:Skip shell extension 'powershell' for command environment: Not usable outside of PowerShell
[1.968s] DEBUG:colcon.colcon_core.shell:Skip shell extension 'dsv' for command environment
[1.983s] INFO:colcon.colcon_ros.task.ament_python.build:Building ROS package in '/home/himaj/r2_ws/src/luna_control' with build type 'ament_python'
[1.983s] Level 1:colcon.colcon_core.shell:create_environment_hook('luna_control', 'ament_prefix_path')
[1.984s] INFO:colcon.colcon_core.shell:Creating environment hook '/home/himaj/r2_ws/src/install/luna_control/share/luna_control/hook/ament_prefix_path.ps1'
[1.985s] INFO:colcon.colcon_core.shell:Creating environment descriptor '/home/himaj/r2_ws/src/install/luna_control/share/luna_control/hook/ament_prefix_path.dsv'
[1.985s] INFO:colcon.colcon_core.shell:Creating environment hook '/home/himaj/r2_ws/src/install/luna_control/share/luna_control/hook/ament_prefix_path.sh'
[1.986s] INFO:colcon.colcon_core.shell:Skip shell extension 'powershell' for command environment: Not usable outside of PowerShell
[1.987s] DEBUG:colcon.colcon_core.shell:Skip shell extension 'dsv' for command environment
[2.392s] INFO:colcon.colcon_core.task.python.build:Building Python package in '/home/himaj/r2_ws/src/r2_py'
[2.392s] INFO:colcon.colcon_core.shell:Skip shell extension 'powershell' for command environment: Not usable outside of PowerShell
[2.392s] DEBUG:colcon.colcon_core.shell:Skip shell extension 'dsv' for command environment
[2.405s] DEBUG:colcon.colcon_core.event_handler.log_command:Invoking command in '/home/himaj/r2_ws/src/build/ball_tracking': PYTHONPATH=/home/himaj/r2_ws/src/build/ball_tracking/prefix_override:/home/himaj/r2_ws/src/install/ball_tracking/lib/python3.10/site-packages:${PYTHONPATH} /usr/bin/python3 -W ignore:setup.py install is deprecated setup.py develop --editable --build-directory /home/himaj/r2_ws/src/build/ball_tracking/build --no-deps symlink_data
[2.407s] DEBUG:colcon.colcon_core.event_handler.log_command:Invoking command in '/home/himaj/r2_ws/src/build/silo_tracking': PYTHONPATH=/home/himaj/r2_ws/src/build/silo_tracking/prefix_override:/home/himaj/r2_ws/src/install/silo_tracking/lib/python3.10/site-packages:${PYTHONPATH} /usr/bin/python3 -W ignore:setup.py install is deprecated setup.py develop --editable --build-directory /home/himaj/r2_ws/src/build/silo_tracking/build --no-deps symlink_data
[2.840s] INFO:colcon.colcon_core.task.python.build:Building Python package in '/home/himaj/r2_ws/src/luna_control'
[2.841s] INFO:colcon.colcon_core.shell:Skip shell extension 'powershell' for command environment: Not usable outside of PowerShell
[2.841s] DEBUG:colcon.colcon_core.shell:Skip shell extension 'dsv' for command environment
[3.165s] Level 1:colcon.colcon_core.shell:create_environment_hook('silo_tracking', 'pythonpath_develop')
[3.165s] INFO:colcon.colcon_core.shell:Creating environment hook '/home/himaj/r2_ws/src/build/silo_tracking/share/silo_tracking/hook/pythonpath_develop.ps1'
[3.166s] DEBUG:colcon.colcon_core.event_handler.log_command:Invoked command in '/home/himaj/r2_ws/src/build/silo_tracking' returned '0': PYTHONPATH=/home/himaj/r2_ws/src/build/silo_tracking/prefix_override:/home/himaj/r2_ws/src/install/silo_tracking/lib/python3.10/site-packages:${PYTHONPATH} /usr/bin/python3 -W ignore:setup.py install is deprecated setup.py develop --editable --build-directory /home/himaj/r2_ws/src/build/silo_tracking/build --no-deps symlink_data
[3.166s] INFO:colcon.colcon_core.shell:Creating environment descriptor '/home/himaj/r2_ws/src/build/silo_tracking/share/silo_tracking/hook/pythonpath_develop.dsv'
[3.167s] INFO:colcon.colcon_core.shell:Creating environment hook '/home/himaj/r2_ws/src/build/silo_tracking/share/silo_tracking/hook/pythonpath_develop.sh'
[3.168s] Level 1:colcon.colcon_core.environment:checking '/home/himaj/r2_ws/src/install/silo_tracking' for CMake module files
[3.168s] Level 1:colcon.colcon_core.environment:checking '/home/himaj/r2_ws/src/install/silo_tracking' for CMake config files
[3.169s] Level 1:colcon.colcon_core.environment:checking '/home/himaj/r2_ws/src/install/silo_tracking/lib'
[3.169s] Level 1:colcon.colcon_core.environment:checking '/home/himaj/r2_ws/src/install/silo_tracking/bin'
[3.169s] Level 1:colcon.colcon_core.environment:checking '/home/himaj/r2_ws/src/install/silo_tracking/lib/pkgconfig/silo_tracking.pc'
[3.169s] Level 1:colcon.colcon_core.environment:checking '/home/himaj/r2_ws/src/install/silo_tracking/lib/python3.10/site-packages'
[3.169s] Level 1:colcon.colcon_core.shell:create_environment_hook('silo_tracking', 'pythonpath')
[3.170s] INFO:colcon.colcon_core.shell:Creating environment hook '/home/himaj/r2_ws/src/install/silo_tracking/share/silo_tracking/hook/pythonpath.ps1'
[3.170s] INFO:colcon.colcon_core.shell:Creating environment descriptor '/home/himaj/r2_ws/src/install/silo_tracking/share/silo_tracking/hook/pythonpath.dsv'
[3.171s] INFO:colcon.colcon_core.shell:Creating environment hook '/home/himaj/r2_ws/src/install/silo_tracking/share/silo_tracking/hook/pythonpath.sh'
[3.171s] Level 1:colcon.colcon_core.environment:checking '/home/himaj/r2_ws/src/install/silo_tracking/bin'
[3.171s] Level 1:colcon.colcon_core.environment:create_environment_scripts_only(silo_tracking)
[3.172s] INFO:colcon.colcon_core.shell:Creating package script '/home/himaj/r2_ws/src/install/silo_tracking/share/silo_tracking/package.ps1'
[3.173s] INFO:colcon.colcon_core.shell:Creating package descriptor '/home/himaj/r2_ws/src/install/silo_tracking/share/silo_tracking/package.dsv'
[3.173s] INFO:colcon.colcon_core.shell:Creating package script '/home/himaj/r2_ws/src/install/silo_tracking/share/silo_tracking/package.sh'
[3.174s] INFO:colcon.colcon_core.shell:Creating package script '/home/himaj/r2_ws/src/install/silo_tracking/share/silo_tracking/package.bash'
[3.174s] INFO:colcon.colcon_core.shell:Creating package script '/home/himaj/r2_ws/src/install/silo_tracking/share/silo_tracking/package.zsh'
[3.175s] Level 1:colcon.colcon_core.environment:create_file_with_runtime_dependencies(/home/himaj/r2_ws/src/install/silo_tracking/share/colcon-core/packages/silo_tracking)
[3.178s] Level 1:colcon.colcon_core.shell:create_environment_hook('ball_tracking', 'pythonpath_develop')
[3.178s] INFO:colcon.colcon_core.shell:Creating environment hook '/home/himaj/r2_ws/src/build/ball_tracking/share/ball_tracking/hook/pythonpath_develop.ps1'
[3.179s] DEBUG:colcon.colcon_core.event_handler.log_command:Invoked command in '/home/himaj/r2_ws/src/build/ball_tracking' returned '0': PYTHONPATH=/home/himaj/r2_ws/src/build/ball_tracking/prefix_override:/home/himaj/r2_ws/src/install/ball_tracking/lib/python3.10/site-packages:${PYTHONPATH} /usr/bin/python3 -W ignore:setup.py install is deprecated setup.py develop --editable --build-directory /home/himaj/r2_ws/src/build/ball_tracking/build --no-deps symlink_data
[3.179s] INFO:colcon.colcon_core.shell:Creating environment descriptor '/home/himaj/r2_ws/src/build/ball_tracking/share/ball_tracking/hook/pythonpath_develop.dsv'
[3.180s] INFO:colcon.colcon_core.shell:Creating environment hook '/home/himaj/r2_ws/src/build/ball_tracking/share/ball_tracking/hook/pythonpath_develop.sh'
[3.181s] Level 1:colcon.colcon_core.environment:checking '/home/himaj/r2_ws/src/install/ball_tracking' for CMake module files
[3.181s] Level 1:colcon.colcon_core.environment:checking '/home/himaj/r2_ws/src/install/ball_tracking' for CMake config files
[3.182s] Level 1:colcon.colcon_core.environment:checking '/home/himaj/r2_ws/src/install/ball_tracking/lib'
[3.182s] Level 1:colcon.colcon_core.environment:checking '/home/himaj/r2_ws/src/install/ball_tracking/bin'
[3.182s] Level 1:colcon.colcon_core.environment:checking '/home/himaj/r2_ws/src/install/ball_tracking/lib/pkgconfig/ball_tracking.pc'
[3.182s] Level 1:colcon.colcon_core.environment:checking '/home/himaj/r2_ws/src/install/ball_tracking/lib/python3.10/site-packages'
[3.182s] Level 1:colcon.colcon_core.shell:create_environment_hook('ball_tracking', 'pythonpath')
[3.183s] INFO:colcon.colcon_core.shell:Creating environment hook '/home/himaj/r2_ws/src/install/ball_tracking/share/ball_tracking/hook/pythonpath.ps1'
[3.183s] INFO:colcon.colcon_core.shell:Creating environment descriptor '/home/himaj/r2_ws/src/install/ball_tracking/share/ball_tracking/hook/pythonpath.dsv'
[3.184s] INFO:colcon.colcon_core.shell:Creating environment hook '/home/himaj/r2_ws/src/install/ball_tracking/share/ball_tracking/hook/pythonpath.sh'
[3.184s] Level 1:colcon.colcon_core.environment:checking '/home/himaj/r2_ws/src/install/ball_tracking/bin'
[3.185s] Level 1:colcon.colcon_core.environment:create_environment_scripts_only(ball_tracking)
[3.185s] INFO:colcon.colcon_core.shell:Creating package script '/home/himaj/r2_ws/src/install/ball_tracking/share/ball_tracking/package.ps1'
[3.186s] INFO:colcon.colcon_core.shell:Creating package descriptor '/home/himaj/r2_ws/src/install/ball_tracking/share/ball_tracking/package.dsv'
[3.186s] INFO:colcon.colcon_core.shell:Creating package script '/home/himaj/r2_ws/src/install/ball_tracking/share/ball_tracking/package.sh'
[3.187s] INFO:colcon.colcon_core.shell:Creating package script '/home/himaj/r2_ws/src/install/ball_tracking/share/ball_tracking/package.bash'
[3.187s] INFO:colcon.colcon_core.shell:Creating package script '/home/himaj/r2_ws/src/install/ball_tracking/share/ball_tracking/package.zsh'
[3.188s] Level 1:colcon.colcon_core.environment:create_file_with_runtime_dependencies(/home/himaj/r2_ws/src/install/ball_tracking/share/colcon-core/packages/ball_tracking)
[3.355s] DEBUG:colcon.colcon_core.event_handler.log_command:Invoking command in '/home/himaj/r2_ws/src/build/luna_control': AMENT_PREFIX_PATH=/home/himaj/r2_ws/src/install/r2_interfaces:/home/himaj/r2_ws/src/install/r2_description:${AMENT_PREFIX_PATH} CMAKE_PREFIX_PATH=/home/himaj/r2_ws/src/install/r2_interfaces:/home/himaj/r2_ws/src/install/r2_description:${CMAKE_PREFIX_PATH} LD_LIBRARY_PATH=/home/himaj/r2_ws/src/install/r2_interfaces/lib:/home/himaj/r2_ws/install/r2_interfaces/lib:/home/himaj/r2_ws/install/imu_filter_madgwick/lib:/home/himaj/test_ws/install/my_robot_interfaces/lib:/home/himaj/control_ws/install/ros2_control_demo_example_2/lib:/usr/lib/x86_64-linux-gnu/gazebo-11/plugins:/opt/ros/humble/opt/rviz_ogre_vendor/lib:/opt/ros/humble/lib/x86_64-linux-gnu:/opt/ros/humble/lib:/usr/share/gazebo-11/../../lib/x86_64-linux-gnu/gazebo-11/plugins PYTHONPATH=/home/himaj/r2_ws/src/build/luna_control/prefix_override:/home/himaj/r2_ws/src/install/luna_control/lib/python3.10/site-packages:/home/himaj/r2_ws/src/install/r2_interfaces/local/lib/python3.10/dist-packages:${PYTHONPATH} /usr/bin/python3 -W ignore:setup.py install is deprecated setup.py develop --editable --build-directory /home/himaj/r2_ws/src/build/luna_control/build --no-deps symlink_data
[3.517s] DEBUG:colcon.colcon_core.event_handler.log_command:Invoking command in '/home/himaj/r2_ws/src/build/r2_py': AMENT_PREFIX_PATH=/home/himaj/r2_ws/src/install/r2_interfaces:/home/himaj/r2_ws/src/install/r2_description:${AMENT_PREFIX_PATH} CMAKE_PREFIX_PATH=/home/himaj/r2_ws/src/install/r2_interfaces:/home/himaj/r2_ws/src/install/r2_description:${CMAKE_PREFIX_PATH} LD_LIBRARY_PATH=/home/himaj/r2_ws/src/install/r2_interfaces/lib:/home/himaj/r2_ws/install/r2_interfaces/lib:/home/himaj/r2_ws/install/imu_filter_madgwick/lib:/home/himaj/test_ws/install/my_robot_interfaces/lib:/home/himaj/control_ws/install/ros2_control_demo_example_2/lib:/usr/lib/x86_64-linux-gnu/gazebo-11/plugins:/opt/ros/humble/opt/rviz_ogre_vendor/lib:/opt/ros/humble/lib/x86_64-linux-gnu:/opt/ros/humble/lib:/usr/share/gazebo-11/../../lib/x86_64-linux-gnu/gazebo-11/plugins PYTHONPATH=/home/himaj/r2_ws/src/build/r2_py/prefix_override:/home/himaj/r2_ws/src/install/r2_py/lib/python3.10/site-packages:/home/himaj/r2_ws/src/install/r2_interfaces/local/lib/python3.10/dist-packages:${PYTHONPATH} /usr/bin/python3 -W ignore:setup.py install is deprecated setup.py develop --editable --build-directory /home/himaj/r2_ws/src/build/r2_py/build --no-deps symlink_data
[4.033s] Level 1:colcon.colcon_core.shell:create_environment_hook('luna_control', 'pythonpath_develop')
[4.034s] INFO:colcon.colcon_core.shell:Creating environment hook '/home/himaj/r2_ws/src/build/luna_control/share/luna_control/hook/pythonpath_develop.ps1'
[4.034s] DEBUG:colcon.colcon_core.event_handler.log_command:Invoked command in '/home/himaj/r2_ws/src/build/luna_control' returned '0': AMENT_PREFIX_PATH=/home/himaj/r2_ws/src/install/r2_interfaces:/home/himaj/r2_ws/src/install/r2_description:${AMENT_PREFIX_PATH} CMAKE_PREFIX_PATH=/home/himaj/r2_ws/src/install/r2_interfaces:/home/himaj/r2_ws/src/install/r2_description:${CMAKE_PREFIX_PATH} LD_LIBRARY_PATH=/home/himaj/r2_ws/src/install/r2_interfaces/lib:/home/himaj/r2_ws/install/r2_interfaces/lib:/home/himaj/r2_ws/install/imu_filter_madgwick/lib:/home/himaj/test_ws/install/my_robot_interfaces/lib:/home/himaj/control_ws/install/ros2_control_demo_example_2/lib:/usr/lib/x86_64-linux-gnu/gazebo-11/plugins:/opt/ros/humble/opt/rviz_ogre_vendor/lib:/opt/ros/humble/lib/x86_64-linux-gnu:/opt/ros/humble/lib:/usr/share/gazebo-11/../../lib/x86_64-linux-gnu/gazebo-11/plugins PYTHONPATH=/home/himaj/r2_ws/src/build/luna_control/prefix_override:/home/himaj/r2_ws/src/install/luna_control/lib/python3.10/site-packages:/home/himaj/r2_ws/src/install/r2_interfaces/local/lib/python3.10/dist-packages:${PYTHONPATH} /usr/bin/python3 -W ignore:setup.py install is deprecated setup.py develop --editable --build-directory /home/himaj/r2_ws/src/build/luna_control/build --no-deps symlink_data
[4.035s] INFO:colcon.colcon_core.shell:Creating environment descriptor '/home/himaj/r2_ws/src/build/luna_control/share/luna_control/hook/pythonpath_develop.dsv'
[4.035s] INFO:colcon.colcon_core.shell:Creating environment hook '/home/himaj/r2_ws/src/build/luna_control/share/luna_control/hook/pythonpath_develop.sh'
[4.036s] Level 1:colcon.colcon_core.environment:checking '/home/himaj/r2_ws/src/install/luna_control' for CMake module files
[4.036s] Level 1:colcon.colcon_core.environment:checking '/home/himaj/r2_ws/src/install/luna_control' for CMake config files
[4.037s] Level 1:colcon.colcon_core.environment:checking '/home/himaj/r2_ws/src/install/luna_control/lib'
[4.037s] Level 1:colcon.colcon_core.environment:checking '/home/himaj/r2_ws/src/install/luna_control/bin'
[4.037s] Level 1:colcon.colcon_core.environment:checking '/home/himaj/r2_ws/src/install/luna_control/lib/pkgconfig/luna_control.pc'
[4.037s] Level 1:colcon.colcon_core.environment:checking '/home/himaj/r2_ws/src/install/luna_control/lib/python3.10/site-packages'
[4.037s] Level 1:colcon.colcon_core.shell:create_environment_hook('luna_control', 'pythonpath')
[4.037s] INFO:colcon.colcon_core.shell:Creating environment hook '/home/himaj/r2_ws/src/install/luna_control/share/luna_control/hook/pythonpath.ps1'
[4.038s] INFO:colcon.colcon_core.shell:Creating environment descriptor '/home/himaj/r2_ws/src/install/luna_control/share/luna_control/hook/pythonpath.dsv'
[4.038s] INFO:colcon.colcon_core.shell:Creating environment hook '/home/himaj/r2_ws/src/install/luna_control/share/luna_control/hook/pythonpath.sh'
[4.039s] Level 1:colcon.colcon_core.environment:checking '/home/himaj/r2_ws/src/install/luna_control/bin'
[4.039s] Level 1:colcon.colcon_core.environment:create_environment_scripts_only(luna_control)
[4.039s] INFO:colcon.colcon_core.shell:Creating package script '/home/himaj/r2_ws/src/install/luna_control/share/luna_control/package.ps1'
[4.040s] INFO:colcon.colcon_core.shell:Creating package descriptor '/home/himaj/r2_ws/src/install/luna_control/share/luna_control/package.dsv'
[4.040s] INFO:colcon.colcon_core.shell:Creating package script '/home/himaj/r2_ws/src/install/luna_control/share/luna_control/package.sh'
[4.041s] INFO:colcon.colcon_core.shell:Creating package script '/home/himaj/r2_ws/src/install/luna_control/share/luna_control/package.bash'
[4.041s] INFO:colcon.colcon_core.shell:Creating package script '/home/himaj/r2_ws/src/install/luna_control/share/luna_control/package.zsh'
[4.041s] Level 1:colcon.colcon_core.environment:create_file_with_runtime_dependencies(/home/himaj/r2_ws/src/install/luna_control/share/colcon-core/packages/luna_control)
[4.253s] Level 1:colcon.colcon_core.shell:create_environment_hook('r2_py', 'pythonpath_develop')
[4.253s] INFO:colcon.colcon_core.shell:Creating environment hook '/home/himaj/r2_ws/src/build/r2_py/share/r2_py/hook/pythonpath_develop.ps1'
[4.254s] DEBUG:colcon.colcon_core.event_handler.log_command:Invoked command in '/home/himaj/r2_ws/src/build/r2_py' returned '0': AMENT_PREFIX_PATH=/home/himaj/r2_ws/src/install/r2_interfaces:/home/himaj/r2_ws/src/install/r2_description:${AMENT_PREFIX_PATH} CMAKE_PREFIX_PATH=/home/himaj/r2_ws/src/install/r2_interfaces:/home/himaj/r2_ws/src/install/r2_description:${CMAKE_PREFIX_PATH} LD_LIBRARY_PATH=/home/himaj/r2_ws/src/install/r2_interfaces/lib:/home/himaj/r2_ws/install/r2_interfaces/lib:/home/himaj/r2_ws/install/imu_filter_madgwick/lib:/home/himaj/test_ws/install/my_robot_interfaces/lib:/home/himaj/control_ws/install/ros2_control_demo_example_2/lib:/usr/lib/x86_64-linux-gnu/gazebo-11/plugins:/opt/ros/humble/opt/rviz_ogre_vendor/lib:/opt/ros/humble/lib/x86_64-linux-gnu:/opt/ros/humble/lib:/usr/share/gazebo-11/../../lib/x86_64-linux-gnu/gazebo-11/plugins PYTHONPATH=/home/himaj/r2_ws/src/build/r2_py/prefix_override:/home/himaj/r2_ws/src/install/r2_py/lib/python3.10/site-packages:/home/himaj/r2_ws/src/install/r2_interfaces/local/lib/python3.10/dist-packages:${PYTHONPATH} /usr/bin/python3 -W ignore:setup.py install is deprecated setup.py develop --editable --build-directory /home/himaj/r2_ws/src/build/r2_py/build --no-deps symlink_data
[4.255s] INFO:colcon.colcon_core.shell:Creating environment descriptor '/home/himaj/r2_ws/src/build/r2_py/share/r2_py/hook/pythonpath_develop.dsv'
[4.255s] INFO:colcon.colcon_core.shell:Creating environment hook '/home/himaj/r2_ws/src/build/r2_py/share/r2_py/hook/pythonpath_develop.sh'
[4.256s] Level 1:colcon.colcon_core.environment:checking '/home/himaj/r2_ws/src/install/r2_py' for CMake module files
[4.256s] Level 1:colcon.colcon_core.environment:checking '/home/himaj/r2_ws/src/install/r2_py' for CMake config files
[4.257s] Level 1:colcon.colcon_core.environment:checking '/home/himaj/r2_ws/src/install/r2_py/lib'
[4.257s] Level 1:colcon.colcon_core.environment:checking '/home/himaj/r2_ws/src/install/r2_py/bin'
[4.257s] Level 1:colcon.colcon_core.environment:checking '/home/himaj/r2_ws/src/install/r2_py/lib/pkgconfig/r2_py.pc'
[4.257s] Level 1:colcon.colcon_core.environment:checking '/home/himaj/r2_ws/src/install/r2_py/lib/python3.10/site-packages'
[4.258s] Level 1:colcon.colcon_core.shell:create_environment_hook('r2_py', 'pythonpath')
[4.258s] INFO:colcon.colcon_core.shell:Creating environment hook '/home/himaj/r2_ws/src/install/r2_py/share/r2_py/hook/pythonpath.ps1'
[4.258s] INFO:colcon.colcon_core.shell:Creating environment descriptor '/home/himaj/r2_ws/src/install/r2_py/share/r2_py/hook/pythonpath.dsv'
[4.259s] INFO:colcon.colcon_core.shell:Creating environment hook '/home/himaj/r2_ws/src/install/r2_py/share/r2_py/hook/pythonpath.sh'
[4.259s] Level 1:colcon.colcon_core.environment:checking '/home/himaj/r2_ws/src/install/r2_py/bin'
[4.260s] Level 1:colcon.colcon_core.environment:create_environment_scripts_only(r2_py)
[4.260s] INFO:colcon.colcon_core.shell:Creating package script '/home/himaj/r2_ws/src/install/r2_py/share/r2_py/package.ps1'
[4.261s] INFO:colcon.colcon_core.shell:Creating package descriptor '/home/himaj/r2_ws/src/install/r2_py/share/r2_py/package.dsv'
[4.261s] INFO:colcon.colcon_core.shell:Creating package script '/home/himaj/r2_ws/src/install/r2_py/share/r2_py/package.sh'
[4.262s] INFO:colcon.colcon_core.shell:Creating package script '/home/himaj/r2_ws/src/install/r2_py/share/r2_py/package.bash'
[4.262s] INFO:colcon.colcon_core.shell:Creating package script '/home/himaj/r2_ws/src/install/r2_py/share/r2_py/package.zsh'
[4.262s] Level 1:colcon.colcon_core.environment:create_file_with_runtime_dependencies(/home/himaj/r2_ws/src/install/r2_py/share/colcon-core/packages/r2_py)
[4.263s] INFO:colcon.colcon_ros.task.ament_cmake.build:Building ROS package in '/home/himaj/r2_ws/src/r2_bringup' with build type 'ament_cmake'
[4.263s] INFO:colcon.colcon_cmake.task.cmake.build:Building CMake package in '/home/himaj/r2_ws/src/r2_bringup'
[4.264s] INFO:colcon.colcon_core.shell:Skip shell extension 'powershell' for command environment: Not usable outside of PowerShell
[4.264s] DEBUG:colcon.colcon_core.shell:Skip shell extension 'dsv' for command environment
[4.288s] DEBUG:colcon.colcon_core.event_handler.log_command:Invoking command in '/home/himaj/r2_ws/src/build/r2_bringup': AMENT_PREFIX_PATH=/home/himaj/r2_ws/src/install/r2_py:/home/himaj/r2_ws/src/install/r2_interfaces:/home/himaj/r2_ws/src/install/r2_description:${AMENT_PREFIX_PATH} CMAKE_PREFIX_PATH=/home/himaj/r2_ws/src/install/r2_interfaces:/home/himaj/r2_ws/src/install/r2_description:/home/himaj/r2_ws/install/r2_bringup:/home/himaj/r2_ws/install/r2_interfaces:/home/himaj/r2_ws/install/r2_description:/home/himaj/r2_ws/install/line_following:/home/himaj/r2_ws/install/imu_filter_madgwick:/home/himaj/test_ws/install/test_bringup:/home/himaj/test_ws/install/my_robot_interfaces:/home/himaj/arm_rover/install/arm_urdf:/home/himaj/arm_rover/install/arm_rover_bringup:/home/himaj/test_arm_meshes_ws/install/arm_description:/home/himaj/control_ws/install/ros2_control_demo_example_2:/home/himaj/arm_ros_ws/install/robot_bringup:/home/himaj/arm_ros_ws/install/robot_description:/home/himaj/arm_ros_ws/install/my_robot_description:/home/himaj/install/robot_bringup:/home/himaj/install/robot_description:/home/himaj/install/my_robot_bringup:/home/himaj/install/my_robot_description:/home/himaj/ros2_ws/install/my_robot_bringup:/home/himaj/ros2_ws/install/my_robot_description:/home/himaj/r2_ws/install/silo_tracking:/home/himaj/r2_ws/install/r2_py:/home/himaj/r2_ws/install/luna_control:/home/himaj/r2_ws/install/ball_tracking:/home/himaj/test_ws/install/test_py_pkg:/home/himaj/test_ws/install/action_py:/home/himaj/xbox_ros_ws/install/xbox_turtle_controller:/home/himaj/bot_alignment/install/ball_detection:/home/himaj/bot_alignment/install/SerialCom:/home/himaj/arm_ros_ws/install/control_joint_states:/home/himaj/install/my_py_pkg:/home/himaj/ros2_ws/install/my_py_pkg:/opt/ros/humble LD_LIBRARY_PATH=/home/himaj/r2_ws/src/install/r2_interfaces/lib:/home/himaj/r2_ws/install/r2_interfaces/lib:/home/himaj/r2_ws/install/imu_filter_madgwick/lib:/home/himaj/test_ws/install/my_robot_interfaces/lib:/home/himaj/control_ws/install/ros2_control_demo_example_2/lib:/usr/lib/x86_64-linux-gnu/gazebo-11/plugins:/opt/ros/humble/opt/rviz_ogre_vendor/lib:/opt/ros/humble/lib/x86_64-linux-gnu:/opt/ros/humble/lib:/usr/share/gazebo-11/../../lib/x86_64-linux-gnu/gazebo-11/plugins PYTHONPATH=/home/himaj/r2_ws/src/build/r2_py:/home/himaj/r2_ws/src/install/r2_py/lib/python3.10/site-packages:/home/himaj/r2_ws/src/install/r2_interfaces/local/lib/python3.10/dist-packages:${PYTHONPATH} /usr/bin/cmake --build /home/himaj/r2_ws/src/build/r2_bringup -- -j12 -l12
[4.345s] DEBUG:colcon.colcon_core.event_handler.log_command:Invoked command in '/home/himaj/r2_ws/src/build/r2_bringup' returned '0': AMENT_PREFIX_PATH=/home/himaj/r2_ws/src/install/r2_py:/home/himaj/r2_ws/src/install/r2_interfaces:/home/himaj/r2_ws/src/install/r2_description:${AMENT_PREFIX_PATH} CMAKE_PREFIX_PATH=/home/himaj/r2_ws/src/install/r2_interfaces:/home/himaj/r2_ws/src/install/r2_description:/home/himaj/r2_ws/install/r2_bringup:/home/himaj/r2_ws/install/r2_interfaces:/home/himaj/r2_ws/install/r2_description:/home/himaj/r2_ws/install/line_following:/home/himaj/r2_ws/install/imu_filter_madgwick:/home/himaj/test_ws/install/test_bringup:/home/himaj/test_ws/install/my_robot_interfaces:/home/himaj/arm_rover/install/arm_urdf:/home/himaj/arm_rover/install/arm_rover_bringup:/home/himaj/test_arm_meshes_ws/install/arm_description:/home/himaj/control_ws/install/ros2_control_demo_example_2:/home/himaj/arm_ros_ws/install/robot_bringup:/home/himaj/arm_ros_ws/install/robot_description:/home/himaj/arm_ros_ws/install/my_robot_description:/home/himaj/install/robot_bringup:/home/himaj/install/robot_description:/home/himaj/install/my_robot_bringup:/home/himaj/install/my_robot_description:/home/himaj/ros2_ws/install/my_robot_bringup:/home/himaj/ros2_ws/install/my_robot_description:/home/himaj/r2_ws/install/silo_tracking:/home/himaj/r2_ws/install/r2_py:/home/himaj/r2_ws/install/luna_control:/home/himaj/r2_ws/install/ball_tracking:/home/himaj/test_ws/install/test_py_pkg:/home/himaj/test_ws/install/action_py:/home/himaj/xbox_ros_ws/install/xbox_turtle_controller:/home/himaj/bot_alignment/install/ball_detection:/home/himaj/bot_alignment/install/SerialCom:/home/himaj/arm_ros_ws/install/control_joint_states:/home/himaj/install/my_py_pkg:/home/himaj/ros2_ws/install/my_py_pkg:/opt/ros/humble LD_LIBRARY_PATH=/home/himaj/r2_ws/src/install/r2_interfaces/lib:/home/himaj/r2_ws/install/r2_interfaces/lib:/home/himaj/r2_ws/install/imu_filter_madgwick/lib:/home/himaj/test_ws/install/my_robot_interfaces/lib:/home/himaj/control_ws/install/ros2_control_demo_example_2/lib:/usr/lib/x86_64-linux-gnu/gazebo-11/plugins:/opt/ros/humble/opt/rviz_ogre_vendor/lib:/opt/ros/humble/lib/x86_64-linux-gnu:/opt/ros/humble/lib:/usr/share/gazebo-11/../../lib/x86_64-linux-gnu/gazebo-11/plugins PYTHONPATH=/home/himaj/r2_ws/src/build/r2_py:/home/himaj/r2_ws/src/install/r2_py/lib/python3.10/site-packages:/home/himaj/r2_ws/src/install/r2_interfaces/local/lib/python3.10/dist-packages:${PYTHONPATH} /usr/bin/cmake --build /home/himaj/r2_ws/src/build/r2_bringup -- -j12 -l12
[4.385s] DEBUG:colcon.colcon_core.event_handler.log_command:Invoking command in '/home/himaj/r2_ws/src/build/r2_bringup': AMENT_PREFIX_PATH=/home/himaj/r2_ws/src/install/r2_py:/home/himaj/r2_ws/src/install/r2_interfaces:/home/himaj/r2_ws/src/install/r2_description:${AMENT_PREFIX_PATH} CMAKE_PREFIX_PATH=/home/himaj/r2_ws/src/install/r2_interfaces:/home/himaj/r2_ws/src/install/r2_description:/home/himaj/r2_ws/install/r2_bringup:/home/himaj/r2_ws/install/r2_interfaces:/home/himaj/r2_ws/install/r2_description:/home/himaj/r2_ws/install/line_following:/home/himaj/r2_ws/install/imu_filter_madgwick:/home/himaj/test_ws/install/test_bringup:/home/himaj/test_ws/install/my_robot_interfaces:/home/himaj/arm_rover/install/arm_urdf:/home/himaj/arm_rover/install/arm_rover_bringup:/home/himaj/test_arm_meshes_ws/install/arm_description:/home/himaj/control_ws/install/ros2_control_demo_example_2:/home/himaj/arm_ros_ws/install/robot_bringup:/home/himaj/arm_ros_ws/install/robot_description:/home/himaj/arm_ros_ws/install/my_robot_description:/home/himaj/install/robot_bringup:/home/himaj/install/robot_description:/home/himaj/install/my_robot_bringup:/home/himaj/install/my_robot_description:/home/himaj/ros2_ws/install/my_robot_bringup:/home/himaj/ros2_ws/install/my_robot_description:/home/himaj/r2_ws/install/silo_tracking:/home/himaj/r2_ws/install/r2_py:/home/himaj/r2_ws/install/luna_control:/home/himaj/r2_ws/install/ball_tracking:/home/himaj/test_ws/install/test_py_pkg:/home/himaj/test_ws/install/action_py:/home/himaj/xbox_ros_ws/install/xbox_turtle_controller:/home/himaj/bot_alignment/install/ball_detection:/home/himaj/bot_alignment/install/SerialCom:/home/himaj/arm_ros_ws/install/control_joint_states:/home/himaj/install/my_py_pkg:/home/himaj/ros2_ws/install/my_py_pkg:/opt/ros/humble LD_LIBRARY_PATH=/home/himaj/r2_ws/src/install/r2_interfaces/lib:/home/himaj/r2_ws/install/r2_interfaces/lib:/home/himaj/r2_ws/install/imu_filter_madgwick/lib:/home/himaj/test_ws/install/my_robot_interfaces/lib:/home/himaj/control_ws/install/ros2_control_demo_example_2/lib:/usr/lib/x86_64-linux-gnu/gazebo-11/plugins:/opt/ros/humble/opt/rviz_ogre_vendor/lib:/opt/ros/humble/lib/x86_64-linux-gnu:/opt/ros/humble/lib:/usr/share/gazebo-11/../../lib/x86_64-linux-gnu/gazebo-11/plugins PYTHONPATH=/home/himaj/r2_ws/src/build/r2_py:/home/himaj/r2_ws/src/install/r2_py/lib/python3.10/site-packages:/home/himaj/r2_ws/src/install/r2_interfaces/local/lib/python3.10/dist-packages:${PYTHONPATH} /usr/bin/cmake --install /home/himaj/r2_ws/src/build/r2_bringup
[4.418s] Level 1:colcon.colcon_core.environment:create_environment_scripts_only(r2_bringup)
[4.419s] Level 1:colcon.colcon_core.environment:checking '/home/himaj/r2_ws/src/install/r2_bringup' for CMake module files
[4.419s] DEBUG:colcon.colcon_core.event_handler.log_command:Invoked command in '/home/himaj/r2_ws/src/build/r2_bringup' returned '0': AMENT_PREFIX_PATH=/home/himaj/r2_ws/src/install/r2_py:/home/himaj/r2_ws/src/install/r2_interfaces:/home/himaj/r2_ws/src/install/r2_description:${AMENT_PREFIX_PATH} CMAKE_PREFIX_PATH=/home/himaj/r2_ws/src/install/r2_interfaces:/home/himaj/r2_ws/src/install/r2_description:/home/himaj/r2_ws/install/r2_bringup:/home/himaj/r2_ws/install/r2_interfaces:/home/himaj/r2_ws/install/r2_description:/home/himaj/r2_ws/install/line_following:/home/himaj/r2_ws/install/imu_filter_madgwick:/home/himaj/test_ws/install/test_bringup:/home/himaj/test_ws/install/my_robot_interfaces:/home/himaj/arm_rover/install/arm_urdf:/home/himaj/arm_rover/install/arm_rover_bringup:/home/himaj/test_arm_meshes_ws/install/arm_description:/home/himaj/control_ws/install/ros2_control_demo_example_2:/home/himaj/arm_ros_ws/install/robot_bringup:/home/himaj/arm_ros_ws/install/robot_description:/home/himaj/arm_ros_ws/install/my_robot_description:/home/himaj/install/robot_bringup:/home/himaj/install/robot_description:/home/himaj/install/my_robot_bringup:/home/himaj/install/my_robot_description:/home/himaj/ros2_ws/install/my_robot_bringup:/home/himaj/ros2_ws/install/my_robot_description:/home/himaj/r2_ws/install/silo_tracking:/home/himaj/r2_ws/install/r2_py:/home/himaj/r2_ws/install/luna_control:/home/himaj/r2_ws/install/ball_tracking:/home/himaj/test_ws/install/test_py_pkg:/home/himaj/test_ws/install/action_py:/home/himaj/xbox_ros_ws/install/xbox_turtle_controller:/home/himaj/bot_alignment/install/ball_detection:/home/himaj/bot_alignment/install/SerialCom:/home/himaj/arm_ros_ws/install/control_joint_states:/home/himaj/install/my_py_pkg:/home/himaj/ros2_ws/install/my_py_pkg:/opt/ros/humble LD_LIBRARY_PATH=/home/himaj/r2_ws/src/install/r2_interfaces/lib:/home/himaj/r2_ws/install/r2_interfaces/lib:/home/himaj/r2_ws/install/imu_filter_madgwick/lib:/home/himaj/test_ws/install/my_robot_interfaces/lib:/home/himaj/control_ws/install/ros2_control_demo_example_2/lib:/usr/lib/x86_64-linux-gnu/gazebo-11/plugins:/opt/ros/humble/opt/rviz_ogre_vendor/lib:/opt/ros/humble/lib/x86_64-linux-gnu:/opt/ros/humble/lib:/usr/share/gazebo-11/../../lib/x86_64-linux-gnu/gazebo-11/plugins PYTHONPATH=/home/himaj/r2_ws/src/build/r2_py:/home/himaj/r2_ws/src/install/r2_py/lib/python3.10/site-packages:/home/himaj/r2_ws/src/install/r2_interfaces/local/lib/python3.10/dist-packages:${PYTHONPATH} /usr/bin/cmake --install /home/himaj/r2_ws/src/build/r2_bringup
[4.420s] Level 1:colcon.colcon_core.environment:checking '/home/himaj/r2_ws/src/install/r2_bringup' for CMake config files
[4.421s] Level 1:colcon.colcon_core.shell:create_environment_hook('r2_bringup', 'cmake_prefix_path')
[4.421s] INFO:colcon.colcon_core.shell:Creating environment hook '/home/himaj/r2_ws/src/install/r2_bringup/share/r2_bringup/hook/cmake_prefix_path.ps1'
[4.421s] INFO:colcon.colcon_core.shell:Creating environment descriptor '/home/himaj/r2_ws/src/install/r2_bringup/share/r2_bringup/hook/cmake_prefix_path.dsv'
[4.422s] INFO:colcon.colcon_core.shell:Creating environment hook '/home/himaj/r2_ws/src/install/r2_bringup/share/r2_bringup/hook/cmake_prefix_path.sh'
[4.422s] Level 1:colcon.colcon_core.environment:checking '/home/himaj/r2_ws/src/install/r2_bringup/bin'
[4.423s] Level 1:colcon.colcon_core.environment:checking '/home/himaj/r2_ws/src/install/r2_bringup/lib/pkgconfig/r2_bringup.pc'
[4.423s] Level 1:colcon.colcon_core.environment:checking '/home/himaj/r2_ws/src/install/r2_bringup/lib/python3.10/site-packages'
[4.423s] Level 1:colcon.colcon_core.environment:checking '/home/himaj/r2_ws/src/install/r2_bringup/bin'
[4.423s] INFO:colcon.colcon_core.shell:Creating package script '/home/himaj/r2_ws/src/install/r2_bringup/share/r2_bringup/package.ps1'
[4.424s] INFO:colcon.colcon_core.shell:Creating package descriptor '/home/himaj/r2_ws/src/install/r2_bringup/share/r2_bringup/package.dsv'
[4.424s] INFO:colcon.colcon_core.shell:Creating package script '/home/himaj/r2_ws/src/install/r2_bringup/share/r2_bringup/package.sh'
[4.425s] INFO:colcon.colcon_core.shell:Creating package script '/home/himaj/r2_ws/src/install/r2_bringup/share/r2_bringup/package.bash'
[4.425s] INFO:colcon.colcon_core.shell:Creating package script '/home/himaj/r2_ws/src/install/r2_bringup/share/r2_bringup/package.zsh'
[4.425s] Level 1:colcon.colcon_core.environment:create_file_with_runtime_dependencies(/home/himaj/r2_ws/src/install/r2_bringup/share/colcon-core/packages/r2_bringup)
[4.462s] Level 1:colcon.colcon_core.environment:create_environment_scripts_only(r2_bringup)
[4.463s] Level 1:colcon.colcon_core.environment:checking '/home/himaj/r2_ws/src/install/r2_bringup' for CMake module files
[4.464s] Level 1:colcon.colcon_core.environment:checking '/home/himaj/r2_ws/src/install/r2_bringup' for CMake config files
[4.464s] Level 1:colcon.colcon_core.shell:create_environment_hook('r2_bringup', 'cmake_prefix_path')
[4.464s] INFO:colcon.colcon_core.shell:Creating environment hook '/home/himaj/r2_ws/src/install/r2_bringup/share/r2_bringup/hook/cmake_prefix_path.ps1'
[4.465s] INFO:colcon.colcon_core.shell:Creating environment descriptor '/home/himaj/r2_ws/src/install/r2_bringup/share/r2_bringup/hook/cmake_prefix_path.dsv'
[4.465s] INFO:colcon.colcon_core.shell:Creating environment hook '/home/himaj/r2_ws/src/install/r2_bringup/share/r2_bringup/hook/cmake_prefix_path.sh'
[4.466s] Level 1:colcon.colcon_core.environment:checking '/home/himaj/r2_ws/src/install/r2_bringup/bin'
[4.466s] Level 1:colcon.colcon_core.environment:checking '/home/himaj/r2_ws/src/install/r2_bringup/lib/pkgconfig/r2_bringup.pc'
[4.467s] Level 1:colcon.colcon_core.environment:checking '/home/himaj/r2_ws/src/install/r2_bringup/lib/python3.10/site-packages'
[4.467s] Level 1:colcon.colcon_core.environment:checking '/home/himaj/r2_ws/src/install/r2_bringup/bin'
[4.467s] INFO:colcon.colcon_core.shell:Creating package script '/home/himaj/r2_ws/src/install/r2_bringup/share/r2_bringup/package.ps1'
[4.468s] INFO:colcon.colcon_core.shell:Creating package descriptor '/home/himaj/r2_ws/src/install/r2_bringup/share/r2_bringup/package.dsv'
[4.468s] INFO:colcon.colcon_core.shell:Creating package script '/home/himaj/r2_ws/src/install/r2_bringup/share/r2_bringup/package.sh'
[4.469s] INFO:colcon.colcon_core.shell:Creating package script '/home/himaj/r2_ws/src/install/r2_bringup/share/r2_bringup/package.bash'
[4.469s] INFO:colcon.colcon_core.shell:Creating package script '/home/himaj/r2_ws/src/install/r2_bringup/share/r2_bringup/package.zsh'
[4.470s] Level 1:colcon.colcon_core.environment:create_file_with_runtime_dependencies(/home/himaj/r2_ws/src/install/r2_bringup/share/colcon-core/packages/r2_bringup)
[4.470s] DEBUG:colcon.colcon_parallel_executor.executor.parallel:closing loop
[4.471s] DEBUG:colcon.colcon_parallel_executor.executor.parallel:loop closed
[4.471s] DEBUG:colcon.colcon_parallel_executor.executor.parallel:run_until_complete finished with '0'
[4.471s] DEBUG:colcon.colcon_core.event_reactor:joining thread
[4.480s] INFO:colcon.colcon_core.plugin_system:Skipping extension 'colcon_notification.desktop_notification.terminal_notifier': Not used on non-Darwin systems
[4.480s] INFO:colcon.colcon_core.plugin_system:Skipping extension 'colcon_notification.desktop_notification.win32': Not used on non-Windows systems
[4.480s] INFO:colcon.colcon_notification.desktop_notification:Sending desktop notification using 'notify2'
[4.496s] DEBUG:colcon.colcon_core.event_reactor:joined thread
[4.497s] INFO:colcon.colcon_core.shell:Creating prefix script '/home/himaj/r2_ws/src/install/local_setup.ps1'
[4.498s] INFO:colcon.colcon_core.shell:Creating prefix util module '/home/himaj/r2_ws/src/install/_local_setup_util_ps1.py'
[4.500s] INFO:colcon.colcon_core.shell:Creating prefix chain script '/home/himaj/r2_ws/src/install/setup.ps1'
[4.503s] INFO:colcon.colcon_core.shell:Creating prefix script '/home/himaj/r2_ws/src/install/local_setup.sh'
[4.503s] INFO:colcon.colcon_core.shell:Creating prefix util module '/home/himaj/r2_ws/src/install/_local_setup_util_sh.py'
[4.504s] INFO:colcon.colcon_core.shell:Creating prefix chain script '/home/himaj/r2_ws/src/install/setup.sh'
[4.507s] INFO:colcon.colcon_core.shell:Creating prefix script '/home/himaj/r2_ws/src/install/local_setup.bash'
[4.507s] INFO:colcon.colcon_core.shell:Creating prefix chain script '/home/himaj/r2_ws/src/install/setup.bash'
[4.510s] INFO:colcon.colcon_core.shell:Creating prefix script '/home/himaj/r2_ws/src/install/local_setup.zsh'
[4.511s] INFO:colcon.colcon_core.shell:Creating prefix chain script '/home/himaj/r2_ws/src/install/setup.zsh'
